2023-02-13 11:14:59.532 +01:00  INF  Now listening on: https://localhost:7063
2023-02-13 11:14:59.569 +01:00  INF  Now listening on: http://localhost:5174
2023-02-13 11:14:59.575 +01:00  INF  Application started. Press Ctrl+C to shut down.
2023-02-13 11:14:59.576 +01:00  INF  Hosting environment: Development
2023-02-13 11:14:59.576 +01:00  INF  Content root path: C:\GA\C# OOP\AngularAuthApi\AngularAuthApi\AngularAuthApi\
2023-02-13 11:15:00.005 +01:00  INF  Request starting HTTP/2 GET https://localhost:7063/swagger/index.html - -
2023-02-13 11:15:00.842 +01:00  INF  Request finished HTTP/2 GET https://localhost:7063/swagger/index.html - - - 200 - text/html;charset=utf-8 841.5664ms
2023-02-13 11:15:00.947 +01:00  INF  Request starting HTTP/2 GET https://localhost:7063/_framework/aspnetcore-browser-refresh.js - -
2023-02-13 11:15:00.947 +01:00  INF  Request starting HTTP/2 GET https://localhost:7063/_vs/browserLink - -
2023-02-13 11:15:00.952 +01:00  INF  Request finished HTTP/2 GET https://localhost:7063/_framework/aspnetcore-browser-refresh.js - - - 200 11998 application/javascript;+charset=utf-8 4.6974ms
2023-02-13 11:15:00.974 +01:00  INF  Request finished HTTP/2 GET https://localhost:7063/_vs/browserLink - - - 200 - text/javascript;+charset=UTF-8 26.5463ms
2023-02-13 11:15:01.228 +01:00  INF  Request starting HTTP/2 GET https://localhost:7063/swagger/v1/swagger.json - -
2023-02-13 11:15:01.395 +01:00  INF  Request finished HTTP/2 GET https://localhost:7063/swagger/v1/swagger.json - - - 200 - application/json;charset=utf-8 167.3672ms
2023-02-13 11:15:24.784 +01:00  INF  Request starting HTTP/2 POST https://localhost:7063/api/user/Register application/json 119
2023-02-13 11:15:24.805 +01:00  INF  CORS policy execution successful.
2023-02-13 11:15:24.824 +01:00  INF  Executing endpoint 'AngularAuthApi.Controllers.AuthController.RegisterUser (AngularAuthApi)'
2023-02-13 11:15:24.949 +01:00  INF  Route matched with {action = "RegisterUser", controller = "Auth"}. Executing controller action with signature System.Threading.Tasks.Task`1[Microsoft.AspNetCore.Mvc.IActionResult] RegisterUser(AngularAuthApi.Entities.User) on controller AngularAuthApi.Controllers.AuthController (AngularAuthApi).
2023-02-13 11:15:29.420 +01:00  INF  Executed DbCommand (17ms) [Parameters=[@__userEmail_0='?' (Size = 100)], CommandType='"Text"', CommandTimeout='30']
SELECT EXISTS (
    SELECT 1
    FROM `Users` AS `u`
    WHERE `u`.`Email` = @__userEmail_0)
2023-02-13 11:15:29.465 +01:00  INF  Executing BadRequestObjectResult, writing value of type '<>f__AnonymousType0`1[[System.String, System.Private.CoreLib, Version=6.0.0.0, Culture=neutral, PublicKeyToken=7cec85d7bea7798e]]'.
2023-02-13 11:15:29.503 +01:00  INF  Executed action AngularAuthApi.Controllers.AuthController.RegisterUser (AngularAuthApi) in 4538.7881ms
2023-02-13 11:15:29.503 +01:00  INF  Executed endpoint 'AngularAuthApi.Controllers.AuthController.RegisterUser (AngularAuthApi)'
2023-02-13 11:15:29.512 +01:00  INF  Request finished HTTP/2 POST https://localhost:7063/api/user/Register application/json 119 - 400 - application/json;+charset=utf-8 4727.4898ms
2023-02-13 11:15:51.981 +01:00  INF  Request starting HTTP/2 POST https://localhost:7063/api/user/Register application/json 131
2023-02-13 11:15:51.983 +01:00  INF  CORS policy execution successful.
2023-02-13 11:15:51.984 +01:00  INF  Executing endpoint 'AngularAuthApi.Controllers.AuthController.RegisterUser (AngularAuthApi)'
2023-02-13 11:15:51.984 +01:00  INF  Route matched with {action = "RegisterUser", controller = "Auth"}. Executing controller action with signature System.Threading.Tasks.Task`1[Microsoft.AspNetCore.Mvc.IActionResult] RegisterUser(AngularAuthApi.Entities.User) on controller AngularAuthApi.Controllers.AuthController (AngularAuthApi).
2023-02-13 11:15:52.001 +01:00  INF  Executed DbCommand (1ms) [Parameters=[@__userEmail_0='?' (Size = 100)], CommandType='"Text"', CommandTimeout='30']
SELECT EXISTS (
    SELECT 1
    FROM `Users` AS `u`
    WHERE `u`.`Email` = @__userEmail_0)
2023-02-13 11:15:53.457 +01:00  INF  Executed DbCommand (3ms) [Parameters=[@p0='?' (Size = 100), @p1='?' (Size = 50), @p2='?' (Size = 128), @p3='?' (Size = 128), @p4='?' (Size = 4000)], CommandType='"Text"', CommandTimeout='30']
INSERT INTO `Users` (`Email`, `Name`, `Password`, `Salt`, `Token`)
VALUES (@p0, @p1, @p2, @p3, @p4);
SELECT `Id`
FROM `Users`
WHERE ROW_COUNT() = 1 AND `Id` = LAST_INSERT_ID();
2023-02-13 11:15:53.535 +01:00  INF  Executing OkObjectResult, writing value of type 'AngularAuthApi.Entities.User'.
2023-02-13 11:15:53.536 +01:00  INF  Executed action AngularAuthApi.Controllers.AuthController.RegisterUser (AngularAuthApi) in 1552.5838ms
2023-02-13 11:15:53.537 +01:00  INF  Executed endpoint 'AngularAuthApi.Controllers.AuthController.RegisterUser (AngularAuthApi)'
2023-02-13 11:15:53.537 +01:00  INF  Request finished HTTP/2 POST https://localhost:7063/api/user/Register application/json 131 - 200 - application/json;+charset=utf-8 1555.5508ms
2023-02-13 11:16:02.317 +01:00  INF  Request starting HTTP/2 POST https://localhost:7063/api/user/Register application/json 131
2023-02-13 11:16:02.318 +01:00  INF  CORS policy execution successful.
2023-02-13 11:16:02.319 +01:00  INF  Executing endpoint 'AngularAuthApi.Controllers.AuthController.RegisterUser (AngularAuthApi)'
2023-02-13 11:16:02.319 +01:00  INF  Route matched with {action = "RegisterUser", controller = "Auth"}. Executing controller action with signature System.Threading.Tasks.Task`1[Microsoft.AspNetCore.Mvc.IActionResult] RegisterUser(AngularAuthApi.Entities.User) on controller AngularAuthApi.Controllers.AuthController (AngularAuthApi).
2023-02-13 11:16:02.469 +01:00  INF  Executed DbCommand (1ms) [Parameters=[@__userEmail_0='?' (Size = 100)], CommandType='"Text"', CommandTimeout='30']
SELECT EXISTS (
    SELECT 1
    FROM `Users` AS `u`
    WHERE `u`.`Email` = @__userEmail_0)
2023-02-13 11:16:02.470 +01:00  INF  Executing BadRequestObjectResult, writing value of type '<>f__AnonymousType0`1[[System.String, System.Private.CoreLib, Version=6.0.0.0, Culture=neutral, PublicKeyToken=7cec85d7bea7798e]]'.
2023-02-13 11:16:02.470 +01:00  INF  Executed action AngularAuthApi.Controllers.AuthController.RegisterUser (AngularAuthApi) in 151.2415ms
2023-02-13 11:16:02.470 +01:00  INF  Executed endpoint 'AngularAuthApi.Controllers.AuthController.RegisterUser (AngularAuthApi)'
2023-02-13 11:16:02.471 +01:00  INF  Request finished HTTP/2 POST https://localhost:7063/api/user/Register application/json 131 - 400 - application/json;+charset=utf-8 153.2898ms
2023-02-13 12:09:59.599 +01:00  INF  Now listening on: https://localhost:7063
2023-02-13 12:09:59.632 +01:00  INF  Now listening on: http://localhost:5174
2023-02-13 12:09:59.637 +01:00  INF  Application started. Press Ctrl+C to shut down.
2023-02-13 12:09:59.637 +01:00  INF  Hosting environment: Development
2023-02-13 12:09:59.637 +01:00  INF  Content root path: C:\GA\C# OOP\AngularAuthApi\AngularAuthApi\AngularAuthApi\
2023-02-13 12:10:00.040 +01:00  INF  Request starting HTTP/2 GET https://localhost:7063/swagger/index.html - -
2023-02-13 12:10:00.448 +01:00  INF  Request finished HTTP/2 GET https://localhost:7063/swagger/index.html - - - 200 - text/html;charset=utf-8 413.2394ms
2023-02-13 12:10:00.641 +01:00  INF  Request starting HTTP/2 GET https://localhost:7063/_vs/browserLink - -
2023-02-13 12:10:00.641 +01:00  INF  Request starting HTTP/2 GET https://localhost:7063/_framework/aspnetcore-browser-refresh.js - -
2023-02-13 12:10:00.644 +01:00  INF  Request finished HTTP/2 GET https://localhost:7063/_framework/aspnetcore-browser-refresh.js - - - 200 11998 application/javascript;+charset=utf-8 3.1823ms
2023-02-13 12:10:00.663 +01:00  INF  Request finished HTTP/2 GET https://localhost:7063/_vs/browserLink - - - 200 - text/javascript;+charset=UTF-8 21.8326ms
2023-02-13 12:10:00.886 +01:00  INF  Request starting HTTP/2 GET https://localhost:7063/swagger/v1/swagger.json - -
2023-02-13 12:10:01.039 +01:00  INF  Request finished HTTP/2 GET https://localhost:7063/swagger/v1/swagger.json - - - 200 - application/json;charset=utf-8 152.4584ms
2023-02-13 12:10:29.649 +01:00  INF  Request starting HTTP/2 POST https://localhost:7063/api/user/Register application/json 122
2023-02-13 12:10:29.666 +01:00  INF  CORS policy execution successful.
2023-02-13 12:10:29.678 +01:00  INF  Executing endpoint 'AngularAuthApi.Controllers.AuthController.RegisterUser (AngularAuthApi)'
2023-02-13 12:10:29.773 +01:00  INF  Route matched with {action = "RegisterUser", controller = "Auth"}. Executing controller action with signature System.Threading.Tasks.Task`1[Microsoft.AspNetCore.Mvc.IActionResult] RegisterUser(AngularAuthApi.Entities.User) on controller AngularAuthApi.Controllers.AuthController (AngularAuthApi).
2023-02-13 12:10:33.289 +01:00  INF  Executed DbCommand (18ms) [Parameters=[@__userEmail_0='?' (Size = 100)], CommandType='"Text"', CommandTimeout='30']
SELECT EXISTS (
    SELECT 1
    FROM `Users` AS `u`
    WHERE `u`.`Email` = @__userEmail_0)
2023-02-13 12:10:34.765 +01:00  INF  Executed DbCommand (2ms) [Parameters=[@p0='?' (Size = 100), @p1='?' (Size = 50), @p2='?' (Size = 128), @p3='?' (Size = 128), @p4='?' (Size = 4000)], CommandType='"Text"', CommandTimeout='30']
INSERT INTO `Users` (`Email`, `Name`, `Password`, `Salt`, `Token`)
VALUES (@p0, @p1, @p2, @p3, @p4);
SELECT `Id`
FROM `Users`
WHERE ROW_COUNT() = 1 AND `Id` = LAST_INSERT_ID();
2023-02-13 12:10:34.888 +01:00  INF  Executing OkObjectResult, writing value of type 'AngularAuthApi.Entities.User'.
2023-02-13 12:10:34.915 +01:00  INF  Executed action AngularAuthApi.Controllers.AuthController.RegisterUser (AngularAuthApi) in 5131.2112ms
2023-02-13 12:10:34.916 +01:00  INF  Executed endpoint 'AngularAuthApi.Controllers.AuthController.RegisterUser (AngularAuthApi)'
2023-02-13 12:10:34.924 +01:00  INF  Request finished HTTP/2 POST https://localhost:7063/api/user/Register application/json 122 - 200 - application/json;+charset=utf-8 5274.6348ms
2023-02-13 12:11:16.276 +01:00  INF  Now listening on: https://localhost:7063
2023-02-13 12:11:16.306 +01:00  INF  Now listening on: http://localhost:5174
2023-02-13 12:11:16.311 +01:00  INF  Application started. Press Ctrl+C to shut down.
2023-02-13 12:11:16.311 +01:00  INF  Hosting environment: Development
2023-02-13 12:11:16.311 +01:00  INF  Content root path: C:\GA\C# OOP\AngularAuthApi\AngularAuthApi\AngularAuthApi\
2023-02-13 12:11:16.663 +01:00  INF  Request starting HTTP/2 GET https://localhost:7063/swagger/index.html - -
2023-02-13 12:11:17.047 +01:00  INF  Request finished HTTP/2 GET https://localhost:7063/swagger/index.html - - - 200 - text/html;charset=utf-8 390.4791ms
2023-02-13 12:11:17.145 +01:00  INF  Request starting HTTP/2 GET https://localhost:7063/_framework/aspnetcore-browser-refresh.js - -
2023-02-13 12:11:17.146 +01:00  INF  Request starting HTTP/2 GET https://localhost:7063/_vs/browserLink - -
2023-02-13 12:11:17.148 +01:00  INF  Request finished HTTP/2 GET https://localhost:7063/_framework/aspnetcore-browser-refresh.js - - - 200 11998 application/javascript;+charset=utf-8 2.4834ms
2023-02-13 12:11:17.174 +01:00  INF  Request finished HTTP/2 GET https://localhost:7063/_vs/browserLink - - - 200 - text/javascript;+charset=UTF-8 27.9285ms
2023-02-13 12:11:17.371 +01:00  INF  Request starting HTTP/2 GET https://localhost:7063/swagger/v1/swagger.json - -
2023-02-13 12:11:17.513 +01:00  INF  Request finished HTTP/2 GET https://localhost:7063/swagger/v1/swagger.json - - - 200 - application/json;charset=utf-8 142.1966ms
2023-02-13 12:11:26.844 +01:00  INF  Request starting HTTP/2 POST https://localhost:7063/api/user/Register application/json 124
2023-02-13 12:11:26.859 +01:00  INF  CORS policy execution successful.
2023-02-13 12:11:26.871 +01:00  INF  Executing endpoint 'AngularAuthApi.Controllers.AuthController.RegisterUser (AngularAuthApi)'
2023-02-13 12:11:26.971 +01:00  INF  Route matched with {action = "RegisterUser", controller = "Auth"}. Executing controller action with signature System.Threading.Tasks.Task`1[Microsoft.AspNetCore.Mvc.IActionResult] RegisterUser(AngularAuthApi.Entities.User) on controller AngularAuthApi.Controllers.AuthController (AngularAuthApi).
2023-02-13 12:11:30.472 +01:00  INF  Executed DbCommand (14ms) [Parameters=[@__userEmail_0='?' (Size = 100)], CommandType='"Text"', CommandTimeout='30']
SELECT EXISTS (
    SELECT 1
    FROM `Users` AS `u`
    WHERE `u`.`Email` = @__userEmail_0)
2023-02-13 12:11:30.526 +01:00  INF  Executing BadRequestObjectResult, writing value of type '<>f__AnonymousType0`1[[System.String, System.Private.CoreLib, Version=6.0.0.0, Culture=neutral, PublicKeyToken=7cec85d7bea7798e]]'.
2023-02-13 12:11:30.574 +01:00  INF  Executed action AngularAuthApi.Controllers.AuthController.RegisterUser (AngularAuthApi) in 3588.5243ms
2023-02-13 12:11:30.575 +01:00  INF  Executed endpoint 'AngularAuthApi.Controllers.AuthController.RegisterUser (AngularAuthApi)'
2023-02-13 12:11:30.588 +01:00  INF  Request finished HTTP/2 POST https://localhost:7063/api/user/Register application/json 124 - 400 - application/json;+charset=utf-8 3743.5817ms
2023-02-13 12:14:14.197 +01:00  INF  Now listening on: https://localhost:7063
2023-02-13 12:14:14.242 +01:00  INF  Now listening on: http://localhost:5174
2023-02-13 12:14:14.249 +01:00  INF  Application started. Press Ctrl+C to shut down.
2023-02-13 12:14:14.250 +01:00  INF  Hosting environment: Development
2023-02-13 12:14:14.250 +01:00  INF  Content root path: C:\GA\C# OOP\AngularAuthApi\AngularAuthApi\AngularAuthApi\
2023-02-13 12:14:14.600 +01:00  INF  Request starting HTTP/2 GET https://localhost:7063/swagger/index.html - -
2023-02-13 12:14:14.980 +01:00  INF  Request finished HTTP/2 GET https://localhost:7063/swagger/index.html - - - 200 - text/html;charset=utf-8 384.6368ms
2023-02-13 12:14:15.078 +01:00  INF  Request starting HTTP/2 GET https://localhost:7063/_vs/browserLink - -
2023-02-13 12:14:15.078 +01:00  INF  Request starting HTTP/2 GET https://localhost:7063/_framework/aspnetcore-browser-refresh.js - -
2023-02-13 12:14:15.081 +01:00  INF  Request finished HTTP/2 GET https://localhost:7063/_framework/aspnetcore-browser-refresh.js - - - 200 11998 application/javascript;+charset=utf-8 3.2351ms
2023-02-13 12:14:15.109 +01:00  INF  Request finished HTTP/2 GET https://localhost:7063/_vs/browserLink - - - 200 - text/javascript;+charset=UTF-8 31.3608ms
2023-02-13 12:14:15.340 +01:00  INF  Request starting HTTP/2 GET https://localhost:7063/swagger/v1/swagger.json - -
2023-02-13 12:14:15.443 +01:00  INF  Request finished HTTP/2 GET https://localhost:7063/swagger/v1/swagger.json - - - 200 - application/json;charset=utf-8 102.6429ms
2023-02-13 12:19:01.564 +01:00  INF  Now listening on: https://localhost:7063
2023-02-13 12:19:01.592 +01:00  INF  Now listening on: http://localhost:5174
2023-02-13 12:19:01.597 +01:00  INF  Application started. Press Ctrl+C to shut down.
2023-02-13 12:19:01.597 +01:00  INF  Hosting environment: Development
2023-02-13 12:19:01.597 +01:00  INF  Content root path: C:\GA\C# OOP\AngularAuthApi\AngularAuthApi\AngularAuthApi\
2023-02-13 12:19:01.951 +01:00  INF  Request starting HTTP/2 GET https://localhost:7063/swagger/index.html - -
2023-02-13 12:19:02.299 +01:00  INF  Request finished HTTP/2 GET https://localhost:7063/swagger/index.html - - - 200 - text/html;charset=utf-8 354.6250ms
2023-02-13 12:19:02.385 +01:00  INF  Request starting HTTP/2 GET https://localhost:7063/_framework/aspnetcore-browser-refresh.js - -
2023-02-13 12:19:02.385 +01:00  INF  Request starting HTTP/2 GET https://localhost:7063/_vs/browserLink - -
2023-02-13 12:19:02.388 +01:00  INF  Request finished HTTP/2 GET https://localhost:7063/_framework/aspnetcore-browser-refresh.js - - - 200 11998 application/javascript;+charset=utf-8 2.8651ms
2023-02-13 12:19:02.424 +01:00  INF  Request finished HTTP/2 GET https://localhost:7063/_vs/browserLink - - - 200 - text/javascript;+charset=UTF-8 38.2789ms
2023-02-13 12:19:02.822 +01:00  INF  Request starting HTTP/2 GET https://localhost:7063/swagger/v1/swagger.json - -
2023-02-13 12:19:02.932 +01:00  INF  Request finished HTTP/2 GET https://localhost:7063/swagger/v1/swagger.json - - - 200 - application/json;charset=utf-8 109.7466ms
2023-02-13 12:21:06.365 +01:00  INF  Request starting HTTP/2 POST https://localhost:7063/api/user/Register application/json 127
2023-02-13 12:21:06.377 +01:00  INF  CORS policy execution successful.
2023-02-13 12:21:06.390 +01:00  INF  Executing endpoint 'AngularAuthApi.Controllers.AuthController.RegisterUser (AngularAuthApi)'
2023-02-13 12:21:06.484 +01:00  INF  Route matched with {action = "RegisterUser", controller = "Auth"}. Executing controller action with signature System.Threading.Tasks.Task`1[Microsoft.AspNetCore.Mvc.IActionResult] RegisterUser(AngularAuthApi.Entities.User) on controller AngularAuthApi.Controllers.AuthController (AngularAuthApi).
2023-02-13 12:21:10.035 +01:00  INF  Executed DbCommand (20ms) [Parameters=[@__userEmail_0='?' (Size = 100)], CommandType='"Text"', CommandTimeout='30']
SELECT EXISTS (
    SELECT 1
    FROM `Users` AS `u`
    WHERE `u`.`Email` = @__userEmail_0)
2023-02-13 12:21:10.102 +01:00  INF  Executing BadRequestObjectResult, writing value of type '<>f__AnonymousType0`1[[System.String, System.Private.CoreLib, Version=6.0.0.0, Culture=neutral, PublicKeyToken=7cec85d7bea7798e]]'.
2023-02-13 12:21:10.154 +01:00  INF  Executed action AngularAuthApi.Controllers.AuthController.RegisterUser (AngularAuthApi) in 3655.6849ms
2023-02-13 12:21:10.154 +01:00  INF  Executed endpoint 'AngularAuthApi.Controllers.AuthController.RegisterUser (AngularAuthApi)'
2023-02-13 12:21:10.168 +01:00  INF  Request finished HTTP/2 POST https://localhost:7063/api/user/Register application/json 127 - 400 - application/json;+charset=utf-8 3803.3978ms
2023-02-13 12:24:13.702 +01:00  INF  Now listening on: https://localhost:7063
2023-02-13 12:24:13.741 +01:00  INF  Now listening on: http://localhost:5174
2023-02-13 12:24:13.748 +01:00  INF  Application started. Press Ctrl+C to shut down.
2023-02-13 12:24:13.748 +01:00  INF  Hosting environment: Development
2023-02-13 12:24:13.749 +01:00  INF  Content root path: C:\GA\C# OOP\AngularAuthApi\AngularAuthApi\AngularAuthApi\
2023-02-13 12:24:14.097 +01:00  INF  Request starting HTTP/2 GET https://localhost:7063/swagger/index.html - -
2023-02-13 12:24:14.503 +01:00  INF  Request finished HTTP/2 GET https://localhost:7063/swagger/index.html - - - 200 - text/html;charset=utf-8 410.5252ms
2023-02-13 12:24:14.576 +01:00  INF  Request starting HTTP/2 GET https://localhost:7063/_framework/aspnetcore-browser-refresh.js - -
2023-02-13 12:24:14.577 +01:00  INF  Request starting HTTP/2 GET https://localhost:7063/_vs/browserLink - -
2023-02-13 12:24:14.578 +01:00  INF  Request finished HTTP/2 GET https://localhost:7063/_framework/aspnetcore-browser-refresh.js - - - 200 11998 application/javascript;+charset=utf-8 1.7506ms
2023-02-13 12:24:14.593 +01:00  INF  Request finished HTTP/2 GET https://localhost:7063/_vs/browserLink - - - 200 - text/javascript;+charset=UTF-8 16.3925ms
2023-02-13 12:24:14.733 +01:00  INF  Request starting HTTP/2 GET https://localhost:7063/swagger/v1/swagger.json - -
2023-02-13 12:24:14.893 +01:00  INF  Request finished HTTP/2 GET https://localhost:7063/swagger/v1/swagger.json - - - 200 - application/json;charset=utf-8 159.6410ms
2023-02-13 12:24:38.130 +01:00  INF  Request starting HTTP/2 POST https://localhost:7063/api/user/Register application/json 130
2023-02-13 12:24:38.142 +01:00  INF  CORS policy execution successful.
2023-02-13 12:24:38.157 +01:00  INF  Executing endpoint 'AngularAuthApi.Controllers.AuthController.RegisterUser (AngularAuthApi)'
2023-02-13 12:24:38.265 +01:00  INF  Route matched with {action = "RegisterUser", controller = "Auth"}. Executing controller action with signature System.Threading.Tasks.Task`1[Microsoft.AspNetCore.Mvc.IActionResult] RegisterUser(AngularAuthApi.Entities.User) on controller AngularAuthApi.Controllers.AuthController (AngularAuthApi).
2023-02-13 12:24:41.799 +01:00  INF  Executed DbCommand (15ms) [Parameters=[@__userEmail_0='?' (Size = 100)], CommandType='"Text"', CommandTimeout='30']
SELECT EXISTS (
    SELECT 1
    FROM `Users` AS `u`
    WHERE `u`.`Email` = @__userEmail_0)
2023-02-13 12:24:41.840 +01:00  INF  Executing BadRequestObjectResult, writing value of type '<>f__AnonymousType0`1[[System.String, System.Private.CoreLib, Version=6.0.0.0, Culture=neutral, PublicKeyToken=7cec85d7bea7798e]]'.
2023-02-13 12:24:41.892 +01:00  INF  Executed action AngularAuthApi.Controllers.AuthController.RegisterUser (AngularAuthApi) in 3612.4059ms
2023-02-13 12:24:41.893 +01:00  INF  Executed endpoint 'AngularAuthApi.Controllers.AuthController.RegisterUser (AngularAuthApi)'
2023-02-13 12:24:41.906 +01:00  INF  Request finished HTTP/2 POST https://localhost:7063/api/user/Register application/json 130 - 400 - application/json;+charset=utf-8 3775.6664ms
2023-02-13 12:28:06.858 +01:00  INF  Now listening on: https://localhost:7063
2023-02-13 12:28:06.891 +01:00  INF  Now listening on: http://localhost:5174
2023-02-13 12:28:06.899 +01:00  INF  Application started. Press Ctrl+C to shut down.
2023-02-13 12:28:06.899 +01:00  INF  Hosting environment: Development
2023-02-13 12:28:06.899 +01:00  INF  Content root path: C:\GA\C# OOP\AngularAuthApi\AngularAuthApi\AngularAuthApi\
2023-02-13 12:28:07.301 +01:00  INF  Request starting HTTP/2 GET https://localhost:7063/swagger/index.html - -
2023-02-13 12:28:07.706 +01:00  INF  Request finished HTTP/2 GET https://localhost:7063/swagger/index.html - - - 200 - text/html;charset=utf-8 409.1388ms
2023-02-13 12:28:07.818 +01:00  INF  Request starting HTTP/2 GET https://localhost:7063/_vs/browserLink - -
2023-02-13 12:28:07.818 +01:00  INF  Request starting HTTP/2 GET https://localhost:7063/_framework/aspnetcore-browser-refresh.js - -
2023-02-13 12:28:07.821 +01:00  INF  Request finished HTTP/2 GET https://localhost:7063/_framework/aspnetcore-browser-refresh.js - - - 200 11998 application/javascript;+charset=utf-8 2.1472ms
2023-02-13 12:28:07.847 +01:00  INF  Request finished HTTP/2 GET https://localhost:7063/_vs/browserLink - - - 200 - text/javascript;+charset=UTF-8 28.8494ms
2023-02-13 12:28:07.987 +01:00  INF  Request starting HTTP/2 GET https://localhost:7063/swagger/v1/swagger.json - -
2023-02-13 12:28:08.121 +01:00  INF  Request finished HTTP/2 GET https://localhost:7063/swagger/v1/swagger.json - - - 200 - application/json;charset=utf-8 133.3495ms
2023-02-13 12:28:31.144 +01:00  INF  Request starting HTTP/2 POST https://localhost:7063/api/user/Register application/json 131
2023-02-13 12:28:31.158 +01:00  INF  CORS policy execution successful.
2023-02-13 12:28:31.170 +01:00  INF  Executing endpoint 'AngularAuthApi.Controllers.AuthController.RegisterUser (AngularAuthApi)'
2023-02-13 12:28:31.273 +01:00  INF  Route matched with {action = "RegisterUser", controller = "Auth"}. Executing controller action with signature System.Threading.Tasks.Task`1[Microsoft.AspNetCore.Mvc.IActionResult] RegisterUser(AngularAuthApi.Entities.User) on controller AngularAuthApi.Controllers.AuthController (AngularAuthApi).
2023-02-13 12:28:34.783 +01:00  INF  Executed DbCommand (18ms) [Parameters=[@__userEmail_0='?' (Size = 100)], CommandType='"Text"', CommandTimeout='30']
SELECT EXISTS (
    SELECT 1
    FROM `Users` AS `u`
    WHERE `u`.`Email` = @__userEmail_0)
2023-02-13 12:28:34.825 +01:00  INF  Executing BadRequestObjectResult, writing value of type '<>f__AnonymousType0`1[[System.String, System.Private.CoreLib, Version=6.0.0.0, Culture=neutral, PublicKeyToken=7cec85d7bea7798e]]'.
2023-02-13 12:28:34.866 +01:00  INF  Executed action AngularAuthApi.Controllers.AuthController.RegisterUser (AngularAuthApi) in 3581.422ms
2023-02-13 12:28:34.866 +01:00  INF  Executed endpoint 'AngularAuthApi.Controllers.AuthController.RegisterUser (AngularAuthApi)'
2023-02-13 12:28:34.877 +01:00  INF  Request finished HTTP/2 POST https://localhost:7063/api/user/Register application/json 131 - 400 - application/json;+charset=utf-8 3732.4259ms
2023-02-13 13:58:17.600 +01:00  INF  Now listening on: https://localhost:7063
2023-02-13 13:58:17.626 +01:00  INF  Now listening on: http://localhost:5174
2023-02-13 13:58:17.630 +01:00  INF  Application started. Press Ctrl+C to shut down.
2023-02-13 13:58:17.631 +01:00  INF  Hosting environment: Development
2023-02-13 13:58:17.631 +01:00  INF  Content root path: C:\GA\C# OOP\AngularAuthApi\AngularAuthApi\AngularAuthApi\
2023-02-13 13:58:17.977 +01:00  INF  Request starting HTTP/2 GET https://localhost:7063/swagger/index.html - -
2023-02-13 13:58:18.304 +01:00  INF  Request finished HTTP/2 GET https://localhost:7063/swagger/index.html - - - 200 - text/html;charset=utf-8 331.5695ms
2023-02-13 13:58:18.486 +01:00  INF  Request starting HTTP/2 GET https://localhost:7063/_framework/aspnetcore-browser-refresh.js - -
2023-02-13 13:58:18.490 +01:00  INF  Request finished HTTP/2 GET https://localhost:7063/_framework/aspnetcore-browser-refresh.js - - - 200 11998 application/javascript;+charset=utf-8 4.5737ms
2023-02-13 13:58:18.518 +01:00  INF  Request starting HTTP/2 GET https://localhost:7063/_vs/browserLink - -
2023-02-13 13:58:18.540 +01:00  INF  Request finished HTTP/2 GET https://localhost:7063/_vs/browserLink - - - 200 - text/javascript;+charset=UTF-8 22.2482ms
2023-02-13 13:58:18.963 +01:00  INF  Request starting HTTP/2 GET https://localhost:7063/swagger/v1/swagger.json - -
2023-02-13 13:58:19.074 +01:00  INF  Request finished HTTP/2 GET https://localhost:7063/swagger/v1/swagger.json - - - 200 - application/json;charset=utf-8 110.9434ms
2023-02-13 14:01:56.310 +01:00  INF  Request starting HTTP/2 GET https://localhost:7063/swagger/index.html - -
2023-02-13 14:01:56.323 +01:00  INF  Request finished HTTP/2 GET https://localhost:7063/swagger/index.html - - - 200 - text/html;charset=utf-8 12.7286ms
2023-02-13 14:01:56.450 +01:00  INF  Request starting HTTP/2 GET https://localhost:7063/_framework/aspnetcore-browser-refresh.js - -
2023-02-13 14:01:56.451 +01:00  INF  Request finished HTTP/2 GET https://localhost:7063/_framework/aspnetcore-browser-refresh.js - - - 200 11998 application/javascript;+charset=utf-8 0.6350ms
2023-02-13 14:01:56.473 +01:00  INF  Request starting HTTP/2 GET https://localhost:7063/_vs/browserLink - -
2023-02-13 14:01:56.498 +01:00  INF  Request finished HTTP/2 GET https://localhost:7063/_vs/browserLink - - - 200 - text/javascript;+charset=UTF-8 24.3254ms
2023-02-13 14:01:56.764 +01:00  INF  Request starting HTTP/2 GET https://localhost:7063/swagger/v1/swagger.json - -
2023-02-13 14:01:56.767 +01:00  INF  Request finished HTTP/2 GET https://localhost:7063/swagger/v1/swagger.json - - - 200 - application/json;charset=utf-8 3.5075ms
2023-02-13 14:02:54.352 +01:00  INF  Request starting HTTP/2 POST https://localhost:7063/api/user/Register application/json 122
2023-02-13 14:02:54.360 +01:00  INF  CORS policy execution successful.
2023-02-13 14:02:54.376 +01:00  INF  Executing endpoint 'AngularAuthApi.Controllers.AuthController.RegisterUser (AngularAuthApi)'
2023-02-13 14:02:54.471 +01:00  INF  Route matched with {action = "RegisterUser", controller = "Auth"}. Executing controller action with signature System.Threading.Tasks.Task`1[Microsoft.AspNetCore.Mvc.IActionResult] RegisterUser(AngularAuthApi.Entities.User) on controller AngularAuthApi.Controllers.AuthController (AngularAuthApi).
2023-02-13 14:02:58.242 +01:00  INF  Executed DbCommand (17ms) [Parameters=[@__userEmail_0='?' (Size = 100)], CommandType='"Text"', CommandTimeout='30']
SELECT EXISTS (
    SELECT 1
    FROM `Users` AS `u`
    WHERE `u`.`Email` = @__userEmail_0)
2023-02-13 14:02:58.300 +01:00  INF  Executing BadRequestObjectResult, writing value of type '<>f__AnonymousType0`1[[System.String, System.Private.CoreLib, Version=6.0.0.0, Culture=neutral, PublicKeyToken=7cec85d7bea7798e]]'.
2023-02-13 14:02:58.355 +01:00  INF  Executed action AngularAuthApi.Controllers.AuthController.RegisterUser (AngularAuthApi) in 3874.1568ms
2023-02-13 14:02:58.356 +01:00  INF  Executed endpoint 'AngularAuthApi.Controllers.AuthController.RegisterUser (AngularAuthApi)'
2023-02-13 14:02:58.367 +01:00  INF  Request finished HTTP/2 POST https://localhost:7063/api/user/Register application/json 122 - 400 - application/json;+charset=utf-8 4014.5130ms
2023-02-13 14:03:26.974 +01:00  INF  Request starting HTTP/2 POST https://localhost:7063/api/user/Register application/json 123
2023-02-13 14:03:26.976 +01:00  INF  CORS policy execution successful.
2023-02-13 14:03:26.976 +01:00  INF  Executing endpoint 'AngularAuthApi.Controllers.AuthController.RegisterUser (AngularAuthApi)'
2023-02-13 14:03:26.976 +01:00  INF  Route matched with {action = "RegisterUser", controller = "Auth"}. Executing controller action with signature System.Threading.Tasks.Task`1[Microsoft.AspNetCore.Mvc.IActionResult] RegisterUser(AngularAuthApi.Entities.User) on controller AngularAuthApi.Controllers.AuthController (AngularAuthApi).
2023-02-13 14:03:26.994 +01:00  INF  Executed DbCommand (1ms) [Parameters=[@__userEmail_0='?' (Size = 100)], CommandType='"Text"', CommandTimeout='30']
SELECT EXISTS (
    SELECT 1
    FROM `Users` AS `u`
    WHERE `u`.`Email` = @__userEmail_0)
2023-02-13 14:03:26.996 +01:00  INF  Executing BadRequestObjectResult, writing value of type '<>f__AnonymousType0`1[[System.String, System.Private.CoreLib, Version=6.0.0.0, Culture=neutral, PublicKeyToken=7cec85d7bea7798e]]'.
2023-02-13 14:03:26.997 +01:00  INF  Executed action AngularAuthApi.Controllers.AuthController.RegisterUser (AngularAuthApi) in 20.3858ms
2023-02-13 14:03:26.997 +01:00  INF  Executed endpoint 'AngularAuthApi.Controllers.AuthController.RegisterUser (AngularAuthApi)'
2023-02-13 14:03:26.997 +01:00  INF  Request finished HTTP/2 POST https://localhost:7063/api/user/Register application/json 123 - 400 - application/json;+charset=utf-8 22.9128ms
2023-02-13 14:03:39.118 +01:00  INF  Request starting HTTP/2 POST https://localhost:7063/api/user/Register application/json 129
2023-02-13 14:03:39.119 +01:00  INF  CORS policy execution successful.
2023-02-13 14:03:39.120 +01:00  INF  Executing endpoint 'AngularAuthApi.Controllers.AuthController.RegisterUser (AngularAuthApi)'
2023-02-13 14:03:39.120 +01:00  INF  Route matched with {action = "RegisterUser", controller = "Auth"}. Executing controller action with signature System.Threading.Tasks.Task`1[Microsoft.AspNetCore.Mvc.IActionResult] RegisterUser(AngularAuthApi.Entities.User) on controller AngularAuthApi.Controllers.AuthController (AngularAuthApi).
2023-02-13 14:03:39.270 +01:00  INF  Executed DbCommand (1ms) [Parameters=[@__userEmail_0='?' (Size = 100)], CommandType='"Text"', CommandTimeout='30']
SELECT EXISTS (
    SELECT 1
    FROM `Users` AS `u`
    WHERE `u`.`Email` = @__userEmail_0)
2023-02-13 14:03:40.702 +01:00  INF  Executed DbCommand (2ms) [Parameters=[@p0='?' (Size = 100), @p1='?' (Size = 50), @p2='?' (Size = 128), @p3='?' (Size = 128), @p4='?' (Size = 4000)], CommandType='"Text"', CommandTimeout='30']
INSERT INTO `Users` (`Email`, `Name`, `Password`, `Salt`, `Token`)
VALUES (@p0, @p1, @p2, @p3, @p4);
SELECT `Id`
FROM `Users`
WHERE ROW_COUNT() = 1 AND `Id` = LAST_INSERT_ID();
2023-02-13 14:03:40.788 +01:00  INF  Executing OkObjectResult, writing value of type 'AngularAuthApi.Entities.User'.
2023-02-13 14:03:40.792 +01:00  INF  Executed action AngularAuthApi.Controllers.AuthController.RegisterUser (AngularAuthApi) in 1671.9741ms
2023-02-13 14:03:40.792 +01:00  INF  Executed endpoint 'AngularAuthApi.Controllers.AuthController.RegisterUser (AngularAuthApi)'
2023-02-13 14:03:40.793 +01:00  INF  Request finished HTTP/2 POST https://localhost:7063/api/user/Register application/json 129 - 200 - application/json;+charset=utf-8 1674.6928ms
2023-02-13 14:04:08.615 +01:00  INF  Request starting HTTP/2 POST https://localhost:7063/api/user/Register application/json 122
2023-02-13 14:04:08.616 +01:00  INF  CORS policy execution successful.
2023-02-13 14:04:08.616 +01:00  INF  Executing endpoint 'AngularAuthApi.Controllers.AuthController.RegisterUser (AngularAuthApi)'
2023-02-13 14:04:08.616 +01:00  INF  Route matched with {action = "RegisterUser", controller = "Auth"}. Executing controller action with signature System.Threading.Tasks.Task`1[Microsoft.AspNetCore.Mvc.IActionResult] RegisterUser(AngularAuthApi.Entities.User) on controller AngularAuthApi.Controllers.AuthController (AngularAuthApi).
2023-02-13 14:04:08.621 +01:00  INF  Executed DbCommand (1ms) [Parameters=[@__userEmail_0='?' (Size = 100)], CommandType='"Text"', CommandTimeout='30']
SELECT EXISTS (
    SELECT 1
    FROM `Users` AS `u`
    WHERE `u`.`Email` = @__userEmail_0)
2023-02-13 14:04:08.621 +01:00  INF  Executing BadRequestObjectResult, writing value of type '<>f__AnonymousType0`1[[System.String, System.Private.CoreLib, Version=6.0.0.0, Culture=neutral, PublicKeyToken=7cec85d7bea7798e]]'.
2023-02-13 14:04:08.621 +01:00  INF  Executed action AngularAuthApi.Controllers.AuthController.RegisterUser (AngularAuthApi) in 5.1371ms
2023-02-13 14:04:08.621 +01:00  INF  Executed endpoint 'AngularAuthApi.Controllers.AuthController.RegisterUser (AngularAuthApi)'
2023-02-13 14:04:08.622 +01:00  INF  Request finished HTTP/2 POST https://localhost:7063/api/user/Register application/json 122 - 400 - application/json;+charset=utf-8 6.1736ms
2023-02-13 14:04:17.939 +01:00  INF  Request starting HTTP/2 POST https://localhost:7063/api/user/Register application/json 124
2023-02-13 14:04:17.939 +01:00  INF  CORS policy execution successful.
2023-02-13 14:04:17.940 +01:00  INF  Executing endpoint 'AngularAuthApi.Controllers.AuthController.RegisterUser (AngularAuthApi)'
2023-02-13 14:04:17.940 +01:00  INF  Route matched with {action = "RegisterUser", controller = "Auth"}. Executing controller action with signature System.Threading.Tasks.Task`1[Microsoft.AspNetCore.Mvc.IActionResult] RegisterUser(AngularAuthApi.Entities.User) on controller AngularAuthApi.Controllers.AuthController (AngularAuthApi).
2023-02-13 14:04:17.946 +01:00  INF  Executed DbCommand (1ms) [Parameters=[@__userEmail_0='?' (Size = 100)], CommandType='"Text"', CommandTimeout='30']
SELECT EXISTS (
    SELECT 1
    FROM `Users` AS `u`
    WHERE `u`.`Email` = @__userEmail_0)
2023-02-13 14:04:18.819 +01:00  INF  Executed DbCommand (2ms) [Parameters=[@p0='?' (Size = 100), @p1='?' (Size = 50), @p2='?' (Size = 128), @p3='?' (Size = 128), @p4='?' (Size = 4000)], CommandType='"Text"', CommandTimeout='30']
INSERT INTO `Users` (`Email`, `Name`, `Password`, `Salt`, `Token`)
VALUES (@p0, @p1, @p2, @p3, @p4);
SELECT `Id`
FROM `Users`
WHERE ROW_COUNT() = 1 AND `Id` = LAST_INSERT_ID();
2023-02-13 14:04:18.837 +01:00  INF  Executing OkObjectResult, writing value of type 'AngularAuthApi.Entities.User'.
2023-02-13 14:04:18.838 +01:00  INF  Executed action AngularAuthApi.Controllers.AuthController.RegisterUser (AngularAuthApi) in 897.7566ms
2023-02-13 14:04:18.838 +01:00  INF  Executed endpoint 'AngularAuthApi.Controllers.AuthController.RegisterUser (AngularAuthApi)'
2023-02-13 14:04:18.838 +01:00  INF  Request finished HTTP/2 POST https://localhost:7063/api/user/Register application/json 124 - 200 - application/json;+charset=utf-8 898.7434ms
2023-02-13 14:04:34.715 +01:00  INF  Request starting HTTP/2 POST https://localhost:7063/api/user/Authenticate application/json 45
2023-02-13 14:04:34.715 +01:00  INF  CORS policy execution successful.
2023-02-13 14:04:34.716 +01:00  INF  Executing endpoint 'AngularAuthApi.Controllers.AuthController.Authenticate (AngularAuthApi)'
2023-02-13 14:04:34.724 +01:00  INF  Route matched with {action = "Authenticate", controller = "Auth"}. Executing controller action with signature System.Threading.Tasks.Task`1[Microsoft.AspNetCore.Mvc.IActionResult] Authenticate(AngularAuthApi.DTOS.LoginDto) on controller AngularAuthApi.Controllers.AuthController (AngularAuthApi).
2023-02-13 14:04:34.923 +01:00  INF  Executed DbCommand (1ms) [Parameters=[@__ToLower_0='?' (Size = 100), @__ToLower_1='?' (Size = 128)], CommandType='"Text"', CommandTimeout='30']
SELECT `u`.`Id`, `u`.`Email`, `u`.`Name`, `u`.`Password`, `u`.`Salt`, `u`.`Token`
FROM `Users` AS `u`
WHERE (LOWER(`u`.`Email`) = @__ToLower_0) AND (LOWER(`u`.`Password`) = @__ToLower_1)
LIMIT 1
2023-02-13 14:04:34.924 +01:00  INF  Executing NotFoundObjectResult, writing value of type '<>f__AnonymousType0`1[[System.String, System.Private.CoreLib, Version=6.0.0.0, Culture=neutral, PublicKeyToken=7cec85d7bea7798e]]'.
2023-02-13 14:04:34.924 +01:00  INF  Executed action AngularAuthApi.Controllers.AuthController.Authenticate (AngularAuthApi) in 200.1793ms
2023-02-13 14:04:34.924 +01:00  INF  Executed endpoint 'AngularAuthApi.Controllers.AuthController.Authenticate (AngularAuthApi)'
2023-02-13 14:04:34.925 +01:00  INF  Request finished HTTP/2 POST https://localhost:7063/api/user/Authenticate application/json 45 - 404 - application/json;+charset=utf-8 209.5567ms
2023-02-13 14:04:46.095 +01:00  INF  Request starting HTTP/2 POST https://localhost:7063/api/user/Authenticate application/json 52
2023-02-13 14:04:46.096 +01:00  INF  CORS policy execution successful.
2023-02-13 14:04:46.096 +01:00  INF  Executing endpoint 'AngularAuthApi.Controllers.AuthController.Authenticate (AngularAuthApi)'
2023-02-13 14:04:46.096 +01:00  INF  Route matched with {action = "Authenticate", controller = "Auth"}. Executing controller action with signature System.Threading.Tasks.Task`1[Microsoft.AspNetCore.Mvc.IActionResult] Authenticate(AngularAuthApi.DTOS.LoginDto) on controller AngularAuthApi.Controllers.AuthController (AngularAuthApi).
2023-02-13 14:04:46.102 +01:00  INF  Executed DbCommand (2ms) [Parameters=[@__ToLower_0='?' (Size = 100), @__ToLower_1='?' (Size = 128)], CommandType='"Text"', CommandTimeout='30']
SELECT `u`.`Id`, `u`.`Email`, `u`.`Name`, `u`.`Password`, `u`.`Salt`, `u`.`Token`
FROM `Users` AS `u`
WHERE (LOWER(`u`.`Email`) = @__ToLower_0) AND (LOWER(`u`.`Password`) = @__ToLower_1)
LIMIT 1
2023-02-13 14:04:46.102 +01:00  INF  Executing NotFoundObjectResult, writing value of type '<>f__AnonymousType0`1[[System.String, System.Private.CoreLib, Version=6.0.0.0, Culture=neutral, PublicKeyToken=7cec85d7bea7798e]]'.
2023-02-13 14:04:46.103 +01:00  INF  Executed action AngularAuthApi.Controllers.AuthController.Authenticate (AngularAuthApi) in 6.6456ms
2023-02-13 14:04:46.103 +01:00  INF  Executed endpoint 'AngularAuthApi.Controllers.AuthController.Authenticate (AngularAuthApi)'
2023-02-13 14:04:46.103 +01:00  INF  Request finished HTTP/2 POST https://localhost:7063/api/user/Authenticate application/json 52 - 404 - application/json;+charset=utf-8 7.5168ms
2023-02-13 14:04:48.031 +01:00  INF  Request starting HTTP/2 POST https://localhost:7063/api/user/Authenticate application/json 52
2023-02-13 14:04:48.031 +01:00  INF  CORS policy execution successful.
2023-02-13 14:04:48.031 +01:00  INF  Executing endpoint 'AngularAuthApi.Controllers.AuthController.Authenticate (AngularAuthApi)'
2023-02-13 14:04:48.031 +01:00  INF  Route matched with {action = "Authenticate", controller = "Auth"}. Executing controller action with signature System.Threading.Tasks.Task`1[Microsoft.AspNetCore.Mvc.IActionResult] Authenticate(AngularAuthApi.DTOS.LoginDto) on controller AngularAuthApi.Controllers.AuthController (AngularAuthApi).
2023-02-13 14:04:48.035 +01:00  INF  Executed DbCommand (1ms) [Parameters=[@__ToLower_0='?' (Size = 100), @__ToLower_1='?' (Size = 128)], CommandType='"Text"', CommandTimeout='30']
SELECT `u`.`Id`, `u`.`Email`, `u`.`Name`, `u`.`Password`, `u`.`Salt`, `u`.`Token`
FROM `Users` AS `u`
WHERE (LOWER(`u`.`Email`) = @__ToLower_0) AND (LOWER(`u`.`Password`) = @__ToLower_1)
LIMIT 1
2023-02-13 14:04:48.035 +01:00  INF  Executing NotFoundObjectResult, writing value of type '<>f__AnonymousType0`1[[System.String, System.Private.CoreLib, Version=6.0.0.0, Culture=neutral, PublicKeyToken=7cec85d7bea7798e]]'.
2023-02-13 14:04:48.036 +01:00  INF  Executed action AngularAuthApi.Controllers.AuthController.Authenticate (AngularAuthApi) in 4.6342ms
2023-02-13 14:04:48.036 +01:00  INF  Executed endpoint 'AngularAuthApi.Controllers.AuthController.Authenticate (AngularAuthApi)'
2023-02-13 14:04:48.036 +01:00  INF  Request finished HTTP/2 POST https://localhost:7063/api/user/Authenticate application/json 52 - 404 - application/json;+charset=utf-8 5.1797ms
2023-02-13 14:05:58.321 +01:00  INF  Request starting HTTP/2 POST https://localhost:7063/api/user/Authenticate application/json 50
2023-02-13 14:05:58.321 +01:00  INF  CORS policy execution successful.
2023-02-13 14:05:58.321 +01:00  INF  Executing endpoint 'AngularAuthApi.Controllers.AuthController.Authenticate (AngularAuthApi)'
2023-02-13 14:05:58.322 +01:00  INF  Route matched with {action = "Authenticate", controller = "Auth"}. Executing controller action with signature System.Threading.Tasks.Task`1[Microsoft.AspNetCore.Mvc.IActionResult] Authenticate(AngularAuthApi.DTOS.LoginDto) on controller AngularAuthApi.Controllers.AuthController (AngularAuthApi).
2023-02-13 14:05:58.327 +01:00  INF  Executed DbCommand (2ms) [Parameters=[@__ToLower_0='?' (Size = 100), @__ToLower_1='?' (Size = 128)], CommandType='"Text"', CommandTimeout='30']
SELECT `u`.`Id`, `u`.`Email`, `u`.`Name`, `u`.`Password`, `u`.`Salt`, `u`.`Token`
FROM `Users` AS `u`
WHERE (LOWER(`u`.`Email`) = @__ToLower_0) AND (LOWER(`u`.`Password`) = @__ToLower_1)
LIMIT 1
2023-02-13 14:05:58.327 +01:00  INF  Executing NotFoundObjectResult, writing value of type '<>f__AnonymousType0`1[[System.String, System.Private.CoreLib, Version=6.0.0.0, Culture=neutral, PublicKeyToken=7cec85d7bea7798e]]'.
2023-02-13 14:05:58.328 +01:00  INF  Executed action AngularAuthApi.Controllers.AuthController.Authenticate (AngularAuthApi) in 6.1397ms
2023-02-13 14:05:58.328 +01:00  INF  Executed endpoint 'AngularAuthApi.Controllers.AuthController.Authenticate (AngularAuthApi)'
2023-02-13 14:05:58.328 +01:00  INF  Request finished HTTP/2 POST https://localhost:7063/api/user/Authenticate application/json 50 - 404 - application/json;+charset=utf-8 7.0341ms
2023-02-13 14:06:09.365 +01:00  INF  Request starting HTTP/2 POST https://localhost:7063/api/user/Authenticate application/json 52
2023-02-13 14:06:09.366 +01:00  INF  CORS policy execution successful.
2023-02-13 14:06:09.366 +01:00  INF  Executing endpoint 'AngularAuthApi.Controllers.AuthController.Authenticate (AngularAuthApi)'
2023-02-13 14:06:09.366 +01:00  INF  Route matched with {action = "Authenticate", controller = "Auth"}. Executing controller action with signature System.Threading.Tasks.Task`1[Microsoft.AspNetCore.Mvc.IActionResult] Authenticate(AngularAuthApi.DTOS.LoginDto) on controller AngularAuthApi.Controllers.AuthController (AngularAuthApi).
2023-02-13 14:06:09.371 +01:00  INF  Executed DbCommand (1ms) [Parameters=[@__ToLower_0='?' (Size = 100), @__ToLower_1='?' (Size = 128)], CommandType='"Text"', CommandTimeout='30']
SELECT `u`.`Id`, `u`.`Email`, `u`.`Name`, `u`.`Password`, `u`.`Salt`, `u`.`Token`
FROM `Users` AS `u`
WHERE (LOWER(`u`.`Email`) = @__ToLower_0) AND (LOWER(`u`.`Password`) = @__ToLower_1)
LIMIT 1
2023-02-13 14:06:09.371 +01:00  INF  Executing NotFoundObjectResult, writing value of type '<>f__AnonymousType0`1[[System.String, System.Private.CoreLib, Version=6.0.0.0, Culture=neutral, PublicKeyToken=7cec85d7bea7798e]]'.
2023-02-13 14:06:09.371 +01:00  INF  Executed action AngularAuthApi.Controllers.AuthController.Authenticate (AngularAuthApi) in 5.5311ms
2023-02-13 14:06:09.372 +01:00  INF  Executed endpoint 'AngularAuthApi.Controllers.AuthController.Authenticate (AngularAuthApi)'
2023-02-13 14:06:09.372 +01:00  INF  Request finished HTTP/2 POST https://localhost:7063/api/user/Authenticate application/json 52 - 404 - application/json;+charset=utf-8 6.7361ms
2023-02-13 14:07:16.938 +01:00  INF  Now listening on: https://localhost:7063
2023-02-13 14:07:16.971 +01:00  INF  Now listening on: http://localhost:5174
2023-02-13 14:07:16.977 +01:00  INF  Application started. Press Ctrl+C to shut down.
2023-02-13 14:07:16.977 +01:00  INF  Hosting environment: Development
2023-02-13 14:07:16.977 +01:00  INF  Content root path: C:\GA\C# OOP\AngularAuthApi\AngularAuthApi\AngularAuthApi\
2023-02-13 14:07:17.181 +01:00  INF  Request starting HTTP/2 GET https://localhost:7063/swagger/index.html - -
2023-02-13 14:07:17.554 +01:00  INF  Request finished HTTP/2 GET https://localhost:7063/swagger/index.html - - - 200 - text/html;charset=utf-8 379.1477ms
2023-02-13 14:07:17.671 +01:00  INF  Request starting HTTP/2 GET https://localhost:7063/_vs/browserLink - -
2023-02-13 14:07:17.671 +01:00  INF  Request starting HTTP/2 GET https://localhost:7063/_framework/aspnetcore-browser-refresh.js - -
2023-02-13 14:07:17.674 +01:00  INF  Request finished HTTP/2 GET https://localhost:7063/_framework/aspnetcore-browser-refresh.js - - - 200 11998 application/javascript;+charset=utf-8 2.9605ms
2023-02-13 14:07:17.691 +01:00  INF  Request finished HTTP/2 GET https://localhost:7063/_vs/browserLink - - - 200 - text/javascript;+charset=UTF-8 19.9640ms
2023-02-13 14:07:18.122 +01:00  INF  Request starting HTTP/2 GET https://localhost:7063/swagger/v1/swagger.json - -
2023-02-13 14:07:18.274 +01:00  INF  Request finished HTTP/2 GET https://localhost:7063/swagger/v1/swagger.json - - - 200 - application/json;charset=utf-8 151.4146ms
2023-02-13 14:07:40.616 +01:00  INF  Request starting HTTP/2 POST https://localhost:7063/api/user/Authenticate application/json 45
2023-02-13 14:07:40.627 +01:00  INF  CORS policy execution successful.
2023-02-13 14:07:40.645 +01:00  INF  Executing endpoint 'AngularAuthApi.Controllers.AuthController.Authenticate (AngularAuthApi)'
2023-02-13 14:07:40.725 +01:00  INF  Route matched with {action = "Authenticate", controller = "Auth"}. Executing controller action with signature System.Threading.Tasks.Task`1[Microsoft.AspNetCore.Mvc.IActionResult] Authenticate(AngularAuthApi.DTOS.LoginDto) on controller AngularAuthApi.Controllers.AuthController (AngularAuthApi).
2023-02-13 14:07:44.203 +01:00  INF  Executed DbCommand (15ms) [Parameters=[@__ToLower_0='?' (Size = 100)], CommandType='"Text"', CommandTimeout='30']
SELECT `u`.`Id`, `u`.`Email`, `u`.`Name`, `u`.`Password`, `u`.`Salt`, `u`.`Token`
FROM `Users` AS `u`
WHERE LOWER(`u`.`Email`) = @__ToLower_0
LIMIT 1
2023-02-13 14:07:45.437 +01:00  INF  Executed action AngularAuthApi.Controllers.AuthController.Authenticate (AngularAuthApi) in 4696.2681ms
2023-02-13 14:07:45.441 +01:00  INF  Executed endpoint 'AngularAuthApi.Controllers.AuthController.Authenticate (AngularAuthApi)'
2023-02-13 14:07:45.443 +01:00  ERR  An unhandled exception has occurred while executing the request.System.FormatException: The input is not a valid hex string as it contains a non-hex character.
   at System.Convert.FromHexString(ReadOnlySpan`1 chars)
   at System.Convert.FromHexString(String s)
   at AngularAuthApi.Utilities.PasswordHasher.VerifyPassword(String password, String hash, Byte[] salt) in C:\GA\C# OOP\AngularAuthApi\AngularAuthApi\AngularAuthApi\Utilities\PasswordHasher.cs:line 25
   at AngularAuthApi.Controllers.AuthController.Authenticate(LoginDto user) in C:\GA\C# OOP\AngularAuthApi\AngularAuthApi\AngularAuthApi\Controllers\AuthController.cs:line 56
   at Microsoft.AspNetCore.Mvc.Infrastructure.ActionMethodExecutor.TaskOfIActionResultExecutor.Execute(IActionResultTypeMapper mapper, ObjectMethodExecutor executor, Object controller, Object[] arguments)
   at Microsoft.AspNetCore.Mvc.Infrastructure.ControllerActionInvoker.<InvokeActionMethodAsync>g__Awaited|12_0(ControllerActionInvoker invoker, ValueTask`1 actionResultValueTask)
   at Microsoft.AspNetCore.Mvc.Infrastructure.ControllerActionInvoker.<InvokeNextActionFilterAsync>g__Awaited|10_0(ControllerActionInvoker invoker, Task lastTask, State next, Scope scope, Object state, Boolean isCompleted)
   at Microsoft.AspNetCore.Mvc.Infrastructure.ControllerActionInvoker.Rethrow(ActionExecutedContextSealed context)
   at Microsoft.AspNetCore.Mvc.Infrastructure.ControllerActionInvoker.Next(State& next, Scope& scope, Object& state, Boolean& isCompleted)
   at Microsoft.AspNetCore.Mvc.Infrastructure.ControllerActionInvoker.InvokeInnerFilterAsync()
--- End of stack trace from previous location ---
   at Microsoft.AspNetCore.Mvc.Infrastructure.ResourceInvoker.<InvokeFilterPipelineAsync>g__Awaited|20_0(ResourceInvoker invoker, Task lastTask, State next, Scope scope, Object state, Boolean isCompleted)
   at Microsoft.AspNetCore.Mvc.Infrastructure.ResourceInvoker.<InvokeAsync>g__Logged|17_1(ResourceInvoker invoker)
   at Microsoft.AspNetCore.Mvc.Infrastructure.ResourceInvoker.<InvokeAsync>g__Logged|17_1(ResourceInvoker invoker)
   at Microsoft.AspNetCore.Routing.EndpointMiddleware.<Invoke>g__AwaitRequestTask|6_0(Endpoint endpoint, Task requestTask, ILogger logger)
   at Microsoft.AspNetCore.Authorization.AuthorizationMiddleware.Invoke(HttpContext context)
   at Microsoft.AspNetCore.Authentication.AuthenticationMiddleware.Invoke(HttpContext context)
   at Swashbuckle.AspNetCore.SwaggerUI.SwaggerUIMiddleware.Invoke(HttpContext httpContext)
   at Swashbuckle.AspNetCore.Swagger.SwaggerMiddleware.Invoke(HttpContext httpContext, ISwaggerProvider swaggerProvider)
   at Microsoft.AspNetCore.Diagnostics.DeveloperExceptionPageMiddleware.Invoke(HttpContext context)

2023-02-13 14:07:45.637 +01:00  INF  Request finished HTTP/2 POST https://localhost:7063/api/user/Authenticate application/json 45 - 500 - text/plain;+charset=utf-8 5021.4114ms
2023-02-13 14:08:13.435 +01:00  INF  Request starting HTTP/2 POST https://localhost:7063/api/user/Authenticate application/json 52
2023-02-13 14:08:13.438 +01:00  INF  CORS policy execution successful.
2023-02-13 14:08:13.438 +01:00  INF  Executing endpoint 'AngularAuthApi.Controllers.AuthController.Authenticate (AngularAuthApi)'
2023-02-13 14:08:13.439 +01:00  INF  Route matched with {action = "Authenticate", controller = "Auth"}. Executing controller action with signature System.Threading.Tasks.Task`1[Microsoft.AspNetCore.Mvc.IActionResult] Authenticate(AngularAuthApi.DTOS.LoginDto) on controller AngularAuthApi.Controllers.AuthController (AngularAuthApi).
2023-02-13 14:08:13.455 +01:00  INF  Executed DbCommand (1ms) [Parameters=[@__ToLower_0='?' (Size = 100)], CommandType='"Text"', CommandTimeout='30']
SELECT `u`.`Id`, `u`.`Email`, `u`.`Name`, `u`.`Password`, `u`.`Salt`, `u`.`Token`
FROM `Users` AS `u`
WHERE LOWER(`u`.`Email`) = @__ToLower_0
LIMIT 1
2023-02-13 14:08:14.328 +01:00  INF  Executed action AngularAuthApi.Controllers.AuthController.Authenticate (AngularAuthApi) in 889.509ms
2023-02-13 14:08:14.329 +01:00  INF  Executed endpoint 'AngularAuthApi.Controllers.AuthController.Authenticate (AngularAuthApi)'
2023-02-13 14:08:14.330 +01:00  ERR  An unhandled exception has occurred while executing the request.System.FormatException: The input is not a valid hex string as its length is not a multiple of 2.
   at System.Convert.FromHexString(ReadOnlySpan`1 chars)
   at System.Convert.FromHexString(String s)
   at AngularAuthApi.Utilities.PasswordHasher.VerifyPassword(String password, String hash, Byte[] salt) in C:\GA\C# OOP\AngularAuthApi\AngularAuthApi\AngularAuthApi\Utilities\PasswordHasher.cs:line 25
   at AngularAuthApi.Controllers.AuthController.Authenticate(LoginDto user) in C:\GA\C# OOP\AngularAuthApi\AngularAuthApi\AngularAuthApi\Controllers\AuthController.cs:line 56
   at Microsoft.AspNetCore.Mvc.Infrastructure.ActionMethodExecutor.TaskOfIActionResultExecutor.Execute(IActionResultTypeMapper mapper, ObjectMethodExecutor executor, Object controller, Object[] arguments)
   at Microsoft.AspNetCore.Mvc.Infrastructure.ControllerActionInvoker.<InvokeActionMethodAsync>g__Awaited|12_0(ControllerActionInvoker invoker, ValueTask`1 actionResultValueTask)
   at Microsoft.AspNetCore.Mvc.Infrastructure.ControllerActionInvoker.<InvokeNextActionFilterAsync>g__Awaited|10_0(ControllerActionInvoker invoker, Task lastTask, State next, Scope scope, Object state, Boolean isCompleted)
   at Microsoft.AspNetCore.Mvc.Infrastructure.ControllerActionInvoker.Rethrow(ActionExecutedContextSealed context)
   at Microsoft.AspNetCore.Mvc.Infrastructure.ControllerActionInvoker.Next(State& next, Scope& scope, Object& state, Boolean& isCompleted)
   at Microsoft.AspNetCore.Mvc.Infrastructure.ControllerActionInvoker.InvokeInnerFilterAsync()
--- End of stack trace from previous location ---
   at Microsoft.AspNetCore.Mvc.Infrastructure.ResourceInvoker.<InvokeFilterPipelineAsync>g__Awaited|20_0(ResourceInvoker invoker, Task lastTask, State next, Scope scope, Object state, Boolean isCompleted)
   at Microsoft.AspNetCore.Mvc.Infrastructure.ResourceInvoker.<InvokeAsync>g__Logged|17_1(ResourceInvoker invoker)
   at Microsoft.AspNetCore.Mvc.Infrastructure.ResourceInvoker.<InvokeAsync>g__Logged|17_1(ResourceInvoker invoker)
   at Microsoft.AspNetCore.Routing.EndpointMiddleware.<Invoke>g__AwaitRequestTask|6_0(Endpoint endpoint, Task requestTask, ILogger logger)
   at Microsoft.AspNetCore.Authorization.AuthorizationMiddleware.Invoke(HttpContext context)
   at Microsoft.AspNetCore.Authentication.AuthenticationMiddleware.Invoke(HttpContext context)
   at Swashbuckle.AspNetCore.SwaggerUI.SwaggerUIMiddleware.Invoke(HttpContext httpContext)
   at Swashbuckle.AspNetCore.Swagger.SwaggerMiddleware.Invoke(HttpContext httpContext, ISwaggerProvider swaggerProvider)
   at Microsoft.AspNetCore.Diagnostics.DeveloperExceptionPageMiddleware.Invoke(HttpContext context)

2023-02-13 14:08:14.334 +01:00  INF  Request finished HTTP/2 POST https://localhost:7063/api/user/Authenticate application/json 52 - 500 - text/plain;+charset=utf-8 899.1794ms
2023-02-13 14:19:29.316 +01:00  INF  Now listening on: https://localhost:7063
2023-02-13 14:19:29.382 +01:00  INF  Now listening on: http://localhost:5174
2023-02-13 14:19:29.389 +01:00  INF  Application started. Press Ctrl+C to shut down.
2023-02-13 14:19:29.389 +01:00  INF  Hosting environment: Development
2023-02-13 14:19:29.389 +01:00  INF  Content root path: C:\GA\C# OOP\AngularAuthApi\AngularAuthApi\AngularAuthApi\
2023-02-13 14:19:29.764 +01:00  INF  Request starting HTTP/2 GET https://localhost:7063/swagger/index.html - -
2023-02-13 14:19:30.192 +01:00  INF  Request finished HTTP/2 GET https://localhost:7063/swagger/index.html - - - 200 - text/html;charset=utf-8 432.8767ms
2023-02-13 14:19:30.266 +01:00  INF  Request starting HTTP/2 GET https://localhost:7063/_vs/browserLink - -
2023-02-13 14:19:30.266 +01:00  INF  Request starting HTTP/2 GET https://localhost:7063/_framework/aspnetcore-browser-refresh.js - -
2023-02-13 14:19:30.269 +01:00  INF  Request finished HTTP/2 GET https://localhost:7063/_framework/aspnetcore-browser-refresh.js - - - 200 11998 application/javascript;+charset=utf-8 3.6223ms
2023-02-13 14:19:30.287 +01:00  INF  Request finished HTTP/2 GET https://localhost:7063/_vs/browserLink - - - 200 - text/javascript;+charset=UTF-8 21.0822ms
2023-02-13 14:19:30.569 +01:00  INF  Request starting HTTP/2 GET https://localhost:7063/swagger/v1/swagger.json - -
2023-02-13 14:19:30.710 +01:00  INF  Request finished HTTP/2 GET https://localhost:7063/swagger/v1/swagger.json - - - 200 - application/json;charset=utf-8 141.0005ms
2023-02-13 14:19:48.572 +01:00  INF  Request starting HTTP/2 POST https://localhost:7063/api/user/Authenticate application/json 45
2023-02-13 14:19:48.584 +01:00  INF  CORS policy execution successful.
2023-02-13 14:19:48.596 +01:00  INF  Executing endpoint 'AngularAuthApi.Controllers.AuthController.Authenticate (AngularAuthApi)'
2023-02-13 14:19:48.691 +01:00  INF  Route matched with {action = "Authenticate", controller = "Auth"}. Executing controller action with signature System.Threading.Tasks.Task`1[Microsoft.AspNetCore.Mvc.IActionResult] Authenticate(AngularAuthApi.DTOS.LoginDto) on controller AngularAuthApi.Controllers.AuthController (AngularAuthApi).
2023-02-13 14:19:52.377 +01:00  INF  Executed DbCommand (20ms) [Parameters=[@__ToLower_0='?' (Size = 100)], CommandType='"Text"', CommandTimeout='30']
SELECT `u`.`Id`, `u`.`Email`, `u`.`Name`, `u`.`Password`, `u`.`Salt`, `u`.`Token`
FROM `Users` AS `u`
WHERE LOWER(`u`.`Email`) = @__ToLower_0
LIMIT 1
2023-02-13 14:19:53.504 +01:00  INF  Executed action AngularAuthApi.Controllers.AuthController.Authenticate (AngularAuthApi) in 4800.1108ms
2023-02-13 14:19:53.505 +01:00  INF  Executed endpoint 'AngularAuthApi.Controllers.AuthController.Authenticate (AngularAuthApi)'
2023-02-13 14:19:53.506 +01:00  ERR  An unhandled exception has occurred while executing the request.System.FormatException: The input is not a valid hex string as it contains a non-hex character.
   at System.Convert.FromHexString(ReadOnlySpan`1 chars)
   at System.Convert.FromHexString(String s)
   at AngularAuthApi.Utilities.PasswordHasher.VerifyPassword(String password, String hash, Byte[] salt) in C:\GA\C# OOP\AngularAuthApi\AngularAuthApi\AngularAuthApi\Utilities\PasswordHasher.cs:line 25
   at AngularAuthApi.Controllers.AuthController.Authenticate(LoginDto user) in C:\GA\C# OOP\AngularAuthApi\AngularAuthApi\AngularAuthApi\Controllers\AuthController.cs:line 56
   at Microsoft.AspNetCore.Mvc.Infrastructure.ActionMethodExecutor.TaskOfIActionResultExecutor.Execute(IActionResultTypeMapper mapper, ObjectMethodExecutor executor, Object controller, Object[] arguments)
   at Microsoft.AspNetCore.Mvc.Infrastructure.ControllerActionInvoker.<InvokeActionMethodAsync>g__Awaited|12_0(ControllerActionInvoker invoker, ValueTask`1 actionResultValueTask)
   at Microsoft.AspNetCore.Mvc.Infrastructure.ControllerActionInvoker.<InvokeNextActionFilterAsync>g__Awaited|10_0(ControllerActionInvoker invoker, Task lastTask, State next, Scope scope, Object state, Boolean isCompleted)
   at Microsoft.AspNetCore.Mvc.Infrastructure.ControllerActionInvoker.Rethrow(ActionExecutedContextSealed context)
   at Microsoft.AspNetCore.Mvc.Infrastructure.ControllerActionInvoker.Next(State& next, Scope& scope, Object& state, Boolean& isCompleted)
   at Microsoft.AspNetCore.Mvc.Infrastructure.ControllerActionInvoker.InvokeInnerFilterAsync()
--- End of stack trace from previous location ---
   at Microsoft.AspNetCore.Mvc.Infrastructure.ResourceInvoker.<InvokeFilterPipelineAsync>g__Awaited|20_0(ResourceInvoker invoker, Task lastTask, State next, Scope scope, Object state, Boolean isCompleted)
   at Microsoft.AspNetCore.Mvc.Infrastructure.ResourceInvoker.<InvokeAsync>g__Logged|17_1(ResourceInvoker invoker)
   at Microsoft.AspNetCore.Mvc.Infrastructure.ResourceInvoker.<InvokeAsync>g__Logged|17_1(ResourceInvoker invoker)
   at Microsoft.AspNetCore.Routing.EndpointMiddleware.<Invoke>g__AwaitRequestTask|6_0(Endpoint endpoint, Task requestTask, ILogger logger)
   at Microsoft.AspNetCore.Authorization.AuthorizationMiddleware.Invoke(HttpContext context)
   at Microsoft.AspNetCore.Authentication.AuthenticationMiddleware.Invoke(HttpContext context)
   at Swashbuckle.AspNetCore.SwaggerUI.SwaggerUIMiddleware.Invoke(HttpContext httpContext)
   at Swashbuckle.AspNetCore.Swagger.SwaggerMiddleware.Invoke(HttpContext httpContext, ISwaggerProvider swaggerProvider)
   at Microsoft.AspNetCore.Diagnostics.DeveloperExceptionPageMiddleware.Invoke(HttpContext context)

2023-02-13 14:19:53.578 +01:00  INF  Request finished HTTP/2 POST https://localhost:7063/api/user/Authenticate application/json 45 - 500 - text/plain;+charset=utf-8 5005.1596ms
2023-02-13 14:24:16.805 +01:00  INF  Now listening on: https://localhost:7063
2023-02-13 14:24:16.831 +01:00  INF  Now listening on: http://localhost:5174
2023-02-13 14:24:16.835 +01:00  INF  Application started. Press Ctrl+C to shut down.
2023-02-13 14:24:16.835 +01:00  INF  Hosting environment: Development
2023-02-13 14:24:16.835 +01:00  INF  Content root path: C:\GA\C# OOP\AngularAuthApi\AngularAuthApi\AngularAuthApi\
2023-02-13 14:24:17.293 +01:00  INF  Request starting HTTP/2 GET https://localhost:7063/swagger/index.html - -
2023-02-13 14:24:17.667 +01:00  INF  Request finished HTTP/2 GET https://localhost:7063/swagger/index.html - - - 200 - text/html;charset=utf-8 378.7481ms
2023-02-13 14:24:17.757 +01:00  INF  Request starting HTTP/2 GET https://localhost:7063/_framework/aspnetcore-browser-refresh.js - -
2023-02-13 14:24:17.757 +01:00  INF  Request starting HTTP/2 GET https://localhost:7063/_vs/browserLink - -
2023-02-13 14:24:17.761 +01:00  INF  Request finished HTTP/2 GET https://localhost:7063/_framework/aspnetcore-browser-refresh.js - - - 200 11998 application/javascript;+charset=utf-8 4.0020ms
2023-02-13 14:24:17.789 +01:00  INF  Request finished HTTP/2 GET https://localhost:7063/_vs/browserLink - - - 200 - text/javascript;+charset=UTF-8 31.1624ms
2023-02-13 14:24:18.044 +01:00  INF  Request starting HTTP/2 GET https://localhost:7063/swagger/v1/swagger.json - -
2023-02-13 14:24:18.162 +01:00  INF  Request finished HTTP/2 GET https://localhost:7063/swagger/v1/swagger.json - - - 200 - application/json;charset=utf-8 118.2574ms
2023-02-13 14:24:34.349 +01:00  INF  Request starting HTTP/2 POST https://localhost:7063/api/user/Authenticate application/json 45
2023-02-13 14:24:34.361 +01:00  INF  CORS policy execution successful.
2023-02-13 14:24:34.372 +01:00  INF  Executing endpoint 'AngularAuthApi.Controllers.AuthController.Authenticate (AngularAuthApi)'
2023-02-13 14:24:34.459 +01:00  INF  Route matched with {action = "Authenticate", controller = "Auth"}. Executing controller action with signature System.Threading.Tasks.Task`1[Microsoft.AspNetCore.Mvc.IActionResult] Authenticate(AngularAuthApi.DTOS.LoginDto) on controller AngularAuthApi.Controllers.AuthController (AngularAuthApi).
2023-02-13 14:24:38.189 +01:00  INF  Executed DbCommand (19ms) [Parameters=[@__ToLower_0='?' (Size = 100)], CommandType='"Text"', CommandTimeout='30']
SELECT `u`.`Id`, `u`.`Email`, `u`.`Name`, `u`.`Password`, `u`.`Salt`, `u`.`Token`
FROM `Users` AS `u`
WHERE LOWER(`u`.`Email`) = @__ToLower_0
LIMIT 1
2023-02-13 14:24:39.416 +01:00  INF  Executing BadRequestObjectResult, writing value of type '<>f__AnonymousType0`1[[System.String, System.Private.CoreLib, Version=6.0.0.0, Culture=neutral, PublicKeyToken=7cec85d7bea7798e]]'.
2023-02-13 14:24:39.474 +01:00  INF  Executed action AngularAuthApi.Controllers.AuthController.Authenticate (AngularAuthApi) in 4997.7509ms
2023-02-13 14:24:39.474 +01:00  INF  Executed endpoint 'AngularAuthApi.Controllers.AuthController.Authenticate (AngularAuthApi)'
2023-02-13 14:24:39.490 +01:00  INF  Request finished HTTP/2 POST https://localhost:7063/api/user/Authenticate application/json 45 - 400 - application/json;+charset=utf-8 5140.4487ms
2023-02-13 14:25:12.023 +01:00  INF  Request starting HTTP/2 POST https://localhost:7063/api/user/Authenticate application/json 52
2023-02-13 14:25:12.025 +01:00  INF  CORS policy execution successful.
2023-02-13 14:25:12.025 +01:00  INF  Executing endpoint 'AngularAuthApi.Controllers.AuthController.Authenticate (AngularAuthApi)'
2023-02-13 14:25:12.025 +01:00  INF  Route matched with {action = "Authenticate", controller = "Auth"}. Executing controller action with signature System.Threading.Tasks.Task`1[Microsoft.AspNetCore.Mvc.IActionResult] Authenticate(AngularAuthApi.DTOS.LoginDto) on controller AngularAuthApi.Controllers.AuthController (AngularAuthApi).
2023-02-13 14:25:12.047 +01:00  INF  Executed DbCommand (2ms) [Parameters=[@__ToLower_0='?' (Size = 100)], CommandType='"Text"', CommandTimeout='30']
SELECT `u`.`Id`, `u`.`Email`, `u`.`Name`, `u`.`Password`, `u`.`Salt`, `u`.`Token`
FROM `Users` AS `u`
WHERE LOWER(`u`.`Email`) = @__ToLower_0
LIMIT 1
2023-02-13 14:25:13.018 +01:00  INF  Executing BadRequestObjectResult, writing value of type '<>f__AnonymousType0`1[[System.String, System.Private.CoreLib, Version=6.0.0.0, Culture=neutral, PublicKeyToken=7cec85d7bea7798e]]'.
2023-02-13 14:25:13.019 +01:00  INF  Executed action AngularAuthApi.Controllers.AuthController.Authenticate (AngularAuthApi) in 993.2604ms
2023-02-13 14:25:13.019 +01:00  INF  Executed endpoint 'AngularAuthApi.Controllers.AuthController.Authenticate (AngularAuthApi)'
2023-02-13 14:25:13.019 +01:00  INF  Request finished HTTP/2 POST https://localhost:7063/api/user/Authenticate application/json 52 - 400 - application/json;+charset=utf-8 996.5417ms
2023-02-13 14:26:23.815 +01:00  INF  Request starting HTTP/2 POST https://localhost:7063/api/user/Register application/json 128
2023-02-13 14:26:23.816 +01:00  INF  CORS policy execution successful.
2023-02-13 14:26:23.818 +01:00  INF  Executing endpoint 'AngularAuthApi.Controllers.AuthController.RegisterUser (AngularAuthApi)'
2023-02-13 14:26:23.826 +01:00  INF  Route matched with {action = "RegisterUser", controller = "Auth"}. Executing controller action with signature System.Threading.Tasks.Task`1[Microsoft.AspNetCore.Mvc.IActionResult] RegisterUser(AngularAuthApi.Entities.User) on controller AngularAuthApi.Controllers.AuthController (AngularAuthApi).
2023-02-13 14:26:24.046 +01:00  INF  Executed DbCommand (1ms) [Parameters=[@__userEmail_0='?' (Size = 100)], CommandType='"Text"', CommandTimeout='30']
SELECT EXISTS (
    SELECT 1
    FROM `Users` AS `u`
    WHERE `u`.`Email` = @__userEmail_0)
2023-02-13 14:26:25.371 +01:00  INF  Executed DbCommand (1ms) [Parameters=[@p0='?' (Size = 100), @p1='?' (Size = 50), @p2='?' (Size = 128), @p3='?' (Size = 128), @p4='?' (Size = 4000)], CommandType='"Text"', CommandTimeout='30']
INSERT INTO `Users` (`Email`, `Name`, `Password`, `Salt`, `Token`)
VALUES (@p0, @p1, @p2, @p3, @p4);
SELECT `Id`
FROM `Users`
WHERE ROW_COUNT() = 1 AND `Id` = LAST_INSERT_ID();
2023-02-13 14:26:25.449 +01:00  INF  Executing OkObjectResult, writing value of type 'AngularAuthApi.Entities.User'.
2023-02-13 14:26:25.452 +01:00  INF  Executed action AngularAuthApi.Controllers.AuthController.RegisterUser (AngularAuthApi) in 1624.9266ms
2023-02-13 14:26:25.452 +01:00  INF  Executed endpoint 'AngularAuthApi.Controllers.AuthController.RegisterUser (AngularAuthApi)'
2023-02-13 14:26:25.452 +01:00  INF  Request finished HTTP/2 POST https://localhost:7063/api/user/Register application/json 128 - 200 - application/json;+charset=utf-8 1636.9081ms
2023-02-13 14:26:48.955 +01:00  INF  Request starting HTTP/2 POST https://localhost:7063/api/user/Authenticate application/json 56
2023-02-13 14:26:48.955 +01:00  INF  CORS policy execution successful.
2023-02-13 14:26:48.956 +01:00  INF  Executing endpoint 'AngularAuthApi.Controllers.AuthController.Authenticate (AngularAuthApi)'
2023-02-13 14:26:48.956 +01:00  INF  Route matched with {action = "Authenticate", controller = "Auth"}. Executing controller action with signature System.Threading.Tasks.Task`1[Microsoft.AspNetCore.Mvc.IActionResult] Authenticate(AngularAuthApi.DTOS.LoginDto) on controller AngularAuthApi.Controllers.AuthController (AngularAuthApi).
2023-02-13 14:26:48.961 +01:00  INF  Executed DbCommand (1ms) [Parameters=[@__ToLower_0='?' (Size = 100)], CommandType='"Text"', CommandTimeout='30']
SELECT `u`.`Id`, `u`.`Email`, `u`.`Name`, `u`.`Password`, `u`.`Salt`, `u`.`Token`
FROM `Users` AS `u`
WHERE LOWER(`u`.`Email`) = @__ToLower_0
LIMIT 1
2023-02-13 14:26:49.854 +01:00  INF  Executing BadRequestObjectResult, writing value of type '<>f__AnonymousType0`1[[System.String, System.Private.CoreLib, Version=6.0.0.0, Culture=neutral, PublicKeyToken=7cec85d7bea7798e]]'.
2023-02-13 14:26:49.854 +01:00  INF  Executed action AngularAuthApi.Controllers.AuthController.Authenticate (AngularAuthApi) in 898.6328ms
2023-02-13 14:26:49.855 +01:00  INF  Executed endpoint 'AngularAuthApi.Controllers.AuthController.Authenticate (AngularAuthApi)'
2023-02-13 14:26:49.855 +01:00  INF  Request finished HTTP/2 POST https://localhost:7063/api/user/Authenticate application/json 56 - 400 - application/json;+charset=utf-8 899.8211ms
2023-02-13 14:30:10.980 +01:00  INF  Request starting HTTP/2 POST https://localhost:7063/api/user/Authenticate application/json 56
2023-02-13 14:30:10.981 +01:00  INF  CORS policy execution successful.
2023-02-13 14:30:10.981 +01:00  INF  Executing endpoint 'AngularAuthApi.Controllers.AuthController.Authenticate (AngularAuthApi)'
2023-02-13 14:30:10.981 +01:00  INF  Route matched with {action = "Authenticate", controller = "Auth"}. Executing controller action with signature System.Threading.Tasks.Task`1[Microsoft.AspNetCore.Mvc.IActionResult] Authenticate(AngularAuthApi.DTOS.LoginDto) on controller AngularAuthApi.Controllers.AuthController (AngularAuthApi).
2023-02-13 14:30:10.988 +01:00  INF  Executed DbCommand (1ms) [Parameters=[@__ToLower_0='?' (Size = 100)], CommandType='"Text"', CommandTimeout='30']
SELECT `u`.`Id`, `u`.`Email`, `u`.`Name`, `u`.`Password`, `u`.`Salt`, `u`.`Token`
FROM `Users` AS `u`
WHERE LOWER(`u`.`Email`) = @__ToLower_0
LIMIT 1
2023-02-13 14:30:11.960 +01:00  INF  Executing BadRequestObjectResult, writing value of type '<>f__AnonymousType0`1[[System.String, System.Private.CoreLib, Version=6.0.0.0, Culture=neutral, PublicKeyToken=7cec85d7bea7798e]]'.
2023-02-13 14:30:11.960 +01:00  INF  Executed action AngularAuthApi.Controllers.AuthController.Authenticate (AngularAuthApi) in 979.1238ms
2023-02-13 14:30:11.960 +01:00  INF  Executed endpoint 'AngularAuthApi.Controllers.AuthController.Authenticate (AngularAuthApi)'
2023-02-13 14:30:11.961 +01:00  INF  Request finished HTTP/2 POST https://localhost:7063/api/user/Authenticate application/json 56 - 400 - application/json;+charset=utf-8 980.2480ms
2023-02-13 14:33:12.704 +01:00  INF  Request starting HTTP/2 GET https://localhost:7063/swagger/index.html - -
2023-02-13 14:33:12.711 +01:00  INF  Request finished HTTP/2 GET https://localhost:7063/swagger/index.html - - - 200 - text/html;charset=utf-8 6.7866ms
2023-02-13 14:33:12.792 +01:00  INF  Request starting HTTP/2 GET https://localhost:7063/_framework/aspnetcore-browser-refresh.js - -
2023-02-13 14:33:12.792 +01:00  INF  Request starting HTTP/2 GET https://localhost:7063/_vs/browserLink - -
2023-02-13 14:33:12.792 +01:00  INF  Request finished HTTP/2 GET https://localhost:7063/_framework/aspnetcore-browser-refresh.js - - - 200 11998 application/javascript;+charset=utf-8 0.7106ms
2023-02-13 14:33:12.813 +01:00  INF  Request finished HTTP/2 GET https://localhost:7063/_vs/browserLink - - - 200 - text/javascript;+charset=UTF-8 20.9739ms
2023-02-13 14:33:13.172 +01:00  INF  Request starting HTTP/2 GET https://localhost:7063/swagger/v1/swagger.json - -
2023-02-13 14:33:13.176 +01:00  INF  Request finished HTTP/2 GET https://localhost:7063/swagger/v1/swagger.json - - - 200 - application/json;charset=utf-8 3.6820ms
2023-02-13 14:40:58.874 +01:00  INF  Now listening on: https://localhost:7063
2023-02-13 14:40:58.909 +01:00  INF  Now listening on: http://localhost:5174
2023-02-13 14:40:58.914 +01:00  INF  Application started. Press Ctrl+C to shut down.
2023-02-13 14:40:58.915 +01:00  INF  Hosting environment: Development
2023-02-13 14:40:58.915 +01:00  INF  Content root path: C:\GA\C# OOP\AngularAuthApi\AngularAuthApi\AngularAuthApi\
2023-02-13 14:40:59.337 +01:00  INF  Request starting HTTP/2 GET https://localhost:7063/swagger/index.html - -
2023-02-13 14:40:59.733 +01:00  INF  Request finished HTTP/2 GET https://localhost:7063/swagger/index.html - - - 200 - text/html;charset=utf-8 401.0844ms
2023-02-13 14:40:59.835 +01:00  INF  Request starting HTTP/2 GET https://localhost:7063/_vs/browserLink - -
2023-02-13 14:40:59.835 +01:00  INF  Request starting HTTP/2 GET https://localhost:7063/_framework/aspnetcore-browser-refresh.js - -
2023-02-13 14:40:59.839 +01:00  INF  Request finished HTTP/2 GET https://localhost:7063/_framework/aspnetcore-browser-refresh.js - - - 200 11998 application/javascript;+charset=utf-8 3.5481ms
2023-02-13 14:40:59.855 +01:00  INF  Request finished HTTP/2 GET https://localhost:7063/_vs/browserLink - - - 200 - text/javascript;+charset=UTF-8 19.4938ms
2023-02-13 14:41:00.097 +01:00  INF  Request starting HTTP/2 GET https://localhost:7063/swagger/v1/swagger.json - -
2023-02-13 14:41:00.264 +01:00  INF  Request finished HTTP/2 GET https://localhost:7063/swagger/v1/swagger.json - - - 200 - application/json;charset=utf-8 167.2629ms
2023-02-13 14:47:33.297 +01:00  INF  Now listening on: https://localhost:7063
2023-02-13 14:47:33.329 +01:00  INF  Now listening on: http://localhost:5174
2023-02-13 14:47:33.334 +01:00  INF  Application started. Press Ctrl+C to shut down.
2023-02-13 14:47:33.334 +01:00  INF  Hosting environment: Development
2023-02-13 14:47:33.334 +01:00  INF  Content root path: C:\GA\C# OOP\AngularAuthApi\AngularAuthApi\AngularAuthApi\
2023-02-13 14:47:33.638 +01:00  INF  Request starting HTTP/2 GET https://localhost:7063/swagger/index.html - -
2023-02-13 14:47:33.995 +01:00  INF  Request finished HTTP/2 GET https://localhost:7063/swagger/index.html - - - 200 - text/html;charset=utf-8 361.8481ms
2023-02-13 14:47:34.090 +01:00  INF  Request starting HTTP/2 GET https://localhost:7063/_vs/browserLink - -
2023-02-13 14:47:34.090 +01:00  INF  Request starting HTTP/2 GET https://localhost:7063/_framework/aspnetcore-browser-refresh.js - -
2023-02-13 14:47:34.094 +01:00  INF  Request finished HTTP/2 GET https://localhost:7063/_framework/aspnetcore-browser-refresh.js - - - 200 11998 application/javascript;+charset=utf-8 3.2507ms
2023-02-13 14:47:34.113 +01:00  INF  Request finished HTTP/2 GET https://localhost:7063/_vs/browserLink - - - 200 - text/javascript;+charset=UTF-8 22.9124ms
2023-02-13 14:47:34.315 +01:00  INF  Request starting HTTP/2 GET https://localhost:7063/swagger/v1/swagger.json - -
2023-02-13 14:47:34.460 +01:00  INF  Request finished HTTP/2 GET https://localhost:7063/swagger/v1/swagger.json - - - 200 - application/json;charset=utf-8 144.4577ms
2023-02-13 14:48:49.498 +01:00  INF  Request starting HTTP/2 POST https://localhost:7063/api/user/Register application/json 127
2023-02-13 14:48:49.512 +01:00  INF  CORS policy execution successful.
2023-02-13 14:48:49.527 +01:00  INF  Executing endpoint 'AngularAuthApi.Controllers.AuthController.RegisterUser (AngularAuthApi)'
2023-02-13 14:48:49.633 +01:00  INF  Route matched with {action = "RegisterUser", controller = "Auth"}. Executing controller action with signature System.Threading.Tasks.Task`1[Microsoft.AspNetCore.Mvc.IActionResult] RegisterUser(AngularAuthApi.Entities.User) on controller AngularAuthApi.Controllers.AuthController (AngularAuthApi).
2023-02-13 14:48:53.122 +01:00  INF  Executed DbCommand (16ms) [Parameters=[@__userEmail_0='?' (Size = 100)], CommandType='"Text"', CommandTimeout='30']
SELECT EXISTS (
    SELECT 1
    FROM `Users` AS `u`
    WHERE `u`.`Email` = @__userEmail_0)
2023-02-13 14:48:54.713 +01:00  INF  Executed DbCommand (2ms) [Parameters=[@p0='?' (Size = 100), @p1='?' (Size = 50), @p2='?' (Size = 128), @p3='?' (Size = 128), @p4='?' (Size = 4000)], CommandType='"Text"', CommandTimeout='30']
INSERT INTO `Users` (`Email`, `Name`, `Password`, `Salt`, `Token`)
VALUES (@p0, @p1, @p2, @p3, @p4);
SELECT `Id`
FROM `Users`
WHERE ROW_COUNT() = 1 AND `Id` = LAST_INSERT_ID();
2023-02-13 14:48:54.834 +01:00  INF  Executing OkObjectResult, writing value of type 'AngularAuthApi.Entities.User'.
2023-02-13 14:48:54.878 +01:00  INF  Executed action AngularAuthApi.Controllers.AuthController.RegisterUser (AngularAuthApi) in 5230.0986ms
2023-02-13 14:48:54.878 +01:00  INF  Executed endpoint 'AngularAuthApi.Controllers.AuthController.RegisterUser (AngularAuthApi)'
2023-02-13 14:48:54.890 +01:00  INF  Request finished HTTP/2 POST https://localhost:7063/api/user/Register application/json 127 - 200 - application/json;+charset=utf-8 5392.2872ms
2023-02-13 14:50:14.439 +01:00  INF  Request starting HTTP/2 POST https://localhost:7063/api/user/Authenticate application/json 55
2023-02-13 14:50:14.443 +01:00  INF  CORS policy execution successful.
2023-02-13 14:50:14.443 +01:00  INF  Executing endpoint 'AngularAuthApi.Controllers.AuthController.Authenticate (AngularAuthApi)'
2023-02-13 14:50:14.452 +01:00  INF  Route matched with {action = "Authenticate", controller = "Auth"}. Executing controller action with signature System.Threading.Tasks.Task`1[Microsoft.AspNetCore.Mvc.IActionResult] Authenticate(AngularAuthApi.DTOS.LoginDto) on controller AngularAuthApi.Controllers.AuthController (AngularAuthApi).
2023-02-13 14:50:14.659 +01:00  INF  Executed DbCommand (1ms) [Parameters=[@__ToLower_0='?' (Size = 100)], CommandType='"Text"', CommandTimeout='30']
SELECT `u`.`Id`, `u`.`Email`, `u`.`Name`, `u`.`Password`, `u`.`Salt`, `u`.`Token`
FROM `Users` AS `u`
WHERE LOWER(`u`.`Email`) = @__ToLower_0
LIMIT 1
2023-02-13 14:50:15.665 +01:00  INF  Executing BadRequestObjectResult, writing value of type '<>f__AnonymousType0`1[[System.String, System.Private.CoreLib, Version=6.0.0.0, Culture=neutral, PublicKeyToken=7cec85d7bea7798e]]'.
2023-02-13 14:50:15.681 +01:00  INF  Executed action AngularAuthApi.Controllers.AuthController.Authenticate (AngularAuthApi) in 1228.0025ms
2023-02-13 14:50:15.681 +01:00  INF  Executed endpoint 'AngularAuthApi.Controllers.AuthController.Authenticate (AngularAuthApi)'
2023-02-13 14:50:15.682 +01:00  INF  Request finished HTTP/2 POST https://localhost:7063/api/user/Authenticate application/json 55 - 400 - application/json;+charset=utf-8 1242.5328ms
2023-02-13 14:51:22.220 +01:00  INF  Request starting HTTP/2 POST https://localhost:7063/api/user/Authenticate application/json 55
2023-02-13 14:51:22.220 +01:00  INF  CORS policy execution successful.
2023-02-13 14:51:22.221 +01:00  INF  Executing endpoint 'AngularAuthApi.Controllers.AuthController.Authenticate (AngularAuthApi)'
2023-02-13 14:51:22.221 +01:00  INF  Route matched with {action = "Authenticate", controller = "Auth"}. Executing controller action with signature System.Threading.Tasks.Task`1[Microsoft.AspNetCore.Mvc.IActionResult] Authenticate(AngularAuthApi.DTOS.LoginDto) on controller AngularAuthApi.Controllers.AuthController (AngularAuthApi).
2023-02-13 14:51:22.370 +01:00  INF  Executed DbCommand (1ms) [Parameters=[@__ToLower_0='?' (Size = 100)], CommandType='"Text"', CommandTimeout='30']
SELECT `u`.`Id`, `u`.`Email`, `u`.`Name`, `u`.`Password`, `u`.`Salt`, `u`.`Token`
FROM `Users` AS `u`
WHERE LOWER(`u`.`Email`) = @__ToLower_0
LIMIT 1
2023-02-13 14:51:23.387 +01:00  INF  Executing BadRequestObjectResult, writing value of type '<>f__AnonymousType0`1[[System.String, System.Private.CoreLib, Version=6.0.0.0, Culture=neutral, PublicKeyToken=7cec85d7bea7798e]]'.
2023-02-13 14:51:23.387 +01:00  INF  Executed action AngularAuthApi.Controllers.AuthController.Authenticate (AngularAuthApi) in 1165.8277ms
2023-02-13 14:51:23.388 +01:00  INF  Executed endpoint 'AngularAuthApi.Controllers.AuthController.Authenticate (AngularAuthApi)'
2023-02-13 14:51:23.388 +01:00  INF  Request finished HTTP/2 POST https://localhost:7063/api/user/Authenticate application/json 55 - 400 - application/json;+charset=utf-8 1168.1840ms
2023-02-13 14:51:50.304 +01:00  INF  Request starting HTTP/2 POST https://localhost:7063/api/user/Authenticate application/json 55
2023-02-13 14:51:50.304 +01:00  INF  CORS policy execution successful.
2023-02-13 14:51:50.305 +01:00  INF  Executing endpoint 'AngularAuthApi.Controllers.AuthController.Authenticate (AngularAuthApi)'
2023-02-13 14:51:50.305 +01:00  INF  Route matched with {action = "Authenticate", controller = "Auth"}. Executing controller action with signature System.Threading.Tasks.Task`1[Microsoft.AspNetCore.Mvc.IActionResult] Authenticate(AngularAuthApi.DTOS.LoginDto) on controller AngularAuthApi.Controllers.AuthController (AngularAuthApi).
2023-02-13 14:51:50.312 +01:00  INF  Executed DbCommand (1ms) [Parameters=[@__ToLower_0='?' (Size = 100)], CommandType='"Text"', CommandTimeout='30']
SELECT `u`.`Id`, `u`.`Email`, `u`.`Name`, `u`.`Password`, `u`.`Salt`, `u`.`Token`
FROM `Users` AS `u`
WHERE LOWER(`u`.`Email`) = @__ToLower_0
LIMIT 1
2023-02-13 14:51:51.295 +01:00  INF  Executing BadRequestObjectResult, writing value of type '<>f__AnonymousType0`1[[System.String, System.Private.CoreLib, Version=6.0.0.0, Culture=neutral, PublicKeyToken=7cec85d7bea7798e]]'.
2023-02-13 14:51:51.296 +01:00  INF  Executed action AngularAuthApi.Controllers.AuthController.Authenticate (AngularAuthApi) in 990.7717ms
2023-02-13 14:51:51.296 +01:00  INF  Executed endpoint 'AngularAuthApi.Controllers.AuthController.Authenticate (AngularAuthApi)'
2023-02-13 14:51:51.296 +01:00  INF  Request finished HTTP/2 POST https://localhost:7063/api/user/Authenticate application/json 55 - 400 - application/json;+charset=utf-8 992.2499ms
2023-02-13 15:45:54.106 +01:00  INF  Now listening on: https://localhost:7063
2023-02-13 15:45:54.148 +01:00  INF  Now listening on: http://localhost:5174
2023-02-13 15:45:54.155 +01:00  INF  Application started. Press Ctrl+C to shut down.
2023-02-13 15:45:54.156 +01:00  INF  Hosting environment: Development
2023-02-13 15:45:54.156 +01:00  INF  Content root path: C:\GA\C# OOP\AngularAuthApi\AngularAuthApi\AngularAuthApi\
2023-02-13 15:45:54.699 +01:00  INF  Request starting HTTP/2 GET https://localhost:7063/swagger/index.html - -
2023-02-13 15:45:55.167 +01:00  INF  Request finished HTTP/2 GET https://localhost:7063/swagger/index.html - - - 200 - text/html;charset=utf-8 474.9613ms
2023-02-13 15:45:55.259 +01:00  INF  Request starting HTTP/2 GET https://localhost:7063/_vs/browserLink - -
2023-02-13 15:45:55.259 +01:00  INF  Request starting HTTP/2 GET https://localhost:7063/_framework/aspnetcore-browser-refresh.js - -
2023-02-13 15:45:55.265 +01:00  INF  Request finished HTTP/2 GET https://localhost:7063/_framework/aspnetcore-browser-refresh.js - - - 200 11998 application/javascript;+charset=utf-8 5.4503ms
2023-02-13 15:45:55.289 +01:00  INF  Request finished HTTP/2 GET https://localhost:7063/_vs/browserLink - - - 200 - text/javascript;+charset=UTF-8 29.4105ms
2023-02-13 15:45:55.692 +01:00  INF  Request starting HTTP/2 GET https://localhost:7063/swagger/v1/swagger.json - -
2023-02-13 15:45:55.808 +01:00  INF  Request finished HTTP/2 GET https://localhost:7063/swagger/v1/swagger.json - - - 200 - application/json;charset=utf-8 115.8314ms
2023-02-13 15:46:29.884 +01:00  INF  Request starting HTTP/2 POST https://localhost:7063/api/user/Authenticate application/json 55
2023-02-13 15:46:29.895 +01:00  INF  CORS policy execution successful.
2023-02-13 15:46:29.902 +01:00  INF  Executing endpoint 'AngularAuthApi.Controllers.AuthController.Authenticate (AngularAuthApi)'
2023-02-13 15:46:29.941 +01:00  INF  Route matched with {action = "Authenticate", controller = "Auth"}. Executing controller action with signature System.Threading.Tasks.Task`1[Microsoft.AspNetCore.Mvc.IActionResult] Authenticate(AngularAuthApi.DTOS.LoginDto) on controller AngularAuthApi.Controllers.AuthController (AngularAuthApi).
2023-02-13 15:46:31.673 +01:00  INF  Executed DbCommand (12ms) [Parameters=[@__user_Email_0='?' (Size = 100)], CommandType='"Text"', CommandTimeout='30']
SELECT `u`.`Id`, `u`.`Email`, `u`.`Name`, `u`.`Password`, `u`.`Salt`, `u`.`Token`
FROM `Users` AS `u`
WHERE `u`.`Email` = @__user_Email_0
LIMIT 1
2023-02-13 15:46:32.137 +01:00  INF  Executing BadRequestObjectResult, writing value of type '<>f__AnonymousType0`1[[System.String, System.Private.CoreLib, Version=6.0.0.0, Culture=neutral, PublicKeyToken=7cec85d7bea7798e]]'.
2023-02-13 15:46:32.166 +01:00  INF  Executed action AngularAuthApi.Controllers.AuthController.Authenticate (AngularAuthApi) in 2215.1639ms
2023-02-13 15:46:32.167 +01:00  INF  Executed endpoint 'AngularAuthApi.Controllers.AuthController.Authenticate (AngularAuthApi)'
2023-02-13 15:46:32.177 +01:00  INF  Request finished HTTP/2 POST https://localhost:7063/api/user/Authenticate application/json 55 - 400 - application/json;+charset=utf-8 2292.7873ms
2023-02-13 15:54:54.225 +01:00  INF  Request starting HTTP/2 POST https://localhost:7063/api/user/Authenticate application/json 62
2023-02-13 15:54:54.227 +01:00  INF  CORS policy execution successful.
2023-02-13 15:54:54.227 +01:00  INF  Executing endpoint 'AngularAuthApi.Controllers.AuthController.Authenticate (AngularAuthApi)'
2023-02-13 15:54:54.234 +01:00  INF  Route matched with {action = "Authenticate", controller = "Auth"}. Executing controller action with signature System.Threading.Tasks.Task`1[Microsoft.AspNetCore.Mvc.IActionResult] Authenticate(AngularAuthApi.DTOS.LoginDto) on controller AngularAuthApi.Controllers.AuthController (AngularAuthApi).
2023-02-13 15:54:54.285 +01:00  INF  Executed DbCommand (1ms) [Parameters=[@__user_Email_0='?' (Size = 100)], CommandType='"Text"', CommandTimeout='30']
SELECT `u`.`Id`, `u`.`Email`, `u`.`Name`, `u`.`Password`, `u`.`Salt`, `u`.`Token`
FROM `Users` AS `u`
WHERE `u`.`Email` = @__user_Email_0
LIMIT 1
2023-02-13 15:54:55.235 +01:00  INF  Executing BadRequestObjectResult, writing value of type '<>f__AnonymousType0`1[[System.String, System.Private.CoreLib, Version=6.0.0.0, Culture=neutral, PublicKeyToken=7cec85d7bea7798e]]'.
2023-02-13 15:54:55.235 +01:00  INF  Executed action AngularAuthApi.Controllers.AuthController.Authenticate (AngularAuthApi) in 1000.7749ms
2023-02-13 15:54:55.236 +01:00  INF  Executed endpoint 'AngularAuthApi.Controllers.AuthController.Authenticate (AngularAuthApi)'
2023-02-13 15:54:55.236 +01:00  INF  Request finished HTTP/2 POST https://localhost:7063/api/user/Authenticate application/json 62 - 400 - application/json;+charset=utf-8 1011.5251ms
2023-02-13 16:00:16.968 +01:00  INF  Now listening on: https://localhost:7063
2023-02-13 16:00:17.004 +01:00  INF  Now listening on: http://localhost:5174
2023-02-13 16:00:17.009 +01:00  INF  Application started. Press Ctrl+C to shut down.
2023-02-13 16:00:17.010 +01:00  INF  Hosting environment: Development
2023-02-13 16:00:17.010 +01:00  INF  Content root path: C:\GA\C# OOP\AngularAuthApi\AngularAuthApi\AngularAuthApi\
2023-02-13 16:00:17.316 +01:00  INF  Request starting HTTP/2 GET https://localhost:7063/swagger/index.html - -
2023-02-13 16:00:17.688 +01:00  INF  Request finished HTTP/2 GET https://localhost:7063/swagger/index.html - - - 200 - text/html;charset=utf-8 376.9243ms
2023-02-13 16:00:17.789 +01:00  INF  Request starting HTTP/2 GET https://localhost:7063/_framework/aspnetcore-browser-refresh.js - -
2023-02-13 16:00:17.789 +01:00  INF  Request starting HTTP/2 GET https://localhost:7063/_vs/browserLink - -
2023-02-13 16:00:17.792 +01:00  INF  Request finished HTTP/2 GET https://localhost:7063/_framework/aspnetcore-browser-refresh.js - - - 200 11998 application/javascript;+charset=utf-8 2.5810ms
2023-02-13 16:00:17.815 +01:00  INF  Request finished HTTP/2 GET https://localhost:7063/_vs/browserLink - - - 200 - text/javascript;+charset=UTF-8 25.6816ms
2023-02-13 16:00:18.115 +01:00  INF  Request starting HTTP/2 GET https://localhost:7063/swagger/v1/swagger.json - -
2023-02-13 16:00:18.214 +01:00  INF  Request finished HTTP/2 GET https://localhost:7063/swagger/v1/swagger.json - - - 200 - application/json;charset=utf-8 99.1460ms
2023-02-13 16:00:43.794 +01:00  INF  Request starting HTTP/2 POST https://localhost:7063/api/user/Register application/json 129
2023-02-13 16:00:43.811 +01:00  INF  CORS policy execution successful.
2023-02-13 16:00:43.828 +01:00  INF  Executing endpoint 'AngularAuthApi.Controllers.AuthController.RegisterUser (AngularAuthApi)'
2023-02-13 16:00:43.904 +01:00  INF  Route matched with {action = "RegisterUser", controller = "Auth"}. Executing controller action with signature System.Threading.Tasks.Task`1[Microsoft.AspNetCore.Mvc.IActionResult] RegisterUser(AngularAuthApi.Entities.User) on controller AngularAuthApi.Controllers.AuthController (AngularAuthApi).
2023-02-13 16:00:44.417 +01:00  INF  Executing BadRequestObjectResult, writing value of type 'Microsoft.AspNetCore.Mvc.ValidationProblemDetails'.
2023-02-13 16:00:44.455 +01:00  INF  Executed action AngularAuthApi.Controllers.AuthController.RegisterUser (AngularAuthApi) in 538.5349ms
2023-02-13 16:00:44.457 +01:00  INF  Executed endpoint 'AngularAuthApi.Controllers.AuthController.RegisterUser (AngularAuthApi)'
2023-02-13 16:00:44.460 +01:00  INF  Request finished HTTP/2 POST https://localhost:7063/api/user/Register application/json 129 - 400 - application/problem+json;+charset=utf-8 665.9729ms
2023-02-13 16:12:48.511 +01:00  INF  Now listening on: https://localhost:7063
2023-02-13 16:12:48.549 +01:00  INF  Now listening on: http://localhost:5174
2023-02-13 16:12:48.555 +01:00  INF  Application started. Press Ctrl+C to shut down.
2023-02-13 16:12:48.556 +01:00  INF  Hosting environment: Development
2023-02-13 16:12:48.556 +01:00  INF  Content root path: C:\GA\C# OOP\AngularAuthApi\AngularAuthApi\AngularAuthApi\
2023-02-13 16:12:49.039 +01:00  INF  Request starting HTTP/2 GET https://localhost:7063/swagger/index.html - -
2023-02-13 16:12:49.431 +01:00  INF  Request finished HTTP/2 GET https://localhost:7063/swagger/index.html - - - 200 - text/html;charset=utf-8 398.8167ms
2023-02-13 16:12:49.523 +01:00  INF  Request starting HTTP/2 GET https://localhost:7063/_vs/browserLink - -
2023-02-13 16:12:49.523 +01:00  INF  Request starting HTTP/2 GET https://localhost:7063/_framework/aspnetcore-browser-refresh.js - -
2023-02-13 16:12:49.527 +01:00  INF  Request finished HTTP/2 GET https://localhost:7063/_framework/aspnetcore-browser-refresh.js - - - 200 11998 application/javascript;+charset=utf-8 4.2346ms
2023-02-13 16:12:49.546 +01:00  INF  Request finished HTTP/2 GET https://localhost:7063/_vs/browserLink - - - 200 - text/javascript;+charset=UTF-8 22.9737ms
2023-02-13 16:12:49.977 +01:00  INF  Request starting HTTP/2 GET https://localhost:7063/swagger/v1/swagger.json - -
2023-02-13 16:12:50.172 +01:00  INF  Request finished HTTP/2 GET https://localhost:7063/swagger/v1/swagger.json - - - 200 - application/json;charset=utf-8 195.4039ms
2023-02-13 16:13:22.789 +01:00  INF  Now listening on: https://localhost:7063
2023-02-13 16:13:22.820 +01:00  INF  Now listening on: http://localhost:5174
2023-02-13 16:13:22.825 +01:00  INF  Application started. Press Ctrl+C to shut down.
2023-02-13 16:13:22.826 +01:00  INF  Hosting environment: Development
2023-02-13 16:13:22.826 +01:00  INF  Content root path: C:\GA\C# OOP\AngularAuthApi\AngularAuthApi\AngularAuthApi\
2023-02-13 16:13:23.274 +01:00  INF  Request starting HTTP/2 GET https://localhost:7063/swagger/index.html - -
2023-02-13 16:13:23.679 +01:00  INF  Request finished HTTP/2 GET https://localhost:7063/swagger/index.html - - - 200 - text/html;charset=utf-8 408.5764ms
2023-02-13 16:13:23.771 +01:00  INF  Request starting HTTP/2 GET https://localhost:7063/_framework/aspnetcore-browser-refresh.js - -
2023-02-13 16:13:23.771 +01:00  INF  Request starting HTTP/2 GET https://localhost:7063/_vs/browserLink - -
2023-02-13 16:13:23.773 +01:00  INF  Request finished HTTP/2 GET https://localhost:7063/_framework/aspnetcore-browser-refresh.js - - - 200 11998 application/javascript;+charset=utf-8 2.5052ms
2023-02-13 16:13:23.797 +01:00  INF  Request finished HTTP/2 GET https://localhost:7063/_vs/browserLink - - - 200 - text/javascript;+charset=UTF-8 25.8780ms
2023-02-13 16:13:23.997 +01:00  INF  Request starting HTTP/2 GET https://localhost:7063/swagger/v1/swagger.json - -
2023-02-13 16:13:24.186 +01:00  INF  Request finished HTTP/2 GET https://localhost:7063/swagger/v1/swagger.json - - - 200 - application/json;charset=utf-8 188.8748ms
