2023-02-28 13:00:05.419 +01:00  INF  Executed DbCommand (8ms) [Parameters=[], CommandType='"Text"', CommandTimeout='30']
CREATE DATABASE `zerosigmaauthdb`
2023-02-28 13:00:05.648 +01:00  INF  Executed DbCommand (31ms) [Parameters=[], CommandType='"Text"', CommandTimeout='30']
CREATE TABLE `__EFMigrationsHistory` (
    `MigrationId` varchar(150) NOT NULL,
    `ProductVersion` varchar(32) NOT NULL,
    PRIMARY KEY (`MigrationId`)
);
2023-02-28 13:00:05.657 +01:00  INF  Executed DbCommand (2ms) [Parameters=[], CommandType='"Text"', CommandTimeout='30']
SELECT 1 FROM INFORMATION_SCHEMA.TABLES WHERE TABLE_SCHEMA='zerosigmaauthdb' AND TABLE_NAME='__EFMigrationsHistory';
2023-02-28 13:00:05.662 +01:00  INF  Executed DbCommand (2ms) [Parameters=[], CommandType='"Text"', CommandTimeout='30']
SELECT `MigrationId`, `ProductVersion`
FROM `__EFMigrationsHistory`
ORDER BY `MigrationId`;
2023-02-28 13:00:05.692 +01:00  INF  Applying migration '20230228113108_initial'.
2023-02-28 13:00:05.778 +01:00  INF  Executed DbCommand (15ms) [Parameters=[], CommandType='"Text"', CommandTimeout='30']
CREATE TABLE `Users` (
    `Id` int NOT NULL AUTO_INCREMENT,
    `Name` varchar(50) NOT NULL,
    `Email` varchar(100) NOT NULL,
    `Password` varchar(128) NOT NULL,
    `Token` varchar(500) NULL,
    `Salt` varbinary(128) NULL,
    PRIMARY KEY (`Id`)
);
2023-02-28 13:00:05.798 +01:00  INF  Executed DbCommand (20ms) [Parameters=[], CommandType='"Text"', CommandTimeout='30']
CREATE TABLE `Auth` (
    `Id` int NOT NULL,
    `RefreshToken` varchar(500) NULL,
    `ExpiredDate` datetime(6) NULL,
    `IssuedDate` datetime(6) NULL,
    `IsExpired` tinyint(10) NOT NULL,
    `IsActive` tinyint(10) NOT NULL,
    PRIMARY KEY (`Id`),
    CONSTRAINT `FK_Auth_Users_Id` FOREIGN KEY (`Id`) REFERENCES `Users` (`Id`) ON DELETE CASCADE
);
2023-02-28 13:00:05.815 +01:00  INF  Executed DbCommand (17ms) [Parameters=[], CommandType='"Text"', CommandTimeout='30']
CREATE TABLE `UserInfo` (
    `Id` int NOT NULL,
    `Name` varchar(50) NULL,
    `Email` varchar(100) NULL,
    `Linkedin` varchar(100) NULL,
    `Facebook` varchar(100) NULL,
    `YouTube` varchar(100) NULL,
    `Website` varchar(50) NULL,
    `AboutMe` varchar(200) NULL,
    PRIMARY KEY (`Id`),
    CONSTRAINT `FK_UserInfo_Users_Id` FOREIGN KEY (`Id`) REFERENCES `Users` (`Id`) ON DELETE CASCADE
);
2023-02-28 13:00:05.817 +01:00  INF  Executed DbCommand (2ms) [Parameters=[], CommandType='"Text"', CommandTimeout='30']
INSERT INTO `__EFMigrationsHistory` (`MigrationId`, `ProductVersion`)
VALUES ('20230228113108_initial', '7.0.3');
2023-02-28 13:13:16.939 +01:00  INF  User profile is available. Using 'C:\Users\yahia alioua\AppData\Local\ASP.NET\DataProtection-Keys' as key repository and Windows DPAPI to encrypt keys at rest.
2023-02-28 13:13:17.187 +01:00  INF  Now listening on: https://localhost:7063
2023-02-28 13:13:17.188 +01:00  INF  Now listening on: http://localhost:5174
2023-02-28 13:13:17.195 +01:00  INF  Application started. Press Ctrl+C to shut down.
2023-02-28 13:13:17.195 +01:00  INF  Hosting environment: Development
2023-02-28 13:13:17.195 +01:00  INF  Content root path: C:\GA\C# OOP\ZeroSigmaAuth\AngularAuthApi\
2023-02-28 13:13:17.748 +01:00  INF  Request starting HTTP/2 GET https://localhost:7063/swagger/index.html - -
2023-02-28 13:13:18.271 +01:00  INF  Request finished HTTP/2 GET https://localhost:7063/swagger/index.html - - - 200 - text/html;charset=utf-8 528.9864ms
2023-02-28 13:13:18.359 +01:00  INF  Request starting HTTP/2 GET https://localhost:7063/_vs/browserLink - -
2023-02-28 13:13:18.359 +01:00  INF  Request starting HTTP/2 GET https://localhost:7063/_framework/aspnetcore-browser-refresh.js - -
2023-02-28 13:13:18.364 +01:00  INF  Request finished HTTP/2 GET https://localhost:7063/_framework/aspnetcore-browser-refresh.js - - - 200 11998 application/javascript;+charset=utf-8 5.0849ms
2023-02-28 13:13:18.385 +01:00  INF  Request finished HTTP/2 GET https://localhost:7063/_vs/browserLink - - - 200 - text/javascript;+charset=UTF-8 25.4923ms
2023-02-28 13:13:18.742 +01:00  INF  Request starting HTTP/2 GET https://localhost:7063/swagger/v1/swagger.json - -
2023-02-28 13:13:18.906 +01:00  INF  Request finished HTTP/2 GET https://localhost:7063/swagger/v1/swagger.json - - - 200 - application/json;charset=utf-8 163.3632ms
2023-02-28 13:14:03.809 +01:00  INF  Request starting HTTP/2 POST https://localhost:7063/api/user/Register application/json 82
2023-02-28 13:14:03.823 +01:00  INF  CORS policy execution successful.
2023-02-28 13:14:03.883 +01:00  INF  Executing endpoint 'AngularAuthApi.Authentication.Controllers.AuthController.RegisterUser (AngularAuthApi)'
2023-02-28 13:14:03.948 +01:00  INF  Route matched with {action = "RegisterUser", controller = "Auth"}. Executing controller action with signature System.Threading.Tasks.Task`1[Microsoft.AspNetCore.Mvc.IActionResult] RegisterUser(AngularAuthApi.Entities.Requests.SignUpRequest) on controller AngularAuthApi.Authentication.Controllers.AuthController (AngularAuthApi).
2023-02-28 13:14:07.791 +01:00  INF  Executed DbCommand (48ms) [Parameters=[@__userEmail_0='?' (Size = 100)], CommandType='"Text"', CommandTimeout='30']
SELECT EXISTS (
    SELECT 1
    FROM `Users` AS `u`
    WHERE `u`.`Email` = @__userEmail_0)
2023-02-28 13:14:09.410 +01:00  INF  Executed DbCommand (3ms) [Parameters=[@p0='?' (Size = 100), @p1='?' (Size = 50), @p2='?' (Size = 128), @p3='?' (Size = 128) (DbType = Binary), @p4='?' (Size = 500)], CommandType='"Text"', CommandTimeout='30']
INSERT INTO `Users` (`Email`, `Name`, `Password`, `Salt`, `Token`)
VALUES (@p0, @p1, @p2, @p3, @p4);
SELECT `Id`
FROM `Users`
WHERE ROW_COUNT() = 1 AND `Id` = LAST_INSERT_ID();
2023-02-28 13:14:09.462 +01:00  INF  Executed DbCommand (5ms) [Parameters=[@p5='?' (DbType = Int32), @p6='?' (DbType = DateTime), @p7='?' (DbType = SByte), @p8='?' (DbType = SByte), @p9='?' (DbType = DateTime), @p10='?' (Size = 500), @p11='?' (DbType = Int32), @p12='?' (Size = 200), @p13='?' (Size = 100), @p14='?' (Size = 100), @p15='?' (Size = 100), @p16='?' (Size = 50), @p17='?' (Size = 50), @p18='?' (Size = 100)], CommandType='"Text"', CommandTimeout='30']
INSERT INTO `Auth` (`Id`, `ExpiredDate`, `IsActive`, `IsExpired`, `IssuedDate`, `RefreshToken`)
VALUES (@p5, @p6, @p7, @p8, @p9, @p10);
INSERT INTO `UserInfo` (`Id`, `AboutMe`, `Email`, `Facebook`, `Linkedin`, `Name`, `Website`, `YouTube`)
VALUES (@p11, @p12, @p13, @p14, @p15, @p16, @p17, @p18);
2023-02-28 13:14:09.513 +01:00  INF  Executing OkObjectResult, writing value of type '<>f__AnonymousType0`2[[System.String, System.Private.CoreLib, Version=6.0.0.0, Culture=neutral, PublicKeyToken=7cec85d7bea7798e],[System.Int32, System.Private.CoreLib, Version=6.0.0.0, Culture=neutral, PublicKeyToken=7cec85d7bea7798e]]'.
2023-02-28 13:14:09.556 +01:00  INF  Executed action AngularAuthApi.Authentication.Controllers.AuthController.RegisterUser (AngularAuthApi) in 5594.8972ms
2023-02-28 13:14:09.556 +01:00  INF  Executed endpoint 'AngularAuthApi.Authentication.Controllers.AuthController.RegisterUser (AngularAuthApi)'
2023-02-28 13:14:09.567 +01:00  INF  Request finished HTTP/2 POST https://localhost:7063/api/user/Register application/json 82 - 200 - application/json;+charset=utf-8 5758.2374ms
2023-02-28 13:48:33.462 +01:00  INF  User profile is available. Using 'C:\Users\yahia alioua\AppData\Local\ASP.NET\DataProtection-Keys' as key repository and Windows DPAPI to encrypt keys at rest.
2023-02-28 13:48:33.690 +01:00  INF  Now listening on: https://localhost:7063
2023-02-28 13:48:33.691 +01:00  INF  Now listening on: http://localhost:5174
2023-02-28 13:48:33.697 +01:00  INF  Application started. Press Ctrl+C to shut down.
2023-02-28 13:48:33.698 +01:00  INF  Hosting environment: Development
2023-02-28 13:48:33.698 +01:00  INF  Content root path: C:\GA\C# OOP\ZeroSigmaAuth\AngularAuthApi\
2023-02-28 13:48:33.997 +01:00  INF  Request starting HTTP/2 GET https://localhost:7063/swagger/index.html - -
2023-02-28 13:48:34.492 +01:00  INF  Request finished HTTP/2 GET https://localhost:7063/swagger/index.html - - - 200 - text/html;charset=utf-8 519.1847ms
2023-02-28 13:48:34.608 +01:00  INF  Request starting HTTP/2 GET https://localhost:7063/_vs/browserLink - -
2023-02-28 13:48:34.608 +01:00  INF  Request starting HTTP/2 GET https://localhost:7063/_framework/aspnetcore-browser-refresh.js - -
2023-02-28 13:48:34.614 +01:00  INF  Request finished HTTP/2 GET https://localhost:7063/_framework/aspnetcore-browser-refresh.js - - - 200 11998 application/javascript;+charset=utf-8 6.2498ms
2023-02-28 13:48:34.662 +01:00  INF  Request finished HTTP/2 GET https://localhost:7063/_vs/browserLink - - - 200 - text/javascript;+charset=UTF-8 54.0178ms
2023-02-28 13:48:35.144 +01:00  INF  Request starting HTTP/2 GET https://localhost:7063/swagger/v1/swagger.json - -
2023-02-28 13:48:35.324 +01:00  INF  Request finished HTTP/2 GET https://localhost:7063/swagger/v1/swagger.json - - - 200 - application/json;charset=utf-8 180.2022ms
2023-02-28 13:48:53.089 +01:00  INF  Request starting HTTP/2 POST https://localhost:7063/api/user/Authenticate application/json 63
2023-02-28 13:48:53.105 +01:00  INF  CORS policy execution successful.
2023-02-28 13:48:53.169 +01:00  INF  Executing endpoint 'AngularAuthApi.Authentication.Controllers.AuthController.Authenticate (AngularAuthApi)'
2023-02-28 13:48:53.235 +01:00  INF  Route matched with {action = "Authenticate", controller = "Auth"}. Executing controller action with signature System.Threading.Tasks.Task`1[Microsoft.AspNetCore.Mvc.IActionResult] Authenticate(AngularAuthApi.Authentication.DTOS.LoginDto) on controller AngularAuthApi.Authentication.Controllers.AuthController (AngularAuthApi).
2023-02-28 13:48:56.817 +01:00  INF  Executed DbCommand (20ms) [Parameters=[@__user_Email_0='?' (Size = 100)], CommandType='"Text"', CommandTimeout='30']
SELECT `u`.`Id`, `u`.`Email`, `u`.`Name`, `u`.`Password`, `u`.`Salt`, `u`.`Token`
FROM `Users` AS `u`
WHERE `u`.`Email` = @__user_Email_0
LIMIT 1
2023-02-28 13:48:58.223 +01:00  INF  Executed DbCommand (2ms) [Parameters=[@__id_0='?' (DbType = Int32)], CommandType='"Text"', CommandTimeout='30']
SELECT `a`.`Id`, `a`.`ExpiredDate`, `a`.`IsActive`, `a`.`IsExpired`, `a`.`IssuedDate`, `a`.`RefreshToken`
FROM `Auth` AS `a`
WHERE `a`.`Id` = @__id_0
LIMIT 1
2023-02-28 13:48:58.372 +01:00  INF  Executed DbCommand (2ms) [Parameters=[@__id_0='?' (DbType = Int32)], CommandType='"Text"', CommandTimeout='30']
SELECT `a`.`Id`, `a`.`ExpiredDate`, `a`.`IsActive`, `a`.`IsExpired`, `a`.`IssuedDate`, `a`.`RefreshToken`
FROM `Auth` AS `a`
WHERE `a`.`Id` = @__id_0
LIMIT 1
2023-02-28 13:48:58.734 +01:00  INF  Executed DbCommand (23ms) [Parameters=[@p5='?' (DbType = Int32), @p0='?' (DbType = DateTime), @p1='?' (DbType = SByte), @p2='?' (DbType = SByte), @p3='?' (DbType = DateTime), @p4='?' (Size = 500), @p7='?' (DbType = Int32), @p6='?' (Size = 500)], CommandType='"Text"', CommandTimeout='30']
UPDATE `Auth` SET `ExpiredDate` = @p0, `IsActive` = @p1, `IsExpired` = @p2, `IssuedDate` = @p3, `RefreshToken` = @p4
WHERE `Id` = @p5;
UPDATE `Users` SET `Token` = @p6
WHERE `Id` = @p7;
2023-02-28 13:48:58.826 +01:00  INF  Executing OkObjectResult, writing value of type 'AngularAuthApi.Entities.Responses.AuthUserResponse'.
2023-02-28 13:48:58.862 +01:00  INF  Executed action AngularAuthApi.Authentication.Controllers.AuthController.Authenticate (AngularAuthApi) in 5615.1124ms
2023-02-28 13:48:58.862 +01:00  INF  Executed endpoint 'AngularAuthApi.Authentication.Controllers.AuthController.Authenticate (AngularAuthApi)'
2023-02-28 13:48:58.873 +01:00  INF  Request finished HTTP/2 POST https://localhost:7063/api/user/Authenticate application/json 63 - 200 - application/json;+charset=utf-8 5784.5185ms
2023-02-28 13:49:44.271 +01:00  INF  Request starting HTTP/2 PUT https://localhost:7063/api/UserInfo application/json 171
2023-02-28 13:49:44.273 +01:00  INF  CORS policy execution successful.
2023-02-28 13:49:44.273 +01:00  INF  Executing endpoint 'AngularAuthApi.Controller.UserInfoController.UpdateUserInfo (AngularAuthApi)'
2023-02-28 13:49:44.280 +01:00  INF  Route matched with {action = "UpdateUserInfo", controller = "UserInfo"}. Executing controller action with signature System.Threading.Tasks.Task`1[Microsoft.AspNetCore.Mvc.IActionResult] UpdateUserInfo(AngularAuthApi.Entities.Requests.UserInfoRequest) on controller AngularAuthApi.Controller.UserInfoController (AngularAuthApi).
2023-02-28 13:49:44.321 +01:00  INF  Executed DbCommand (1ms) [Parameters=[@__id_0='?' (DbType = Int32)], CommandType='"Text"', CommandTimeout='30']
SELECT `u`.`Id`, `u`.`AboutMe`, `u`.`Email`, `u`.`Facebook`, `u`.`Linkedin`, `u`.`Name`, `u`.`Website`, `u`.`YouTube`
FROM `UserInfo` AS `u`
WHERE `u`.`Id` = @__id_0
LIMIT 1
2023-02-28 13:49:44.384 +01:00  INF  Executed DbCommand (17ms) [Parameters=[@p7='?' (DbType = Int32), @p0='?' (Size = 200), @p1='?' (Size = 100), @p2='?' (Size = 100), @p3='?' (Size = 100), @p4='?' (Size = 50), @p5='?' (Size = 50), @p6='?' (Size = 100)], CommandType='"Text"', CommandTimeout='30']
UPDATE `UserInfo` SET `AboutMe` = @p0, `Email` = @p1, `Facebook` = @p2, `Linkedin` = @p3, `Name` = @p4, `Website` = @p5, `YouTube` = @p6
WHERE `Id` = @p7;
2023-02-28 13:49:44.387 +01:00  INF  Executing OkObjectResult, writing value of type '<>f__AnonymousType2`2[[System.String, System.Private.CoreLib, Version=6.0.0.0, Culture=neutral, PublicKeyToken=7cec85d7bea7798e],[System.String, System.Private.CoreLib, Version=6.0.0.0, Culture=neutral, PublicKeyToken=7cec85d7bea7798e]]'.
2023-02-28 13:49:44.402 +01:00  INF  Executed action AngularAuthApi.Controller.UserInfoController.UpdateUserInfo (AngularAuthApi) in 121.1627ms
2023-02-28 13:49:44.402 +01:00  INF  Executed endpoint 'AngularAuthApi.Controller.UserInfoController.UpdateUserInfo (AngularAuthApi)'
2023-02-28 13:49:44.403 +01:00  INF  Request finished HTTP/2 PUT https://localhost:7063/api/UserInfo application/json 171 - 200 - application/json;+charset=utf-8 131.6447ms
2023-02-28 13:49:59.548 +01:00  INF  Request starting HTTP/2 PUT https://localhost:7063/api/UserInfo application/json 172
2023-02-28 13:49:59.562 +01:00  INF  CORS policy execution successful.
2023-02-28 13:49:59.568 +01:00  INF  Executing endpoint 'AngularAuthApi.Controller.UserInfoController.UpdateUserInfo (AngularAuthApi)'
2023-02-28 13:49:59.568 +01:00  INF  Route matched with {action = "UpdateUserInfo", controller = "UserInfo"}. Executing controller action with signature System.Threading.Tasks.Task`1[Microsoft.AspNetCore.Mvc.IActionResult] UpdateUserInfo(AngularAuthApi.Entities.Requests.UserInfoRequest) on controller AngularAuthApi.Controller.UserInfoController (AngularAuthApi).
2023-02-28 13:49:59.716 +01:00  INF  Executed DbCommand (1ms) [Parameters=[@__id_0='?' (DbType = Int32)], CommandType='"Text"', CommandTimeout='30']
SELECT `u`.`Id`, `u`.`AboutMe`, `u`.`Email`, `u`.`Facebook`, `u`.`Linkedin`, `u`.`Name`, `u`.`Website`, `u`.`YouTube`
FROM `UserInfo` AS `u`
WHERE `u`.`Id` = @__id_0
LIMIT 1
2023-02-28 13:49:59.729 +01:00  INF  Executing NotFoundObjectResult, writing value of type '<>f__AnonymousType2`2[[System.String, System.Private.CoreLib, Version=6.0.0.0, Culture=neutral, PublicKeyToken=7cec85d7bea7798e],[System.String, System.Private.CoreLib, Version=6.0.0.0, Culture=neutral, PublicKeyToken=7cec85d7bea7798e]]'.
2023-02-28 13:49:59.730 +01:00  INF  Executed action AngularAuthApi.Controller.UserInfoController.UpdateUserInfo (AngularAuthApi) in 161.6213ms
2023-02-28 13:49:59.730 +01:00  INF  Executed endpoint 'AngularAuthApi.Controller.UserInfoController.UpdateUserInfo (AngularAuthApi)'
2023-02-28 13:49:59.730 +01:00  INF  Request finished HTTP/2 PUT https://localhost:7063/api/UserInfo application/json 172 - 404 - application/json;+charset=utf-8 182.2296ms
2023-02-28 14:46:08.157 +01:00  INF  User profile is available. Using 'C:\Users\yahia alioua\AppData\Local\ASP.NET\DataProtection-Keys' as key repository and Windows DPAPI to encrypt keys at rest.
2023-02-28 14:46:08.369 +01:00  INF  Now listening on: https://localhost:7063
2023-02-28 14:46:08.369 +01:00  INF  Now listening on: http://localhost:5174
2023-02-28 14:46:08.374 +01:00  INF  Application started. Press Ctrl+C to shut down.
2023-02-28 14:46:08.374 +01:00  INF  Hosting environment: Development
2023-02-28 14:46:08.374 +01:00  INF  Content root path: C:\GA\C# OOP\ZeroSigmaAuth\AngularAuthApi\
2023-02-28 14:46:09.082 +01:00  INF  Request starting HTTP/2 GET https://localhost:7063/swagger/index.html - -
2023-02-28 14:46:09.646 +01:00  INF  Request finished HTTP/2 GET https://localhost:7063/swagger/index.html - - - 200 - text/html;charset=utf-8 569.0172ms
2023-02-28 14:46:09.732 +01:00  INF  Request starting HTTP/2 GET https://localhost:7063/_vs/browserLink - -
2023-02-28 14:46:09.732 +01:00  INF  Request starting HTTP/2 GET https://localhost:7063/_framework/aspnetcore-browser-refresh.js - -
2023-02-28 14:46:09.735 +01:00  INF  Request finished HTTP/2 GET https://localhost:7063/_framework/aspnetcore-browser-refresh.js - - - 200 11998 application/javascript;+charset=utf-8 3.3369ms
2023-02-28 14:46:09.756 +01:00  INF  Request finished HTTP/2 GET https://localhost:7063/_vs/browserLink - - - 200 - text/javascript;+charset=UTF-8 24.5530ms
2023-02-28 14:46:10.140 +01:00  INF  Request starting HTTP/2 GET https://localhost:7063/swagger/v1/swagger.json - -
2023-02-28 14:46:10.311 +01:00  INF  Request finished HTTP/2 GET https://localhost:7063/swagger/v1/swagger.json - - - 200 - application/json;charset=utf-8 170.9523ms
2023-02-28 15:08:42.600 +01:00  INF  Request starting HTTP/2 DELETE https://localhost:7063/api/user?id=10 - -
2023-02-28 15:08:42.619 +01:00  INF  CORS policy execution successful.
2023-02-28 15:08:42.696 +01:00  INF  Executing endpoint 'AngularAuthApi.Authentication.Controllers.AuthController.DeleteUser (AngularAuthApi)'
2023-02-28 15:08:42.797 +01:00  INF  Route matched with {action = "DeleteUser", controller = "Auth"}. Executing controller action with signature System.Threading.Tasks.Task`1[Microsoft.AspNetCore.Mvc.IActionResult] DeleteUser(Int32) on controller AngularAuthApi.Authentication.Controllers.AuthController (AngularAuthApi).
2023-02-28 15:08:46.461 +01:00  INF  Executed DbCommand (12ms) [Parameters=[@__id_0='?' (DbType = Int32)], CommandType='"Text"', CommandTimeout='30']
SELECT `u`.`Id`, `u`.`Email`, `u`.`Name`, `u`.`Password`, `u`.`Salt`, `u`.`Token`
FROM `Users` AS `u`
WHERE `u`.`Id` = @__id_0
LIMIT 1
2023-02-28 15:08:46.497 +01:00  INF  Executing NotFoundObjectResult, writing value of type '<>f__AnonymousType2`2[[System.String, System.Private.CoreLib, Version=6.0.0.0, Culture=neutral, PublicKeyToken=7cec85d7bea7798e],[System.String, System.Private.CoreLib, Version=6.0.0.0, Culture=neutral, PublicKeyToken=7cec85d7bea7798e]]'.
2023-02-28 15:08:46.534 +01:00  INF  Executed action AngularAuthApi.Authentication.Controllers.AuthController.DeleteUser (AngularAuthApi) in 3727.6888ms
2023-02-28 15:08:46.534 +01:00  INF  Executed endpoint 'AngularAuthApi.Authentication.Controllers.AuthController.DeleteUser (AngularAuthApi)'
2023-02-28 15:08:46.541 +01:00  INF  Request finished HTTP/2 DELETE https://localhost:7063/api/user?id=10 - - - 404 - application/json;+charset=utf-8 3940.9211ms
2023-02-28 15:08:57.615 +01:00  INF  Request starting HTTP/2 DELETE https://localhost:7063/api/user?id=1 - -
2023-02-28 15:08:57.617 +01:00  INF  CORS policy execution successful.
2023-02-28 15:08:57.618 +01:00  INF  Executing endpoint 'AngularAuthApi.Authentication.Controllers.AuthController.DeleteUser (AngularAuthApi)'
2023-02-28 15:08:57.618 +01:00  INF  Route matched with {action = "DeleteUser", controller = "Auth"}. Executing controller action with signature System.Threading.Tasks.Task`1[Microsoft.AspNetCore.Mvc.IActionResult] DeleteUser(Int32) on controller AngularAuthApi.Authentication.Controllers.AuthController (AngularAuthApi).
2023-02-28 15:08:57.632 +01:00  INF  Executed DbCommand (1ms) [Parameters=[@__id_0='?' (DbType = Int32)], CommandType='"Text"', CommandTimeout='30']
SELECT `u`.`Id`, `u`.`Email`, `u`.`Name`, `u`.`Password`, `u`.`Salt`, `u`.`Token`
FROM `Users` AS `u`
WHERE `u`.`Id` = @__id_0
LIMIT 1
2023-02-28 15:08:58.140 +01:00  INF  Executed DbCommand (27ms) [Parameters=[@p0='?' (DbType = Int32)], CommandType='"Text"', CommandTimeout='30']
DELETE FROM `Users`
WHERE `Id` = @p0;
2023-02-28 15:08:58.167 +01:00  INF  Executing OkObjectResult, writing value of type '<>f__AnonymousType2`2[[System.String, System.Private.CoreLib, Version=6.0.0.0, Culture=neutral, PublicKeyToken=7cec85d7bea7798e],[System.String, System.Private.CoreLib, Version=6.0.0.0, Culture=neutral, PublicKeyToken=7cec85d7bea7798e]]'.
2023-02-28 15:08:58.167 +01:00  INF  Executed action AngularAuthApi.Authentication.Controllers.AuthController.DeleteUser (AngularAuthApi) in 548.7262ms
2023-02-28 15:08:58.167 +01:00  INF  Executed endpoint 'AngularAuthApi.Authentication.Controllers.AuthController.DeleteUser (AngularAuthApi)'
2023-02-28 15:08:58.168 +01:00  INF  Request finished HTTP/2 DELETE https://localhost:7063/api/user?id=1 - - - 200 - application/json;+charset=utf-8 552.4381ms
2023-02-28 16:28:43.178 +01:00  INF  User profile is available. Using 'C:\Users\yahia alioua\AppData\Local\ASP.NET\DataProtection-Keys' as key repository and Windows DPAPI to encrypt keys at rest.
2023-02-28 16:28:43.422 +01:00  INF  Now listening on: https://localhost:7063
2023-02-28 16:28:43.423 +01:00  INF  Now listening on: http://localhost:5174
2023-02-28 16:28:43.428 +01:00  INF  Application started. Press Ctrl+C to shut down.
2023-02-28 16:28:43.428 +01:00  INF  Hosting environment: Development
2023-02-28 16:28:43.428 +01:00  INF  Content root path: C:\GA\C# OOP\ZeroSigmaAuth\AngularAuthApi\
2023-02-28 16:28:43.835 +01:00  INF  Request starting HTTP/2 GET https://localhost:7063/swagger/index.html - -
2023-02-28 16:28:44.260 +01:00  INF  Request finished HTTP/2 GET https://localhost:7063/swagger/index.html - - - 200 - text/html;charset=utf-8 433.6971ms
2023-02-28 16:28:44.355 +01:00  INF  Request starting HTTP/2 GET https://localhost:7063/_framework/aspnetcore-browser-refresh.js - -
2023-02-28 16:28:44.355 +01:00  INF  Request starting HTTP/2 GET https://localhost:7063/_vs/browserLink - -
2023-02-28 16:28:44.359 +01:00  INF  Request finished HTTP/2 GET https://localhost:7063/_framework/aspnetcore-browser-refresh.js - - - 200 11998 application/javascript;+charset=utf-8 3.9202ms
2023-02-28 16:28:44.380 +01:00  INF  Request finished HTTP/2 GET https://localhost:7063/_vs/browserLink - - - 200 - text/javascript;+charset=UTF-8 25.4829ms
2023-02-28 16:28:44.601 +01:00  INF  Request starting HTTP/2 GET https://localhost:7063/swagger/v1/swagger.json - -
2023-02-28 16:28:44.769 +01:00  INF  Request finished HTTP/2 GET https://localhost:7063/swagger/v1/swagger.json - - - 200 - application/json;charset=utf-8 167.9183ms
2023-02-28 16:29:01.489 +01:00  INF  Request starting HTTP/2 GET https://localhost:7063/api/user/Id?id=1 - -
2023-02-28 16:29:01.551 +01:00  INF  Executing endpoint 'AngularAuthApi.Authentication.Controllers.AuthController.GetUserData (AngularAuthApi)'
2023-02-28 16:29:01.626 +01:00  INF  Route matched with {action = "GetUserData", controller = "Auth"}. Executing controller action with signature System.Threading.Tasks.Task`1[Microsoft.AspNetCore.Mvc.IActionResult] GetUserData(Int32) on controller AngularAuthApi.Authentication.Controllers.AuthController (AngularAuthApi).
2023-02-28 16:29:05.439 +01:00  INF  Executed DbCommand (15ms) [Parameters=[@__id_0='?' (DbType = Int32)], CommandType='"Text"', CommandTimeout='30']
SELECT `u`.`Id`, `u`.`Email`, `u`.`Name`, `u`.`Password`, `u`.`Salt`, `u`.`Token`
FROM `Users` AS `u`
WHERE `u`.`Id` = @__id_0
LIMIT 1
2023-02-28 16:29:05.491 +01:00  INF  Executing NotFoundObjectResult, writing value of type '<>f__AnonymousType2`2[[System.String, System.Private.CoreLib, Version=6.0.0.0, Culture=neutral, PublicKeyToken=7cec85d7bea7798e],[System.String, System.Private.CoreLib, Version=6.0.0.0, Culture=neutral, PublicKeyToken=7cec85d7bea7798e]]'.
2023-02-28 16:29:05.539 +01:00  INF  Executed action AngularAuthApi.Authentication.Controllers.AuthController.GetUserData (AngularAuthApi) in 3900.3057ms
2023-02-28 16:29:05.540 +01:00  INF  Executed endpoint 'AngularAuthApi.Authentication.Controllers.AuthController.GetUserData (AngularAuthApi)'
2023-02-28 16:29:05.551 +01:00  INF  Request finished HTTP/2 GET https://localhost:7063/api/user/Id?id=1 - - - 404 - application/json;+charset=utf-8 4061.8099ms
2023-02-28 16:29:39.565 +01:00  INF  User profile is available. Using 'C:\Users\yahia alioua\AppData\Local\ASP.NET\DataProtection-Keys' as key repository and Windows DPAPI to encrypt keys at rest.
2023-02-28 16:29:39.826 +01:00  INF  Now listening on: https://localhost:7063
2023-02-28 16:29:39.827 +01:00  INF  Now listening on: http://localhost:5174
2023-02-28 16:29:39.833 +01:00  INF  Application started. Press Ctrl+C to shut down.
2023-02-28 16:29:39.834 +01:00  INF  Hosting environment: Development
2023-02-28 16:29:39.834 +01:00  INF  Content root path: C:\GA\C# OOP\ZeroSigmaAuth\AngularAuthApi\
2023-02-28 16:29:40.211 +01:00  INF  Request starting HTTP/2 GET https://localhost:7063/swagger/index.html - -
2023-02-28 16:29:40.750 +01:00  INF  Request finished HTTP/2 GET https://localhost:7063/swagger/index.html - - - 200 - text/html;charset=utf-8 546.4040ms
2023-02-28 16:29:40.984 +01:00  INF  Request starting HTTP/2 GET https://localhost:7063/_framework/aspnetcore-browser-refresh.js - -
2023-02-28 16:29:40.984 +01:00  INF  Request starting HTTP/2 GET https://localhost:7063/_vs/browserLink - -
2023-02-28 16:29:40.987 +01:00  INF  Request finished HTTP/2 GET https://localhost:7063/_framework/aspnetcore-browser-refresh.js - - - 200 11998 application/javascript;+charset=utf-8 3.2569ms
2023-02-28 16:29:41.011 +01:00  INF  Request finished HTTP/2 GET https://localhost:7063/_vs/browserLink - - - 200 - text/javascript;+charset=UTF-8 26.6663ms
2023-02-28 16:29:41.239 +01:00  INF  Request starting HTTP/2 GET https://localhost:7063/swagger/v1/swagger.json - -
2023-02-28 16:29:41.397 +01:00  INF  Request finished HTTP/2 GET https://localhost:7063/swagger/v1/swagger.json - - - 200 - application/json;charset=utf-8 157.9343ms
2023-02-28 16:30:00.800 +01:00  INF  Request starting HTTP/2 POST https://localhost:7063/api/user/Register application/json 83
2023-02-28 16:30:00.812 +01:00  INF  CORS policy execution successful.
2023-02-28 16:30:00.885 +01:00  INF  Executing endpoint 'AngularAuthApi.Authentication.Controllers.AuthController.RegisterUser (AngularAuthApi)'
2023-02-28 16:30:00.984 +01:00  INF  Route matched with {action = "RegisterUser", controller = "Auth"}. Executing controller action with signature System.Threading.Tasks.Task`1[Microsoft.AspNetCore.Mvc.IActionResult] RegisterUser(AngularAuthApi.Entities.Requests.SignUpRequest) on controller AngularAuthApi.Authentication.Controllers.AuthController (AngularAuthApi).
2023-02-28 16:30:04.801 +01:00  INF  Executed DbCommand (20ms) [Parameters=[@__userEmail_0='?' (Size = 100)], CommandType='"Text"', CommandTimeout='30']
SELECT EXISTS (
    SELECT 1
    FROM `Users` AS `u`
    WHERE `u`.`Email` = @__userEmail_0)
2023-02-28 16:30:06.461 +01:00  INF  Executed DbCommand (13ms) [Parameters=[@p0='?' (Size = 100), @p1='?' (Size = 50), @p2='?' (Size = 128), @p3='?' (Size = 128) (DbType = Binary), @p4='?' (Size = 500)], CommandType='"Text"', CommandTimeout='30']
INSERT INTO `Users` (`Email`, `Name`, `Password`, `Salt`, `Token`)
VALUES (@p0, @p1, @p2, @p3, @p4);
SELECT `Id`
FROM `Users`
WHERE ROW_COUNT() = 1 AND `Id` = LAST_INSERT_ID();
2023-02-28 16:30:06.572 +01:00  INF  Executed DbCommand (3ms) [Parameters=[@p5='?' (DbType = Int32), @p6='?' (DbType = DateTime), @p7='?' (DbType = SByte), @p8='?' (DbType = SByte), @p9='?' (DbType = DateTime), @p10='?' (Size = 500), @p11='?' (DbType = Int32), @p12='?' (Size = 200), @p13='?' (Size = 100), @p14='?' (Size = 100), @p15='?' (Size = 100), @p16='?' (Size = 50), @p17='?' (Size = 50), @p18='?' (Size = 100)], CommandType='"Text"', CommandTimeout='30']
INSERT INTO `Auth` (`Id`, `ExpiredDate`, `IsActive`, `IsExpired`, `IssuedDate`, `RefreshToken`)
VALUES (@p5, @p6, @p7, @p8, @p9, @p10);
INSERT INTO `UserInfo` (`Id`, `AboutMe`, `Email`, `Facebook`, `Linkedin`, `Name`, `Website`, `YouTube`)
VALUES (@p11, @p12, @p13, @p14, @p15, @p16, @p17, @p18);
2023-02-28 16:30:06.635 +01:00  INF  Executing OkObjectResult, writing value of type '<>f__AnonymousType0`2[[System.String, System.Private.CoreLib, Version=6.0.0.0, Culture=neutral, PublicKeyToken=7cec85d7bea7798e],[System.Int32, System.Private.CoreLib, Version=6.0.0.0, Culture=neutral, PublicKeyToken=7cec85d7bea7798e]]'.
2023-02-28 16:30:06.684 +01:00  INF  Executed action AngularAuthApi.Authentication.Controllers.AuthController.RegisterUser (AngularAuthApi) in 5688.7291ms
2023-02-28 16:30:06.685 +01:00  INF  Executed endpoint 'AngularAuthApi.Authentication.Controllers.AuthController.RegisterUser (AngularAuthApi)'
2023-02-28 16:30:06.696 +01:00  INF  Request finished HTTP/2 POST https://localhost:7063/api/user/Register application/json 83 - 200 - application/json;+charset=utf-8 5895.6865ms
2023-02-28 16:30:37.616 +01:00  INF  Request starting HTTP/2 POST https://localhost:7063/api/user/Authenticate application/json 63
2023-02-28 16:30:37.620 +01:00  INF  CORS policy execution successful.
2023-02-28 16:30:37.621 +01:00  INF  Executing endpoint 'AngularAuthApi.Authentication.Controllers.AuthController.Authenticate (AngularAuthApi)'
2023-02-28 16:30:37.630 +01:00  INF  Route matched with {action = "Authenticate", controller = "Auth"}. Executing controller action with signature System.Threading.Tasks.Task`1[Microsoft.AspNetCore.Mvc.IActionResult] Authenticate(AngularAuthApi.Authentication.DTOS.LoginDto) on controller AngularAuthApi.Authentication.Controllers.AuthController (AngularAuthApi).
2023-02-28 16:30:37.745 +01:00  INF  Executed DbCommand (1ms) [Parameters=[@__user_Email_0='?' (Size = 100)], CommandType='"Text"', CommandTimeout='30']
SELECT `u`.`Id`, `u`.`Email`, `u`.`Name`, `u`.`Password`, `u`.`Salt`, `u`.`Token`
FROM `Users` AS `u`
WHERE `u`.`Email` = @__user_Email_0
LIMIT 1
2023-02-28 16:30:38.712 +01:00  INF  Executed DbCommand (1ms) [Parameters=[@__id_0='?' (DbType = Int32)], CommandType='"Text"', CommandTimeout='30']
SELECT `a`.`Id`, `a`.`ExpiredDate`, `a`.`IsActive`, `a`.`IsExpired`, `a`.`IssuedDate`, `a`.`RefreshToken`
FROM `Auth` AS `a`
WHERE `a`.`Id` = @__id_0
LIMIT 1
2023-02-28 16:30:38.799 +01:00  INF  Executed DbCommand (1ms) [Parameters=[@__id_0='?' (DbType = Int32)], CommandType='"Text"', CommandTimeout='30']
SELECT `a`.`Id`, `a`.`ExpiredDate`, `a`.`IsActive`, `a`.`IsExpired`, `a`.`IssuedDate`, `a`.`RefreshToken`
FROM `Auth` AS `a`
WHERE `a`.`Id` = @__id_0
LIMIT 1
2023-02-28 16:30:38.842 +01:00  INF  Executed DbCommand (7ms) [Parameters=[@p5='?' (DbType = Int32), @p0='?' (DbType = DateTime), @p1='?' (DbType = SByte), @p2='?' (DbType = SByte), @p3='?' (DbType = DateTime), @p4='?' (Size = 500), @p7='?' (DbType = Int32), @p6='?' (Size = 500)], CommandType='"Text"', CommandTimeout='30']
UPDATE `Auth` SET `ExpiredDate` = @p0, `IsActive` = @p1, `IsExpired` = @p2, `IssuedDate` = @p3, `RefreshToken` = @p4
WHERE `Id` = @p5;
UPDATE `Users` SET `Token` = @p6
WHERE `Id` = @p7;
2023-02-28 16:30:38.857 +01:00  INF  Executing OkObjectResult, writing value of type 'AngularAuthApi.Entities.Responses.AuthUserResponse'.
2023-02-28 16:30:38.860 +01:00  INF  Executed action AngularAuthApi.Authentication.Controllers.AuthController.Authenticate (AngularAuthApi) in 1229.9451ms
2023-02-28 16:30:38.861 +01:00  INF  Executed endpoint 'AngularAuthApi.Authentication.Controllers.AuthController.Authenticate (AngularAuthApi)'
2023-02-28 16:30:38.861 +01:00  INF  Request finished HTTP/2 POST https://localhost:7063/api/user/Authenticate application/json 63 - 200 - application/json;+charset=utf-8 1244.8121ms
2023-02-28 16:31:19.788 +01:00  INF  Request starting HTTP/2 GET https://localhost:7063/api/user?id=2 - -
2023-02-28 16:31:19.793 +01:00  INF  Executing endpoint 'AngularAuthApi.Authentication.Controllers.AuthController.GetUserData (AngularAuthApi)'
2023-02-28 16:31:19.799 +01:00  INF  Route matched with {action = "GetUserData", controller = "Auth"}. Executing controller action with signature System.Threading.Tasks.Task`1[Microsoft.AspNetCore.Mvc.IActionResult] GetUserData(Int32) on controller AngularAuthApi.Authentication.Controllers.AuthController (AngularAuthApi).
2023-02-28 16:31:19.939 +01:00  INF  Executed DbCommand (1ms) [Parameters=[@__id_0='?' (DbType = Int32)], CommandType='"Text"', CommandTimeout='30']
SELECT `u`.`Id`, `u`.`Email`, `u`.`Name`, `u`.`Password`, `u`.`Salt`, `u`.`Token`
FROM `Users` AS `u`
WHERE `u`.`Id` = @__id_0
LIMIT 1
2023-02-28 16:31:19.939 +01:00  INF  Executing OkObjectResult, writing value of type 'AngularAuthApi.Entities.User'.
2023-02-28 16:31:19.943 +01:00  INF  Executed action AngularAuthApi.Authentication.Controllers.AuthController.GetUserData (AngularAuthApi) in 143.6463ms
2023-02-28 16:31:19.943 +01:00  INF  Executed endpoint 'AngularAuthApi.Authentication.Controllers.AuthController.GetUserData (AngularAuthApi)'
2023-02-28 16:31:19.943 +01:00  INF  Request finished HTTP/2 GET https://localhost:7063/api/user?id=2 - - - 200 - application/json;+charset=utf-8 155.4904ms
2023-02-28 16:31:39.308 +01:00  INF  Request starting HTTP/2 GET https://localhost:7063/api/user?id=1 - -
2023-02-28 16:31:39.309 +01:00  INF  Executing endpoint 'AngularAuthApi.Authentication.Controllers.AuthController.GetUserData (AngularAuthApi)'
2023-02-28 16:31:39.309 +01:00  INF  Route matched with {action = "GetUserData", controller = "Auth"}. Executing controller action with signature System.Threading.Tasks.Task`1[Microsoft.AspNetCore.Mvc.IActionResult] GetUserData(Int32) on controller AngularAuthApi.Authentication.Controllers.AuthController (AngularAuthApi).
2023-02-28 16:31:39.315 +01:00  INF  Executed DbCommand (1ms) [Parameters=[@__id_0='?' (DbType = Int32)], CommandType='"Text"', CommandTimeout='30']
SELECT `u`.`Id`, `u`.`Email`, `u`.`Name`, `u`.`Password`, `u`.`Salt`, `u`.`Token`
FROM `Users` AS `u`
WHERE `u`.`Id` = @__id_0
LIMIT 1
2023-02-28 16:31:39.317 +01:00  INF  Executing NotFoundObjectResult, writing value of type '<>f__AnonymousType2`2[[System.String, System.Private.CoreLib, Version=6.0.0.0, Culture=neutral, PublicKeyToken=7cec85d7bea7798e],[System.String, System.Private.CoreLib, Version=6.0.0.0, Culture=neutral, PublicKeyToken=7cec85d7bea7798e]]'.
2023-02-28 16:31:39.320 +01:00  INF  Executed action AngularAuthApi.Authentication.Controllers.AuthController.GetUserData (AngularAuthApi) in 10.6728ms
2023-02-28 16:31:39.320 +01:00  INF  Executed endpoint 'AngularAuthApi.Authentication.Controllers.AuthController.GetUserData (AngularAuthApi)'
2023-02-28 16:31:39.320 +01:00  INF  Request finished HTTP/2 GET https://localhost:7063/api/user?id=1 - - - 404 - application/json;+charset=utf-8 12.1793ms
2023-02-28 16:32:16.982 +01:00  INF  Request starting HTTP/2 GET https://localhost:7063/api/user?id=2 - -
2023-02-28 16:32:16.983 +01:00  INF  Executing endpoint 'AngularAuthApi.Authentication.Controllers.AuthController.GetUserData (AngularAuthApi)'
2023-02-28 16:32:16.983 +01:00  INF  Route matched with {action = "GetUserData", controller = "Auth"}. Executing controller action with signature System.Threading.Tasks.Task`1[Microsoft.AspNetCore.Mvc.IActionResult] GetUserData(Int32) on controller AngularAuthApi.Authentication.Controllers.AuthController (AngularAuthApi).
2023-02-28 16:32:16.986 +01:00  INF  Executed DbCommand (1ms) [Parameters=[@__id_0='?' (DbType = Int32)], CommandType='"Text"', CommandTimeout='30']
SELECT `u`.`Id`, `u`.`Email`, `u`.`Name`, `u`.`Password`, `u`.`Salt`, `u`.`Token`
FROM `Users` AS `u`
WHERE `u`.`Id` = @__id_0
LIMIT 1
2023-02-28 16:32:16.986 +01:00  INF  Executing OkObjectResult, writing value of type 'AngularAuthApi.Entities.User'.
2023-02-28 16:32:16.987 +01:00  INF  Executed action AngularAuthApi.Authentication.Controllers.AuthController.GetUserData (AngularAuthApi) in 3.3423ms
2023-02-28 16:32:16.987 +01:00  INF  Executed endpoint 'AngularAuthApi.Authentication.Controllers.AuthController.GetUserData (AngularAuthApi)'
2023-02-28 16:32:16.987 +01:00  INF  Request finished HTTP/2 GET https://localhost:7063/api/user?id=2 - - - 200 - application/json;+charset=utf-8 4.4154ms
2023-02-28 16:40:10.000 +01:00  INF  User profile is available. Using 'C:\Users\yahia alioua\AppData\Local\ASP.NET\DataProtection-Keys' as key repository and Windows DPAPI to encrypt keys at rest.
2023-02-28 16:40:10.199 +01:00  INF  Now listening on: https://localhost:7063
2023-02-28 16:40:10.199 +01:00  INF  Now listening on: http://localhost:5174
2023-02-28 16:40:10.204 +01:00  INF  Application started. Press Ctrl+C to shut down.
2023-02-28 16:40:10.204 +01:00  INF  Hosting environment: Development
2023-02-28 16:40:10.204 +01:00  INF  Content root path: C:\GA\C# OOP\ZeroSigmaAuth\AngularAuthApi\
2023-02-28 16:40:10.542 +01:00  INF  Request starting HTTP/2 GET https://localhost:7063/swagger/index.html - -
2023-02-28 16:40:10.975 +01:00  INF  Request finished HTTP/2 GET https://localhost:7063/swagger/index.html - - - 200 - text/html;charset=utf-8 436.2221ms
2023-02-28 16:40:11.084 +01:00  INF  Request starting HTTP/2 GET https://localhost:7063/_vs/browserLink - -
2023-02-28 16:40:11.084 +01:00  INF  Request starting HTTP/2 GET https://localhost:7063/_framework/aspnetcore-browser-refresh.js - -
2023-02-28 16:40:11.086 +01:00  INF  Request finished HTTP/2 GET https://localhost:7063/_framework/aspnetcore-browser-refresh.js - - - 200 11998 application/javascript;+charset=utf-8 2.8147ms
2023-02-28 16:40:11.105 +01:00  INF  Request finished HTTP/2 GET https://localhost:7063/_vs/browserLink - - - 200 - text/javascript;+charset=UTF-8 21.3226ms
2023-02-28 16:40:11.483 +01:00  INF  Request starting HTTP/2 GET https://localhost:7063/swagger/v1/swagger.json - -
2023-02-28 16:40:11.603 +01:00  INF  Request finished HTTP/2 GET https://localhost:7063/swagger/v1/swagger.json - - - 200 - application/json;charset=utf-8 120.5564ms
2023-02-28 16:40:34.954 +01:00  INF  Request starting HTTP/2 GET https://localhost:7063/api/user?id=2 - -
2023-02-28 16:40:35.030 +01:00  INF  Executing endpoint 'AngularAuthApi.Authentication.Controllers.AuthController.GetUserData (AngularAuthApi)'
2023-02-28 16:40:35.104 +01:00  INF  Route matched with {action = "GetUserData", controller = "Auth"}. Executing controller action with signature System.Threading.Tasks.Task`1[Microsoft.AspNetCore.Mvc.IActionResult] GetUserData(Int32) on controller AngularAuthApi.Authentication.Controllers.AuthController (AngularAuthApi).
2023-02-28 16:40:39.099 +01:00  INF  Executed DbCommand (12ms) [Parameters=[@__id_0='?' (DbType = Int32)], CommandType='"Text"', CommandTimeout='30']
SELECT `u`.`Id`, `u`.`Email`, `u`.`Name`, `u`.`Password`, `u`.`Salt`, `u`.`Token`
FROM `Users` AS `u`
WHERE `u`.`Id` = @__id_0
LIMIT 1
2023-02-28 16:40:39.278 +01:00  INF  Executed action AngularAuthApi.Authentication.Controllers.AuthController.GetUserData (AngularAuthApi) in 4148.5466ms
2023-02-28 16:40:39.280 +01:00  INF  Executed endpoint 'AngularAuthApi.Authentication.Controllers.AuthController.GetUserData (AngularAuthApi)'
2023-02-28 16:40:39.296 +01:00  ERR  An unhandled exception has occurred while executing the request.System.NullReferenceException: Object reference not set to an instance of an object.
   at AngularAuthApi.Authentication.Controllers.AuthController.GetUserData(Int32 id) in C:\GA\C# OOP\ZeroSigmaAuth\AngularAuthApi\Authentication\Controllers\AuthController.cs:line 131
   at Microsoft.AspNetCore.Mvc.Infrastructure.ActionMethodExecutor.TaskOfIActionResultExecutor.Execute(IActionResultTypeMapper mapper, ObjectMethodExecutor executor, Object controller, Object[] arguments)
   at Microsoft.AspNetCore.Mvc.Infrastructure.ControllerActionInvoker.<InvokeActionMethodAsync>g__Awaited|12_0(ControllerActionInvoker invoker, ValueTask`1 actionResultValueTask)
   at Microsoft.AspNetCore.Mvc.Infrastructure.ControllerActionInvoker.<InvokeNextActionFilterAsync>g__Awaited|10_0(ControllerActionInvoker invoker, Task lastTask, State next, Scope scope, Object state, Boolean isCompleted)
   at Microsoft.AspNetCore.Mvc.Infrastructure.ControllerActionInvoker.Rethrow(ActionExecutedContextSealed context)
   at Microsoft.AspNetCore.Mvc.Infrastructure.ControllerActionInvoker.Next(State& next, Scope& scope, Object& state, Boolean& isCompleted)
   at Microsoft.AspNetCore.Mvc.Infrastructure.ControllerActionInvoker.InvokeInnerFilterAsync()
--- End of stack trace from previous location ---
   at Microsoft.AspNetCore.Mvc.Infrastructure.ResourceInvoker.<InvokeFilterPipelineAsync>g__Awaited|20_0(ResourceInvoker invoker, Task lastTask, State next, Scope scope, Object state, Boolean isCompleted)
   at Microsoft.AspNetCore.Mvc.Infrastructure.ResourceInvoker.<InvokeAsync>g__Logged|17_1(ResourceInvoker invoker)
   at Microsoft.AspNetCore.Mvc.Infrastructure.ResourceInvoker.<InvokeAsync>g__Logged|17_1(ResourceInvoker invoker)
   at Microsoft.AspNetCore.Routing.EndpointMiddleware.<Invoke>g__AwaitRequestTask|6_0(Endpoint endpoint, Task requestTask, ILogger logger)
   at Microsoft.AspNetCore.Authorization.AuthorizationMiddleware.Invoke(HttpContext context)
   at Microsoft.AspNetCore.Authentication.AuthenticationMiddleware.Invoke(HttpContext context)
   at Swashbuckle.AspNetCore.SwaggerUI.SwaggerUIMiddleware.Invoke(HttpContext httpContext)
   at Swashbuckle.AspNetCore.Swagger.SwaggerMiddleware.Invoke(HttpContext httpContext, ISwaggerProvider swaggerProvider)
   at Microsoft.AspNetCore.Diagnostics.DeveloperExceptionPageMiddleware.Invoke(HttpContext context)

2023-02-28 16:40:39.429 +01:00  INF  Request finished HTTP/2 GET https://localhost:7063/api/user?id=2 - - - 500 - text/plain;+charset=utf-8 4475.1142ms
2023-02-28 16:41:09.057 +01:00  INF  User profile is available. Using 'C:\Users\yahia alioua\AppData\Local\ASP.NET\DataProtection-Keys' as key repository and Windows DPAPI to encrypt keys at rest.
2023-02-28 16:41:09.267 +01:00  INF  Now listening on: https://localhost:7063
2023-02-28 16:41:09.267 +01:00  INF  Now listening on: http://localhost:5174
2023-02-28 16:41:09.272 +01:00  INF  Application started. Press Ctrl+C to shut down.
2023-02-28 16:41:09.273 +01:00  INF  Hosting environment: Development
2023-02-28 16:41:09.273 +01:00  INF  Content root path: C:\GA\C# OOP\ZeroSigmaAuth\AngularAuthApi\
2023-02-28 16:41:09.541 +01:00  INF  Request starting HTTP/2 GET https://localhost:7063/swagger/index.html - -
2023-02-28 16:41:09.969 +01:00  INF  Request finished HTTP/2 GET https://localhost:7063/swagger/index.html - - - 200 - text/html;charset=utf-8 432.1383ms
2023-02-28 16:41:10.081 +01:00  INF  Request starting HTTP/2 GET https://localhost:7063/_framework/aspnetcore-browser-refresh.js - -
2023-02-28 16:41:10.081 +01:00  INF  Request starting HTTP/2 GET https://localhost:7063/_vs/browserLink - -
2023-02-28 16:41:10.083 +01:00  INF  Request finished HTTP/2 GET https://localhost:7063/_framework/aspnetcore-browser-refresh.js - - - 200 11998 application/javascript;+charset=utf-8 1.8700ms
2023-02-28 16:41:10.098 +01:00  INF  Request finished HTTP/2 GET https://localhost:7063/_vs/browserLink - - - 200 - text/javascript;+charset=UTF-8 16.5554ms
2023-02-28 16:41:10.533 +01:00  INF  Request starting HTTP/2 GET https://localhost:7063/swagger/v1/swagger.json - -
2023-02-28 16:41:10.680 +01:00  INF  Request finished HTTP/2 GET https://localhost:7063/swagger/v1/swagger.json - - - 200 - application/json;charset=utf-8 147.4148ms
2023-02-28 16:41:22.136 +01:00  INF  Request starting HTTP/2 GET https://localhost:7063/api/user?id=2 - -
2023-02-28 16:41:22.181 +01:00  INF  Executing endpoint 'AngularAuthApi.Authentication.Controllers.AuthController.GetUserData (AngularAuthApi)'
2023-02-28 16:41:22.231 +01:00  INF  Route matched with {action = "GetUserData", controller = "Auth"}. Executing controller action with signature System.Threading.Tasks.Task`1[Microsoft.AspNetCore.Mvc.IActionResult] GetUserData(Int32) on controller AngularAuthApi.Authentication.Controllers.AuthController (AngularAuthApi).
2023-02-28 16:41:25.562 +01:00  INF  Executed DbCommand (15ms) [Parameters=[@__id_0='?' (DbType = Int32)], CommandType='"Text"', CommandTimeout='30']
SELECT `u`.`Id`, `u`.`Email`, `u`.`Name`, `u`.`Password`, `u`.`Salt`, `u`.`Token`
FROM `Users` AS `u`
WHERE `u`.`Id` = @__id_0
LIMIT 1
2023-02-28 16:41:25.768 +01:00  INF  Executed action AngularAuthApi.Authentication.Controllers.AuthController.GetUserData (AngularAuthApi) in 3520.9992ms
2023-02-28 16:41:25.770 +01:00  INF  Executed endpoint 'AngularAuthApi.Authentication.Controllers.AuthController.GetUserData (AngularAuthApi)'
2023-02-28 16:41:25.781 +01:00  ERR  An unhandled exception has occurred while executing the request.System.NullReferenceException: Object reference not set to an instance of an object.
   at AngularAuthApi.Authentication.Controllers.AuthController.GetUserData(Int32 id) in C:\GA\C# OOP\ZeroSigmaAuth\AngularAuthApi\Authentication\Controllers\AuthController.cs:line 131
   at Microsoft.AspNetCore.Mvc.Infrastructure.ActionMethodExecutor.TaskOfIActionResultExecutor.Execute(IActionResultTypeMapper mapper, ObjectMethodExecutor executor, Object controller, Object[] arguments)
   at Microsoft.AspNetCore.Mvc.Infrastructure.ControllerActionInvoker.<InvokeActionMethodAsync>g__Awaited|12_0(ControllerActionInvoker invoker, ValueTask`1 actionResultValueTask)
   at Microsoft.AspNetCore.Mvc.Infrastructure.ControllerActionInvoker.<InvokeNextActionFilterAsync>g__Awaited|10_0(ControllerActionInvoker invoker, Task lastTask, State next, Scope scope, Object state, Boolean isCompleted)
   at Microsoft.AspNetCore.Mvc.Infrastructure.ControllerActionInvoker.Rethrow(ActionExecutedContextSealed context)
   at Microsoft.AspNetCore.Mvc.Infrastructure.ControllerActionInvoker.Next(State& next, Scope& scope, Object& state, Boolean& isCompleted)
   at Microsoft.AspNetCore.Mvc.Infrastructure.ControllerActionInvoker.InvokeInnerFilterAsync()
--- End of stack trace from previous location ---
   at Microsoft.AspNetCore.Mvc.Infrastructure.ResourceInvoker.<InvokeFilterPipelineAsync>g__Awaited|20_0(ResourceInvoker invoker, Task lastTask, State next, Scope scope, Object state, Boolean isCompleted)
   at Microsoft.AspNetCore.Mvc.Infrastructure.ResourceInvoker.<InvokeAsync>g__Logged|17_1(ResourceInvoker invoker)
   at Microsoft.AspNetCore.Mvc.Infrastructure.ResourceInvoker.<InvokeAsync>g__Logged|17_1(ResourceInvoker invoker)
   at Microsoft.AspNetCore.Routing.EndpointMiddleware.<Invoke>g__AwaitRequestTask|6_0(Endpoint endpoint, Task requestTask, ILogger logger)
   at Microsoft.AspNetCore.Authorization.AuthorizationMiddleware.Invoke(HttpContext context)
   at Microsoft.AspNetCore.Authentication.AuthenticationMiddleware.Invoke(HttpContext context)
   at Swashbuckle.AspNetCore.SwaggerUI.SwaggerUIMiddleware.Invoke(HttpContext httpContext)
   at Swashbuckle.AspNetCore.Swagger.SwaggerMiddleware.Invoke(HttpContext httpContext, ISwaggerProvider swaggerProvider)
   at Microsoft.AspNetCore.Diagnostics.DeveloperExceptionPageMiddleware.Invoke(HttpContext context)

2023-02-28 16:41:25.867 +01:00  INF  Request finished HTTP/2 GET https://localhost:7063/api/user?id=2 - - - 500 - text/plain;+charset=utf-8 3731.5151ms
2023-02-28 16:42:42.513 +01:00  INF  User profile is available. Using 'C:\Users\yahia alioua\AppData\Local\ASP.NET\DataProtection-Keys' as key repository and Windows DPAPI to encrypt keys at rest.
2023-02-28 16:42:42.701 +01:00  INF  Now listening on: https://localhost:7063
2023-02-28 16:42:42.701 +01:00  INF  Now listening on: http://localhost:5174
2023-02-28 16:42:42.707 +01:00  INF  Application started. Press Ctrl+C to shut down.
2023-02-28 16:42:42.707 +01:00  INF  Hosting environment: Development
2023-02-28 16:42:42.707 +01:00  INF  Content root path: C:\GA\C# OOP\ZeroSigmaAuth\AngularAuthApi\
2023-02-28 16:42:43.033 +01:00  INF  Request starting HTTP/2 GET https://localhost:7063/swagger/index.html - -
2023-02-28 16:42:43.440 +01:00  INF  Request finished HTTP/2 GET https://localhost:7063/swagger/index.html - - - 200 - text/html;charset=utf-8 410.6191ms
2023-02-28 16:42:43.559 +01:00  INF  Request starting HTTP/2 GET https://localhost:7063/_vs/browserLink - -
2023-02-28 16:42:43.559 +01:00  INF  Request starting HTTP/2 GET https://localhost:7063/_framework/aspnetcore-browser-refresh.js - -
2023-02-28 16:42:43.562 +01:00  INF  Request finished HTTP/2 GET https://localhost:7063/_framework/aspnetcore-browser-refresh.js - - - 200 11998 application/javascript;+charset=utf-8 2.9485ms
2023-02-28 16:42:43.580 +01:00  INF  Request finished HTTP/2 GET https://localhost:7063/_vs/browserLink - - - 200 - text/javascript;+charset=UTF-8 21.0123ms
2023-02-28 16:42:43.793 +01:00  INF  Request starting HTTP/2 GET https://localhost:7063/swagger/v1/swagger.json - -
2023-02-28 16:42:43.932 +01:00  INF  Request finished HTTP/2 GET https://localhost:7063/swagger/v1/swagger.json - - - 200 - application/json;charset=utf-8 138.8537ms
2023-02-28 16:42:53.430 +01:00  INF  Request starting HTTP/2 GET https://localhost:7063/api/user?id=2 - -
2023-02-28 16:42:53.478 +01:00  INF  Executing endpoint 'AngularAuthApi.Authentication.Controllers.AuthController.GetUserData (AngularAuthApi)'
2023-02-28 16:42:53.530 +01:00  INF  Route matched with {action = "GetUserData", controller = "Auth"}. Executing controller action with signature System.Threading.Tasks.Task`1[Microsoft.AspNetCore.Mvc.IActionResult] GetUserData(Int32) on controller AngularAuthApi.Authentication.Controllers.AuthController (AngularAuthApi).
2023-02-28 16:42:56.295 +01:00  INF  Executed DbCommand (12ms) [Parameters=[@__id_0='?' (DbType = Int32)], CommandType='"Text"', CommandTimeout='30']
SELECT `u`.`Id`, `u`.`Email`, `u`.`Name`, `u`.`Password`, `u`.`Salt`, `u`.`Token`
FROM `Users` AS `u`
WHERE `u`.`Id` = @__id_0
LIMIT 1
2023-02-28 16:42:56.456 +01:00  INF  Executed action AngularAuthApi.Authentication.Controllers.AuthController.GetUserData (AngularAuthApi) in 2915.8535ms
2023-02-28 16:42:56.457 +01:00  INF  Executed endpoint 'AngularAuthApi.Authentication.Controllers.AuthController.GetUserData (AngularAuthApi)'
2023-02-28 16:42:56.468 +01:00  ERR  An unhandled exception has occurred while executing the request.System.NullReferenceException: Object reference not set to an instance of an object.
   at AngularAuthApi.Authentication.Controllers.AuthController.GetUserData(Int32 id) in C:\GA\C# OOP\ZeroSigmaAuth\AngularAuthApi\Authentication\Controllers\AuthController.cs:line 131
   at Microsoft.AspNetCore.Mvc.Infrastructure.ActionMethodExecutor.TaskOfIActionResultExecutor.Execute(IActionResultTypeMapper mapper, ObjectMethodExecutor executor, Object controller, Object[] arguments)
   at Microsoft.AspNetCore.Mvc.Infrastructure.ControllerActionInvoker.<InvokeActionMethodAsync>g__Awaited|12_0(ControllerActionInvoker invoker, ValueTask`1 actionResultValueTask)
   at Microsoft.AspNetCore.Mvc.Infrastructure.ControllerActionInvoker.<InvokeNextActionFilterAsync>g__Awaited|10_0(ControllerActionInvoker invoker, Task lastTask, State next, Scope scope, Object state, Boolean isCompleted)
   at Microsoft.AspNetCore.Mvc.Infrastructure.ControllerActionInvoker.Rethrow(ActionExecutedContextSealed context)
   at Microsoft.AspNetCore.Mvc.Infrastructure.ControllerActionInvoker.Next(State& next, Scope& scope, Object& state, Boolean& isCompleted)
   at Microsoft.AspNetCore.Mvc.Infrastructure.ControllerActionInvoker.InvokeInnerFilterAsync()
--- End of stack trace from previous location ---
   at Microsoft.AspNetCore.Mvc.Infrastructure.ResourceInvoker.<InvokeFilterPipelineAsync>g__Awaited|20_0(ResourceInvoker invoker, Task lastTask, State next, Scope scope, Object state, Boolean isCompleted)
   at Microsoft.AspNetCore.Mvc.Infrastructure.ResourceInvoker.<InvokeAsync>g__Logged|17_1(ResourceInvoker invoker)
   at Microsoft.AspNetCore.Mvc.Infrastructure.ResourceInvoker.<InvokeAsync>g__Logged|17_1(ResourceInvoker invoker)
   at Microsoft.AspNetCore.Routing.EndpointMiddleware.<Invoke>g__AwaitRequestTask|6_0(Endpoint endpoint, Task requestTask, ILogger logger)
   at Microsoft.AspNetCore.Authorization.AuthorizationMiddleware.Invoke(HttpContext context)
   at Microsoft.AspNetCore.Authentication.AuthenticationMiddleware.Invoke(HttpContext context)
   at Swashbuckle.AspNetCore.SwaggerUI.SwaggerUIMiddleware.Invoke(HttpContext httpContext)
   at Swashbuckle.AspNetCore.Swagger.SwaggerMiddleware.Invoke(HttpContext httpContext, ISwaggerProvider swaggerProvider)
   at Microsoft.AspNetCore.Diagnostics.DeveloperExceptionPageMiddleware.Invoke(HttpContext context)

2023-02-28 16:42:56.545 +01:00  INF  Request finished HTTP/2 GET https://localhost:7063/api/user?id=2 - - - 500 - text/plain;+charset=utf-8 3114.4947ms
2023-02-28 16:43:49.995 +01:00  INF  User profile is available. Using 'C:\Users\yahia alioua\AppData\Local\ASP.NET\DataProtection-Keys' as key repository and Windows DPAPI to encrypt keys at rest.
2023-02-28 16:43:50.208 +01:00  INF  Now listening on: https://localhost:7063
2023-02-28 16:43:50.208 +01:00  INF  Now listening on: http://localhost:5174
2023-02-28 16:43:50.213 +01:00  INF  Application started. Press Ctrl+C to shut down.
2023-02-28 16:43:50.213 +01:00  INF  Hosting environment: Development
2023-02-28 16:43:50.213 +01:00  INF  Content root path: C:\GA\C# OOP\ZeroSigmaAuth\AngularAuthApi\
2023-02-28 16:43:50.512 +01:00  INF  Request starting HTTP/2 GET https://localhost:7063/swagger/index.html - -
2023-02-28 16:43:50.880 +01:00  INF  Request finished HTTP/2 GET https://localhost:7063/swagger/index.html - - - 200 - text/html;charset=utf-8 375.7092ms
2023-02-28 16:43:50.992 +01:00  INF  Request starting HTTP/2 GET https://localhost:7063/_vs/browserLink - -
2023-02-28 16:43:50.992 +01:00  INF  Request starting HTTP/2 GET https://localhost:7063/_framework/aspnetcore-browser-refresh.js - -
2023-02-28 16:43:50.995 +01:00  INF  Request finished HTTP/2 GET https://localhost:7063/_framework/aspnetcore-browser-refresh.js - - - 200 11998 application/javascript;+charset=utf-8 3.0072ms
2023-02-28 16:43:51.018 +01:00  INF  Request finished HTTP/2 GET https://localhost:7063/_vs/browserLink - - - 200 - text/javascript;+charset=UTF-8 26.8708ms
2023-02-28 16:43:51.240 +01:00  INF  Request starting HTTP/2 GET https://localhost:7063/swagger/v1/swagger.json - -
2023-02-28 16:43:51.351 +01:00  INF  Request finished HTTP/2 GET https://localhost:7063/swagger/v1/swagger.json - - - 200 - application/json;charset=utf-8 111.2617ms
2023-02-28 16:44:11.573 +01:00  INF  Request starting HTTP/2 GET https://localhost:7063/api/user?id=2 - -
2023-02-28 16:44:11.649 +01:00  INF  Executing endpoint 'AngularAuthApi.Authentication.Controllers.AuthController.GetUserData (AngularAuthApi)'
2023-02-28 16:44:11.740 +01:00  INF  Route matched with {action = "GetUserData", controller = "Auth"}. Executing controller action with signature System.Threading.Tasks.Task`1[Microsoft.AspNetCore.Mvc.IActionResult] GetUserData(Int32) on controller AngularAuthApi.Authentication.Controllers.AuthController (AngularAuthApi).
2023-02-28 16:44:15.561 +01:00  INF  Executed DbCommand (17ms) [Parameters=[@__id_0='?' (DbType = Int32)], CommandType='"Text"', CommandTimeout='30']
SELECT `u`.`Id`, `u`.`Email`, `u`.`Name`, `u`.`Password`, `u`.`Salt`, `u`.`Token`
FROM `Users` AS `u`
WHERE `u`.`Id` = @__id_0
LIMIT 1
2023-02-28 16:44:15.766 +01:00  INF  Executed action AngularAuthApi.Authentication.Controllers.AuthController.GetUserData (AngularAuthApi) in 4009.5214ms
2023-02-28 16:44:15.767 +01:00  INF  Executed endpoint 'AngularAuthApi.Authentication.Controllers.AuthController.GetUserData (AngularAuthApi)'
2023-02-28 16:44:15.779 +01:00  ERR  An unhandled exception has occurred while executing the request.System.NullReferenceException: Object reference not set to an instance of an object.
   at AngularAuthApi.Authentication.Controllers.AuthController.GetUserData(Int32 id) in C:\GA\C# OOP\ZeroSigmaAuth\AngularAuthApi\Authentication\Controllers\AuthController.cs:line 131
   at Microsoft.AspNetCore.Mvc.Infrastructure.ActionMethodExecutor.TaskOfIActionResultExecutor.Execute(IActionResultTypeMapper mapper, ObjectMethodExecutor executor, Object controller, Object[] arguments)
   at Microsoft.AspNetCore.Mvc.Infrastructure.ControllerActionInvoker.<InvokeActionMethodAsync>g__Awaited|12_0(ControllerActionInvoker invoker, ValueTask`1 actionResultValueTask)
   at Microsoft.AspNetCore.Mvc.Infrastructure.ControllerActionInvoker.<InvokeNextActionFilterAsync>g__Awaited|10_0(ControllerActionInvoker invoker, Task lastTask, State next, Scope scope, Object state, Boolean isCompleted)
   at Microsoft.AspNetCore.Mvc.Infrastructure.ControllerActionInvoker.Rethrow(ActionExecutedContextSealed context)
   at Microsoft.AspNetCore.Mvc.Infrastructure.ControllerActionInvoker.Next(State& next, Scope& scope, Object& state, Boolean& isCompleted)
   at Microsoft.AspNetCore.Mvc.Infrastructure.ControllerActionInvoker.InvokeInnerFilterAsync()
--- End of stack trace from previous location ---
   at Microsoft.AspNetCore.Mvc.Infrastructure.ResourceInvoker.<InvokeFilterPipelineAsync>g__Awaited|20_0(ResourceInvoker invoker, Task lastTask, State next, Scope scope, Object state, Boolean isCompleted)
   at Microsoft.AspNetCore.Mvc.Infrastructure.ResourceInvoker.<InvokeAsync>g__Logged|17_1(ResourceInvoker invoker)
   at Microsoft.AspNetCore.Mvc.Infrastructure.ResourceInvoker.<InvokeAsync>g__Logged|17_1(ResourceInvoker invoker)
   at Microsoft.AspNetCore.Routing.EndpointMiddleware.<Invoke>g__AwaitRequestTask|6_0(Endpoint endpoint, Task requestTask, ILogger logger)
   at Microsoft.AspNetCore.Authorization.AuthorizationMiddleware.Invoke(HttpContext context)
   at Microsoft.AspNetCore.Authentication.AuthenticationMiddleware.Invoke(HttpContext context)
   at Swashbuckle.AspNetCore.SwaggerUI.SwaggerUIMiddleware.Invoke(HttpContext httpContext)
   at Swashbuckle.AspNetCore.Swagger.SwaggerMiddleware.Invoke(HttpContext httpContext, ISwaggerProvider swaggerProvider)
   at Microsoft.AspNetCore.Diagnostics.DeveloperExceptionPageMiddleware.Invoke(HttpContext context)

2023-02-28 16:44:15.859 +01:00  INF  Request finished HTTP/2 GET https://localhost:7063/api/user?id=2 - - - 500 - text/plain;+charset=utf-8 4286.2475ms
2023-02-28 19:10:01.366 +01:00  INF  User profile is available. Using 'C:\Users\yahia alioua\AppData\Local\ASP.NET\DataProtection-Keys' as key repository and Windows DPAPI to encrypt keys at rest.
2023-02-28 19:10:01.626 +01:00  INF  Now listening on: https://localhost:7063
2023-02-28 19:10:01.626 +01:00  INF  Now listening on: http://localhost:5174
2023-02-28 19:10:01.631 +01:00  INF  Application started. Press Ctrl+C to shut down.
2023-02-28 19:10:01.631 +01:00  INF  Hosting environment: Development
2023-02-28 19:10:01.631 +01:00  INF  Content root path: C:\GA\C# OOP\ZeroSigmaAuth\AngularAuthApi\
2023-02-28 19:10:02.545 +01:00  INF  Request starting HTTP/2 GET https://localhost:7063/swagger/index.html - -
2023-02-28 19:10:03.079 +01:00  INF  Request finished HTTP/2 GET https://localhost:7063/swagger/index.html - - - 200 - text/html;charset=utf-8 558.4676ms
2023-02-28 19:10:03.203 +01:00  INF  Request starting HTTP/2 GET https://localhost:7063/_framework/aspnetcore-browser-refresh.js - -
2023-02-28 19:10:03.203 +01:00  INF  Request starting HTTP/2 GET https://localhost:7063/_vs/browserLink - -
2023-02-28 19:10:03.205 +01:00  INF  Request finished HTTP/2 GET https://localhost:7063/_framework/aspnetcore-browser-refresh.js - - - 200 11998 application/javascript;+charset=utf-8 2.1274ms
2023-02-28 19:10:03.227 +01:00  INF  Request finished HTTP/2 GET https://localhost:7063/_vs/browserLink - - - 200 - text/javascript;+charset=UTF-8 23.6448ms
2023-02-28 19:10:03.387 +01:00  INF  Request starting HTTP/2 GET https://localhost:7063/swagger/v1/swagger.json - -
2023-02-28 19:10:03.535 +01:00  INF  Request finished HTTP/2 GET https://localhost:7063/swagger/v1/swagger.json - - - 200 - application/json;charset=utf-8 148.7231ms
2023-02-28 19:10:29.671 +01:00  INF  User profile is available. Using 'C:\Users\yahia alioua\AppData\Local\ASP.NET\DataProtection-Keys' as key repository and Windows DPAPI to encrypt keys at rest.
2023-02-28 19:10:30.131 +01:00  INF  Now listening on: https://localhost:7063
2023-02-28 19:10:30.131 +01:00  INF  Now listening on: http://localhost:5174
2023-02-28 19:10:30.137 +01:00  INF  Application started. Press Ctrl+C to shut down.
2023-02-28 19:10:30.138 +01:00  INF  Hosting environment: Development
2023-02-28 19:10:30.138 +01:00  INF  Content root path: C:\GA\C# OOP\ZeroSigmaAuth\AngularAuthApi\
2023-02-28 19:10:30.999 +01:00  INF  Request starting HTTP/2 GET https://localhost:7063/swagger/index.html - -
2023-02-28 19:10:31.727 +01:00  INF  Request finished HTTP/2 GET https://localhost:7063/swagger/index.html - - - 200 - text/html;charset=utf-8 734.8305ms
2023-02-28 19:10:31.833 +01:00  INF  Request starting HTTP/2 GET https://localhost:7063/_framework/aspnetcore-browser-refresh.js - -
2023-02-28 19:10:31.837 +01:00  INF  Request starting HTTP/2 GET https://localhost:7063/_vs/browserLink - -
2023-02-28 19:10:31.843 +01:00  INF  Request finished HTTP/2 GET https://localhost:7063/_framework/aspnetcore-browser-refresh.js - - - 200 11998 application/javascript;+charset=utf-8 10.6720ms
2023-02-28 19:10:31.921 +01:00  INF  Request finished HTTP/2 GET https://localhost:7063/_vs/browserLink - - - 200 - text/javascript;+charset=UTF-8 84.0079ms
2023-02-28 19:10:32.049 +01:00  INF  Request starting HTTP/2 GET https://localhost:7063/swagger/v1/swagger.json - -
2023-02-28 19:10:32.274 +01:00  INF  Request finished HTTP/2 GET https://localhost:7063/swagger/v1/swagger.json - - - 200 - application/json;charset=utf-8 224.6167ms
2023-02-28 19:10:40.120 +01:00  INF  Request starting HTTP/2 GET https://localhost:7063/api/user?id=2 - -
2023-02-28 19:10:40.361 +01:00  INF  Executing endpoint 'AngularAuthApi.Authentication.Controllers.AuthController.GetUserData (AngularAuthApi)'
2023-02-28 19:10:40.472 +01:00  INF  Route matched with {action = "GetUserData", controller = "Auth"}. Executing controller action with signature System.Threading.Tasks.Task`1[Microsoft.AspNetCore.Mvc.IActionResult] GetUserData(Int32) on controller AngularAuthApi.Authentication.Controllers.AuthController (AngularAuthApi).
2023-02-28 19:10:46.935 +01:00  INF  Executed DbCommand (17ms) [Parameters=[@__id_0='?' (DbType = Int32)], CommandType='"Text"', CommandTimeout='30']
SELECT `u`.`Id`, `u`.`Email`, `u`.`Name`, `u`.`Password`, `u`.`Salt`, `u`.`Token`
FROM `Users` AS `u`
WHERE `u`.`Id` = @__id_0
LIMIT 1
2023-02-28 19:13:56.854 +01:00  INF  User profile is available. Using 'C:\Users\yahia alioua\AppData\Local\ASP.NET\DataProtection-Keys' as key repository and Windows DPAPI to encrypt keys at rest.
2023-02-28 19:13:57.081 +01:00  INF  Now listening on: https://localhost:7063
2023-02-28 19:13:57.081 +01:00  INF  Now listening on: http://localhost:5174
2023-02-28 19:13:57.084 +01:00  INF  Application started. Press Ctrl+C to shut down.
2023-02-28 19:13:57.084 +01:00  INF  Hosting environment: Development
2023-02-28 19:13:57.084 +01:00  INF  Content root path: C:\GA\C# OOP\ZeroSigmaAuth\AngularAuthApi\
2023-02-28 19:13:58.126 +01:00  INF  Request starting HTTP/2 GET https://localhost:7063/swagger/index.html - -
2023-02-28 19:13:58.564 +01:00  INF  Request finished HTTP/2 GET https://localhost:7063/swagger/index.html - - - 200 - text/html;charset=utf-8 443.5768ms
2023-02-28 19:13:58.647 +01:00  INF  Request starting HTTP/2 GET https://localhost:7063/_framework/aspnetcore-browser-refresh.js - -
2023-02-28 19:13:58.652 +01:00  INF  Request finished HTTP/2 GET https://localhost:7063/_framework/aspnetcore-browser-refresh.js - - - 200 11998 application/javascript;+charset=utf-8 5.2593ms
2023-02-28 19:13:58.667 +01:00  INF  Request starting HTTP/2 GET https://localhost:7063/_vs/browserLink - -
2023-02-28 19:13:58.691 +01:00  INF  Request finished HTTP/2 GET https://localhost:7063/_vs/browserLink - - - 200 - text/javascript;+charset=UTF-8 23.3176ms
2023-02-28 19:13:58.852 +01:00  INF  Request starting HTTP/2 GET https://localhost:7063/swagger/v1/swagger.json - -
2023-02-28 19:13:59.000 +01:00  INF  Request finished HTTP/2 GET https://localhost:7063/swagger/v1/swagger.json - - - 200 - application/json;charset=utf-8 147.3651ms
2023-02-28 19:14:41.043 +01:00  INF  Request starting HTTP/2 POST https://localhost:7063/api/user/Register application/json 82
2023-02-28 19:14:41.058 +01:00  INF  CORS policy execution successful.
2023-02-28 19:14:41.112 +01:00  INF  Executing endpoint 'AngularAuthApi.Authentication.Controllers.AuthController.RegisterUser (AngularAuthApi)'
2023-02-28 19:14:41.186 +01:00  INF  Route matched with {action = "RegisterUser", controller = "Auth"}. Executing controller action with signature System.Threading.Tasks.Task`1[Microsoft.AspNetCore.Mvc.IActionResult] RegisterUser(AngularAuthApi.Entities.Requests.SignUpRequest) on controller AngularAuthApi.Authentication.Controllers.AuthController (AngularAuthApi).
2023-02-28 19:14:44.048 +01:00  INF  Executed DbCommand (13ms) [Parameters=[@__userEmail_0='?' (Size = 100)], CommandType='"Text"', CommandTimeout='30']
SELECT EXISTS (
    SELECT 1
    FROM `Users` AS `u`
    WHERE `u`.`Email` = @__userEmail_0)
2023-02-28 19:14:44.610 +01:00  INF  Executed action AngularAuthApi.Authentication.Controllers.AuthController.RegisterUser (AngularAuthApi) in 3417.8671ms
2023-02-28 19:14:44.611 +01:00  INF  Executed endpoint 'AngularAuthApi.Authentication.Controllers.AuthController.RegisterUser (AngularAuthApi)'
2023-02-28 19:14:44.611 +01:00  ERR  An unhandled exception has occurred while executing the request.System.NullReferenceException: Object reference not set to an instance of an object.
   at AngularAuthApi.Authentication.Repositories.UserRepository.RegisterUser(User user) in C:\GA\C# OOP\ZeroSigmaAuth\AngularAuthApi\Authentication\Repositories\UserRepository.cs:line 33
   at AngularAuthApi.Authentication.Controllers.AuthController.RegisterUser(SignUpRequest user) in C:\GA\C# OOP\ZeroSigmaAuth\AngularAuthApi\Authentication\Controllers\AuthController.cs:line 60
   at Microsoft.AspNetCore.Mvc.Infrastructure.ActionMethodExecutor.TaskOfIActionResultExecutor.Execute(IActionResultTypeMapper mapper, ObjectMethodExecutor executor, Object controller, Object[] arguments)
   at Microsoft.AspNetCore.Mvc.Infrastructure.ControllerActionInvoker.<InvokeActionMethodAsync>g__Awaited|12_0(ControllerActionInvoker invoker, ValueTask`1 actionResultValueTask)
   at Microsoft.AspNetCore.Mvc.Infrastructure.ControllerActionInvoker.<InvokeNextActionFilterAsync>g__Awaited|10_0(ControllerActionInvoker invoker, Task lastTask, State next, Scope scope, Object state, Boolean isCompleted)
   at Microsoft.AspNetCore.Mvc.Infrastructure.ControllerActionInvoker.Rethrow(ActionExecutedContextSealed context)
   at Microsoft.AspNetCore.Mvc.Infrastructure.ControllerActionInvoker.Next(State& next, Scope& scope, Object& state, Boolean& isCompleted)
   at Microsoft.AspNetCore.Mvc.Infrastructure.ControllerActionInvoker.InvokeInnerFilterAsync()
--- End of stack trace from previous location ---
   at Microsoft.AspNetCore.Mvc.Infrastructure.ResourceInvoker.<InvokeFilterPipelineAsync>g__Awaited|20_0(ResourceInvoker invoker, Task lastTask, State next, Scope scope, Object state, Boolean isCompleted)
   at Microsoft.AspNetCore.Mvc.Infrastructure.ResourceInvoker.<InvokeAsync>g__Logged|17_1(ResourceInvoker invoker)
   at Microsoft.AspNetCore.Mvc.Infrastructure.ResourceInvoker.<InvokeAsync>g__Logged|17_1(ResourceInvoker invoker)
   at Microsoft.AspNetCore.Routing.EndpointMiddleware.<Invoke>g__AwaitRequestTask|6_0(Endpoint endpoint, Task requestTask, ILogger logger)
   at Microsoft.AspNetCore.Authorization.AuthorizationMiddleware.Invoke(HttpContext context)
   at Microsoft.AspNetCore.Authentication.AuthenticationMiddleware.Invoke(HttpContext context)
   at Swashbuckle.AspNetCore.SwaggerUI.SwaggerUIMiddleware.Invoke(HttpContext httpContext)
   at Swashbuckle.AspNetCore.Swagger.SwaggerMiddleware.Invoke(HttpContext httpContext, ISwaggerProvider swaggerProvider)
   at Microsoft.AspNetCore.Diagnostics.DeveloperExceptionPageMiddleware.Invoke(HttpContext context)

2023-02-28 19:14:44.678 +01:00  INF  Request finished HTTP/2 POST https://localhost:7063/api/user/Register application/json 82 - 500 - text/plain;+charset=utf-8 3634.5347ms
2023-02-28 19:30:20.630 +01:00  INF  User profile is available. Using 'C:\Users\yahia alioua\AppData\Local\ASP.NET\DataProtection-Keys' as key repository and Windows DPAPI to encrypt keys at rest.
2023-02-28 19:30:20.784 +01:00  INF  Now listening on: https://localhost:7063
2023-02-28 19:30:20.784 +01:00  INF  Now listening on: http://localhost:5174
2023-02-28 19:30:20.788 +01:00  INF  Application started. Press Ctrl+C to shut down.
2023-02-28 19:30:20.789 +01:00  INF  Hosting environment: Development
2023-02-28 19:30:20.789 +01:00  INF  Content root path: C:\GA\C# OOP\ZeroSigmaAuth\AngularAuthApi\
2023-02-28 19:30:21.059 +01:00  INF  Request starting HTTP/2 GET https://localhost:7063/swagger/index.html - -
2023-02-28 19:30:21.435 +01:00  INF  Request finished HTTP/2 GET https://localhost:7063/swagger/index.html - - - 200 - text/html;charset=utf-8 381.7051ms
2023-02-28 19:30:21.502 +01:00  INF  Request starting HTTP/2 GET https://localhost:7063/_framework/aspnetcore-browser-refresh.js - -
2023-02-28 19:30:21.502 +01:00  INF  Request starting HTTP/2 GET https://localhost:7063/_vs/browserLink - -
2023-02-28 19:30:21.504 +01:00  INF  Request finished HTTP/2 GET https://localhost:7063/_framework/aspnetcore-browser-refresh.js - - - 200 11998 application/javascript;+charset=utf-8 1.9826ms
2023-02-28 19:30:21.519 +01:00  INF  Request finished HTTP/2 GET https://localhost:7063/_vs/browserLink - - - 200 - text/javascript;+charset=UTF-8 17.2773ms
2023-02-28 19:30:21.830 +01:00  INF  Request starting HTTP/2 GET https://localhost:7063/swagger/v1/swagger.json - -
2023-02-28 19:30:22.000 +01:00  INF  Request finished HTTP/2 GET https://localhost:7063/swagger/v1/swagger.json - - - 200 - application/json;charset=utf-8 170.2768ms
2023-02-28 19:31:01.472 +01:00  INF  User profile is available. Using 'C:\Users\yahia alioua\AppData\Local\ASP.NET\DataProtection-Keys' as key repository and Windows DPAPI to encrypt keys at rest.
2023-02-28 19:31:01.655 +01:00  INF  Now listening on: https://localhost:7063
2023-02-28 19:31:01.655 +01:00  INF  Now listening on: http://localhost:5174
2023-02-28 19:31:01.659 +01:00  INF  Application started. Press Ctrl+C to shut down.
2023-02-28 19:31:01.659 +01:00  INF  Hosting environment: Development
2023-02-28 19:31:01.659 +01:00  INF  Content root path: C:\GA\C# OOP\ZeroSigmaAuth\AngularAuthApi\
2023-02-28 19:31:02.033 +01:00  INF  Request starting HTTP/2 GET https://localhost:7063/swagger/index.html - -
2023-02-28 19:31:02.304 +01:00  INF  Request finished HTTP/2 GET https://localhost:7063/swagger/index.html - - - 200 - text/html;charset=utf-8 277.8027ms
2023-02-28 19:31:02.382 +01:00  INF  Request starting HTTP/2 GET https://localhost:7063/_framework/aspnetcore-browser-refresh.js - -
2023-02-28 19:31:02.382 +01:00  INF  Request starting HTTP/2 GET https://localhost:7063/_vs/browserLink - -
2023-02-28 19:31:02.385 +01:00  INF  Request finished HTTP/2 GET https://localhost:7063/_framework/aspnetcore-browser-refresh.js - - - 200 11998 application/javascript;+charset=utf-8 3.5800ms
2023-02-28 19:31:02.405 +01:00  INF  Request finished HTTP/2 GET https://localhost:7063/_vs/browserLink - - - 200 - text/javascript;+charset=UTF-8 23.7762ms
2023-02-28 19:31:02.771 +01:00  INF  Request starting HTTP/2 GET https://localhost:7063/swagger/v1/swagger.json - -
2023-02-28 19:31:02.932 +01:00  INF  Request finished HTTP/2 GET https://localhost:7063/swagger/v1/swagger.json - - - 200 - application/json;charset=utf-8 161.2811ms
