2023-02-28 11:44:17.808 +01:00  INF  User profile is available. Using 'C:\Users\yahia alioua\AppData\Local\ASP.NET\DataProtection-Keys' as key repository and Windows DPAPI to encrypt keys at rest.
2023-02-28 11:44:18.130 +01:00  INF  Now listening on: https://localhost:7063
2023-02-28 11:44:18.130 +01:00  INF  Now listening on: http://localhost:5174
2023-02-28 11:44:18.135 +01:00  INF  Application started. Press Ctrl+C to shut down.
2023-02-28 11:44:18.136 +01:00  INF  Hosting environment: Development
2023-02-28 11:44:18.136 +01:00  INF  Content root path: C:\GA\C# OOP\ZeroSigmaAuth\AngularAuthApi\
2023-02-28 11:47:00.391 +01:00  INF  User profile is available. Using 'C:\Users\yahia alioua\AppData\Local\ASP.NET\DataProtection-Keys' as key repository and Windows DPAPI to encrypt keys at rest.
2023-02-28 11:47:00.575 +01:00  INF  Now listening on: https://localhost:7063
2023-02-28 11:47:00.575 +01:00  INF  Now listening on: http://localhost:5174
2023-02-28 11:47:00.579 +01:00  INF  Application started. Press Ctrl+C to shut down.
2023-02-28 11:47:00.579 +01:00  INF  Hosting environment: Development
2023-02-28 11:47:00.579 +01:00  INF  Content root path: C:\GA\C# OOP\ZeroSigmaAuth\AngularAuthApi\
2023-02-28 12:15:54.967 +01:00  INF  Executed DbCommand (8ms) [Parameters=[], CommandType='"Text"', CommandTimeout='30']
CREATE DATABASE `zerosigmaauthdb`
2023-02-28 12:15:55.209 +01:00  INF  Executed DbCommand (26ms) [Parameters=[], CommandType='"Text"', CommandTimeout='30']
CREATE TABLE `__EFMigrationsHistory` (
    `MigrationId` varchar(150) NOT NULL,
    `ProductVersion` varchar(32) NOT NULL,
    PRIMARY KEY (`MigrationId`)
);
2023-02-28 12:15:55.219 +01:00  INF  Executed DbCommand (3ms) [Parameters=[], CommandType='"Text"', CommandTimeout='30']
SELECT 1 FROM INFORMATION_SCHEMA.TABLES WHERE TABLE_SCHEMA='zerosigmaauthdb' AND TABLE_NAME='__EFMigrationsHistory';
2023-02-28 12:15:55.225 +01:00  INF  Executed DbCommand (3ms) [Parameters=[], CommandType='"Text"', CommandTimeout='30']
SELECT `MigrationId`, `ProductVersion`
FROM `__EFMigrationsHistory`
ORDER BY `MigrationId`;
2023-02-28 12:15:55.250 +01:00  INF  Applying migration '20230228111351_initial'.
2023-02-28 12:15:55.355 +01:00  INF  Executed DbCommand (14ms) [Parameters=[], CommandType='"Text"', CommandTimeout='30']
CREATE TABLE `Users` (
    `Id` int NOT NULL AUTO_INCREMENT,
    `Name` varchar(50) NOT NULL,
    `Email` varchar(100) NOT NULL,
    `Password` varchar(128) NOT NULL,
    `Token` varchar(500) NULL,
    `Salt` varbinary(128) NULL,
    PRIMARY KEY (`Id`)
);
2023-02-28 12:15:55.396 +01:00  INF  Executed DbCommand (41ms) [Parameters=[], CommandType='"Text"', CommandTimeout='30']
CREATE TABLE `Auth` (
    `Id` int NOT NULL,
    `RefreshToken` varchar(500) NULL,
    `ExpiredDate` datetime(6) NULL,
    `IssuedDate` datetime(6) NULL,
    `IsExpired` tinyint(10) NOT NULL,
    `IsActive` tinyint(10) NOT NULL,
    `UserId` int NOT NULL,
    PRIMARY KEY (`Id`),
    CONSTRAINT `FK_Auth_Users_Id` FOREIGN KEY (`Id`) REFERENCES `Users` (`Id`) ON DELETE CASCADE,
    CONSTRAINT `FK_Auth_Users_UserId` FOREIGN KEY (`UserId`) REFERENCES `Users` (`Id`) ON DELETE CASCADE
);
2023-02-28 12:15:55.439 +01:00  INF  Executed DbCommand (43ms) [Parameters=[], CommandType='"Text"', CommandTimeout='30']
CREATE TABLE `UserInfo` (
    `Id` int NOT NULL,
    `Name` varchar(50) NULL,
    `Email` varchar(100) NULL,
    `Linkedin` varchar(100) NULL,
    `Facebook` varchar(100) NULL,
    `YouTube` varchar(100) NULL,
    `Website` varchar(50) NULL,
    `AboutMe` varchar(200) NULL,
    `UserId` int NOT NULL,
    PRIMARY KEY (`Id`),
    CONSTRAINT `FK_UserInfo_Users_Id` FOREIGN KEY (`Id`) REFERENCES `Users` (`Id`) ON DELETE CASCADE,
    CONSTRAINT `FK_UserInfo_Users_UserId` FOREIGN KEY (`UserId`) REFERENCES `Users` (`Id`) ON DELETE CASCADE
);
2023-02-28 12:15:55.537 +01:00  INF  Executed DbCommand (97ms) [Parameters=[], CommandType='"Text"', CommandTimeout='30']
CREATE INDEX `IX_Auth_UserId` ON `Auth` (`UserId`);
2023-02-28 12:15:55.595 +01:00  INF  Executed DbCommand (42ms) [Parameters=[], CommandType='"Text"', CommandTimeout='30']
CREATE INDEX `IX_UserInfo_UserId` ON `UserInfo` (`UserId`);
2023-02-28 12:15:55.600 +01:00  INF  Executed DbCommand (4ms) [Parameters=[], CommandType='"Text"', CommandTimeout='30']
INSERT INTO `__EFMigrationsHistory` (`MigrationId`, `ProductVersion`)
VALUES ('20230228111351_initial', '7.0.3');
2023-02-28 12:18:35.657 +01:00  INF  User profile is available. Using 'C:\Users\yahia alioua\AppData\Local\ASP.NET\DataProtection-Keys' as key repository and Windows DPAPI to encrypt keys at rest.
2023-02-28 12:18:35.849 +01:00  INF  Now listening on: https://localhost:7063
2023-02-28 12:18:35.849 +01:00  INF  Now listening on: http://localhost:5174
2023-02-28 12:18:35.855 +01:00  INF  Application started. Press Ctrl+C to shut down.
2023-02-28 12:18:35.855 +01:00  INF  Hosting environment: Development
2023-02-28 12:18:35.855 +01:00  INF  Content root path: C:\GA\C# OOP\ZeroSigmaAuth\AngularAuthApi\
2023-02-28 12:18:37.077 +01:00  INF  Request starting HTTP/2 GET https://localhost:7063/swagger/index.html - -
2023-02-28 12:18:37.829 +01:00  INF  Request finished HTTP/2 GET https://localhost:7063/swagger/index.html - - - 200 - text/html;charset=utf-8 784.5838ms
2023-02-28 12:18:38.005 +01:00  INF  Request starting HTTP/2 GET https://localhost:7063/_framework/aspnetcore-browser-refresh.js - -
2023-02-28 12:18:38.005 +01:00  INF  Request starting HTTP/2 GET https://localhost:7063/_vs/browserLink - -
2023-02-28 12:18:38.008 +01:00  INF  Request finished HTTP/2 GET https://localhost:7063/_framework/aspnetcore-browser-refresh.js - - - 200 11998 application/javascript;+charset=utf-8 3.3213ms
2023-02-28 12:18:38.052 +01:00  INF  Request finished HTTP/2 GET https://localhost:7063/_vs/browserLink - - - 200 - text/javascript;+charset=UTF-8 47.6916ms
2023-02-28 12:18:38.260 +01:00  INF  Request starting HTTP/2 GET https://localhost:7063/swagger/v1/swagger.json - -
2023-02-28 12:18:38.438 +01:00  INF  Request finished HTTP/2 GET https://localhost:7063/swagger/v1/swagger.json - - - 200 - application/json;charset=utf-8 177.4445ms
2023-02-28 12:19:18.632 +01:00  INF  Request starting HTTP/2 POST https://localhost:7063/api/user/Register application/json 82
2023-02-28 12:19:18.662 +01:00  INF  CORS policy execution successful.
2023-02-28 12:19:18.751 +01:00  INF  Executing endpoint 'AngularAuthApi.Authentication.Controllers.AuthController.RegisterUser (AngularAuthApi)'
2023-02-28 12:19:18.858 +01:00  INF  Route matched with {action = "RegisterUser", controller = "Auth"}. Executing controller action with signature System.Threading.Tasks.Task`1[Microsoft.AspNetCore.Mvc.IActionResult] RegisterUser(AngularAuthApi.Entities.Requests.SignUpRequest) on controller AngularAuthApi.Authentication.Controllers.AuthController (AngularAuthApi).
2023-02-28 12:19:22.975 +01:00  INF  Executed DbCommand (52ms) [Parameters=[@__userEmail_0='?' (Size = 100)], CommandType='"Text"', CommandTimeout='30']
SELECT EXISTS (
    SELECT 1
    FROM `Users` AS `u`
    WHERE `u`.`Email` = @__userEmail_0)
2023-02-28 12:19:24.621 +01:00  INF  Executed DbCommand (17ms) [Parameters=[@p0='?' (Size = 100), @p1='?' (Size = 50), @p2='?' (Size = 128), @p3='?' (Size = 128) (DbType = Binary), @p4='?' (Size = 500)], CommandType='"Text"', CommandTimeout='30']
INSERT INTO `Users` (`Email`, `Name`, `Password`, `Salt`, `Token`)
VALUES (@p0, @p1, @p2, @p3, @p4);
SELECT `Id`
FROM `Users`
WHERE ROW_COUNT() = 1 AND `Id` = LAST_INSERT_ID();
2023-02-28 12:19:24.702 +01:00  ERR  Failed executing DbCommand (11ms) [Parameters=[@p5='?' (DbType = Int32), @p6='?' (DbType = DateTime), @p7='?' (DbType = SByte), @p8='?' (DbType = SByte), @p9='?' (DbType = DateTime), @p10='?' (Size = 500), @p11='?' (DbType = Int32), @p12='?' (DbType = Int32), @p13='?' (Size = 200), @p14='?' (Size = 100), @p15='?' (Size = 100), @p16='?' (Size = 100), @p17='?' (Size = 50), @p18='?' (DbType = Int32), @p19='?' (Size = 50), @p20='?' (Size = 100)], CommandType='"Text"', CommandTimeout='30']
INSERT INTO `Auth` (`Id`, `ExpiredDate`, `IsActive`, `IsExpired`, `IssuedDate`, `RefreshToken`, `UserId`)
VALUES (@p5, @p6, @p7, @p8, @p9, @p10, @p11);
INSERT INTO `UserInfo` (`Id`, `AboutMe`, `Email`, `Facebook`, `Linkedin`, `Name`, `UserId`, `Website`, `YouTube`)
VALUES (@p12, @p13, @p14, @p15, @p16, @p17, @p18, @p19, @p20);
2023-02-28 12:19:24.772 +01:00  ERR  An exception occurred in the database while saving changes for context type 'AngularAuthApi.Data_Access.UserDbContext'.
Microsoft.EntityFrameworkCore.DbUpdateException: Could not save changes. Please configure your entity type accordingly.
 ---> MySql.Data.MySqlClient.MySqlException (0x80004005): Cannot add or update a child row: a foreign key constraint fails (`zerosigmaauthdb`.`auth`, CONSTRAINT `FK_Auth_Users_UserId` FOREIGN KEY (`UserId`) REFERENCES `users` (`Id`) ON DELETE CASCADE)
   at MySql.Data.MySqlClient.MySqlStream.ReadPacket()
   at MySql.Data.MySqlClient.NativeDriver.GetResult(Int32& affectedRow, Int64& insertedId)
   at MySql.Data.MySqlClient.Driver.GetResult(Int32 statementId, Int32& affectedRows, Int64& insertedId)
   at MySql.Data.MySqlClient.Driver.NextResult(Int32 statementId, Boolean force)
   at MySql.Data.MySqlClient.MySqlDataReader.NextResult()
   at MySql.Data.MySqlClient.MySqlCommand.ExecuteReader(CommandBehavior behavior)
   at MySql.Data.MySqlClient.MySqlCommand.ExecuteDbDataReader(CommandBehavior behavior)
   at System.Data.Common.DbCommand.ExecuteDbDataReaderAsync(CommandBehavior behavior, CancellationToken cancellationToken)
--- End of stack trace from previous location ---
   at Microsoft.EntityFrameworkCore.Storage.RelationalCommand.ExecuteReaderAsync(RelationalCommandParameterObject parameterObject, CancellationToken cancellationToken)
   at Microsoft.EntityFrameworkCore.Storage.RelationalCommand.ExecuteReaderAsync(RelationalCommandParameterObject parameterObject, CancellationToken cancellationToken)
   at Microsoft.EntityFrameworkCore.Update.ReaderModificationCommandBatch.ExecuteAsync(IRelationalConnection connection, CancellationToken cancellationToken)
   --- End of inner exception stack trace ---
   at MySql.EntityFrameworkCore.Update.MySQLModificationCommandBatch.ExecuteAsync(IRelationalConnection connection, CancellationToken cancellationToken)
   at Microsoft.EntityFrameworkCore.Update.Internal.BatchExecutor.ExecuteAsync(IEnumerable`1 commandBatches, IRelationalConnection connection, CancellationToken cancellationToken)
   at Microsoft.EntityFrameworkCore.Update.Internal.BatchExecutor.ExecuteAsync(IEnumerable`1 commandBatches, IRelationalConnection connection, CancellationToken cancellationToken)
   at Microsoft.EntityFrameworkCore.Update.Internal.BatchExecutor.ExecuteAsync(IEnumerable`1 commandBatches, IRelationalConnection connection, CancellationToken cancellationToken)
   at Microsoft.EntityFrameworkCore.ChangeTracking.Internal.StateManager.SaveChangesAsync(IList`1 entriesToSave, CancellationToken cancellationToken)
   at Microsoft.EntityFrameworkCore.ChangeTracking.Internal.StateManager.SaveChangesAsync(StateManager stateManager, Boolean acceptAllChangesOnSuccess, CancellationToken cancellationToken)
   at MySql.EntityFrameworkCore.Storage.Internal.MySQLExecutionStrategy.ExecuteAsync[TState,TResult](TState state, Func`4 operation, Func`4 verifySucceeded, CancellationToken cancellationToken)
   at Microsoft.EntityFrameworkCore.DbContext.SaveChangesAsync(Boolean acceptAllChangesOnSuccess, CancellationToken cancellationToken)Microsoft.EntityFrameworkCore.DbUpdateException: Could not save changes. Please configure your entity type accordingly.
 ---> MySql.Data.MySqlClient.MySqlException (0x80004005): Cannot add or update a child row: a foreign key constraint fails (`zerosigmaauthdb`.`auth`, CONSTRAINT `FK_Auth_Users_UserId` FOREIGN KEY (`UserId`) REFERENCES `users` (`Id`) ON DELETE CASCADE)
   at MySql.Data.MySqlClient.MySqlStream.ReadPacket()
   at MySql.Data.MySqlClient.NativeDriver.GetResult(Int32& affectedRow, Int64& insertedId)
   at MySql.Data.MySqlClient.Driver.GetResult(Int32 statementId, Int32& affectedRows, Int64& insertedId)
   at MySql.Data.MySqlClient.Driver.NextResult(Int32 statementId, Boolean force)
   at MySql.Data.MySqlClient.MySqlDataReader.NextResult()
   at MySql.Data.MySqlClient.MySqlCommand.ExecuteReader(CommandBehavior behavior)
   at MySql.Data.MySqlClient.MySqlCommand.ExecuteDbDataReader(CommandBehavior behavior)
   at System.Data.Common.DbCommand.ExecuteDbDataReaderAsync(CommandBehavior behavior, CancellationToken cancellationToken)
--- End of stack trace from previous location ---
   at Microsoft.EntityFrameworkCore.Storage.RelationalCommand.ExecuteReaderAsync(RelationalCommandParameterObject parameterObject, CancellationToken cancellationToken)
   at Microsoft.EntityFrameworkCore.Storage.RelationalCommand.ExecuteReaderAsync(RelationalCommandParameterObject parameterObject, CancellationToken cancellationToken)
   at Microsoft.EntityFrameworkCore.Update.ReaderModificationCommandBatch.ExecuteAsync(IRelationalConnection connection, CancellationToken cancellationToken)
   --- End of inner exception stack trace ---
   at MySql.EntityFrameworkCore.Update.MySQLModificationCommandBatch.ExecuteAsync(IRelationalConnection connection, CancellationToken cancellationToken)
   at Microsoft.EntityFrameworkCore.Update.Internal.BatchExecutor.ExecuteAsync(IEnumerable`1 commandBatches, IRelationalConnection connection, CancellationToken cancellationToken)
   at Microsoft.EntityFrameworkCore.Update.Internal.BatchExecutor.ExecuteAsync(IEnumerable`1 commandBatches, IRelationalConnection connection, CancellationToken cancellationToken)
   at Microsoft.EntityFrameworkCore.Update.Internal.BatchExecutor.ExecuteAsync(IEnumerable`1 commandBatches, IRelationalConnection connection, CancellationToken cancellationToken)
   at Microsoft.EntityFrameworkCore.ChangeTracking.Internal.StateManager.SaveChangesAsync(IList`1 entriesToSave, CancellationToken cancellationToken)
   at Microsoft.EntityFrameworkCore.ChangeTracking.Internal.StateManager.SaveChangesAsync(StateManager stateManager, Boolean acceptAllChangesOnSuccess, CancellationToken cancellationToken)
   at MySql.EntityFrameworkCore.Storage.Internal.MySQLExecutionStrategy.ExecuteAsync[TState,TResult](TState state, Func`4 operation, Func`4 verifySucceeded, CancellationToken cancellationToken)
   at Microsoft.EntityFrameworkCore.DbContext.SaveChangesAsync(Boolean acceptAllChangesOnSuccess, CancellationToken cancellationToken)

2023-02-28 12:19:24.797 +01:00  INF  Executed action AngularAuthApi.Authentication.Controllers.AuthController.RegisterUser (AngularAuthApi) in 5922.2648ms
2023-02-28 12:19:24.799 +01:00  INF  Executed endpoint 'AngularAuthApi.Authentication.Controllers.AuthController.RegisterUser (AngularAuthApi)'
2023-02-28 12:19:24.802 +01:00  ERR  An unhandled exception has occurred while executing the request.Microsoft.EntityFrameworkCore.DbUpdateException: Could not save changes. Please configure your entity type accordingly.
 ---> MySql.Data.MySqlClient.MySqlException (0x80004005): Cannot add or update a child row: a foreign key constraint fails (`zerosigmaauthdb`.`auth`, CONSTRAINT `FK_Auth_Users_UserId` FOREIGN KEY (`UserId`) REFERENCES `users` (`Id`) ON DELETE CASCADE)
   at MySql.Data.MySqlClient.MySqlStream.ReadPacket()
   at MySql.Data.MySqlClient.NativeDriver.GetResult(Int32& affectedRow, Int64& insertedId)
   at MySql.Data.MySqlClient.Driver.GetResult(Int32 statementId, Int32& affectedRows, Int64& insertedId)
   at MySql.Data.MySqlClient.Driver.NextResult(Int32 statementId, Boolean force)
   at MySql.Data.MySqlClient.MySqlDataReader.NextResult()
   at MySql.Data.MySqlClient.MySqlCommand.ExecuteReader(CommandBehavior behavior)
   at MySql.Data.MySqlClient.MySqlCommand.ExecuteDbDataReader(CommandBehavior behavior)
   at System.Data.Common.DbCommand.ExecuteDbDataReaderAsync(CommandBehavior behavior, CancellationToken cancellationToken)
--- End of stack trace from previous location ---
   at Microsoft.EntityFrameworkCore.Storage.RelationalCommand.ExecuteReaderAsync(RelationalCommandParameterObject parameterObject, CancellationToken cancellationToken)
   at Microsoft.EntityFrameworkCore.Storage.RelationalCommand.ExecuteReaderAsync(RelationalCommandParameterObject parameterObject, CancellationToken cancellationToken)
   at Microsoft.EntityFrameworkCore.Update.ReaderModificationCommandBatch.ExecuteAsync(IRelationalConnection connection, CancellationToken cancellationToken)
   --- End of inner exception stack trace ---
   at MySql.EntityFrameworkCore.Update.MySQLModificationCommandBatch.ExecuteAsync(IRelationalConnection connection, CancellationToken cancellationToken)
   at Microsoft.EntityFrameworkCore.Update.Internal.BatchExecutor.ExecuteAsync(IEnumerable`1 commandBatches, IRelationalConnection connection, CancellationToken cancellationToken)
   at Microsoft.EntityFrameworkCore.Update.Internal.BatchExecutor.ExecuteAsync(IEnumerable`1 commandBatches, IRelationalConnection connection, CancellationToken cancellationToken)
   at Microsoft.EntityFrameworkCore.Update.Internal.BatchExecutor.ExecuteAsync(IEnumerable`1 commandBatches, IRelationalConnection connection, CancellationToken cancellationToken)
   at Microsoft.EntityFrameworkCore.ChangeTracking.Internal.StateManager.SaveChangesAsync(IList`1 entriesToSave, CancellationToken cancellationToken)
   at Microsoft.EntityFrameworkCore.ChangeTracking.Internal.StateManager.SaveChangesAsync(StateManager stateManager, Boolean acceptAllChangesOnSuccess, CancellationToken cancellationToken)
   at MySql.EntityFrameworkCore.Storage.Internal.MySQLExecutionStrategy.ExecuteAsync[TState,TResult](TState state, Func`4 operation, Func`4 verifySucceeded, CancellationToken cancellationToken)
   at Microsoft.EntityFrameworkCore.DbContext.SaveChangesAsync(Boolean acceptAllChangesOnSuccess, CancellationToken cancellationToken)
   at Microsoft.EntityFrameworkCore.DbContext.SaveChangesAsync(Boolean acceptAllChangesOnSuccess, CancellationToken cancellationToken)
   at AngularAuthApi.Authentication.Repositories.UserRepository.RegisterUser(User user) in C:\GA\C# OOP\ZeroSigmaAuth\AngularAuthApi\Authentication\Repositories\UserRepository.cs:line 36
   at AngularAuthApi.Authentication.Controllers.AuthController.RegisterUser(SignUpRequest user) in C:\GA\C# OOP\ZeroSigmaAuth\AngularAuthApi\Authentication\Controllers\AuthController.cs:line 60
   at Microsoft.AspNetCore.Mvc.Infrastructure.ActionMethodExecutor.TaskOfIActionResultExecutor.Execute(IActionResultTypeMapper mapper, ObjectMethodExecutor executor, Object controller, Object[] arguments)
   at Microsoft.AspNetCore.Mvc.Infrastructure.ControllerActionInvoker.<InvokeActionMethodAsync>g__Awaited|12_0(ControllerActionInvoker invoker, ValueTask`1 actionResultValueTask)
   at Microsoft.AspNetCore.Mvc.Infrastructure.ControllerActionInvoker.<InvokeNextActionFilterAsync>g__Awaited|10_0(ControllerActionInvoker invoker, Task lastTask, State next, Scope scope, Object state, Boolean isCompleted)
   at Microsoft.AspNetCore.Mvc.Infrastructure.ControllerActionInvoker.Rethrow(ActionExecutedContextSealed context)
   at Microsoft.AspNetCore.Mvc.Infrastructure.ControllerActionInvoker.Next(State& next, Scope& scope, Object& state, Boolean& isCompleted)
   at Microsoft.AspNetCore.Mvc.Infrastructure.ControllerActionInvoker.InvokeInnerFilterAsync()
--- End of stack trace from previous location ---
   at Microsoft.AspNetCore.Mvc.Infrastructure.ResourceInvoker.<InvokeFilterPipelineAsync>g__Awaited|20_0(ResourceInvoker invoker, Task lastTask, State next, Scope scope, Object state, Boolean isCompleted)
   at Microsoft.AspNetCore.Mvc.Infrastructure.ResourceInvoker.<InvokeAsync>g__Logged|17_1(ResourceInvoker invoker)
   at Microsoft.AspNetCore.Mvc.Infrastructure.ResourceInvoker.<InvokeAsync>g__Logged|17_1(ResourceInvoker invoker)
   at Microsoft.AspNetCore.Routing.EndpointMiddleware.<Invoke>g__AwaitRequestTask|6_0(Endpoint endpoint, Task requestTask, ILogger logger)
   at Microsoft.AspNetCore.Authorization.AuthorizationMiddleware.Invoke(HttpContext context)
   at Microsoft.AspNetCore.Authentication.AuthenticationMiddleware.Invoke(HttpContext context)
   at Swashbuckle.AspNetCore.SwaggerUI.SwaggerUIMiddleware.Invoke(HttpContext httpContext)
   at Swashbuckle.AspNetCore.Swagger.SwaggerMiddleware.Invoke(HttpContext httpContext, ISwaggerProvider swaggerProvider)
   at Microsoft.AspNetCore.Diagnostics.DeveloperExceptionPageMiddleware.Invoke(HttpContext context)

2023-02-28 12:19:24.873 +01:00  INF  Request finished HTTP/2 POST https://localhost:7063/api/user/Register application/json 82 - 500 - text/plain;+charset=utf-8 6241.5160ms
2023-02-28 12:20:06.206 +01:00  INF  User profile is available. Using 'C:\Users\yahia alioua\AppData\Local\ASP.NET\DataProtection-Keys' as key repository and Windows DPAPI to encrypt keys at rest.
2023-02-28 12:20:06.445 +01:00  INF  Now listening on: https://localhost:7063
2023-02-28 12:20:06.445 +01:00  INF  Now listening on: http://localhost:5174
2023-02-28 12:20:06.450 +01:00  INF  Application started. Press Ctrl+C to shut down.
2023-02-28 12:20:06.450 +01:00  INF  Hosting environment: Development
2023-02-28 12:20:06.450 +01:00  INF  Content root path: C:\GA\C# OOP\ZeroSigmaAuth\AngularAuthApi\
2023-02-28 12:20:06.952 +01:00  INF  Request starting HTTP/2 GET https://localhost:7063/swagger/index.html - -
2023-02-28 12:20:07.420 +01:00  INF  Request finished HTTP/2 GET https://localhost:7063/swagger/index.html - - - 200 - text/html;charset=utf-8 474.3552ms
2023-02-28 12:20:07.546 +01:00  INF  Request starting HTTP/2 GET https://localhost:7063/_vs/browserLink - -
2023-02-28 12:20:07.546 +01:00  INF  Request starting HTTP/2 GET https://localhost:7063/_framework/aspnetcore-browser-refresh.js - -
2023-02-28 12:20:07.548 +01:00  INF  Request finished HTTP/2 GET https://localhost:7063/_framework/aspnetcore-browser-refresh.js - - - 200 11998 application/javascript;+charset=utf-8 2.1911ms
2023-02-28 12:20:07.570 +01:00  INF  Request finished HTTP/2 GET https://localhost:7063/_vs/browserLink - - - 200 - text/javascript;+charset=UTF-8 24.1106ms
2023-02-28 12:20:07.783 +01:00  INF  Request starting HTTP/2 GET https://localhost:7063/swagger/v1/swagger.json - -
2023-02-28 12:20:07.941 +01:00  INF  Request finished HTTP/2 GET https://localhost:7063/swagger/v1/swagger.json - - - 200 - application/json;charset=utf-8 156.8757ms
2023-02-28 12:20:15.692 +01:00  INF  Request starting HTTP/2 POST https://localhost:7063/api/user/Register application/json 82
2023-02-28 12:20:15.706 +01:00  INF  CORS policy execution successful.
2023-02-28 12:20:15.786 +01:00  INF  Executing endpoint 'AngularAuthApi.Authentication.Controllers.AuthController.RegisterUser (AngularAuthApi)'
2023-02-28 12:20:15.885 +01:00  INF  Route matched with {action = "RegisterUser", controller = "Auth"}. Executing controller action with signature System.Threading.Tasks.Task`1[Microsoft.AspNetCore.Mvc.IActionResult] RegisterUser(AngularAuthApi.Entities.Requests.SignUpRequest) on controller AngularAuthApi.Authentication.Controllers.AuthController (AngularAuthApi).
2023-02-28 12:20:20.201 +01:00  INF  Executed DbCommand (28ms) [Parameters=[@__userEmail_0='?' (Size = 100)], CommandType='"Text"', CommandTimeout='30']
SELECT EXISTS (
    SELECT 1
    FROM `Users` AS `u`
    WHERE `u`.`Email` = @__userEmail_0)
2023-02-28 12:20:21.729 +01:00  INF  Executed DbCommand (7ms) [Parameters=[@p0='?' (Size = 100), @p1='?' (Size = 50), @p2='?' (Size = 128), @p3='?' (Size = 128) (DbType = Binary), @p4='?' (Size = 500)], CommandType='"Text"', CommandTimeout='30']
INSERT INTO `Users` (`Email`, `Name`, `Password`, `Salt`, `Token`)
VALUES (@p0, @p1, @p2, @p3, @p4);
SELECT `Id`
FROM `Users`
WHERE ROW_COUNT() = 1 AND `Id` = LAST_INSERT_ID();
2023-02-28 12:20:21.871 +01:00  INF  Executing OkObjectResult, writing value of type '<>f__AnonymousType0`2[[System.String, System.Private.CoreLib, Version=6.0.0.0, Culture=neutral, PublicKeyToken=7cec85d7bea7798e],[System.Int32, System.Private.CoreLib, Version=6.0.0.0, Culture=neutral, PublicKeyToken=7cec85d7bea7798e]]'.
2023-02-28 12:20:21.913 +01:00  INF  Executed action AngularAuthApi.Authentication.Controllers.AuthController.RegisterUser (AngularAuthApi) in 6015.9393ms
2023-02-28 12:20:21.914 +01:00  INF  Executed endpoint 'AngularAuthApi.Authentication.Controllers.AuthController.RegisterUser (AngularAuthApi)'
2023-02-28 12:20:21.925 +01:00  INF  Request finished HTTP/2 POST https://localhost:7063/api/user/Register application/json 82 - 200 - application/json;+charset=utf-8 6233.0962ms
2023-02-28 12:31:07.072 +01:00  INF  User profile is available. Using 'C:\Users\yahia alioua\AppData\Local\ASP.NET\DataProtection-Keys' as key repository and Windows DPAPI to encrypt keys at rest.
2023-02-28 12:31:07.218 +01:00  INF  Now listening on: https://localhost:7063
2023-02-28 12:31:07.218 +01:00  INF  Now listening on: http://localhost:5174
2023-02-28 12:31:07.223 +01:00  INF  Application started. Press Ctrl+C to shut down.
2023-02-28 12:31:07.223 +01:00  INF  Hosting environment: Development
2023-02-28 12:31:07.224 +01:00  INF  Content root path: C:\GA\C# OOP\ZeroSigmaAuth\AngularAuthApi\
2023-02-28 12:31:07.652 +01:00  INF  Request starting HTTP/2 GET https://localhost:7063/swagger/index.html - -
2023-02-28 12:31:07.966 +01:00  INF  Request finished HTTP/2 GET https://localhost:7063/swagger/index.html - - - 200 - text/html;charset=utf-8 321.7700ms
2023-02-28 12:31:08.064 +01:00  INF  Request starting HTTP/2 GET https://localhost:7063/_framework/aspnetcore-browser-refresh.js - -
2023-02-28 12:31:08.064 +01:00  INF  Request starting HTTP/2 GET https://localhost:7063/_vs/browserLink - -
2023-02-28 12:31:08.067 +01:00  INF  Request finished HTTP/2 GET https://localhost:7063/_framework/aspnetcore-browser-refresh.js - - - 200 11998 application/javascript;+charset=utf-8 3.6314ms
2023-02-28 12:31:08.088 +01:00  INF  Request finished HTTP/2 GET https://localhost:7063/_vs/browserLink - - - 200 - text/javascript;+charset=UTF-8 24.3584ms
2023-02-28 12:31:08.452 +01:00  INF  Request starting HTTP/2 GET https://localhost:7063/swagger/v1/swagger.json - -
2023-02-28 12:31:08.627 +01:00  INF  Request finished HTTP/2 GET https://localhost:7063/swagger/v1/swagger.json - - - 200 - application/json;charset=utf-8 175.3003ms
2023-02-28 13:00:03.938 +01:00  INF  User profile is available. Using 'C:\Users\yahia alioua\AppData\Local\ASP.NET\DataProtection-Keys' as key repository and Windows DPAPI to encrypt keys at rest.
2023-02-28 13:00:04.183 +01:00  INF  Now listening on: https://localhost:7063
2023-02-28 13:00:04.184 +01:00  INF  Now listening on: http://localhost:5174
2023-02-28 13:00:04.189 +01:00  INF  Application started. Press Ctrl+C to shut down.
2023-02-28 13:00:04.189 +01:00  INF  Hosting environment: Development
2023-02-28 13:00:04.189 +01:00  INF  Content root path: C:\GA\C# OOP\ZeroSigmaAuth\AngularAuthApi\
