2023-02-15 15:07:40.888 +01:00  INF  Now listening on: https://localhost:7063
2023-02-15 15:07:40.922 +01:00  INF  Now listening on: http://localhost:5174
2023-02-15 15:07:40.930 +01:00  INF  Application started. Press Ctrl+C to shut down.
2023-02-15 15:07:40.931 +01:00  INF  Hosting environment: Development
2023-02-15 15:07:40.931 +01:00  INF  Content root path: C:\GA\C# OOP\AngularAuthApi\AngularAuthApi\AngularAuthApi\
2023-02-15 15:07:41.536 +01:00  INF  Request starting HTTP/2 GET https://localhost:7063/swagger/index.html - -
2023-02-15 15:07:42.280 +01:00  INF  Request finished HTTP/2 GET https://localhost:7063/swagger/index.html - - - 200 - text/html;charset=utf-8 751.7758ms
2023-02-15 15:07:42.398 +01:00  INF  Request starting HTTP/2 GET https://localhost:7063/_vs/browserLink - -
2023-02-15 15:07:42.398 +01:00  INF  Request starting HTTP/2 GET https://localhost:7063/_framework/aspnetcore-browser-refresh.js - -
2023-02-15 15:07:42.402 +01:00  INF  Request finished HTTP/2 GET https://localhost:7063/_framework/aspnetcore-browser-refresh.js - - - 200 11998 application/javascript;+charset=utf-8 3.9588ms
2023-02-15 15:07:42.448 +01:00  INF  Request finished HTTP/2 GET https://localhost:7063/_vs/browserLink - - - 200 - text/javascript;+charset=UTF-8 49.2183ms
2023-02-15 15:07:42.814 +01:00  INF  Request starting HTTP/2 GET https://localhost:7063/swagger/v1/swagger.json - -
2023-02-15 15:07:42.967 +01:00  INF  Request finished HTTP/2 GET https://localhost:7063/swagger/v1/swagger.json - - - 200 - application/json;charset=utf-8 153.1672ms
2023-02-15 15:08:17.928 +01:00  INF  Request starting HTTP/2 POST https://localhost:7063/api/user/Register application/json 131
2023-02-15 15:08:17.940 +01:00  INF  CORS policy execution successful.
2023-02-15 15:08:17.953 +01:00  INF  Executing endpoint 'AngularAuthApi.Controllers.AuthController.RegisterUser (AngularAuthApi)'
2023-02-15 15:08:18.053 +01:00  INF  Route matched with {action = "RegisterUser", controller = "Auth"}. Executing controller action with signature System.Threading.Tasks.Task`1[Microsoft.AspNetCore.Mvc.IActionResult] RegisterUser(AngularAuthApi.Entities.User) on controller AngularAuthApi.Controllers.AuthController (AngularAuthApi).
2023-02-15 15:08:22.467 +01:00  INF  Executed DbCommand (15ms) [Parameters=[@__userEmail_0='?' (Size = 100)], CommandType='"Text"', CommandTimeout='30']
SELECT EXISTS (
    SELECT 1
    FROM `Users` AS `u`
    WHERE `u`.`Email` = @__userEmail_0)
2023-02-15 15:08:24.156 +01:00  INF  Executed DbCommand (5ms) [Parameters=[@p0='?' (Size = 100), @p1='?' (Size = 50), @p2='?' (Size = 128), @p3='?' (Size = 128) (DbType = Binary), @p4='?' (Size = 4000)], CommandType='"Text"', CommandTimeout='30']
INSERT INTO `Users` (`Email`, `Name`, `Password`, `Salt`, `Token`)
VALUES (@p0, @p1, @p2, @p3, @p4);
SELECT `Id`
FROM `Users`
WHERE ROW_COUNT() = 1 AND `Id` = LAST_INSERT_ID();
2023-02-15 15:08:24.272 +01:00  INF  Executing OkObjectResult, writing value of type 'AngularAuthApi.Entities.User'.
2023-02-15 15:08:24.305 +01:00  INF  Executed action AngularAuthApi.Controllers.AuthController.RegisterUser (AngularAuthApi) in 6235.9179ms
2023-02-15 15:08:24.305 +01:00  INF  Executed endpoint 'AngularAuthApi.Controllers.AuthController.RegisterUser (AngularAuthApi)'
2023-02-15 15:08:24.319 +01:00  INF  Request finished HTTP/2 POST https://localhost:7063/api/user/Register application/json 131 - 200 - application/json;+charset=utf-8 6390.1988ms
2023-02-15 15:08:41.857 +01:00  INF  Request starting HTTP/2 POST https://localhost:7063/api/user/Authenticate application/json 59
2023-02-15 15:08:41.859 +01:00  INF  CORS policy execution successful.
2023-02-15 15:08:41.860 +01:00  INF  Executing endpoint 'AngularAuthApi.Controllers.AuthController.Authenticate (AngularAuthApi)'
2023-02-15 15:08:41.870 +01:00  INF  Route matched with {action = "Authenticate", controller = "Auth"}. Executing controller action with signature System.Threading.Tasks.Task`1[Microsoft.AspNetCore.Mvc.IActionResult] Authenticate(AngularAuthApi.DTOS.LoginDto) on controller AngularAuthApi.Controllers.AuthController (AngularAuthApi).
2023-02-15 15:08:41.996 +01:00  INF  Executed DbCommand (1ms) [Parameters=[@__user_Email_0='?' (Size = 100)], CommandType='"Text"', CommandTimeout='30']
SELECT `u`.`Id`, `u`.`Email`, `u`.`Name`, `u`.`Password`, `u`.`Salt`, `u`.`Token`
FROM `Users` AS `u`
WHERE `u`.`Email` = @__user_Email_0
LIMIT 1
2023-02-15 15:08:44.380 +01:00  INF  Executing OkObjectResult, writing value of type 'AngularAuthApi.Entities.Responses.AuthUserResponse'.
2023-02-15 15:08:44.382 +01:00  INF  Executed action AngularAuthApi.Controllers.AuthController.Authenticate (AngularAuthApi) in 2511.3939ms
2023-02-15 15:08:44.382 +01:00  INF  Executed endpoint 'AngularAuthApi.Controllers.AuthController.Authenticate (AngularAuthApi)'
2023-02-15 15:08:44.382 +01:00  INF  Request finished HTTP/2 POST https://localhost:7063/api/user/Authenticate application/json 59 - 200 - application/json;+charset=utf-8 2525.2216ms
2023-02-15 20:57:08.597 +01:00  INF  Now listening on: https://localhost:7063
2023-02-15 20:57:08.631 +01:00  INF  Now listening on: http://localhost:5174
2023-02-15 20:57:08.639 +01:00  INF  Application started. Press Ctrl+C to shut down.
2023-02-15 20:57:08.640 +01:00  INF  Hosting environment: Development
2023-02-15 20:57:08.640 +01:00  INF  Content root path: C:\GA\C# OOP\AngularAuthApi\AngularAuthApi\AngularAuthApi\
2023-02-15 20:57:09.351 +01:00  INF  Request starting HTTP/2 GET https://localhost:7063/swagger/index.html - -
2023-02-15 20:57:10.331 +01:00  INF  Request finished HTTP/2 GET https://localhost:7063/swagger/index.html - - - 200 - text/html;charset=utf-8 982.2704ms
2023-02-15 20:57:10.441 +01:00  INF  Request starting HTTP/2 GET https://localhost:7063/_vs/browserLink - -
2023-02-15 20:57:10.441 +01:00  INF  Request starting HTTP/2 GET https://localhost:7063/_framework/aspnetcore-browser-refresh.js - -
2023-02-15 20:57:10.447 +01:00  INF  Request finished HTTP/2 GET https://localhost:7063/_framework/aspnetcore-browser-refresh.js - - - 200 11998 application/javascript;+charset=utf-8 6.3488ms
2023-02-15 20:57:10.573 +01:00  INF  Request finished HTTP/2 GET https://localhost:7063/_vs/browserLink - - - 200 - text/javascript;+charset=UTF-8 131.8429ms
2023-02-15 20:57:10.750 +01:00  INF  Request starting HTTP/2 GET https://localhost:7063/swagger/v1/swagger.json - -
2023-02-15 20:57:10.847 +01:00  INF  Request finished HTTP/2 GET https://localhost:7063/swagger/v1/swagger.json - - - 200 - application/json;charset=utf-8 96.5710ms
2023-02-15 21:08:27.747 +01:00  INF  Now listening on: https://localhost:7063
2023-02-15 21:08:27.798 +01:00  INF  Now listening on: http://localhost:5174
2023-02-15 21:08:27.805 +01:00  INF  Application started. Press Ctrl+C to shut down.
2023-02-15 21:08:27.806 +01:00  INF  Hosting environment: Development
2023-02-15 21:08:27.806 +01:00  INF  Content root path: C:\GA\C# OOP\AngularAuthApi\AngularAuthApi\AngularAuthApi\
2023-02-15 21:08:28.527 +01:00  INF  Request starting HTTP/2 GET https://localhost:7063/swagger/index.html - -
2023-02-15 21:08:28.909 +01:00  INF  Request finished HTTP/2 GET https://localhost:7063/swagger/index.html - - - 200 - text/html;charset=utf-8 386.7558ms
2023-02-15 21:08:29.000 +01:00  INF  Request starting HTTP/2 GET https://localhost:7063/_vs/browserLink - -
2023-02-15 21:08:29.000 +01:00  INF  Request starting HTTP/2 GET https://localhost:7063/_framework/aspnetcore-browser-refresh.js - -
2023-02-15 21:08:29.003 +01:00  INF  Request finished HTTP/2 GET https://localhost:7063/_framework/aspnetcore-browser-refresh.js - - - 200 11998 application/javascript;+charset=utf-8 2.8330ms
2023-02-15 21:08:29.026 +01:00  INF  Request finished HTTP/2 GET https://localhost:7063/_vs/browserLink - - - 200 - text/javascript;+charset=UTF-8 25.8407ms
2023-02-15 21:08:29.357 +01:00  INF  Request starting HTTP/2 GET https://localhost:7063/swagger/v1/swagger.json - -
2023-02-15 21:08:29.476 +01:00  INF  Request finished HTTP/2 GET https://localhost:7063/swagger/v1/swagger.json - - - 200 - application/json;charset=utf-8 119.6117ms
2023-02-15 21:09:14.092 +01:00  INF  Request starting HTTP/2 POST https://localhost:7063/api/user/Register application/json 133
2023-02-15 21:09:14.123 +01:00  INF  CORS policy execution successful.
2023-02-15 21:09:14.138 +01:00  INF  Executing endpoint 'AngularAuthApi.Controllers.AuthController.RegisterUser (AngularAuthApi)'
2023-02-15 21:09:14.317 +01:00  INF  Route matched with {action = "RegisterUser", controller = "Auth"}. Executing controller action with signature System.Threading.Tasks.Task`1[Microsoft.AspNetCore.Mvc.IActionResult] RegisterUser(AngularAuthApi.Entities.User) on controller AngularAuthApi.Controllers.AuthController (AngularAuthApi).
2023-02-15 21:09:19.877 +01:00  INF  Executed DbCommand (57ms) [Parameters=[@__userEmail_0='?' (Size = 100)], CommandType='"Text"', CommandTimeout='30']
SELECT EXISTS (
    SELECT 1
    FROM `Users` AS `u`
    WHERE `u`.`Email` = @__userEmail_0)
2023-02-15 21:09:21.372 +01:00  INF  Executed DbCommand (32ms) [Parameters=[@p0='?' (Size = 100), @p1='?' (Size = 50), @p2='?' (Size = 128), @p3='?' (Size = 128) (DbType = Binary), @p4='?' (Size = 4000)], CommandType='"Text"', CommandTimeout='30']
INSERT INTO `Users` (`Email`, `Name`, `Password`, `Salt`, `Token`)
VALUES (@p0, @p1, @p2, @p3, @p4);
SELECT `Id`
FROM `Users`
WHERE ROW_COUNT() = 1 AND `Id` = LAST_INSERT_ID();
2023-02-15 21:09:21.513 +01:00  INF  Executing OkObjectResult, writing value of type 'AngularAuthApi.Entities.User'.
2023-02-15 21:09:21.557 +01:00  INF  Executed action AngularAuthApi.Controllers.AuthController.RegisterUser (AngularAuthApi) in 7224.1433ms
2023-02-15 21:09:21.558 +01:00  INF  Executed endpoint 'AngularAuthApi.Controllers.AuthController.RegisterUser (AngularAuthApi)'
2023-02-15 21:09:21.570 +01:00  INF  Request finished HTTP/2 POST https://localhost:7063/api/user/Register application/json 133 - 200 - application/json;+charset=utf-8 7477.7499ms
2023-02-15 21:09:57.949 +01:00  INF  Request starting HTTP/2 POST https://localhost:7063/api/user/Authenticate application/json 82
2023-02-15 21:09:57.952 +01:00  INF  CORS policy execution successful.
2023-02-15 21:09:57.952 +01:00  INF  Executing endpoint 'AngularAuthApi.Controllers.AuthController.Authenticate (AngularAuthApi)'
2023-02-15 21:09:57.958 +01:00  INF  Route matched with {action = "Authenticate", controller = "Auth"}. Executing controller action with signature System.Threading.Tasks.Task`1[Microsoft.AspNetCore.Mvc.IActionResult] Authenticate(AngularAuthApi.DTOS.LoginDto) on controller AngularAuthApi.Controllers.AuthController (AngularAuthApi).
2023-02-15 21:09:58.095 +01:00  INF  Executed DbCommand (2ms) [Parameters=[@__user_Email_0='?' (Size = 100)], CommandType='"Text"', CommandTimeout='30']
SELECT `u`.`Id`, `u`.`Email`, `u`.`Name`, `u`.`Password`, `u`.`Salt`, `u`.`Token`
FROM `Users` AS `u`
WHERE `u`.`Email` = @__user_Email_0
LIMIT 1
2023-02-15 21:09:59.596 +01:00  INF  Executed action AngularAuthApi.Controllers.AuthController.Authenticate (AngularAuthApi) in 1637.2061ms
2023-02-15 21:09:59.610 +01:00  INF  Executed endpoint 'AngularAuthApi.Controllers.AuthController.Authenticate (AngularAuthApi)'
2023-02-15 21:09:59.612 +01:00  ERR  An unhandled exception has occurred while executing the request.System.ArgumentNullException: String reference not set to an instance of a String. (Parameter 's')
   at System.Text.Encoding.GetBytes(String s)
   at AngularAuthApi.Authentication.JwtProvider.GenerateToken(LoginDto user) in C:\GA\C# OOP\AngularAuthApi\AngularAuthApi\AngularAuthApi\Authentication\JwtProvider.cs:line 22
   at AngularAuthApi.Controllers.AuthController.Authenticate(LoginDto user) in C:\GA\C# OOP\AngularAuthApi\AngularAuthApi\AngularAuthApi\Controllers\AuthController.cs:line 64
   at Microsoft.AspNetCore.Mvc.Infrastructure.ActionMethodExecutor.TaskOfIActionResultExecutor.Execute(IActionResultTypeMapper mapper, ObjectMethodExecutor executor, Object controller, Object[] arguments)
   at Microsoft.AspNetCore.Mvc.Infrastructure.ControllerActionInvoker.<InvokeActionMethodAsync>g__Awaited|12_0(ControllerActionInvoker invoker, ValueTask`1 actionResultValueTask)
   at Microsoft.AspNetCore.Mvc.Infrastructure.ControllerActionInvoker.<InvokeNextActionFilterAsync>g__Awaited|10_0(ControllerActionInvoker invoker, Task lastTask, State next, Scope scope, Object state, Boolean isCompleted)
   at Microsoft.AspNetCore.Mvc.Infrastructure.ControllerActionInvoker.Rethrow(ActionExecutedContextSealed context)
   at Microsoft.AspNetCore.Mvc.Infrastructure.ControllerActionInvoker.Next(State& next, Scope& scope, Object& state, Boolean& isCompleted)
   at Microsoft.AspNetCore.Mvc.Infrastructure.ControllerActionInvoker.InvokeInnerFilterAsync()
--- End of stack trace from previous location ---
   at Microsoft.AspNetCore.Mvc.Infrastructure.ResourceInvoker.<InvokeFilterPipelineAsync>g__Awaited|20_0(ResourceInvoker invoker, Task lastTask, State next, Scope scope, Object state, Boolean isCompleted)
   at Microsoft.AspNetCore.Mvc.Infrastructure.ResourceInvoker.<InvokeAsync>g__Logged|17_1(ResourceInvoker invoker)
   at Microsoft.AspNetCore.Mvc.Infrastructure.ResourceInvoker.<InvokeAsync>g__Logged|17_1(ResourceInvoker invoker)
   at Microsoft.AspNetCore.Routing.EndpointMiddleware.<Invoke>g__AwaitRequestTask|6_0(Endpoint endpoint, Task requestTask, ILogger logger)
   at Microsoft.AspNetCore.Authorization.AuthorizationMiddleware.Invoke(HttpContext context)
   at Microsoft.AspNetCore.Authentication.AuthenticationMiddleware.Invoke(HttpContext context)
   at Swashbuckle.AspNetCore.SwaggerUI.SwaggerUIMiddleware.Invoke(HttpContext httpContext)
   at Swashbuckle.AspNetCore.Swagger.SwaggerMiddleware.Invoke(HttpContext httpContext, ISwaggerProvider swaggerProvider)
   at Microsoft.AspNetCore.Diagnostics.DeveloperExceptionPageMiddleware.Invoke(HttpContext context)

2023-02-15 21:09:59.713 +01:00  INF  Request finished HTTP/2 POST https://localhost:7063/api/user/Authenticate application/json 82 - 500 - text/plain;+charset=utf-8 1764.0395ms
2023-02-15 21:11:02.655 +01:00  INF  Now listening on: https://localhost:7063
2023-02-15 21:11:02.684 +01:00  INF  Now listening on: http://localhost:5174
2023-02-15 21:11:02.689 +01:00  INF  Application started. Press Ctrl+C to shut down.
2023-02-15 21:11:02.689 +01:00  INF  Hosting environment: Development
2023-02-15 21:11:02.689 +01:00  INF  Content root path: C:\GA\C# OOP\AngularAuthApi\AngularAuthApi\AngularAuthApi\
2023-02-15 21:11:02.825 +01:00  INF  Request starting HTTP/2 GET https://localhost:7063/swagger/index.html - -
2023-02-15 21:11:03.227 +01:00  INF  Request finished HTTP/2 GET https://localhost:7063/swagger/index.html - - - 200 - text/html;charset=utf-8 407.1852ms
2023-02-15 21:11:03.330 +01:00  INF  Request starting HTTP/2 GET https://localhost:7063/_framework/aspnetcore-browser-refresh.js - -
2023-02-15 21:11:03.330 +01:00  INF  Request starting HTTP/2 GET https://localhost:7063/_vs/browserLink - -
2023-02-15 21:11:03.334 +01:00  INF  Request finished HTTP/2 GET https://localhost:7063/_framework/aspnetcore-browser-refresh.js - - - 200 11998 application/javascript;+charset=utf-8 3.3162ms
2023-02-15 21:11:03.357 +01:00  INF  Request finished HTTP/2 GET https://localhost:7063/_vs/browserLink - - - 200 - text/javascript;+charset=UTF-8 26.2800ms
2023-02-15 21:11:03.568 +01:00  INF  Request starting HTTP/2 GET https://localhost:7063/swagger/v1/swagger.json - -
2023-02-15 21:11:03.715 +01:00  INF  Request finished HTTP/2 GET https://localhost:7063/swagger/v1/swagger.json - - - 200 - application/json;charset=utf-8 146.7252ms
2023-02-15 21:11:20.593 +01:00  INF  Request starting HTTP/2 POST https://localhost:7063/api/user/Authenticate application/json 81
2023-02-15 21:11:20.612 +01:00  INF  CORS policy execution successful.
2023-02-15 21:11:20.626 +01:00  INF  Executing endpoint 'AngularAuthApi.Controllers.AuthController.Authenticate (AngularAuthApi)'
2023-02-15 21:11:20.743 +01:00  INF  Route matched with {action = "Authenticate", controller = "Auth"}. Executing controller action with signature System.Threading.Tasks.Task`1[Microsoft.AspNetCore.Mvc.IActionResult] Authenticate(AngularAuthApi.DTOS.LoginDto) on controller AngularAuthApi.Controllers.AuthController (AngularAuthApi).
2023-02-15 21:11:24.031 +01:00  INF  Executed DbCommand (14ms) [Parameters=[@__user_Email_0='?' (Size = 100)], CommandType='"Text"', CommandTimeout='30']
SELECT `u`.`Id`, `u`.`Email`, `u`.`Name`, `u`.`Password`, `u`.`Salt`, `u`.`Token`
FROM `Users` AS `u`
WHERE `u`.`Email` = @__user_Email_0
LIMIT 1
2023-02-15 21:11:25.169 +01:00  INF  Executing BadRequestObjectResult, writing value of type '<>f__AnonymousType0`1[[System.String, System.Private.CoreLib, Version=6.0.0.0, Culture=neutral, PublicKeyToken=7cec85d7bea7798e]]'.
2023-02-15 21:11:25.225 +01:00  INF  Executed action AngularAuthApi.Controllers.AuthController.Authenticate (AngularAuthApi) in 4465.2411ms
2023-02-15 21:11:25.225 +01:00  INF  Executed endpoint 'AngularAuthApi.Controllers.AuthController.Authenticate (AngularAuthApi)'
2023-02-15 21:11:25.237 +01:00  INF  Request finished HTTP/2 POST https://localhost:7063/api/user/Authenticate application/json 81 - 400 - application/json;+charset=utf-8 4644.4320ms
2023-02-15 21:11:31.767 +01:00  INF  Request starting HTTP/2 POST https://localhost:7063/api/user/Authenticate application/json 82
2023-02-15 21:11:31.769 +01:00  INF  CORS policy execution successful.
2023-02-15 21:11:31.770 +01:00  INF  Executing endpoint 'AngularAuthApi.Controllers.AuthController.Authenticate (AngularAuthApi)'
2023-02-15 21:11:31.770 +01:00  INF  Route matched with {action = "Authenticate", controller = "Auth"}. Executing controller action with signature System.Threading.Tasks.Task`1[Microsoft.AspNetCore.Mvc.IActionResult] Authenticate(AngularAuthApi.DTOS.LoginDto) on controller AngularAuthApi.Controllers.AuthController (AngularAuthApi).
2023-02-15 21:11:31.788 +01:00  INF  Executed DbCommand (1ms) [Parameters=[@__user_Email_0='?' (Size = 100)], CommandType='"Text"', CommandTimeout='30']
SELECT `u`.`Id`, `u`.`Email`, `u`.`Name`, `u`.`Password`, `u`.`Salt`, `u`.`Token`
FROM `Users` AS `u`
WHERE `u`.`Email` = @__user_Email_0
LIMIT 1
2023-02-15 21:11:32.713 +01:00  INF  Executed action AngularAuthApi.Controllers.AuthController.Authenticate (AngularAuthApi) in 942.5329ms
2023-02-15 21:11:32.714 +01:00  INF  Executed endpoint 'AngularAuthApi.Controllers.AuthController.Authenticate (AngularAuthApi)'
2023-02-15 21:11:32.715 +01:00  ERR  An unhandled exception has occurred while executing the request.System.ArgumentNullException: String reference not set to an instance of a String. (Parameter 's')
   at System.Text.Encoding.GetBytes(String s)
   at AngularAuthApi.Authentication.JwtProvider.GenerateToken(LoginDto user) in C:\GA\C# OOP\AngularAuthApi\AngularAuthApi\AngularAuthApi\Authentication\JwtProvider.cs:line 22
   at AngularAuthApi.Controllers.AuthController.Authenticate(LoginDto user) in C:\GA\C# OOP\AngularAuthApi\AngularAuthApi\AngularAuthApi\Controllers\AuthController.cs:line 64
   at Microsoft.AspNetCore.Mvc.Infrastructure.ActionMethodExecutor.TaskOfIActionResultExecutor.Execute(IActionResultTypeMapper mapper, ObjectMethodExecutor executor, Object controller, Object[] arguments)
   at Microsoft.AspNetCore.Mvc.Infrastructure.ControllerActionInvoker.<InvokeActionMethodAsync>g__Awaited|12_0(ControllerActionInvoker invoker, ValueTask`1 actionResultValueTask)
   at Microsoft.AspNetCore.Mvc.Infrastructure.ControllerActionInvoker.<InvokeNextActionFilterAsync>g__Awaited|10_0(ControllerActionInvoker invoker, Task lastTask, State next, Scope scope, Object state, Boolean isCompleted)
   at Microsoft.AspNetCore.Mvc.Infrastructure.ControllerActionInvoker.Rethrow(ActionExecutedContextSealed context)
   at Microsoft.AspNetCore.Mvc.Infrastructure.ControllerActionInvoker.Next(State& next, Scope& scope, Object& state, Boolean& isCompleted)
   at Microsoft.AspNetCore.Mvc.Infrastructure.ControllerActionInvoker.InvokeInnerFilterAsync()
--- End of stack trace from previous location ---
   at Microsoft.AspNetCore.Mvc.Infrastructure.ResourceInvoker.<InvokeFilterPipelineAsync>g__Awaited|20_0(ResourceInvoker invoker, Task lastTask, State next, Scope scope, Object state, Boolean isCompleted)
   at Microsoft.AspNetCore.Mvc.Infrastructure.ResourceInvoker.<InvokeAsync>g__Logged|17_1(ResourceInvoker invoker)
   at Microsoft.AspNetCore.Mvc.Infrastructure.ResourceInvoker.<InvokeAsync>g__Logged|17_1(ResourceInvoker invoker)
   at Microsoft.AspNetCore.Routing.EndpointMiddleware.<Invoke>g__AwaitRequestTask|6_0(Endpoint endpoint, Task requestTask, ILogger logger)
   at Microsoft.AspNetCore.Authorization.AuthorizationMiddleware.Invoke(HttpContext context)
   at Microsoft.AspNetCore.Authentication.AuthenticationMiddleware.Invoke(HttpContext context)
   at Swashbuckle.AspNetCore.SwaggerUI.SwaggerUIMiddleware.Invoke(HttpContext httpContext)
   at Swashbuckle.AspNetCore.Swagger.SwaggerMiddleware.Invoke(HttpContext httpContext, ISwaggerProvider swaggerProvider)
   at Microsoft.AspNetCore.Diagnostics.DeveloperExceptionPageMiddleware.Invoke(HttpContext context)

2023-02-15 21:11:32.796 +01:00  INF  Request finished HTTP/2 POST https://localhost:7063/api/user/Authenticate application/json 82 - 500 - text/plain;+charset=utf-8 1029.1333ms
2023-02-15 21:12:39.704 +01:00  INF  Now listening on: https://localhost:7063
2023-02-15 21:12:39.746 +01:00  INF  Now listening on: http://localhost:5174
2023-02-15 21:12:39.752 +01:00  INF  Application started. Press Ctrl+C to shut down.
2023-02-15 21:12:39.753 +01:00  INF  Hosting environment: Development
2023-02-15 21:12:39.753 +01:00  INF  Content root path: C:\GA\C# OOP\AngularAuthApi\AngularAuthApi\AngularAuthApi\
2023-02-15 21:12:40.123 +01:00  INF  Request starting HTTP/2 GET https://localhost:7063/swagger/index.html - -
2023-02-15 21:12:40.534 +01:00  INF  Request finished HTTP/2 GET https://localhost:7063/swagger/index.html - - - 200 - text/html;charset=utf-8 415.5243ms
2023-02-15 21:12:40.621 +01:00  INF  Request starting HTTP/2 GET https://localhost:7063/_framework/aspnetcore-browser-refresh.js - -
2023-02-15 21:12:40.621 +01:00  INF  Request starting HTTP/2 GET https://localhost:7063/_vs/browserLink - -
2023-02-15 21:12:40.624 +01:00  INF  Request finished HTTP/2 GET https://localhost:7063/_framework/aspnetcore-browser-refresh.js - - - 200 11998 application/javascript;+charset=utf-8 3.1408ms
2023-02-15 21:12:40.640 +01:00  INF  Request finished HTTP/2 GET https://localhost:7063/_vs/browserLink - - - 200 - text/javascript;+charset=UTF-8 19.3410ms
2023-02-15 21:12:40.841 +01:00  INF  Request starting HTTP/2 GET https://localhost:7063/swagger/v1/swagger.json - -
2023-02-15 21:12:40.947 +01:00  INF  Request finished HTTP/2 GET https://localhost:7063/swagger/v1/swagger.json - - - 200 - application/json;charset=utf-8 106.6514ms
2023-02-15 21:13:12.155 +01:00  INF  Request starting HTTP/2 POST https://localhost:7063/api/user/Authenticate application/json 82
2023-02-15 21:13:12.172 +01:00  INF  CORS policy execution successful.
2023-02-15 21:13:12.190 +01:00  INF  Executing endpoint 'AngularAuthApi.Controllers.AuthController.Authenticate (AngularAuthApi)'
2023-02-15 21:13:12.291 +01:00  INF  Route matched with {action = "Authenticate", controller = "Auth"}. Executing controller action with signature System.Threading.Tasks.Task`1[Microsoft.AspNetCore.Mvc.IActionResult] Authenticate(AngularAuthApi.DTOS.LoginDto) on controller AngularAuthApi.Controllers.AuthController (AngularAuthApi).
2023-02-15 21:13:15.644 +01:00  INF  Executed DbCommand (36ms) [Parameters=[@__user_Email_0='?' (Size = 100)], CommandType='"Text"', CommandTimeout='30']
SELECT `u`.`Id`, `u`.`Email`, `u`.`Name`, `u`.`Password`, `u`.`Salt`, `u`.`Token`
FROM `Users` AS `u`
WHERE `u`.`Email` = @__user_Email_0
LIMIT 1
2023-02-15 21:13:16.774 +01:00  INF  Executed action AngularAuthApi.Controllers.AuthController.Authenticate (AngularAuthApi) in 4471.3899ms
2023-02-15 21:13:16.776 +01:00  INF  Executed endpoint 'AngularAuthApi.Controllers.AuthController.Authenticate (AngularAuthApi)'
2023-02-15 21:13:16.777 +01:00  ERR  An unhandled exception has occurred while executing the request.System.ArgumentNullException: String reference not set to an instance of a String. (Parameter 's')
   at System.Text.Encoding.GetBytes(String s)
   at AngularAuthApi.Authentication.JwtProvider.GenerateToken(LoginDto user) in C:\GA\C# OOP\AngularAuthApi\AngularAuthApi\AngularAuthApi\Authentication\JwtProvider.cs:line 22
   at AngularAuthApi.Controllers.AuthController.Authenticate(LoginDto user) in C:\GA\C# OOP\AngularAuthApi\AngularAuthApi\AngularAuthApi\Controllers\AuthController.cs:line 64
   at Microsoft.AspNetCore.Mvc.Infrastructure.ActionMethodExecutor.TaskOfIActionResultExecutor.Execute(IActionResultTypeMapper mapper, ObjectMethodExecutor executor, Object controller, Object[] arguments)
   at Microsoft.AspNetCore.Mvc.Infrastructure.ControllerActionInvoker.<InvokeActionMethodAsync>g__Awaited|12_0(ControllerActionInvoker invoker, ValueTask`1 actionResultValueTask)
   at Microsoft.AspNetCore.Mvc.Infrastructure.ControllerActionInvoker.<InvokeNextActionFilterAsync>g__Awaited|10_0(ControllerActionInvoker invoker, Task lastTask, State next, Scope scope, Object state, Boolean isCompleted)
   at Microsoft.AspNetCore.Mvc.Infrastructure.ControllerActionInvoker.Rethrow(ActionExecutedContextSealed context)
   at Microsoft.AspNetCore.Mvc.Infrastructure.ControllerActionInvoker.Next(State& next, Scope& scope, Object& state, Boolean& isCompleted)
   at Microsoft.AspNetCore.Mvc.Infrastructure.ControllerActionInvoker.InvokeInnerFilterAsync()
--- End of stack trace from previous location ---
   at Microsoft.AspNetCore.Mvc.Infrastructure.ResourceInvoker.<InvokeFilterPipelineAsync>g__Awaited|20_0(ResourceInvoker invoker, Task lastTask, State next, Scope scope, Object state, Boolean isCompleted)
   at Microsoft.AspNetCore.Mvc.Infrastructure.ResourceInvoker.<InvokeAsync>g__Logged|17_1(ResourceInvoker invoker)
   at Microsoft.AspNetCore.Mvc.Infrastructure.ResourceInvoker.<InvokeAsync>g__Logged|17_1(ResourceInvoker invoker)
   at Microsoft.AspNetCore.Routing.EndpointMiddleware.<Invoke>g__AwaitRequestTask|6_0(Endpoint endpoint, Task requestTask, ILogger logger)
   at Microsoft.AspNetCore.Authorization.AuthorizationMiddleware.Invoke(HttpContext context)
   at Microsoft.AspNetCore.Authentication.AuthenticationMiddleware.Invoke(HttpContext context)
   at Swashbuckle.AspNetCore.SwaggerUI.SwaggerUIMiddleware.Invoke(HttpContext httpContext)
   at Swashbuckle.AspNetCore.Swagger.SwaggerMiddleware.Invoke(HttpContext httpContext, ISwaggerProvider swaggerProvider)
   at Microsoft.AspNetCore.Diagnostics.DeveloperExceptionPageMiddleware.Invoke(HttpContext context)

2023-02-15 21:13:16.838 +01:00  INF  Request finished HTTP/2 POST https://localhost:7063/api/user/Authenticate application/json 82 - 500 - text/plain;+charset=utf-8 4683.1881ms
2023-02-15 21:16:14.841 +01:00  INF  Now listening on: https://localhost:7063
2023-02-15 21:16:14.875 +01:00  INF  Now listening on: http://localhost:5174
2023-02-15 21:16:14.880 +01:00  INF  Application started. Press Ctrl+C to shut down.
2023-02-15 21:16:14.881 +01:00  INF  Hosting environment: Development
2023-02-15 21:16:14.881 +01:00  INF  Content root path: C:\GA\C# OOP\AngularAuthApi\AngularAuthApi\AngularAuthApi\
2023-02-15 21:16:15.380 +01:00  INF  Request starting HTTP/2 GET https://localhost:7063/swagger/index.html - -
2023-02-15 21:16:15.720 +01:00  INF  Request finished HTTP/2 GET https://localhost:7063/swagger/index.html - - - 200 - text/html;charset=utf-8 344.6333ms
2023-02-15 21:16:15.816 +01:00  INF  Request starting HTTP/2 GET https://localhost:7063/_vs/browserLink - -
2023-02-15 21:16:15.817 +01:00  INF  Request starting HTTP/2 GET https://localhost:7063/_framework/aspnetcore-browser-refresh.js - -
2023-02-15 21:16:15.820 +01:00  INF  Request finished HTTP/2 GET https://localhost:7063/_framework/aspnetcore-browser-refresh.js - - - 200 11998 application/javascript;+charset=utf-8 3.6905ms
2023-02-15 21:16:15.846 +01:00  INF  Request finished HTTP/2 GET https://localhost:7063/_vs/browserLink - - - 200 - text/javascript;+charset=UTF-8 29.8449ms
2023-02-15 21:16:16.061 +01:00  INF  Request starting HTTP/2 GET https://localhost:7063/swagger/v1/swagger.json - -
2023-02-15 21:16:16.185 +01:00  INF  Request finished HTTP/2 GET https://localhost:7063/swagger/v1/swagger.json - - - 200 - application/json;charset=utf-8 123.3432ms
2023-02-15 21:17:14.112 +01:00  INF  Request starting HTTP/2 POST https://localhost:7063/api/user/Register application/json 131
2023-02-15 21:17:14.130 +01:00  INF  CORS policy execution successful.
2023-02-15 21:17:14.142 +01:00  INF  Executing endpoint 'AngularAuthApi.Controllers.AuthController.RegisterUser (AngularAuthApi)'
2023-02-15 21:17:14.220 +01:00  INF  Route matched with {action = "RegisterUser", controller = "Auth"}. Executing controller action with signature System.Threading.Tasks.Task`1[Microsoft.AspNetCore.Mvc.IActionResult] RegisterUser(AngularAuthApi.Entities.User) on controller AngularAuthApi.Controllers.AuthController (AngularAuthApi).
2023-02-15 21:17:17.416 +01:00  INF  Executed DbCommand (20ms) [Parameters=[@__userEmail_0='?' (Size = 100)], CommandType='"Text"', CommandTimeout='30']
SELECT EXISTS (
    SELECT 1
    FROM `Users` AS `u`
    WHERE `u`.`Email` = @__userEmail_0)
2023-02-15 21:17:18.848 +01:00  INF  Executed DbCommand (4ms) [Parameters=[@p0='?' (Size = 100), @p1='?' (Size = 50), @p2='?' (Size = 128), @p3='?' (Size = 128) (DbType = Binary), @p4='?' (Size = 4000)], CommandType='"Text"', CommandTimeout='30']
INSERT INTO `Users` (`Email`, `Name`, `Password`, `Salt`, `Token`)
VALUES (@p0, @p1, @p2, @p3, @p4);
SELECT `Id`
FROM `Users`
WHERE ROW_COUNT() = 1 AND `Id` = LAST_INSERT_ID();
2023-02-15 21:17:18.959 +01:00  INF  Executing OkObjectResult, writing value of type 'AngularAuthApi.Entities.User'.
2023-02-15 21:17:18.998 +01:00  INF  Executed action AngularAuthApi.Controllers.AuthController.RegisterUser (AngularAuthApi) in 4763.7068ms
2023-02-15 21:17:18.999 +01:00  INF  Executed endpoint 'AngularAuthApi.Controllers.AuthController.RegisterUser (AngularAuthApi)'
2023-02-15 21:17:19.011 +01:00  INF  Request finished HTTP/2 POST https://localhost:7063/api/user/Register application/json 131 - 200 - application/json;+charset=utf-8 4898.8564ms
2023-02-15 21:17:28.716 +01:00  INF  Request starting HTTP/2 POST https://localhost:7063/api/user/Authenticate application/json 60
2023-02-15 21:17:28.720 +01:00  INF  CORS policy execution successful.
2023-02-15 21:17:28.721 +01:00  INF  Executing endpoint 'AngularAuthApi.Controllers.AuthController.Authenticate (AngularAuthApi)'
2023-02-15 21:17:28.727 +01:00  INF  Route matched with {action = "Authenticate", controller = "Auth"}. Executing controller action with signature System.Threading.Tasks.Task`1[Microsoft.AspNetCore.Mvc.IActionResult] Authenticate(AngularAuthApi.DTOS.LoginDto) on controller AngularAuthApi.Controllers.AuthController (AngularAuthApi).
2023-02-15 21:17:28.823 +01:00  INF  Executed DbCommand (1ms) [Parameters=[@__user_Email_0='?' (Size = 100)], CommandType='"Text"', CommandTimeout='30']
SELECT `u`.`Id`, `u`.`Email`, `u`.`Name`, `u`.`Password`, `u`.`Salt`, `u`.`Token`
FROM `Users` AS `u`
WHERE `u`.`Email` = @__user_Email_0
LIMIT 1
2023-02-15 21:17:29.765 +01:00  INF  Executing BadRequestObjectResult, writing value of type '<>f__AnonymousType0`1[[System.String, System.Private.CoreLib, Version=6.0.0.0, Culture=neutral, PublicKeyToken=7cec85d7bea7798e]]'.
2023-02-15 21:17:29.774 +01:00  INF  Executed action AngularAuthApi.Controllers.AuthController.Authenticate (AngularAuthApi) in 1047.2591ms
2023-02-15 21:17:29.774 +01:00  INF  Executed endpoint 'AngularAuthApi.Controllers.AuthController.Authenticate (AngularAuthApi)'
2023-02-15 21:17:29.775 +01:00  INF  Request finished HTTP/2 POST https://localhost:7063/api/user/Authenticate application/json 60 - 400 - application/json;+charset=utf-8 1058.4713ms
2023-02-15 21:17:40.124 +01:00  INF  Request starting HTTP/2 POST https://localhost:7063/api/user/Authenticate application/json 59
2023-02-15 21:17:40.137 +01:00  INF  CORS policy execution successful.
2023-02-15 21:17:40.139 +01:00  INF  Executing endpoint 'AngularAuthApi.Controllers.AuthController.Authenticate (AngularAuthApi)'
2023-02-15 21:17:40.140 +01:00  INF  Route matched with {action = "Authenticate", controller = "Auth"}. Executing controller action with signature System.Threading.Tasks.Task`1[Microsoft.AspNetCore.Mvc.IActionResult] Authenticate(AngularAuthApi.DTOS.LoginDto) on controller AngularAuthApi.Controllers.AuthController (AngularAuthApi).
2023-02-15 21:17:40.285 +01:00  INF  Executed DbCommand (1ms) [Parameters=[@__user_Email_0='?' (Size = 100)], CommandType='"Text"', CommandTimeout='30']
SELECT `u`.`Id`, `u`.`Email`, `u`.`Name`, `u`.`Password`, `u`.`Salt`, `u`.`Token`
FROM `Users` AS `u`
WHERE `u`.`Email` = @__user_Email_0
LIMIT 1
2023-02-15 21:17:41.115 +01:00  INF  Executed action AngularAuthApi.Controllers.AuthController.Authenticate (AngularAuthApi) in 974.9698ms
2023-02-15 21:17:41.117 +01:00  INF  Executed endpoint 'AngularAuthApi.Controllers.AuthController.Authenticate (AngularAuthApi)'
2023-02-15 21:17:41.118 +01:00  ERR  An unhandled exception has occurred while executing the request.System.ArgumentNullException: String reference not set to an instance of a String. (Parameter 's')
   at System.Text.Encoding.GetBytes(String s)
   at AngularAuthApi.Authentication.JwtProvider.GenerateToken(LoginDto user) in C:\GA\C# OOP\AngularAuthApi\AngularAuthApi\AngularAuthApi\Authentication\JwtProvider.cs:line 22
   at AngularAuthApi.Controllers.AuthController.Authenticate(LoginDto user) in C:\GA\C# OOP\AngularAuthApi\AngularAuthApi\AngularAuthApi\Controllers\AuthController.cs:line 64
   at Microsoft.AspNetCore.Mvc.Infrastructure.ActionMethodExecutor.TaskOfIActionResultExecutor.Execute(IActionResultTypeMapper mapper, ObjectMethodExecutor executor, Object controller, Object[] arguments)
   at Microsoft.AspNetCore.Mvc.Infrastructure.ControllerActionInvoker.<InvokeActionMethodAsync>g__Awaited|12_0(ControllerActionInvoker invoker, ValueTask`1 actionResultValueTask)
   at Microsoft.AspNetCore.Mvc.Infrastructure.ControllerActionInvoker.<InvokeNextActionFilterAsync>g__Awaited|10_0(ControllerActionInvoker invoker, Task lastTask, State next, Scope scope, Object state, Boolean isCompleted)
   at Microsoft.AspNetCore.Mvc.Infrastructure.ControllerActionInvoker.Rethrow(ActionExecutedContextSealed context)
   at Microsoft.AspNetCore.Mvc.Infrastructure.ControllerActionInvoker.Next(State& next, Scope& scope, Object& state, Boolean& isCompleted)
   at Microsoft.AspNetCore.Mvc.Infrastructure.ControllerActionInvoker.InvokeInnerFilterAsync()
--- End of stack trace from previous location ---
   at Microsoft.AspNetCore.Mvc.Infrastructure.ResourceInvoker.<InvokeFilterPipelineAsync>g__Awaited|20_0(ResourceInvoker invoker, Task lastTask, State next, Scope scope, Object state, Boolean isCompleted)
   at Microsoft.AspNetCore.Mvc.Infrastructure.ResourceInvoker.<InvokeAsync>g__Logged|17_1(ResourceInvoker invoker)
   at Microsoft.AspNetCore.Mvc.Infrastructure.ResourceInvoker.<InvokeAsync>g__Logged|17_1(ResourceInvoker invoker)
   at Microsoft.AspNetCore.Routing.EndpointMiddleware.<Invoke>g__AwaitRequestTask|6_0(Endpoint endpoint, Task requestTask, ILogger logger)
   at Microsoft.AspNetCore.Authorization.AuthorizationMiddleware.Invoke(HttpContext context)
   at Microsoft.AspNetCore.Authentication.AuthenticationMiddleware.Invoke(HttpContext context)
   at Swashbuckle.AspNetCore.SwaggerUI.SwaggerUIMiddleware.Invoke(HttpContext httpContext)
   at Swashbuckle.AspNetCore.Swagger.SwaggerMiddleware.Invoke(HttpContext httpContext, ISwaggerProvider swaggerProvider)
   at Microsoft.AspNetCore.Diagnostics.DeveloperExceptionPageMiddleware.Invoke(HttpContext context)

2023-02-15 21:17:41.184 +01:00  INF  Request finished HTTP/2 POST https://localhost:7063/api/user/Authenticate application/json 59 - 500 - text/plain;+charset=utf-8 1059.9232ms
2023-02-15 21:18:14.733 +01:00  INF  Now listening on: https://localhost:7063
2023-02-15 21:18:14.765 +01:00  INF  Now listening on: http://localhost:5174
2023-02-15 21:18:14.770 +01:00  INF  Application started. Press Ctrl+C to shut down.
2023-02-15 21:18:14.771 +01:00  INF  Hosting environment: Development
2023-02-15 21:18:14.771 +01:00  INF  Content root path: C:\GA\C# OOP\AngularAuthApi\AngularAuthApi\AngularAuthApi\
2023-02-15 21:18:14.978 +01:00  INF  Request starting HTTP/2 GET https://localhost:7063/swagger/index.html - -
2023-02-15 21:18:15.504 +01:00  INF  Request finished HTTP/2 GET https://localhost:7063/swagger/index.html - - - 200 - text/html;charset=utf-8 534.8879ms
2023-02-15 21:18:15.581 +01:00  INF  Request starting HTTP/2 GET https://localhost:7063/_framework/aspnetcore-browser-refresh.js - -
2023-02-15 21:18:15.582 +01:00  INF  Request starting HTTP/2 GET https://localhost:7063/_vs/browserLink - -
2023-02-15 21:18:15.586 +01:00  INF  Request finished HTTP/2 GET https://localhost:7063/_framework/aspnetcore-browser-refresh.js - - - 200 11998 application/javascript;+charset=utf-8 4.3495ms
2023-02-15 21:18:15.625 +01:00  INF  Request finished HTTP/2 GET https://localhost:7063/_vs/browserLink - - - 200 - text/javascript;+charset=UTF-8 42.5655ms
2023-02-15 21:18:15.846 +01:00  INF  Request starting HTTP/2 GET https://localhost:7063/swagger/v1/swagger.json - -
2023-02-15 21:18:16.014 +01:00  INF  Request finished HTTP/2 GET https://localhost:7063/swagger/v1/swagger.json - - - 200 - application/json;charset=utf-8 167.5736ms
2023-02-15 21:18:27.075 +01:00  INF  Request starting HTTP/2 POST https://localhost:7063/api/user/Authenticate application/json 59
2023-02-15 21:18:27.086 +01:00  INF  CORS policy execution successful.
2023-02-15 21:18:27.097 +01:00  INF  Executing endpoint 'AngularAuthApi.Controllers.AuthController.Authenticate (AngularAuthApi)'
2023-02-15 21:18:27.197 +01:00  INF  Route matched with {action = "Authenticate", controller = "Auth"}. Executing controller action with signature System.Threading.Tasks.Task`1[Microsoft.AspNetCore.Mvc.IActionResult] Authenticate(AngularAuthApi.DTOS.LoginDto) on controller AngularAuthApi.Controllers.AuthController (AngularAuthApi).
2023-02-15 21:18:30.829 +01:00  INF  Executed DbCommand (23ms) [Parameters=[@__user_Email_0='?' (Size = 100)], CommandType='"Text"', CommandTimeout='30']
SELECT `u`.`Id`, `u`.`Email`, `u`.`Name`, `u`.`Password`, `u`.`Salt`, `u`.`Token`
FROM `Users` AS `u`
WHERE `u`.`Email` = @__user_Email_0
LIMIT 1
2023-02-15 21:18:31.972 +01:00  INF  Executed action AngularAuthApi.Controllers.AuthController.Authenticate (AngularAuthApi) in 4763.7008ms
2023-02-15 21:18:31.974 +01:00  INF  Executed endpoint 'AngularAuthApi.Controllers.AuthController.Authenticate (AngularAuthApi)'
2023-02-15 21:18:31.975 +01:00  ERR  An unhandled exception has occurred while executing the request.System.ArgumentNullException: String reference not set to an instance of a String. (Parameter 's')
   at System.Text.Encoding.GetBytes(String s)
   at System.Text.UTF8Encoding.UTF8EncodingSealed.GetBytes(String s)
   at AngularAuthApi.Authentication.JwtProvider.GenerateToken(LoginDto user) in C:\GA\C# OOP\AngularAuthApi\AngularAuthApi\AngularAuthApi\Authentication\JwtProvider.cs:line 22
   at AngularAuthApi.Controllers.AuthController.Authenticate(LoginDto user) in C:\GA\C# OOP\AngularAuthApi\AngularAuthApi\AngularAuthApi\Controllers\AuthController.cs:line 64
   at Microsoft.AspNetCore.Mvc.Infrastructure.ActionMethodExecutor.TaskOfIActionResultExecutor.Execute(IActionResultTypeMapper mapper, ObjectMethodExecutor executor, Object controller, Object[] arguments)
   at Microsoft.AspNetCore.Mvc.Infrastructure.ControllerActionInvoker.<InvokeActionMethodAsync>g__Awaited|12_0(ControllerActionInvoker invoker, ValueTask`1 actionResultValueTask)
   at Microsoft.AspNetCore.Mvc.Infrastructure.ControllerActionInvoker.<InvokeNextActionFilterAsync>g__Awaited|10_0(ControllerActionInvoker invoker, Task lastTask, State next, Scope scope, Object state, Boolean isCompleted)
   at Microsoft.AspNetCore.Mvc.Infrastructure.ControllerActionInvoker.Rethrow(ActionExecutedContextSealed context)
   at Microsoft.AspNetCore.Mvc.Infrastructure.ControllerActionInvoker.Next(State& next, Scope& scope, Object& state, Boolean& isCompleted)
   at Microsoft.AspNetCore.Mvc.Infrastructure.ControllerActionInvoker.InvokeInnerFilterAsync()
--- End of stack trace from previous location ---
   at Microsoft.AspNetCore.Mvc.Infrastructure.ResourceInvoker.<InvokeFilterPipelineAsync>g__Awaited|20_0(ResourceInvoker invoker, Task lastTask, State next, Scope scope, Object state, Boolean isCompleted)
   at Microsoft.AspNetCore.Mvc.Infrastructure.ResourceInvoker.<InvokeAsync>g__Logged|17_1(ResourceInvoker invoker)
   at Microsoft.AspNetCore.Mvc.Infrastructure.ResourceInvoker.<InvokeAsync>g__Logged|17_1(ResourceInvoker invoker)
   at Microsoft.AspNetCore.Routing.EndpointMiddleware.<Invoke>g__AwaitRequestTask|6_0(Endpoint endpoint, Task requestTask, ILogger logger)
   at Microsoft.AspNetCore.Authorization.AuthorizationMiddleware.Invoke(HttpContext context)
   at Microsoft.AspNetCore.Authentication.AuthenticationMiddleware.Invoke(HttpContext context)
   at Swashbuckle.AspNetCore.SwaggerUI.SwaggerUIMiddleware.Invoke(HttpContext httpContext)
   at Swashbuckle.AspNetCore.Swagger.SwaggerMiddleware.Invoke(HttpContext httpContext, ISwaggerProvider swaggerProvider)
   at Microsoft.AspNetCore.Diagnostics.DeveloperExceptionPageMiddleware.Invoke(HttpContext context)

2023-02-15 21:18:32.063 +01:00  INF  Request finished HTTP/2 POST https://localhost:7063/api/user/Authenticate application/json 59 - 500 - text/plain;+charset=utf-8 4988.4341ms
2023-02-15 21:19:23.590 +01:00  INF  Now listening on: https://localhost:7063
2023-02-15 21:19:23.622 +01:00  INF  Now listening on: http://localhost:5174
2023-02-15 21:19:23.625 +01:00  INF  Application started. Press Ctrl+C to shut down.
2023-02-15 21:19:23.626 +01:00  INF  Hosting environment: Development
2023-02-15 21:19:23.626 +01:00  INF  Content root path: C:\GA\C# OOP\AngularAuthApi\AngularAuthApi\AngularAuthApi\
2023-02-15 21:19:24.094 +01:00  INF  Request starting HTTP/2 GET https://localhost:7063/swagger/index.html - -
2023-02-15 21:19:24.422 +01:00  INF  Request finished HTTP/2 GET https://localhost:7063/swagger/index.html - - - 200 - text/html;charset=utf-8 332.2745ms
2023-02-15 21:19:24.499 +01:00  INF  Request starting HTTP/2 GET https://localhost:7063/_vs/browserLink - -
2023-02-15 21:19:24.499 +01:00  INF  Request starting HTTP/2 GET https://localhost:7063/_framework/aspnetcore-browser-refresh.js - -
2023-02-15 21:19:24.501 +01:00  INF  Request finished HTTP/2 GET https://localhost:7063/_framework/aspnetcore-browser-refresh.js - - - 200 11998 application/javascript;+charset=utf-8 2.0204ms
2023-02-15 21:19:24.516 +01:00  INF  Request finished HTTP/2 GET https://localhost:7063/_vs/browserLink - - - 200 - text/javascript;+charset=UTF-8 17.1164ms
2023-02-15 21:19:24.753 +01:00  INF  Request starting HTTP/2 GET https://localhost:7063/swagger/v1/swagger.json - -
2023-02-15 21:19:24.888 +01:00  INF  Request finished HTTP/2 GET https://localhost:7063/swagger/v1/swagger.json - - - 200 - application/json;charset=utf-8 134.6758ms
2023-02-15 21:19:50.397 +01:00  INF  Request starting HTTP/2 POST https://localhost:7063/api/user/Authenticate application/json 59
2023-02-15 21:19:50.411 +01:00  INF  CORS policy execution successful.
2023-02-15 21:19:50.428 +01:00  INF  Executing endpoint 'AngularAuthApi.Controllers.AuthController.Authenticate (AngularAuthApi)'
2023-02-15 21:19:50.521 +01:00  INF  Route matched with {action = "Authenticate", controller = "Auth"}. Executing controller action with signature System.Threading.Tasks.Task`1[Microsoft.AspNetCore.Mvc.IActionResult] Authenticate(AngularAuthApi.DTOS.LoginDto) on controller AngularAuthApi.Controllers.AuthController (AngularAuthApi).
2023-02-15 21:19:53.779 +01:00  INF  Executed DbCommand (14ms) [Parameters=[@__user_Email_0='?' (Size = 100)], CommandType='"Text"', CommandTimeout='30']
SELECT `u`.`Id`, `u`.`Email`, `u`.`Name`, `u`.`Password`, `u`.`Salt`, `u`.`Token`
FROM `Users` AS `u`
WHERE `u`.`Email` = @__user_Email_0
LIMIT 1
2023-02-15 21:19:54.913 +01:00  INF  Executed action AngularAuthApi.Controllers.AuthController.Authenticate (AngularAuthApi) in 4375.3098ms
2023-02-15 21:19:54.914 +01:00  INF  Executed endpoint 'AngularAuthApi.Controllers.AuthController.Authenticate (AngularAuthApi)'
2023-02-15 21:19:54.915 +01:00  ERR  An unhandled exception has occurred while executing the request.System.ArgumentNullException: String reference not set to an instance of a String. (Parameter 's')
   at System.Text.Encoding.GetBytes(String s)
   at AngularAuthApi.Authentication.JwtProvider.GenerateToken(LoginDto user) in C:\GA\C# OOP\AngularAuthApi\AngularAuthApi\AngularAuthApi\Authentication\JwtProvider.cs:line 22
   at AngularAuthApi.Controllers.AuthController.Authenticate(LoginDto user) in C:\GA\C# OOP\AngularAuthApi\AngularAuthApi\AngularAuthApi\Controllers\AuthController.cs:line 64
   at Microsoft.AspNetCore.Mvc.Infrastructure.ActionMethodExecutor.TaskOfIActionResultExecutor.Execute(IActionResultTypeMapper mapper, ObjectMethodExecutor executor, Object controller, Object[] arguments)
   at Microsoft.AspNetCore.Mvc.Infrastructure.ControllerActionInvoker.<InvokeActionMethodAsync>g__Awaited|12_0(ControllerActionInvoker invoker, ValueTask`1 actionResultValueTask)
   at Microsoft.AspNetCore.Mvc.Infrastructure.ControllerActionInvoker.<InvokeNextActionFilterAsync>g__Awaited|10_0(ControllerActionInvoker invoker, Task lastTask, State next, Scope scope, Object state, Boolean isCompleted)
   at Microsoft.AspNetCore.Mvc.Infrastructure.ControllerActionInvoker.Rethrow(ActionExecutedContextSealed context)
   at Microsoft.AspNetCore.Mvc.Infrastructure.ControllerActionInvoker.Next(State& next, Scope& scope, Object& state, Boolean& isCompleted)
   at Microsoft.AspNetCore.Mvc.Infrastructure.ControllerActionInvoker.InvokeInnerFilterAsync()
--- End of stack trace from previous location ---
   at Microsoft.AspNetCore.Mvc.Infrastructure.ResourceInvoker.<InvokeFilterPipelineAsync>g__Awaited|20_0(ResourceInvoker invoker, Task lastTask, State next, Scope scope, Object state, Boolean isCompleted)
   at Microsoft.AspNetCore.Mvc.Infrastructure.ResourceInvoker.<InvokeAsync>g__Logged|17_1(ResourceInvoker invoker)
   at Microsoft.AspNetCore.Mvc.Infrastructure.ResourceInvoker.<InvokeAsync>g__Logged|17_1(ResourceInvoker invoker)
   at Microsoft.AspNetCore.Routing.EndpointMiddleware.<Invoke>g__AwaitRequestTask|6_0(Endpoint endpoint, Task requestTask, ILogger logger)
   at Microsoft.AspNetCore.Authorization.AuthorizationMiddleware.Invoke(HttpContext context)
   at Microsoft.AspNetCore.Authentication.AuthenticationMiddleware.Invoke(HttpContext context)
   at Swashbuckle.AspNetCore.SwaggerUI.SwaggerUIMiddleware.Invoke(HttpContext httpContext)
   at Swashbuckle.AspNetCore.Swagger.SwaggerMiddleware.Invoke(HttpContext httpContext, ISwaggerProvider swaggerProvider)
   at Microsoft.AspNetCore.Diagnostics.DeveloperExceptionPageMiddleware.Invoke(HttpContext context)

2023-02-15 21:19:55.013 +01:00  INF  Request finished HTTP/2 POST https://localhost:7063/api/user/Authenticate application/json 59 - 500 - text/plain;+charset=utf-8 4616.3757ms
2023-02-15 21:29:46.568 +01:00  INF  Now listening on: https://localhost:7063
2023-02-15 21:29:46.603 +01:00  INF  Now listening on: http://localhost:5174
2023-02-15 21:29:46.613 +01:00  INF  Application started. Press Ctrl+C to shut down.
2023-02-15 21:29:46.614 +01:00  INF  Hosting environment: Development
2023-02-15 21:29:46.614 +01:00  INF  Content root path: C:\GA\C# OOP\AngularAuthApi\AngularAuthApi\AngularAuthApi\
2023-02-15 21:29:47.021 +01:00  INF  Request starting HTTP/2 GET https://localhost:7063/swagger/index.html - -
2023-02-15 21:29:47.410 +01:00  INF  Request finished HTTP/2 GET https://localhost:7063/swagger/index.html - - - 200 - text/html;charset=utf-8 395.0706ms
2023-02-15 21:29:47.483 +01:00  INF  Request starting HTTP/2 GET https://localhost:7063/_vs/browserLink - -
2023-02-15 21:29:47.483 +01:00  INF  Request starting HTTP/2 GET https://localhost:7063/_framework/aspnetcore-browser-refresh.js - -
2023-02-15 21:29:47.486 +01:00  INF  Request finished HTTP/2 GET https://localhost:7063/_framework/aspnetcore-browser-refresh.js - - - 200 11998 application/javascript;+charset=utf-8 2.5763ms
2023-02-15 21:29:47.506 +01:00  INF  Request finished HTTP/2 GET https://localhost:7063/_vs/browserLink - - - 200 - text/javascript;+charset=UTF-8 22.4949ms
2023-02-15 21:29:47.845 +01:00  INF  Request starting HTTP/2 GET https://localhost:7063/swagger/v1/swagger.json - -
2023-02-15 21:29:47.947 +01:00  INF  Request finished HTTP/2 GET https://localhost:7063/swagger/v1/swagger.json - - - 200 - application/json;charset=utf-8 101.5874ms
2023-02-15 21:30:09.037 +01:00  INF  Request starting HTTP/2 POST https://localhost:7063/api/user/Authenticate application/json 59
2023-02-15 21:30:09.060 +01:00  INF  CORS policy execution successful.
2023-02-15 21:30:09.074 +01:00  INF  Executing endpoint 'AngularAuthApi.Controllers.AuthController.Authenticate (AngularAuthApi)'
2023-02-15 21:30:09.176 +01:00  INF  Route matched with {action = "Authenticate", controller = "Auth"}. Executing controller action with signature System.Threading.Tasks.Task`1[Microsoft.AspNetCore.Mvc.IActionResult] Authenticate(AngularAuthApi.DTOS.LoginDto) on controller AngularAuthApi.Controllers.AuthController (AngularAuthApi).
2023-02-15 21:30:12.386 +01:00  INF  Executed DbCommand (15ms) [Parameters=[@__user_Email_0='?' (Size = 100)], CommandType='"Text"', CommandTimeout='30']
SELECT `u`.`Id`, `u`.`Email`, `u`.`Name`, `u`.`Password`, `u`.`Salt`, `u`.`Token`
FROM `Users` AS `u`
WHERE `u`.`Email` = @__user_Email_0
LIMIT 1
2023-02-15 21:30:14.304 +01:00  INF  Executing OkObjectResult, writing value of type 'AngularAuthApi.Entities.Responses.AuthUserResponse'.
2023-02-15 21:30:14.357 +01:00  INF  Executed action AngularAuthApi.Controllers.AuthController.Authenticate (AngularAuthApi) in 5165.8273ms
2023-02-15 21:30:14.357 +01:00  INF  Executed endpoint 'AngularAuthApi.Controllers.AuthController.Authenticate (AngularAuthApi)'
2023-02-15 21:30:14.366 +01:00  INF  Request finished HTTP/2 POST https://localhost:7063/api/user/Authenticate application/json 59 - 200 - application/json;+charset=utf-8 5328.9832ms
