2023-02-27 13:36:59.849 +01:00  INF  Request starting HTTP/2 OPTIONS https://localhost:7063/api/user/Authenticate - -
2023-02-27 13:36:59.915 +01:00  INF  CORS policy execution successful.
2023-02-27 13:36:59.921 +01:00  INF  Request finished HTTP/2 OPTIONS https://localhost:7063/api/user/Authenticate - - - 204 - - 83.1137ms
2023-02-27 13:36:59.937 +01:00  INF  Request starting HTTP/2 POST https://localhost:7063/api/user/Authenticate application/json 54
2023-02-27 13:36:59.940 +01:00  INF  CORS policy execution successful.
2023-02-27 13:36:59.951 +01:00  INF  Executing endpoint 'AngularAuthApi.Controllers.AuthController.Authenticate (AngularAuthApi)'
2023-02-27 13:36:59.960 +01:00  INF  Route matched with {action = "Authenticate", controller = "Auth"}. Executing controller action with signature System.Threading.Tasks.Task`1[Microsoft.AspNetCore.Mvc.IActionResult] Authenticate(AngularAuthApi.DTOS.LoginDto) on controller AngularAuthApi.Controllers.AuthController (AngularAuthApi).
2023-02-27 13:37:00.239 +01:00  INF  Executed DbCommand (6ms) [Parameters=[@__user_Email_0='?' (Size = 100)], CommandType='"Text"', CommandTimeout='30']
SELECT `u`.`Id`, `u`.`Email`, `u`.`Name`, `u`.`Password`, `u`.`Salt`, `u`.`Token`
FROM `Users` AS `u`
WHERE `u`.`Email` = @__user_Email_0
LIMIT 1
2023-02-27 13:37:00.761 +01:00  INF  Executed DbCommand (4ms) [Parameters=[@__id_0='?' (DbType = Int32)], CommandType='"Text"', CommandTimeout='30']
SELECT `a`.`Id`, `a`.`ExpiredDate`, `a`.`IsActive`, `a`.`IsExpired`, `a`.`IssuedDate`, `a`.`RefreshToken`
FROM `Auth` AS `a`
WHERE `a`.`Id` = @__id_0
LIMIT 1
2023-02-27 13:37:00.767 +01:00  INF  Executed DbCommand (1ms) [Parameters=[@__id_0='?' (DbType = Int32)], CommandType='"Text"', CommandTimeout='30']
SELECT `a`.`Id`, `a`.`ExpiredDate`, `a`.`IsActive`, `a`.`IsExpired`, `a`.`IssuedDate`, `a`.`RefreshToken`
FROM `Auth` AS `a`
WHERE `a`.`Id` = @__id_0
LIMIT 1
2023-02-27 13:37:00.784 +01:00  INF  Executed DbCommand (3ms) [Parameters=[@p5='?' (DbType = Int32), @p0='?' (DbType = DateTime), @p1='?' (DbType = SByte), @p2='?' (DbType = SByte), @p3='?' (DbType = DateTime), @p4='?' (Size = 500), @p7='?' (DbType = Int32), @p6='?' (Size = 500)], CommandType='"Text"', CommandTimeout='30']
UPDATE `Auth` SET `ExpiredDate` = @p0, `IsActive` = @p1, `IsExpired` = @p2, `IssuedDate` = @p3, `RefreshToken` = @p4
WHERE `Id` = @p5;
UPDATE `Users` SET `Token` = @p6
WHERE `Id` = @p7;
2023-02-27 13:37:00.789 +01:00  INF  Executing OkObjectResult, writing value of type 'AngularAuthApi.Entities.Responses.AuthUserResponse'.
2023-02-27 13:37:00.791 +01:00  INF  Executed action AngularAuthApi.Controllers.AuthController.Authenticate (AngularAuthApi) in 830.5646ms
2023-02-27 13:37:00.791 +01:00  INF  Executed endpoint 'AngularAuthApi.Controllers.AuthController.Authenticate (AngularAuthApi)'
2023-02-27 13:37:00.791 +01:00  INF  Request finished HTTP/2 POST https://localhost:7063/api/user/Authenticate application/json 54 - 200 - application/json;+charset=utf-8 855.0218ms
2023-02-27 13:38:25.086 +01:00  INF  Request starting HTTP/2 OPTIONS https://localhost:7063/api/user/Authenticate - -
2023-02-27 13:38:25.086 +01:00  INF  CORS policy execution successful.
2023-02-27 13:38:25.087 +01:00  INF  Request finished HTTP/2 OPTIONS https://localhost:7063/api/user/Authenticate - - - 204 - - 1.1490ms
2023-02-27 13:38:25.099 +01:00  INF  Request starting HTTP/2 POST https://localhost:7063/api/user/Authenticate application/json 54
2023-02-27 13:38:25.100 +01:00  INF  CORS policy execution successful.
2023-02-27 13:38:25.100 +01:00  INF  Executing endpoint 'AngularAuthApi.Controllers.AuthController.Authenticate (AngularAuthApi)'
2023-02-27 13:38:25.100 +01:00  INF  Route matched with {action = "Authenticate", controller = "Auth"}. Executing controller action with signature System.Threading.Tasks.Task`1[Microsoft.AspNetCore.Mvc.IActionResult] Authenticate(AngularAuthApi.DTOS.LoginDto) on controller AngularAuthApi.Controllers.AuthController (AngularAuthApi).
2023-02-27 13:38:25.105 +01:00  INF  Executed DbCommand (1ms) [Parameters=[@__user_Email_0='?' (Size = 100)], CommandType='"Text"', CommandTimeout='30']
SELECT `u`.`Id`, `u`.`Email`, `u`.`Name`, `u`.`Password`, `u`.`Salt`, `u`.`Token`
FROM `Users` AS `u`
WHERE `u`.`Email` = @__user_Email_0
LIMIT 1
2023-02-27 13:38:25.546 +01:00  INF  Executed DbCommand (1ms) [Parameters=[@__id_0='?' (DbType = Int32)], CommandType='"Text"', CommandTimeout='30']
SELECT `a`.`Id`, `a`.`ExpiredDate`, `a`.`IsActive`, `a`.`IsExpired`, `a`.`IssuedDate`, `a`.`RefreshToken`
FROM `Auth` AS `a`
WHERE `a`.`Id` = @__id_0
LIMIT 1
2023-02-27 13:38:25.549 +01:00  INF  Executed DbCommand (1ms) [Parameters=[@__id_0='?' (DbType = Int32)], CommandType='"Text"', CommandTimeout='30']
SELECT `a`.`Id`, `a`.`ExpiredDate`, `a`.`IsActive`, `a`.`IsExpired`, `a`.`IssuedDate`, `a`.`RefreshToken`
FROM `Auth` AS `a`
WHERE `a`.`Id` = @__id_0
LIMIT 1
2023-02-27 13:38:25.554 +01:00  INF  Executed DbCommand (2ms) [Parameters=[@p5='?' (DbType = Int32), @p0='?' (DbType = DateTime), @p1='?' (DbType = SByte), @p2='?' (DbType = SByte), @p3='?' (DbType = DateTime), @p4='?' (Size = 500), @p7='?' (DbType = Int32), @p6='?' (Size = 500)], CommandType='"Text"', CommandTimeout='30']
UPDATE `Auth` SET `ExpiredDate` = @p0, `IsActive` = @p1, `IsExpired` = @p2, `IssuedDate` = @p3, `RefreshToken` = @p4
WHERE `Id` = @p5;
UPDATE `Users` SET `Token` = @p6
WHERE `Id` = @p7;
2023-02-27 13:38:25.557 +01:00  INF  Executing OkObjectResult, writing value of type 'AngularAuthApi.Entities.Responses.AuthUserResponse'.
2023-02-27 13:38:25.557 +01:00  INF  Executed action AngularAuthApi.Controllers.AuthController.Authenticate (AngularAuthApi) in 457.1689ms
2023-02-27 13:38:25.558 +01:00  INF  Executed endpoint 'AngularAuthApi.Controllers.AuthController.Authenticate (AngularAuthApi)'
2023-02-27 13:38:25.558 +01:00  INF  Request finished HTTP/2 POST https://localhost:7063/api/user/Authenticate application/json 54 - 200 - application/json;+charset=utf-8 458.7136ms
2023-02-27 16:18:56.524 +01:00  INF  User profile is available. Using 'C:\Users\yahia alioua\AppData\Local\ASP.NET\DataProtection-Keys' as key repository and Windows DPAPI to encrypt keys at rest.
2023-02-27 16:18:56.880 +01:00  INF  Now listening on: https://localhost:7063
2023-02-27 16:18:56.881 +01:00  INF  Now listening on: http://localhost:5174
2023-02-27 16:18:56.885 +01:00  INF  Application started. Press Ctrl+C to shut down.
2023-02-27 16:18:56.885 +01:00  INF  Hosting environment: Development
2023-02-27 16:18:56.885 +01:00  INF  Content root path: C:\GA\C# OOP\ZeroSigmaAuth\AngularAuthApi\
2023-02-27 16:18:57.747 +01:00  INF  Request starting HTTP/2 GET https://localhost:7063/swagger/index.html - -
2023-02-27 16:18:58.391 +01:00  INF  Request finished HTTP/2 GET https://localhost:7063/swagger/index.html - - - 200 - text/html;charset=utf-8 648.1400ms
2023-02-27 16:18:58.525 +01:00  INF  Request starting HTTP/2 GET https://localhost:7063/_framework/aspnetcore-browser-refresh.js - -
2023-02-27 16:18:58.525 +01:00  INF  Request starting HTTP/2 GET https://localhost:7063/_vs/browserLink - -
2023-02-27 16:18:58.528 +01:00  INF  Request finished HTTP/2 GET https://localhost:7063/_framework/aspnetcore-browser-refresh.js - - - 200 11998 application/javascript;+charset=utf-8 3.4384ms
2023-02-27 16:18:58.569 +01:00  INF  Request finished HTTP/2 GET https://localhost:7063/_vs/browserLink - - - 200 - text/javascript;+charset=UTF-8 44.7125ms
2023-02-27 16:18:58.846 +01:00  INF  Request starting HTTP/2 GET https://localhost:7063/swagger/v1/swagger.json - -
2023-02-27 16:18:58.986 +01:00  INF  Request finished HTTP/2 GET https://localhost:7063/swagger/v1/swagger.json - - - 200 - application/json;charset=utf-8 140.5839ms
2023-02-27 16:19:59.257 +01:00  INF  Request starting HTTP/2 POST https://localhost:7063/api/user/Register application/json 82
2023-02-27 16:19:59.271 +01:00  INF  CORS policy execution successful.
2023-02-27 16:19:59.357 +01:00  INF  Executing endpoint 'AngularAuthApi.Authentication.Controllers.AuthController.RegisterUser (AngularAuthApi)'
2023-02-27 16:19:59.457 +01:00  INF  Route matched with {action = "RegisterUser", controller = "Auth"}. Executing controller action with signature System.Threading.Tasks.Task`1[Microsoft.AspNetCore.Mvc.IActionResult] RegisterUser(AngularAuthApi.Entities.Requests.SignUpRequest) on controller AngularAuthApi.Authentication.Controllers.AuthController (AngularAuthApi).
2023-02-27 16:20:04.303 +01:00  INF  Executed DbCommand (22ms) [Parameters=[@__userEmail_0='?' (Size = 100)], CommandType='"Text"', CommandTimeout='30']
SELECT EXISTS (
    SELECT 1
    FROM `Users` AS `u`
    WHERE `u`.`Email` = @__userEmail_0)
2023-02-27 16:20:05.876 +01:00  INF  Executed DbCommand (7ms) [Parameters=[@p0='?' (Size = 100), @p1='?' (Size = 50), @p2='?' (Size = 128), @p3='?' (Size = 128) (DbType = Binary), @p4='?' (Size = 500)], CommandType='"Text"', CommandTimeout='30']
INSERT INTO `Users` (`Email`, `Name`, `Password`, `Salt`, `Token`)
VALUES (@p0, @p1, @p2, @p3, @p4);
SELECT `Id`
FROM `Users`
WHERE ROW_COUNT() = 1 AND `Id` = LAST_INSERT_ID();
2023-02-27 16:20:05.927 +01:00  INF  Executed DbCommand (4ms) [Parameters=[@p5='?' (DbType = Int32), @p6='?' (DbType = DateTime), @p7='?' (DbType = SByte), @p8='?' (DbType = SByte), @p9='?' (DbType = DateTime), @p10='?' (Size = 500)], CommandType='"Text"', CommandTimeout='30']
INSERT INTO `Auth` (`Id`, `ExpiredDate`, `IsActive`, `IsExpired`, `IssuedDate`, `RefreshToken`)
VALUES (@p5, @p6, @p7, @p8, @p9, @p10);
2023-02-27 16:20:05.978 +01:00  INF  Executing OkObjectResult, writing value of type '<>f__AnonymousType0`2[[System.String, System.Private.CoreLib, Version=6.0.0.0, Culture=neutral, PublicKeyToken=7cec85d7bea7798e],[System.Int32, System.Private.CoreLib, Version=6.0.0.0, Culture=neutral, PublicKeyToken=7cec85d7bea7798e]]'.
2023-02-27 16:20:06.015 +01:00  INF  Executed action AngularAuthApi.Authentication.Controllers.AuthController.RegisterUser (AngularAuthApi) in 6547.0765ms
2023-02-27 16:20:06.016 +01:00  INF  Executed endpoint 'AngularAuthApi.Authentication.Controllers.AuthController.RegisterUser (AngularAuthApi)'
2023-02-27 16:20:06.026 +01:00  INF  Request finished HTTP/2 POST https://localhost:7063/api/user/Register application/json 82 - 200 - application/json;+charset=utf-8 6768.6902ms
2023-02-27 16:20:32.678 +01:00  INF  Request starting HTTP/2 POST https://localhost:7063/api/user/Authenticate application/json 63
2023-02-27 16:20:32.681 +01:00  INF  CORS policy execution successful.
2023-02-27 16:20:32.681 +01:00  INF  Executing endpoint 'AngularAuthApi.Authentication.Controllers.AuthController.Authenticate (AngularAuthApi)'
2023-02-27 16:20:32.686 +01:00  INF  Route matched with {action = "Authenticate", controller = "Auth"}. Executing controller action with signature System.Threading.Tasks.Task`1[Microsoft.AspNetCore.Mvc.IActionResult] Authenticate(AngularAuthApi.Authentication.DTOS.LoginDto) on controller AngularAuthApi.Authentication.Controllers.AuthController (AngularAuthApi).
2023-02-27 16:20:32.805 +01:00  INF  Executed DbCommand (1ms) [Parameters=[@__user_Email_0='?' (Size = 100)], CommandType='"Text"', CommandTimeout='30']
SELECT `u`.`Id`, `u`.`Email`, `u`.`Name`, `u`.`Password`, `u`.`Salt`, `u`.`Token`
FROM `Users` AS `u`
WHERE `u`.`Email` = @__user_Email_0
LIMIT 1
2023-02-27 16:20:33.941 +01:00  INF  Executed DbCommand (1ms) [Parameters=[@__id_0='?' (DbType = Int32)], CommandType='"Text"', CommandTimeout='30']
SELECT `a`.`Id`, `a`.`ExpiredDate`, `a`.`IsActive`, `a`.`IsExpired`, `a`.`IssuedDate`, `a`.`RefreshToken`
FROM `Auth` AS `a`
WHERE `a`.`Id` = @__id_0
LIMIT 1
2023-02-27 16:20:34.033 +01:00  INF  Executed DbCommand (1ms) [Parameters=[@__id_0='?' (DbType = Int32)], CommandType='"Text"', CommandTimeout='30']
SELECT `a`.`Id`, `a`.`ExpiredDate`, `a`.`IsActive`, `a`.`IsExpired`, `a`.`IssuedDate`, `a`.`RefreshToken`
FROM `Auth` AS `a`
WHERE `a`.`Id` = @__id_0
LIMIT 1
2023-02-27 16:20:34.076 +01:00  INF  Executed DbCommand (11ms) [Parameters=[@p5='?' (DbType = Int32), @p0='?' (DbType = DateTime), @p1='?' (DbType = SByte), @p2='?' (DbType = SByte), @p3='?' (DbType = DateTime), @p4='?' (Size = 500), @p7='?' (DbType = Int32), @p6='?' (Size = 500)], CommandType='"Text"', CommandTimeout='30']
UPDATE `Auth` SET `ExpiredDate` = @p0, `IsActive` = @p1, `IsExpired` = @p2, `IssuedDate` = @p3, `RefreshToken` = @p4
WHERE `Id` = @p5;
UPDATE `Users` SET `Token` = @p6
WHERE `Id` = @p7;
2023-02-27 16:20:34.098 +01:00  INF  Executing OkObjectResult, writing value of type 'AngularAuthApi.Entities.Responses.AuthUserResponse'.
2023-02-27 16:20:34.104 +01:00  INF  Executed action AngularAuthApi.Authentication.Controllers.AuthController.Authenticate (AngularAuthApi) in 1416.9671ms
2023-02-27 16:20:34.104 +01:00  INF  Executed endpoint 'AngularAuthApi.Authentication.Controllers.AuthController.Authenticate (AngularAuthApi)'
2023-02-27 16:20:34.104 +01:00  INF  Request finished HTTP/2 POST https://localhost:7063/api/user/Authenticate application/json 63 - 200 - application/json;+charset=utf-8 1426.0913ms
2023-02-27 16:35:22.849 +01:00  INF  User profile is available. Using 'C:\Users\yahia alioua\AppData\Local\ASP.NET\DataProtection-Keys' as key repository and Windows DPAPI to encrypt keys at rest.
2023-02-27 16:35:23.047 +01:00  INF  Now listening on: https://localhost:7063
2023-02-27 16:35:23.048 +01:00  INF  Now listening on: http://localhost:5174
2023-02-27 16:35:23.053 +01:00  INF  Application started. Press Ctrl+C to shut down.
2023-02-27 16:35:23.053 +01:00  INF  Hosting environment: Development
2023-02-27 16:35:23.053 +01:00  INF  Content root path: C:\GA\C# OOP\ZeroSigmaAuth\AngularAuthApi\
2023-02-27 16:35:23.306 +01:00  INF  Request starting HTTP/2 GET https://localhost:7063/swagger/index.html - -
2023-02-27 16:35:23.735 +01:00  INF  Request finished HTTP/2 GET https://localhost:7063/swagger/index.html - - - 200 - text/html;charset=utf-8 434.4101ms
2023-02-27 16:35:23.816 +01:00  INF  Request starting HTTP/2 GET https://localhost:7063/_vs/browserLink - -
2023-02-27 16:35:23.816 +01:00  INF  Request starting HTTP/2 GET https://localhost:7063/_framework/aspnetcore-browser-refresh.js - -
2023-02-27 16:35:23.819 +01:00  INF  Request finished HTTP/2 GET https://localhost:7063/_framework/aspnetcore-browser-refresh.js - - - 200 11998 application/javascript;+charset=utf-8 2.7561ms
2023-02-27 16:35:23.835 +01:00  INF  Request finished HTTP/2 GET https://localhost:7063/_vs/browserLink - - - 200 - text/javascript;+charset=UTF-8 18.4410ms
2023-02-27 16:35:23.960 +01:00  INF  Request starting HTTP/2 GET https://localhost:7063/swagger/v1/swagger.json - -
2023-02-27 16:35:24.114 +01:00  INF  Request finished HTTP/2 GET https://localhost:7063/swagger/v1/swagger.json - - - 200 - application/json;charset=utf-8 154.4738ms
2023-02-27 16:35:44.983 +01:00  INF  User profile is available. Using 'C:\Users\yahia alioua\AppData\Local\ASP.NET\DataProtection-Keys' as key repository and Windows DPAPI to encrypt keys at rest.
2023-02-27 16:35:45.175 +01:00  INF  Now listening on: https://localhost:7063
2023-02-27 16:35:45.175 +01:00  INF  Now listening on: http://localhost:5174
2023-02-27 16:35:45.181 +01:00  INF  Application started. Press Ctrl+C to shut down.
2023-02-27 16:35:45.181 +01:00  INF  Hosting environment: Development
2023-02-27 16:35:45.181 +01:00  INF  Content root path: C:\GA\C# OOP\ZeroSigmaAuth\AngularAuthApi\
2023-02-27 16:35:45.353 +01:00  INF  Request starting HTTP/2 GET https://localhost:7063/swagger/index.html - -
2023-02-27 16:35:45.825 +01:00  INF  Request finished HTTP/2 GET https://localhost:7063/swagger/index.html - - - 200 - text/html;charset=utf-8 479.5736ms
2023-02-27 16:35:45.899 +01:00  INF  Request starting HTTP/2 GET https://localhost:7063/_vs/browserLink - -
2023-02-27 16:35:45.899 +01:00  INF  Request starting HTTP/2 GET https://localhost:7063/_framework/aspnetcore-browser-refresh.js - -
2023-02-27 16:35:45.902 +01:00  INF  Request finished HTTP/2 GET https://localhost:7063/_framework/aspnetcore-browser-refresh.js - - - 200 11998 application/javascript;+charset=utf-8 2.5991ms
2023-02-27 16:35:45.919 +01:00  INF  Request finished HTTP/2 GET https://localhost:7063/_vs/browserLink - - - 200 - text/javascript;+charset=UTF-8 20.6265ms
2023-02-27 16:35:46.085 +01:00  INF  Request starting HTTP/2 GET https://localhost:7063/swagger/v1/swagger.json - -
2023-02-27 16:35:46.236 +01:00  INF  Request finished HTTP/2 GET https://localhost:7063/swagger/v1/swagger.json - - - 200 - application/json;charset=utf-8 150.6681ms
