2023-03-03 12:01:23.614 +01:00  INF  User profile is available. Using 'C:\Users\yahia alioua\AppData\Local\ASP.NET\DataProtection-Keys' as key repository and Windows DPAPI to encrypt keys at rest.
2023-03-03 12:01:23.840 +01:00  INF  Now listening on: https://localhost:7063
2023-03-03 12:01:23.840 +01:00  INF  Now listening on: http://localhost:5174
2023-03-03 12:01:23.844 +01:00  INF  Application started. Press Ctrl+C to shut down.
2023-03-03 12:01:23.845 +01:00  INF  Hosting environment: Development
2023-03-03 12:01:23.845 +01:00  INF  Content root path: C:\projects\AngularAuthApi\
2023-03-03 12:01:24.727 +01:00  INF  Request starting HTTP/2 GET https://localhost:7063/swagger/index.html - -
2023-03-03 12:01:25.225 +01:00  INF  Request finished HTTP/2 GET https://localhost:7063/swagger/index.html - - - 200 - text/html;charset=utf-8 506.4789ms
2023-03-03 12:01:25.246 +01:00  INF  Request starting HTTP/2 GET https://localhost:7063/_framework/aspnetcore-browser-refresh.js - -
2023-03-03 12:01:25.251 +01:00  INF  Request finished HTTP/2 GET https://localhost:7063/_framework/aspnetcore-browser-refresh.js - - - 200 11998 application/javascript;+charset=utf-8 5.1510ms
2023-03-03 12:01:25.265 +01:00  INF  Request starting HTTP/2 GET https://localhost:7063/_vs/browserLink - -
2023-03-03 12:01:25.287 +01:00  INF  Request finished HTTP/2 GET https://localhost:7063/_vs/browserLink - - - 200 - text/javascript;+charset=UTF-8 22.7022ms
2023-03-03 12:01:25.430 +01:00  INF  Request starting HTTP/2 GET https://localhost:7063/swagger/v1/swagger.json - -
2023-03-03 12:01:25.550 +01:00  INF  Request finished HTTP/2 GET https://localhost:7063/swagger/v1/swagger.json - - - 200 - application/json;charset=utf-8 120.3042ms
2023-03-03 12:02:44.032 +01:00  INF  User profile is available. Using 'C:\Users\yahia alioua\AppData\Local\ASP.NET\DataProtection-Keys' as key repository and Windows DPAPI to encrypt keys at rest.
2023-03-03 12:02:44.209 +01:00  INF  Now listening on: https://localhost:7063
2023-03-03 12:02:44.209 +01:00  INF  Now listening on: http://localhost:5174
2023-03-03 12:02:44.212 +01:00  INF  Application started. Press Ctrl+C to shut down.
2023-03-03 12:02:44.213 +01:00  INF  Hosting environment: Development
2023-03-03 12:02:44.213 +01:00  INF  Content root path: C:\projects\AngularAuthApi\
2023-03-03 12:02:44.770 +01:00  INF  Request starting HTTP/2 GET https://localhost:7063/swagger/index.html - -
2023-03-03 12:02:45.205 +01:00  INF  Request finished HTTP/2 GET https://localhost:7063/swagger/index.html - - - 200 - text/html;charset=utf-8 443.3491ms
2023-03-03 12:02:45.236 +01:00  INF  Request starting HTTP/2 GET https://localhost:7063/_vs/browserLink - -
2023-03-03 12:02:45.236 +01:00  INF  Request starting HTTP/2 GET https://localhost:7063/_framework/aspnetcore-browser-refresh.js - -
2023-03-03 12:02:45.240 +01:00  INF  Request finished HTTP/2 GET https://localhost:7063/_framework/aspnetcore-browser-refresh.js - - - 200 11998 application/javascript;+charset=utf-8 3.4989ms
2023-03-03 12:02:45.255 +01:00  INF  Request finished HTTP/2 GET https://localhost:7063/_vs/browserLink - - - 200 - text/javascript;+charset=UTF-8 19.4342ms
2023-03-03 12:02:45.431 +01:00  INF  Request starting HTTP/2 GET https://localhost:7063/swagger/v1/swagger.json - -
2023-03-03 12:02:45.594 +01:00  INF  Request finished HTTP/2 GET https://localhost:7063/swagger/v1/swagger.json - - - 200 - application/json;charset=utf-8 162.4883ms
2023-03-03 13:30:30.589 +01:00  INF  User profile is available. Using 'C:\Users\yahia alioua\AppData\Local\ASP.NET\DataProtection-Keys' as key repository and Windows DPAPI to encrypt keys at rest.
2023-03-03 13:30:30.770 +01:00  INF  Now listening on: https://localhost:7063
2023-03-03 13:30:30.770 +01:00  INF  Now listening on: http://localhost:5174
2023-03-03 13:30:30.775 +01:00  INF  Application started. Press Ctrl+C to shut down.
2023-03-03 13:30:30.775 +01:00  INF  Hosting environment: Development
2023-03-03 13:30:30.775 +01:00  INF  Content root path: C:\projects\AngularAuthApi\
2023-03-03 13:30:31.510 +01:00  INF  Request starting HTTP/2 GET https://localhost:7063/swagger/index.html - -
2023-03-03 13:30:31.985 +01:00  INF  Request finished HTTP/2 GET https://localhost:7063/swagger/index.html - - - 200 - text/html;charset=utf-8 478.7722ms
2023-03-03 13:30:32.010 +01:00  INF  Request starting HTTP/2 GET https://localhost:7063/_framework/aspnetcore-browser-refresh.js - -
2023-03-03 13:30:32.014 +01:00  INF  Request finished HTTP/2 GET https://localhost:7063/_framework/aspnetcore-browser-refresh.js - - - 200 11998 application/javascript;+charset=utf-8 3.5934ms
2023-03-03 13:30:32.039 +01:00  INF  Request starting HTTP/2 GET https://localhost:7063/_vs/browserLink - -
2023-03-03 13:30:32.067 +01:00  INF  Request finished HTTP/2 GET https://localhost:7063/_vs/browserLink - - - 200 - text/javascript;+charset=UTF-8 28.3799ms
2023-03-03 13:30:32.223 +01:00  INF  Request starting HTTP/2 GET https://localhost:7063/swagger/v1/swagger.json - -
2023-03-03 13:30:32.397 +01:00  INF  Request finished HTTP/2 GET https://localhost:7063/swagger/v1/swagger.json - - - 200 - application/json;charset=utf-8 173.8541ms
2023-03-03 19:43:47.561 +01:00  INF  User profile is available. Using 'C:\Users\yahia alioua\AppData\Local\ASP.NET\DataProtection-Keys' as key repository and Windows DPAPI to encrypt keys at rest.
2023-03-03 19:43:47.784 +01:00  INF  Now listening on: https://localhost:7063
2023-03-03 19:43:47.784 +01:00  INF  Now listening on: http://localhost:5174
2023-03-03 19:43:47.788 +01:00  INF  Application started. Press Ctrl+C to shut down.
2023-03-03 19:43:47.788 +01:00  INF  Hosting environment: Development
2023-03-03 19:43:47.788 +01:00  INF  Content root path: C:\projects\AngularAuthApi\
2023-03-03 19:43:48.734 +01:00  INF  Request starting HTTP/2 GET https://localhost:7063/swagger/index.html - -
2023-03-03 19:43:49.339 +01:00  INF  Request finished HTTP/2 GET https://localhost:7063/swagger/index.html - - - 200 - text/html;charset=utf-8 612.4686ms
2023-03-03 19:43:49.388 +01:00  INF  Request starting HTTP/2 GET https://localhost:7063/_framework/aspnetcore-browser-refresh.js - -
2023-03-03 19:43:49.396 +01:00  INF  Request finished HTTP/2 GET https://localhost:7063/_framework/aspnetcore-browser-refresh.js - - - 200 11998 application/javascript;+charset=utf-8 8.4016ms
2023-03-03 19:43:49.406 +01:00  INF  Request starting HTTP/2 GET https://localhost:7063/_vs/browserLink - -
2023-03-03 19:43:49.425 +01:00  INF  Request finished HTTP/2 GET https://localhost:7063/_vs/browserLink - - - 200 - text/javascript;+charset=UTF-8 18.9454ms
2023-03-03 19:43:49.701 +01:00  INF  Request starting HTTP/2 GET https://localhost:7063/swagger/v1/swagger.json - -
2023-03-03 19:43:49.816 +01:00  ERR  An unhandled exception has occurred while executing the request.Swashbuckle.AspNetCore.SwaggerGen.SwaggerGeneratorException: Ambiguous HTTP method for action - AngularAuthApi.DcfCalculator.Controller.FinancialDataController.GetCashFlowStatements (AngularAuthApi). Actions require an explicit HttpMethod binding for Swagger/OpenAPI 3.0
   at Swashbuckle.AspNetCore.SwaggerGen.SwaggerGenerator.GenerateOperations(IEnumerable`1 apiDescriptions, SchemaRepository schemaRepository)
   at Swashbuckle.AspNetCore.SwaggerGen.SwaggerGenerator.GeneratePaths(IEnumerable`1 apiDescriptions, SchemaRepository schemaRepository)
   at Swashbuckle.AspNetCore.SwaggerGen.SwaggerGenerator.GetSwagger(String documentName, String host, String basePath)
   at Swashbuckle.AspNetCore.Swagger.SwaggerMiddleware.Invoke(HttpContext httpContext, ISwaggerProvider swaggerProvider)
   at Microsoft.AspNetCore.Diagnostics.DeveloperExceptionPageMiddleware.Invoke(HttpContext context)

2023-03-03 19:43:49.877 +01:00  INF  Request finished HTTP/2 GET https://localhost:7063/swagger/v1/swagger.json - - - 500 - text/plain;+charset=utf-8 176.6849ms
2023-03-03 19:44:23.856 +01:00  INF  Request starting HTTP/2 GET https://localhost:7063/swagger/index.html - -
2023-03-03 19:44:23.869 +01:00  INF  Request finished HTTP/2 GET https://localhost:7063/swagger/index.html - - - 200 - text/html;charset=utf-8 12.2801ms
2023-03-03 19:44:23.938 +01:00  INF  Request starting HTTP/2 GET https://localhost:7063/_vs/browserLink - -
2023-03-03 19:44:23.938 +01:00  INF  Request starting HTTP/2 GET https://localhost:7063/_framework/aspnetcore-browser-refresh.js - -
2023-03-03 19:44:23.939 +01:00  INF  Request finished HTTP/2 GET https://localhost:7063/_framework/aspnetcore-browser-refresh.js - - - 200 11998 application/javascript;+charset=utf-8 0.7058ms
2023-03-03 19:44:23.951 +01:00  INF  Request finished HTTP/2 GET https://localhost:7063/_vs/browserLink - - - 200 - text/javascript;+charset=UTF-8 12.9760ms
2023-03-03 19:44:24.128 +01:00  INF  Request starting HTTP/2 GET https://localhost:7063/swagger/v1/swagger.json - -
2023-03-03 19:44:24.130 +01:00  ERR  An unhandled exception has occurred while executing the request.Swashbuckle.AspNetCore.SwaggerGen.SwaggerGeneratorException: Ambiguous HTTP method for action - AngularAuthApi.DcfCalculator.Controller.FinancialDataController.GetCashFlowStatements (AngularAuthApi). Actions require an explicit HttpMethod binding for Swagger/OpenAPI 3.0
   at Swashbuckle.AspNetCore.SwaggerGen.SwaggerGenerator.GenerateOperations(IEnumerable`1 apiDescriptions, SchemaRepository schemaRepository)
   at Swashbuckle.AspNetCore.SwaggerGen.SwaggerGenerator.GeneratePaths(IEnumerable`1 apiDescriptions, SchemaRepository schemaRepository)
   at Swashbuckle.AspNetCore.SwaggerGen.SwaggerGenerator.GetSwagger(String documentName, String host, String basePath)
   at Swashbuckle.AspNetCore.Swagger.SwaggerMiddleware.Invoke(HttpContext httpContext, ISwaggerProvider swaggerProvider)
   at Microsoft.AspNetCore.Diagnostics.DeveloperExceptionPageMiddleware.Invoke(HttpContext context)

2023-03-03 19:44:24.131 +01:00  INF  Request finished HTTP/2 GET https://localhost:7063/swagger/v1/swagger.json - - - 500 - text/plain;+charset=utf-8 3.6189ms
2023-03-03 19:45:57.303 +01:00  INF  User profile is available. Using 'C:\Users\yahia alioua\AppData\Local\ASP.NET\DataProtection-Keys' as key repository and Windows DPAPI to encrypt keys at rest.
2023-03-03 19:45:57.504 +01:00  INF  Now listening on: https://localhost:7063
2023-03-03 19:45:57.504 +01:00  INF  Now listening on: http://localhost:5174
2023-03-03 19:45:57.516 +01:00  INF  Application started. Press Ctrl+C to shut down.
2023-03-03 19:45:57.516 +01:00  INF  Hosting environment: Development
2023-03-03 19:45:57.516 +01:00  INF  Content root path: C:\projects\AngularAuthApi\
2023-03-03 19:45:58.297 +01:00  INF  Request starting HTTP/2 GET https://localhost:7063/swagger/index.html - -
2023-03-03 19:45:58.959 +01:00  INF  Request finished HTTP/2 GET https://localhost:7063/swagger/index.html - - - 200 - text/html;charset=utf-8 670.3578ms
2023-03-03 19:45:58.990 +01:00  INF  Request starting HTTP/2 GET https://localhost:7063/_framework/aspnetcore-browser-refresh.js - -
2023-03-03 19:45:58.996 +01:00  INF  Request finished HTTP/2 GET https://localhost:7063/_framework/aspnetcore-browser-refresh.js - - - 200 11998 application/javascript;+charset=utf-8 6.0034ms
2023-03-03 19:45:59.014 +01:00  INF  Request starting HTTP/2 GET https://localhost:7063/_vs/browserLink - -
2023-03-03 19:45:59.035 +01:00  INF  Request finished HTTP/2 GET https://localhost:7063/_vs/browserLink - - - 200 - text/javascript;+charset=UTF-8 21.7308ms
2023-03-03 19:45:59.238 +01:00  INF  Request starting HTTP/2 GET https://localhost:7063/swagger/v1/swagger.json - -
2023-03-03 19:45:59.351 +01:00  ERR  An unhandled exception has occurred while executing the request.Swashbuckle.AspNetCore.SwaggerGen.SwaggerGeneratorException: Ambiguous HTTP method for action - AngularAuthApi.DcfCalculator.Controller.FinancialDataController.GetCashFlowStatements (AngularAuthApi). Actions require an explicit HttpMethod binding for Swagger/OpenAPI 3.0
   at Swashbuckle.AspNetCore.SwaggerGen.SwaggerGenerator.GenerateOperations(IEnumerable`1 apiDescriptions, SchemaRepository schemaRepository)
   at Swashbuckle.AspNetCore.SwaggerGen.SwaggerGenerator.GeneratePaths(IEnumerable`1 apiDescriptions, SchemaRepository schemaRepository)
   at Swashbuckle.AspNetCore.SwaggerGen.SwaggerGenerator.GetSwagger(String documentName, String host, String basePath)
   at Swashbuckle.AspNetCore.Swagger.SwaggerMiddleware.Invoke(HttpContext httpContext, ISwaggerProvider swaggerProvider)
   at Microsoft.AspNetCore.Diagnostics.DeveloperExceptionPageMiddleware.Invoke(HttpContext context)

2023-03-03 19:45:59.375 +01:00  INF  Request finished HTTP/2 GET https://localhost:7063/swagger/v1/swagger.json - - - 500 - text/plain;+charset=utf-8 137.2227ms
2023-03-03 19:46:18.745 +01:00  INF  User profile is available. Using 'C:\Users\yahia alioua\AppData\Local\ASP.NET\DataProtection-Keys' as key repository and Windows DPAPI to encrypt keys at rest.
2023-03-03 19:46:18.920 +01:00  INF  Now listening on: https://localhost:7063
2023-03-03 19:46:18.921 +01:00  INF  Now listening on: http://localhost:5174
2023-03-03 19:46:18.928 +01:00  INF  Application started. Press Ctrl+C to shut down.
2023-03-03 19:46:18.928 +01:00  INF  Hosting environment: Development
2023-03-03 19:46:18.928 +01:00  INF  Content root path: C:\projects\AngularAuthApi\
2023-03-03 19:46:19.771 +01:00  INF  Request starting HTTP/2 GET https://localhost:7063/swagger/index.html - -
2023-03-03 19:46:20.279 +01:00  INF  Request finished HTTP/2 GET https://localhost:7063/swagger/index.html - - - 200 - text/html;charset=utf-8 512.6079ms
2023-03-03 19:46:20.320 +01:00  INF  Request starting HTTP/2 GET https://localhost:7063/_framework/aspnetcore-browser-refresh.js - -
2023-03-03 19:46:20.326 +01:00  INF  Request finished HTTP/2 GET https://localhost:7063/_framework/aspnetcore-browser-refresh.js - - - 200 11998 application/javascript;+charset=utf-8 5.2139ms
2023-03-03 19:46:20.336 +01:00  INF  Request starting HTTP/2 GET https://localhost:7063/_vs/browserLink - -
2023-03-03 19:46:20.356 +01:00  INF  Request finished HTTP/2 GET https://localhost:7063/_vs/browserLink - - - 200 - text/javascript;+charset=UTF-8 20.5179ms
2023-03-03 19:46:20.523 +01:00  INF  Request starting HTTP/2 GET https://localhost:7063/swagger/v1/swagger.json - -
2023-03-03 19:46:20.690 +01:00  INF  Request finished HTTP/2 GET https://localhost:7063/swagger/v1/swagger.json - - - 200 - application/json;charset=utf-8 166.8212ms
2023-03-03 19:48:20.119 +01:00  INF  User profile is available. Using 'C:\Users\yahia alioua\AppData\Local\ASP.NET\DataProtection-Keys' as key repository and Windows DPAPI to encrypt keys at rest.
2023-03-03 19:48:20.326 +01:00  INF  Now listening on: https://localhost:7063
2023-03-03 19:48:20.327 +01:00  INF  Now listening on: http://localhost:5174
2023-03-03 19:48:20.338 +01:00  INF  Application started. Press Ctrl+C to shut down.
2023-03-03 19:48:20.339 +01:00  INF  Hosting environment: Development
2023-03-03 19:48:20.339 +01:00  INF  Content root path: C:\projects\AngularAuthApi\
2023-03-03 19:48:20.687 +01:00  INF  Request starting HTTP/2 GET https://localhost:7063/swagger/index.html - -
2023-03-03 19:48:21.097 +01:00  INF  Request finished HTTP/2 GET https://localhost:7063/swagger/index.html - - - 200 - text/html;charset=utf-8 413.5310ms
2023-03-03 19:48:21.134 +01:00  INF  Request starting HTTP/2 GET https://localhost:7063/_vs/browserLink - -
2023-03-03 19:48:21.149 +01:00  INF  Request starting HTTP/2 GET https://localhost:7063/_framework/aspnetcore-browser-refresh.js - -
2023-03-03 19:48:21.152 +01:00  INF  Request finished HTTP/2 GET https://localhost:7063/_framework/aspnetcore-browser-refresh.js - - - 200 11998 application/javascript;+charset=utf-8 3.5089ms
2023-03-03 19:48:21.158 +01:00  INF  Request finished HTTP/2 GET https://localhost:7063/_vs/browserLink - - - 200 - text/javascript;+charset=UTF-8 23.5613ms
2023-03-03 19:48:21.374 +01:00  INF  Request starting HTTP/2 GET https://localhost:7063/swagger/v1/swagger.json - -
2023-03-03 19:48:21.546 +01:00  INF  Request finished HTTP/2 GET https://localhost:7063/swagger/v1/swagger.json - - - 200 - application/json;charset=utf-8 171.6965ms
2023-03-03 19:48:40.385 +01:00  INF  Request starting HTTP/2 GET https://localhost:7063/api/FinancialData/cash-flow-statements?Ticker=meta - -
2023-03-03 19:48:40.465 +01:00  INF  Executing endpoint 'AngularAuthApi.DcfCalculator.Controller.FinancialDataController.GetCashFlowStatements (AngularAuthApi)'
2023-03-03 19:48:40.655 +01:00  INF  Route matched with {action = "GetCashFlowStatements", controller = "FinancialData"}. Executing controller action with signature System.Threading.Tasks.Task`1[Microsoft.AspNetCore.Mvc.IActionResult] GetCashFlowStatements(System.String) on controller AngularAuthApi.DcfCalculator.Controller.FinancialDataController (AngularAuthApi).
2023-03-03 19:48:40.803 +01:00  INF  Start processing HTTP request GET "https://financialmodelingprep.com/api/v3/cash-flow-statement/meta?limit=5&apikey=9e79e541240a16005f1940b4b6984242"
2023-03-03 19:48:40.811 +01:00  INF  Sending HTTP request GET "https://financialmodelingprep.com/api/v3/cash-flow-statement/meta?limit=5&apikey=9e79e541240a16005f1940b4b6984242"
2023-03-03 19:48:42.379 +01:00  INF  Received HTTP response headers after 1548.4197ms - 200
2023-03-03 19:48:42.384 +01:00  INF  End processing HTTP request after 1612.0337ms - 200
2023-03-03 19:48:42.412 +01:00  INF  Executing OkObjectResult, writing value of type 'System.String'.
2023-03-03 19:48:42.442 +01:00  INF  Executed action AngularAuthApi.DcfCalculator.Controller.FinancialDataController.GetCashFlowStatements (AngularAuthApi) in 1759.5184ms
2023-03-03 19:48:42.444 +01:00  INF  Executed endpoint 'AngularAuthApi.DcfCalculator.Controller.FinancialDataController.GetCashFlowStatements (AngularAuthApi)'
2023-03-03 19:48:42.447 +01:00  INF  Request finished HTTP/2 GET https://localhost:7063/api/FinancialData/cash-flow-statements?Ticker=meta - - - 200 - text/plain;+charset=utf-8 2062.0882ms
