2023-02-12 18:32:01.298 +01:00  INF  Executed DbCommand (5ms) [Parameters=[], CommandType='"Text"', CommandTimeout='30']
SELECT 1 FROM INFORMATION_SCHEMA.TABLES WHERE TABLE_SCHEMA='UserAuthDb' AND TABLE_NAME='__EFMigrationsHistory';
2023-02-12 18:32:01.380 +01:00  INF  Executed DbCommand (2ms) [Parameters=[], CommandType='"Text"', CommandTimeout='30']
SELECT 1 FROM INFORMATION_SCHEMA.TABLES WHERE TABLE_SCHEMA='UserAuthDb' AND TABLE_NAME='__EFMigrationsHistory';
2023-02-12 18:32:01.422 +01:00  INF  Executed DbCommand (1ms) [Parameters=[], CommandType='"Text"', CommandTimeout='30']
SELECT `MigrationId`, `ProductVersion`
FROM `__EFMigrationsHistory`
ORDER BY `MigrationId`;
2023-02-12 18:32:01.462 +01:00  INF  Applying migration '20230212172715_initial'.
2023-02-12 18:32:01.532 +01:00  ERR  Failed executing DbCommand (2ms) [Parameters=[], CommandType='"Text"', CommandTimeout='30']
CREATE TABLE `Users` (
    `Id` int NOT NULL AUTO_INCREMENT,
    `Name` varchar(50) NOT NULL,
    `Email` varchar(100) NOT NULL,
    `Password` varchar(128) NOT NULL,
    `Token` varchar(max) NOT NULL,
    `Salt` varchar(64) NOT NULL,
    PRIMARY KEY (`Id`)
);
2023-02-12 18:32:40.844 +01:00  INF  Now listening on: https://localhost:7063
2023-02-12 18:32:40.885 +01:00  INF  Now listening on: http://localhost:5174
2023-02-12 18:32:40.892 +01:00  INF  Application started. Press Ctrl+C to shut down.
2023-02-12 18:32:40.893 +01:00  INF  Hosting environment: Development
2023-02-12 18:32:40.893 +01:00  INF  Content root path: C:\GA\C# OOP\AngularAuthApi\AngularAuthApi\AngularAuthApi\
2023-02-12 18:32:41.391 +01:00  INF  Request starting HTTP/2 GET https://localhost:7063/swagger/index.html - -
2023-02-12 18:32:41.779 +01:00  INF  Request finished HTTP/2 GET https://localhost:7063/swagger/index.html - - - 200 - text/html;charset=utf-8 393.2466ms
2023-02-12 18:32:41.855 +01:00  INF  Request starting HTTP/2 GET https://localhost:7063/_framework/aspnetcore-browser-refresh.js - -
2023-02-12 18:32:41.855 +01:00  INF  Request starting HTTP/2 GET https://localhost:7063/_vs/browserLink - -
2023-02-12 18:32:41.857 +01:00  INF  Request finished HTTP/2 GET https://localhost:7063/_framework/aspnetcore-browser-refresh.js - - - 200 11998 application/javascript;+charset=utf-8 2.0787ms
2023-02-12 18:32:41.875 +01:00  INF  Request finished HTTP/2 GET https://localhost:7063/_vs/browserLink - - - 200 - text/javascript;+charset=UTF-8 19.9778ms
2023-02-12 18:32:42.113 +01:00  INF  Request starting HTTP/2 GET https://localhost:7063/swagger/v1/swagger.json - -
2023-02-12 18:32:42.349 +01:00  INF  Request finished HTTP/2 GET https://localhost:7063/swagger/v1/swagger.json - - - 200 - application/json;charset=utf-8 235.5990ms
2023-02-12 18:32:55.442 +01:00  INF  Now listening on: https://localhost:7063
2023-02-12 18:32:55.476 +01:00  INF  Now listening on: http://localhost:5174
2023-02-12 18:32:55.481 +01:00  INF  Application started. Press Ctrl+C to shut down.
2023-02-12 18:32:55.482 +01:00  INF  Hosting environment: Development
2023-02-12 18:32:55.482 +01:00  INF  Content root path: C:\GA\C# OOP\AngularAuthApi\AngularAuthApi\AngularAuthApi\
2023-02-12 18:32:55.945 +01:00  INF  Request starting HTTP/2 GET https://localhost:7063/swagger/index.html - -
2023-02-12 18:32:56.306 +01:00  INF  Request finished HTTP/2 GET https://localhost:7063/swagger/index.html - - - 200 - text/html;charset=utf-8 364.2446ms
2023-02-12 18:32:56.434 +01:00  INF  Request starting HTTP/2 GET https://localhost:7063/_framework/aspnetcore-browser-refresh.js - -
2023-02-12 18:32:56.434 +01:00  INF  Request starting HTTP/2 GET https://localhost:7063/_vs/browserLink - -
2023-02-12 18:32:56.437 +01:00  INF  Request finished HTTP/2 GET https://localhost:7063/_framework/aspnetcore-browser-refresh.js - - - 200 11998 application/javascript;+charset=utf-8 3.1225ms
2023-02-12 18:32:56.465 +01:00  INF  Request finished HTTP/2 GET https://localhost:7063/_vs/browserLink - - - 200 - text/javascript;+charset=UTF-8 31.4088ms
2023-02-12 18:32:56.614 +01:00  INF  Request starting HTTP/2 GET https://localhost:7063/swagger/v1/swagger.json - -
2023-02-12 18:32:56.719 +01:00  INF  Request finished HTTP/2 GET https://localhost:7063/swagger/v1/swagger.json - - - 200 - application/json;charset=utf-8 104.7497ms
