2023-02-25 13:10:49.525 +01:00  INF  Request starting HTTP/2 OPTIONS https://localhost:7063/api/user/Register - -
2023-02-25 13:10:49.572 +01:00  INF  CORS policy execution successful.
2023-02-25 13:10:49.575 +01:00  INF  Request finished HTTP/2 OPTIONS https://localhost:7063/api/user/Register - - - 204 - - 53.8258ms
2023-02-25 13:10:49.598 +01:00  INF  Request starting HTTP/2 POST https://localhost:7063/api/user/Register application/json 69
2023-02-25 13:10:49.601 +01:00  INF  CORS policy execution successful.
2023-02-25 13:10:49.605 +01:00  INF  Executing endpoint 'AngularAuthApi.Controllers.AuthController.RegisterUser (AngularAuthApi)'
2023-02-25 13:10:49.632 +01:00  INF  Route matched with {action = "RegisterUser", controller = "Auth"}. Executing controller action with signature System.Threading.Tasks.Task`1[Microsoft.AspNetCore.Mvc.IActionResult] RegisterUser(AngularAuthApi.Entities.Requests.SignUpRequest) on controller AngularAuthApi.Controllers.AuthController (AngularAuthApi).
2023-02-25 13:10:49.796 +01:00  INF  Executed DbCommand (2ms) [Parameters=[@__userEmail_0='?' (Size = 100)], CommandType='"Text"', CommandTimeout='30']
SELECT EXISTS (
    SELECT 1
    FROM `Users` AS `u`
    WHERE `u`.`Email` = @__userEmail_0)
2023-02-25 13:10:50.280 +01:00  INF  Executed DbCommand (3ms) [Parameters=[@p0='?' (Size = 100), @p1='?' (Size = 50), @p2='?' (Size = 128), @p3='?' (Size = 128) (DbType = Binary), @p4='?' (Size = 500)], CommandType='"Text"', CommandTimeout='30']
INSERT INTO `Users` (`Email`, `Name`, `Password`, `Salt`, `Token`)
VALUES (@p0, @p1, @p2, @p3, @p4);
SELECT `Id`
FROM `Users`
WHERE ROW_COUNT() = 1 AND `Id` = LAST_INSERT_ID();
2023-02-25 13:10:50.297 +01:00  INF  Executed DbCommand (1ms) [Parameters=[@p5='?' (DbType = Int32), @p6='?' (DbType = DateTime), @p7='?' (DbType = SByte), @p8='?' (DbType = SByte), @p9='?' (DbType = DateTime), @p10='?' (Size = 500)], CommandType='"Text"', CommandTimeout='30']
INSERT INTO `Auth` (`Id`, `ExpiredDate`, `IsActive`, `IsExpired`, `IssuedDate`, `RefreshToken`)
VALUES (@p5, @p6, @p7, @p8, @p9, @p10);
2023-02-25 13:10:50.307 +01:00  INF  Executing OkObjectResult, writing value of type '<>f__AnonymousType0`2[[System.String, System.Private.CoreLib, Version=6.0.0.0, Culture=neutral, PublicKeyToken=7cec85d7bea7798e],[System.Int32, System.Private.CoreLib, Version=6.0.0.0, Culture=neutral, PublicKeyToken=7cec85d7bea7798e]]'.
2023-02-25 13:10:50.307 +01:00  INF  Executed action AngularAuthApi.Controllers.AuthController.RegisterUser (AngularAuthApi) in 674.7819ms
2023-02-25 13:10:50.307 +01:00  INF  Executed endpoint 'AngularAuthApi.Controllers.AuthController.RegisterUser (AngularAuthApi)'
2023-02-25 13:10:50.308 +01:00  INF  Request finished HTTP/2 POST https://localhost:7063/api/user/Register application/json 69 - 200 - application/json;+charset=utf-8 710.4446ms
2023-02-25 13:11:57.712 +01:00  INF  Request starting HTTP/2 OPTIONS https://localhost:7063/api/user/Authenticate - -
2023-02-25 13:11:57.713 +01:00  INF  CORS policy execution successful.
2023-02-25 13:11:57.715 +01:00  INF  Request finished HTTP/2 OPTIONS https://localhost:7063/api/user/Authenticate - - - 204 - - 2.4509ms
2023-02-25 13:11:57.727 +01:00  INF  Request starting HTTP/2 POST https://localhost:7063/api/user/Authenticate application/json 54
2023-02-25 13:11:57.728 +01:00  INF  CORS policy execution successful.
2023-02-25 13:11:57.728 +01:00  INF  Executing endpoint 'AngularAuthApi.Controllers.AuthController.Authenticate (AngularAuthApi)'
2023-02-25 13:11:57.728 +01:00  INF  Route matched with {action = "Authenticate", controller = "Auth"}. Executing controller action with signature System.Threading.Tasks.Task`1[Microsoft.AspNetCore.Mvc.IActionResult] Authenticate(AngularAuthApi.DTOS.LoginDto) on controller AngularAuthApi.Controllers.AuthController (AngularAuthApi).
2023-02-25 13:11:57.732 +01:00  INF  Executed DbCommand (1ms) [Parameters=[@__user_Email_0='?' (Size = 100)], CommandType='"Text"', CommandTimeout='30']
SELECT `u`.`Id`, `u`.`Email`, `u`.`Name`, `u`.`Password`, `u`.`Salt`, `u`.`Token`
FROM `Users` AS `u`
WHERE `u`.`Email` = @__user_Email_0
LIMIT 1
2023-02-25 13:11:58.055 +01:00  INF  Executed DbCommand (1ms) [Parameters=[@__id_0='?' (DbType = Int32)], CommandType='"Text"', CommandTimeout='30']
SELECT `a`.`Id`, `a`.`ExpiredDate`, `a`.`IsActive`, `a`.`IsExpired`, `a`.`IssuedDate`, `a`.`RefreshToken`
FROM `Auth` AS `a`
WHERE `a`.`Id` = @__id_0
LIMIT 1
2023-02-25 13:11:58.057 +01:00  INF  Executed DbCommand (1ms) [Parameters=[@__id_0='?' (DbType = Int32)], CommandType='"Text"', CommandTimeout='30']
SELECT `a`.`Id`, `a`.`ExpiredDate`, `a`.`IsActive`, `a`.`IsExpired`, `a`.`IssuedDate`, `a`.`RefreshToken`
FROM `Auth` AS `a`
WHERE `a`.`Id` = @__id_0
LIMIT 1
2023-02-25 13:11:58.061 +01:00  INF  Executed DbCommand (1ms) [Parameters=[@p5='?' (DbType = Int32), @p0='?' (DbType = DateTime), @p1='?' (DbType = SByte), @p2='?' (DbType = SByte), @p3='?' (DbType = DateTime), @p4='?' (Size = 500), @p7='?' (DbType = Int32), @p6='?' (Size = 500)], CommandType='"Text"', CommandTimeout='30']
UPDATE `Auth` SET `ExpiredDate` = @p0, `IsActive` = @p1, `IsExpired` = @p2, `IssuedDate` = @p3, `RefreshToken` = @p4
WHERE `Id` = @p5;
UPDATE `Users` SET `Token` = @p6
WHERE `Id` = @p7;
2023-02-25 13:11:58.063 +01:00  INF  Executing OkObjectResult, writing value of type 'AngularAuthApi.Entities.Responses.AuthUserResponse'.
2023-02-25 13:11:58.064 +01:00  INF  Executed action AngularAuthApi.Controllers.AuthController.Authenticate (AngularAuthApi) in 335.9729ms
2023-02-25 13:11:58.064 +01:00  INF  Executed endpoint 'AngularAuthApi.Controllers.AuthController.Authenticate (AngularAuthApi)'
2023-02-25 13:11:58.064 +01:00  INF  Request finished HTTP/2 POST https://localhost:7063/api/user/Authenticate application/json 54 - 200 - application/json;+charset=utf-8 336.9622ms
