2023-02-12 16:32:08.861 +01:00  INF  Now listening on: https://localhost:7063
2023-02-12 16:32:08.912 +01:00  INF  Now listening on: http://localhost:5174
2023-02-12 16:32:08.916 +01:00  INF  Application started. Press Ctrl+C to shut down.
2023-02-12 16:32:08.917 +01:00  INF  Hosting environment: Development
2023-02-12 16:32:08.917 +01:00  INF  Content root path: C:\GA\C# OOP\AngularAuthApi\AngularAuthApi\AngularAuthApi\
2023-02-12 16:32:10.134 +01:00  INF  Request starting HTTP/2 GET https://localhost:7063/swagger/index.html - -
2023-02-12 16:32:10.987 +01:00  INF  Request finished HTTP/2 GET https://localhost:7063/swagger/index.html - - - 200 - text/html;charset=utf-8 862.3346ms
2023-02-12 16:32:11.140 +01:00  INF  Request starting HTTP/2 GET https://localhost:7063/_vs/browserLink - -
2023-02-12 16:32:11.140 +01:00  INF  Request starting HTTP/2 GET https://localhost:7063/_framework/aspnetcore-browser-refresh.js - -
2023-02-12 16:32:11.146 +01:00  INF  Request finished HTTP/2 GET https://localhost:7063/_framework/aspnetcore-browser-refresh.js - - - 200 11998 application/javascript;+charset=utf-8 6.0764ms
2023-02-12 16:32:11.177 +01:00  INF  Request finished HTTP/2 GET https://localhost:7063/_vs/browserLink - - - 200 - text/javascript;+charset=UTF-8 36.5539ms
2023-02-12 16:32:11.395 +01:00  INF  Request starting HTTP/2 GET https://localhost:7063/swagger/v1/swagger.json - -
2023-02-12 16:32:11.620 +01:00  INF  Request finished HTTP/2 GET https://localhost:7063/swagger/v1/swagger.json - - - 200 - application/json;charset=utf-8 224.8742ms
2023-02-12 17:05:23.904 +01:00  INF  Now listening on: https://localhost:7063
2023-02-12 17:05:23.949 +01:00  INF  Now listening on: http://localhost:5174
2023-02-12 17:05:23.955 +01:00  INF  Application started. Press Ctrl+C to shut down.
2023-02-12 17:05:23.956 +01:00  INF  Hosting environment: Development
2023-02-12 17:05:23.956 +01:00  INF  Content root path: C:\GA\C# OOP\AngularAuthApi\AngularAuthApi\AngularAuthApi\
2023-02-12 17:05:24.707 +01:00  INF  Request starting HTTP/2 GET https://localhost:7063/swagger/index.html - -
2023-02-12 17:05:25.454 +01:00  INF  Request finished HTTP/2 GET https://localhost:7063/swagger/index.html - - - 200 - text/html;charset=utf-8 785.6027ms
2023-02-12 17:05:25.534 +01:00  INF  Request starting HTTP/2 GET https://localhost:7063/_framework/aspnetcore-browser-refresh.js - -
2023-02-12 17:05:25.542 +01:00  INF  Request finished HTTP/2 GET https://localhost:7063/_framework/aspnetcore-browser-refresh.js - - - 200 11998 application/javascript;+charset=utf-8 7.5942ms
2023-02-12 17:05:25.543 +01:00  INF  Request starting HTTP/2 GET https://localhost:7063/_vs/browserLink - -
2023-02-12 17:05:25.590 +01:00  INF  Request finished HTTP/2 GET https://localhost:7063/_vs/browserLink - - - 200 - text/javascript;+charset=UTF-8 46.5633ms
2023-02-12 17:05:25.736 +01:00  INF  Request starting HTTP/2 GET https://localhost:7063/swagger/v1/swagger.json - -
2023-02-12 17:05:25.924 +01:00  INF  Request finished HTTP/2 GET https://localhost:7063/swagger/v1/swagger.json - - - 200 - application/json;charset=utf-8 188.9145ms
2023-02-12 17:52:35.160 +01:00  INF  Executed DbCommand (5ms) [Parameters=[], CommandType='"Text"', CommandTimeout='30']
SELECT 1 FROM INFORMATION_SCHEMA.TABLES WHERE TABLE_SCHEMA='UserAuthDb' AND TABLE_NAME='__EFMigrationsHistory';
2023-02-12 17:52:35.193 +01:00  INF  Executed DbCommand (1ms) [Parameters=[], CommandType='"Text"', CommandTimeout='30']
SELECT 1 FROM INFORMATION_SCHEMA.TABLES WHERE TABLE_SCHEMA='UserAuthDb' AND TABLE_NAME='__EFMigrationsHistory';
2023-02-12 17:52:35.212 +01:00  INF  Executed DbCommand (1ms) [Parameters=[], CommandType='"Text"', CommandTimeout='30']
SELECT `MigrationId`, `ProductVersion`
FROM `__EFMigrationsHistory`
ORDER BY `MigrationId`;
2023-02-12 17:52:35.227 +01:00  INF  Applying migration '20230212163624_added_token_column'.
2023-02-12 17:52:35.305 +01:00  INF  Executed DbCommand (36ms) [Parameters=[], CommandType='"Text"', CommandTimeout='30']
ALTER TABLE `Users` ADD `Token` longtext NOT NULL;
2023-02-12 17:52:35.308 +01:00  INF  Executed DbCommand (2ms) [Parameters=[], CommandType='"Text"', CommandTimeout='30']
INSERT INTO `__EFMigrationsHistory` (`MigrationId`, `ProductVersion`)
VALUES ('20230212163624_added_token_column', '7.0.2');
2023-02-12 17:52:35.311 +01:00  INF  Applying migration '20230212165157_added_token_salt_column'.
2023-02-12 17:52:35.324 +01:00  ERR  Failed executing DbCommand (3ms) [Parameters=[], CommandType='"Text"', CommandTimeout='30']
ALTER TABLE `Users` MODIFY `Token` varchar NOT NULL;
2023-02-12 17:55:43.893 +01:00  INF  Executed DbCommand (6ms) [Parameters=[], CommandType='"Text"', CommandTimeout='30']
SELECT 1 FROM INFORMATION_SCHEMA.TABLES WHERE TABLE_SCHEMA='UserAuthDb' AND TABLE_NAME='__EFMigrationsHistory';
2023-02-12 17:55:43.950 +01:00  INF  Executed DbCommand (1ms) [Parameters=[], CommandType='"Text"', CommandTimeout='30']
SELECT 1 FROM INFORMATION_SCHEMA.TABLES WHERE TABLE_SCHEMA='UserAuthDb' AND TABLE_NAME='__EFMigrationsHistory';
2023-02-12 17:55:43.993 +01:00  INF  Executed DbCommand (2ms) [Parameters=[], CommandType='"Text"', CommandTimeout='30']
SELECT `MigrationId`, `ProductVersion`
FROM `__EFMigrationsHistory`
ORDER BY `MigrationId`;
2023-02-12 17:55:44.025 +01:00  INF  Applying migration '20230212165157_added_token_salt_column'.
2023-02-12 17:55:44.069 +01:00  ERR  Failed executing DbCommand (1ms) [Parameters=[], CommandType='"Text"', CommandTimeout='30']
ALTER TABLE `Users` MODIFY `Token` varchar NOT NULL;
2023-02-12 17:57:21.833 +01:00  INF  Now listening on: https://localhost:7063
2023-02-12 17:57:21.862 +01:00  INF  Now listening on: http://localhost:5174
2023-02-12 17:57:21.867 +01:00  INF  Application started. Press Ctrl+C to shut down.
2023-02-12 17:57:21.867 +01:00  INF  Hosting environment: Development
2023-02-12 17:57:21.867 +01:00  INF  Content root path: C:\GA\C# OOP\AngularAuthApi\AngularAuthApi\AngularAuthApi\
2023-02-12 17:57:23.040 +01:00  INF  Request starting HTTP/2 GET https://localhost:7063/swagger/index.html - -
2023-02-12 17:57:23.728 +01:00  INF  Request finished HTTP/2 GET https://localhost:7063/swagger/index.html - - - 200 - text/html;charset=utf-8 696.7589ms
2023-02-12 17:57:23.834 +01:00  INF  Request starting HTTP/2 GET https://localhost:7063/_vs/browserLink - -
2023-02-12 17:57:23.834 +01:00  INF  Request starting HTTP/2 GET https://localhost:7063/_framework/aspnetcore-browser-refresh.js - -
2023-02-12 17:57:23.837 +01:00  INF  Request finished HTTP/2 GET https://localhost:7063/_framework/aspnetcore-browser-refresh.js - - - 200 11998 application/javascript;+charset=utf-8 2.5949ms
2023-02-12 17:57:24.025 +01:00  INF  Request finished HTTP/2 GET https://localhost:7063/_vs/browserLink - - - 200 - text/javascript;+charset=UTF-8 190.6033ms
2023-02-12 17:57:24.167 +01:00  INF  Request starting HTTP/2 GET https://localhost:7063/swagger/v1/swagger.json - -
2023-02-12 17:57:24.336 +01:00  INF  Request finished HTTP/2 GET https://localhost:7063/swagger/v1/swagger.json - - - 200 - application/json;charset=utf-8 168.5217ms
2023-02-12 17:57:36.213 +01:00  INF  Now listening on: https://localhost:7063
2023-02-12 17:57:36.245 +01:00  INF  Now listening on: http://localhost:5174
2023-02-12 17:57:36.252 +01:00  INF  Application started. Press Ctrl+C to shut down.
2023-02-12 17:57:36.253 +01:00  INF  Hosting environment: Development
2023-02-12 17:57:36.253 +01:00  INF  Content root path: C:\GA\C# OOP\AngularAuthApi\AngularAuthApi\AngularAuthApi\
2023-02-12 17:57:36.660 +01:00  INF  Request starting HTTP/2 GET https://localhost:7063/swagger/index.html - -
2023-02-12 17:57:37.042 +01:00  INF  Request finished HTTP/2 GET https://localhost:7063/swagger/index.html - - - 200 - text/html;charset=utf-8 385.4170ms
2023-02-12 17:57:37.136 +01:00  INF  Request starting HTTP/2 GET https://localhost:7063/_vs/browserLink - -
2023-02-12 17:57:37.138 +01:00  INF  Request starting HTTP/2 GET https://localhost:7063/_framework/aspnetcore-browser-refresh.js - -
2023-02-12 17:57:37.141 +01:00  INF  Request finished HTTP/2 GET https://localhost:7063/_framework/aspnetcore-browser-refresh.js - - - 200 11998 application/javascript;+charset=utf-8 4.7808ms
2023-02-12 17:57:37.161 +01:00  INF  Request finished HTTP/2 GET https://localhost:7063/_vs/browserLink - - - 200 - text/javascript;+charset=UTF-8 24.2390ms
2023-02-12 17:57:37.383 +01:00  INF  Request starting HTTP/2 GET https://localhost:7063/swagger/v1/swagger.json - -
2023-02-12 17:57:37.569 +01:00  INF  Request finished HTTP/2 GET https://localhost:7063/swagger/v1/swagger.json - - - 200 - application/json;charset=utf-8 186.6989ms
