2023-02-20 11:19:50.748 +01:00  INF  User profile is available. Using 'C:\Users\yahia alioua\AppData\Local\ASP.NET\DataProtection-Keys' as key repository and Windows DPAPI to encrypt keys at rest.
2023-02-20 11:19:51.060 +01:00  INF  Now listening on: https://localhost:7063
2023-02-20 11:19:51.061 +01:00  INF  Now listening on: http://localhost:5174
2023-02-20 11:19:51.070 +01:00  INF  Application started. Press Ctrl+C to shut down.
2023-02-20 11:19:51.071 +01:00  INF  Hosting environment: Development
2023-02-20 11:19:51.071 +01:00  INF  Content root path: C:\GA\C# OOP\AngularAuthApi\AngularAuthApi\AngularAuthApi\
2023-02-20 11:19:51.756 +01:00  INF  Request starting HTTP/2 GET https://localhost:7063/swagger/index.html - -
2023-02-20 11:19:52.438 +01:00  INF  Request finished HTTP/2 GET https://localhost:7063/swagger/index.html - - - 200 - text/html;charset=utf-8 691.0599ms
2023-02-20 11:19:52.527 +01:00  INF  Request starting HTTP/2 GET https://localhost:7063/_vs/browserLink - -
2023-02-20 11:19:52.529 +01:00  INF  Request starting HTTP/2 GET https://localhost:7063/_framework/aspnetcore-browser-refresh.js - -
2023-02-20 11:19:52.533 +01:00  INF  Request finished HTTP/2 GET https://localhost:7063/_framework/aspnetcore-browser-refresh.js - - - 200 11998 application/javascript;+charset=utf-8 4.1017ms
2023-02-20 11:19:52.573 +01:00  INF  Request finished HTTP/2 GET https://localhost:7063/_vs/browserLink - - - 200 - text/javascript;+charset=UTF-8 45.1316ms
2023-02-20 11:19:52.955 +01:00  INF  Request starting HTTP/2 GET https://localhost:7063/swagger/v1/swagger.json - -
2023-02-20 11:19:53.105 +01:00  INF  Request finished HTTP/2 GET https://localhost:7063/swagger/v1/swagger.json - - - 200 - application/json;charset=utf-8 149.2103ms
2023-02-20 11:20:43.267 +01:00  INF  Request starting HTTP/2 POST https://localhost:7063/api/user/Register application/json 151
2023-02-20 11:20:43.282 +01:00  INF  CORS policy execution successful.
2023-02-20 11:20:43.374 +01:00  INF  Executing endpoint 'AngularAuthApi.Controllers.AuthController.RegisterUser (AngularAuthApi)'
2023-02-20 11:20:43.473 +01:00  INF  Route matched with {action = "RegisterUser", controller = "Auth"}. Executing controller action with signature System.Threading.Tasks.Task`1[Microsoft.AspNetCore.Mvc.IActionResult] RegisterUser(AngularAuthApi.Entities.User) on controller AngularAuthApi.Controllers.AuthController (AngularAuthApi).
2023-02-20 11:20:47.890 +01:00  INF  Executed DbCommand (14ms) [Parameters=[@__userEmail_0='?' (Size = 100)], CommandType='"Text"', CommandTimeout='30']
SELECT EXISTS (
    SELECT 1
    FROM `Users` AS `u`
    WHERE `u`.`Email` = @__userEmail_0)
2023-02-20 11:20:49.249 +01:00  INF  Executed DbCommand (6ms) [Parameters=[@p0='?' (Size = 100), @p1='?' (Size = 50), @p2='?' (Size = 128), @p3='?' (Size = 128) (DbType = Binary), @p4='?' (Size = 4000)], CommandType='"Text"', CommandTimeout='30']
INSERT INTO `Users` (`Email`, `Name`, `Password`, `Salt`, `Token`)
VALUES (@p0, @p1, @p2, @p3, @p4);
SELECT `Id`
FROM `Users`
WHERE ROW_COUNT() = 1 AND `Id` = LAST_INSERT_ID();
2023-02-20 11:20:49.371 +01:00  INF  Executing OkObjectResult, writing value of type '<>f__AnonymousType0`2[[System.String, System.Private.CoreLib, Version=6.0.0.0, Culture=neutral, PublicKeyToken=7cec85d7bea7798e],[System.Int32, System.Private.CoreLib, Version=6.0.0.0, Culture=neutral, PublicKeyToken=7cec85d7bea7798e]]'.
2023-02-20 11:20:49.418 +01:00  INF  Executed action AngularAuthApi.Controllers.AuthController.RegisterUser (AngularAuthApi) in 5932.1211ms
2023-02-20 11:20:49.419 +01:00  INF  Executed endpoint 'AngularAuthApi.Controllers.AuthController.RegisterUser (AngularAuthApi)'
2023-02-20 11:20:49.428 +01:00  INF  Request finished HTTP/2 POST https://localhost:7063/api/user/Register application/json 151 - 200 - application/json;+charset=utf-8 6160.3292ms
2023-02-20 11:21:38.448 +01:00  INF  Request starting HTTP/2 POST https://localhost:7063/api/user/Authenticate application/json 64
2023-02-20 11:21:38.451 +01:00  INF  CORS policy execution successful.
2023-02-20 11:21:38.452 +01:00  INF  Executing endpoint 'AngularAuthApi.Controllers.AuthController.Authenticate (AngularAuthApi)'
2023-02-20 11:21:38.460 +01:00  INF  Route matched with {action = "Authenticate", controller = "Auth"}. Executing controller action with signature System.Threading.Tasks.Task`1[Microsoft.AspNetCore.Mvc.IActionResult] Authenticate(AngularAuthApi.DTOS.LoginDto) on controller AngularAuthApi.Controllers.AuthController (AngularAuthApi).
2023-02-20 11:21:38.588 +01:00  INF  Executed DbCommand (2ms) [Parameters=[@__user_Email_0='?' (Size = 100)], CommandType='"Text"', CommandTimeout='30']
SELECT `u`.`Id`, `u`.`Email`, `u`.`Name`, `u`.`Password`, `u`.`Salt`, `u`.`Token`
FROM `Users` AS `u`
WHERE `u`.`Email` = @__user_Email_0
LIMIT 1
2023-02-20 11:21:38.590 +01:00  INF  Executing NotFoundObjectResult, writing value of type '<>f__AnonymousType0`2[[System.String, System.Private.CoreLib, Version=6.0.0.0, Culture=neutral, PublicKeyToken=7cec85d7bea7798e],[System.Int32, System.Private.CoreLib, Version=6.0.0.0, Culture=neutral, PublicKeyToken=7cec85d7bea7798e]]'.
2023-02-20 11:21:38.591 +01:00  INF  Executed action AngularAuthApi.Controllers.AuthController.Authenticate (AngularAuthApi) in 130.7453ms
2023-02-20 11:21:38.591 +01:00  INF  Executed endpoint 'AngularAuthApi.Controllers.AuthController.Authenticate (AngularAuthApi)'
2023-02-20 11:21:38.592 +01:00  INF  Request finished HTTP/2 POST https://localhost:7063/api/user/Authenticate application/json 64 - 404 - application/json;+charset=utf-8 143.3774ms
2023-02-20 11:22:07.857 +01:00  INF  Request starting HTTP/2 POST https://localhost:7063/api/user/Authenticate application/json 71
2023-02-20 11:22:07.858 +01:00  INF  CORS policy execution successful.
2023-02-20 11:22:07.860 +01:00  INF  Executing endpoint 'AngularAuthApi.Controllers.AuthController.Authenticate (AngularAuthApi)'
2023-02-20 11:22:07.860 +01:00  INF  Route matched with {action = "Authenticate", controller = "Auth"}. Executing controller action with signature System.Threading.Tasks.Task`1[Microsoft.AspNetCore.Mvc.IActionResult] Authenticate(AngularAuthApi.DTOS.LoginDto) on controller AngularAuthApi.Controllers.AuthController (AngularAuthApi).
2023-02-20 11:22:08.009 +01:00  INF  Executed DbCommand (1ms) [Parameters=[@__user_Email_0='?' (Size = 100)], CommandType='"Text"', CommandTimeout='30']
SELECT `u`.`Id`, `u`.`Email`, `u`.`Name`, `u`.`Password`, `u`.`Salt`, `u`.`Token`
FROM `Users` AS `u`
WHERE `u`.`Email` = @__user_Email_0
LIMIT 1
2023-02-20 11:22:09.016 +01:00  INF  Executed action AngularAuthApi.Controllers.AuthController.Authenticate (AngularAuthApi) in 1155.8486ms
2023-02-20 11:22:09.019 +01:00  INF  Executed endpoint 'AngularAuthApi.Controllers.AuthController.Authenticate (AngularAuthApi)'
2023-02-20 11:22:09.022 +01:00  ERR  An unhandled exception has occurred while executing the request.System.NullReferenceException: Object reference not set to an instance of an object.
   at AngularAuthApi.Controllers.AuthController.Authenticate(LoginDto user) in C:\GA\C# OOP\AngularAuthApi\AngularAuthApi\AngularAuthApi\Controllers\AuthController.cs:line 68
   at Microsoft.AspNetCore.Mvc.Infrastructure.ActionMethodExecutor.TaskOfIActionResultExecutor.Execute(IActionResultTypeMapper mapper, ObjectMethodExecutor executor, Object controller, Object[] arguments)
   at Microsoft.AspNetCore.Mvc.Infrastructure.ControllerActionInvoker.<InvokeActionMethodAsync>g__Awaited|12_0(ControllerActionInvoker invoker, ValueTask`1 actionResultValueTask)
   at Microsoft.AspNetCore.Mvc.Infrastructure.ControllerActionInvoker.<InvokeNextActionFilterAsync>g__Awaited|10_0(ControllerActionInvoker invoker, Task lastTask, State next, Scope scope, Object state, Boolean isCompleted)
   at Microsoft.AspNetCore.Mvc.Infrastructure.ControllerActionInvoker.Rethrow(ActionExecutedContextSealed context)
   at Microsoft.AspNetCore.Mvc.Infrastructure.ControllerActionInvoker.Next(State& next, Scope& scope, Object& state, Boolean& isCompleted)
   at Microsoft.AspNetCore.Mvc.Infrastructure.ControllerActionInvoker.InvokeInnerFilterAsync()
--- End of stack trace from previous location ---
   at Microsoft.AspNetCore.Mvc.Infrastructure.ResourceInvoker.<InvokeFilterPipelineAsync>g__Awaited|20_0(ResourceInvoker invoker, Task lastTask, State next, Scope scope, Object state, Boolean isCompleted)
   at Microsoft.AspNetCore.Mvc.Infrastructure.ResourceInvoker.<InvokeAsync>g__Logged|17_1(ResourceInvoker invoker)
   at Microsoft.AspNetCore.Mvc.Infrastructure.ResourceInvoker.<InvokeAsync>g__Logged|17_1(ResourceInvoker invoker)
   at Microsoft.AspNetCore.Routing.EndpointMiddleware.<Invoke>g__AwaitRequestTask|6_0(Endpoint endpoint, Task requestTask, ILogger logger)
   at Microsoft.AspNetCore.Authorization.AuthorizationMiddleware.Invoke(HttpContext context)
   at Microsoft.AspNetCore.Authentication.AuthenticationMiddleware.Invoke(HttpContext context)
   at Swashbuckle.AspNetCore.SwaggerUI.SwaggerUIMiddleware.Invoke(HttpContext httpContext)
   at Swashbuckle.AspNetCore.Swagger.SwaggerMiddleware.Invoke(HttpContext httpContext, ISwaggerProvider swaggerProvider)
   at Microsoft.AspNetCore.Diagnostics.DeveloperExceptionPageMiddleware.Invoke(HttpContext context)

2023-02-20 11:22:09.172 +01:00  INF  Request finished HTTP/2 POST https://localhost:7063/api/user/Authenticate application/json 71 - 500 - text/plain;+charset=utf-8 1315.0591ms
2023-02-20 11:27:43.652 +01:00  INF  Request starting HTTP/2 POST https://localhost:7063/api/user/Authenticate application/json 71
2023-02-20 11:27:43.652 +01:00  INF  CORS policy execution successful.
2023-02-20 11:27:43.652 +01:00  INF  Executing endpoint 'AngularAuthApi.Controllers.AuthController.Authenticate (AngularAuthApi)'
2023-02-20 11:27:43.652 +01:00  INF  Route matched with {action = "Authenticate", controller = "Auth"}. Executing controller action with signature System.Threading.Tasks.Task`1[Microsoft.AspNetCore.Mvc.IActionResult] Authenticate(AngularAuthApi.DTOS.LoginDto) on controller AngularAuthApi.Controllers.AuthController (AngularAuthApi).
2023-02-20 11:27:43.685 +01:00  INF  Executed DbCommand (1ms) [Parameters=[@__user_Email_0='?' (Size = 100)], CommandType='"Text"', CommandTimeout='30']
SELECT `u`.`Id`, `u`.`Email`, `u`.`Name`, `u`.`Password`, `u`.`Salt`, `u`.`Token`
FROM `Users` AS `u`
WHERE `u`.`Email` = @__user_Email_0
LIMIT 1
2023-02-20 11:27:44.272 +01:00  INF  Executed action AngularAuthApi.Controllers.AuthController.Authenticate (AngularAuthApi) in 619.5538ms
2023-02-20 11:27:44.272 +01:00  INF  Executed endpoint 'AngularAuthApi.Controllers.AuthController.Authenticate (AngularAuthApi)'
2023-02-20 11:27:44.273 +01:00  ERR  An unhandled exception has occurred while executing the request.System.NullReferenceException: Object reference not set to an instance of an object.
   at AngularAuthApi.Controllers.AuthController.Authenticate(LoginDto user) in C:\GA\C# OOP\AngularAuthApi\AngularAuthApi\AngularAuthApi\Controllers\AuthController.cs:line 68
   at Microsoft.AspNetCore.Mvc.Infrastructure.ActionMethodExecutor.TaskOfIActionResultExecutor.Execute(IActionResultTypeMapper mapper, ObjectMethodExecutor executor, Object controller, Object[] arguments)
   at Microsoft.AspNetCore.Mvc.Infrastructure.ControllerActionInvoker.<InvokeActionMethodAsync>g__Awaited|12_0(ControllerActionInvoker invoker, ValueTask`1 actionResultValueTask)
   at Microsoft.AspNetCore.Mvc.Infrastructure.ControllerActionInvoker.<InvokeNextActionFilterAsync>g__Awaited|10_0(ControllerActionInvoker invoker, Task lastTask, State next, Scope scope, Object state, Boolean isCompleted)
   at Microsoft.AspNetCore.Mvc.Infrastructure.ControllerActionInvoker.Rethrow(ActionExecutedContextSealed context)
   at Microsoft.AspNetCore.Mvc.Infrastructure.ControllerActionInvoker.Next(State& next, Scope& scope, Object& state, Boolean& isCompleted)
   at Microsoft.AspNetCore.Mvc.Infrastructure.ControllerActionInvoker.InvokeInnerFilterAsync()
--- End of stack trace from previous location ---
   at Microsoft.AspNetCore.Mvc.Infrastructure.ResourceInvoker.<InvokeFilterPipelineAsync>g__Awaited|20_0(ResourceInvoker invoker, Task lastTask, State next, Scope scope, Object state, Boolean isCompleted)
   at Microsoft.AspNetCore.Mvc.Infrastructure.ResourceInvoker.<InvokeAsync>g__Logged|17_1(ResourceInvoker invoker)
   at Microsoft.AspNetCore.Mvc.Infrastructure.ResourceInvoker.<InvokeAsync>g__Logged|17_1(ResourceInvoker invoker)
   at Microsoft.AspNetCore.Routing.EndpointMiddleware.<Invoke>g__AwaitRequestTask|6_0(Endpoint endpoint, Task requestTask, ILogger logger)
   at Microsoft.AspNetCore.Authorization.AuthorizationMiddleware.Invoke(HttpContext context)
   at Microsoft.AspNetCore.Authentication.AuthenticationMiddleware.Invoke(HttpContext context)
   at Swashbuckle.AspNetCore.SwaggerUI.SwaggerUIMiddleware.Invoke(HttpContext httpContext)
   at Swashbuckle.AspNetCore.Swagger.SwaggerMiddleware.Invoke(HttpContext httpContext, ISwaggerProvider swaggerProvider)
   at Microsoft.AspNetCore.Diagnostics.DeveloperExceptionPageMiddleware.Invoke(HttpContext context)

2023-02-20 11:27:44.276 +01:00  INF  Request finished HTTP/2 POST https://localhost:7063/api/user/Authenticate application/json 71 - 500 - text/plain;+charset=utf-8 624.1437ms
2023-02-20 11:27:57.772 +01:00  INF  User profile is available. Using 'C:\Users\yahia alioua\AppData\Local\ASP.NET\DataProtection-Keys' as key repository and Windows DPAPI to encrypt keys at rest.
2023-02-20 11:27:58.045 +01:00  INF  Now listening on: https://localhost:7063
2023-02-20 11:27:58.045 +01:00  INF  Now listening on: http://localhost:5174
2023-02-20 11:27:58.049 +01:00  INF  Application started. Press Ctrl+C to shut down.
2023-02-20 11:27:58.050 +01:00  INF  Hosting environment: Development
2023-02-20 11:27:58.050 +01:00  INF  Content root path: C:\GA\C# OOP\AngularAuthApi\AngularAuthApi\AngularAuthApi\
2023-02-20 11:27:58.342 +01:00  INF  Request starting HTTP/2 GET https://localhost:7063/swagger/index.html - -
2023-02-20 11:27:58.867 +01:00  INF  Request finished HTTP/2 GET https://localhost:7063/swagger/index.html - - - 200 - text/html;charset=utf-8 530.4133ms
2023-02-20 11:27:58.948 +01:00  INF  Request starting HTTP/2 GET https://localhost:7063/_framework/aspnetcore-browser-refresh.js - -
2023-02-20 11:27:58.948 +01:00  INF  Request starting HTTP/2 GET https://localhost:7063/_vs/browserLink - -
2023-02-20 11:27:58.950 +01:00  INF  Request finished HTTP/2 GET https://localhost:7063/_framework/aspnetcore-browser-refresh.js - - - 200 11998 application/javascript;+charset=utf-8 1.9919ms
2023-02-20 11:27:58.967 +01:00  INF  Request finished HTTP/2 GET https://localhost:7063/_vs/browserLink - - - 200 - text/javascript;+charset=UTF-8 19.2855ms
2023-02-20 11:27:59.110 +01:00  INF  Request starting HTTP/2 GET https://localhost:7063/swagger/v1/swagger.json - -
2023-02-20 11:27:59.249 +01:00  INF  Request finished HTTP/2 GET https://localhost:7063/swagger/v1/swagger.json - - - 200 - application/json;charset=utf-8 139.7609ms
2023-02-20 11:28:09.381 +01:00  INF  Request starting HTTP/2 POST https://localhost:7063/api/user/Authenticate application/json 71
2023-02-20 11:28:09.393 +01:00  INF  CORS policy execution successful.
2023-02-20 11:28:09.488 +01:00  INF  Executing endpoint 'AngularAuthApi.Controllers.AuthController.Authenticate (AngularAuthApi)'
2023-02-20 11:28:09.571 +01:00  INF  Route matched with {action = "Authenticate", controller = "Auth"}. Executing controller action with signature System.Threading.Tasks.Task`1[Microsoft.AspNetCore.Mvc.IActionResult] Authenticate(AngularAuthApi.DTOS.LoginDto) on controller AngularAuthApi.Controllers.AuthController (AngularAuthApi).
2023-02-20 11:28:13.156 +01:00  INF  Executed DbCommand (62ms) [Parameters=[@__user_Email_0='?' (Size = 100)], CommandType='"Text"', CommandTimeout='30']
SELECT `u`.`Id`, `u`.`Email`, `u`.`Name`, `u`.`Password`, `u`.`Salt`, `u`.`Token`
FROM `Users` AS `u`
WHERE `u`.`Email` = @__user_Email_0
LIMIT 1
2023-02-20 11:28:14.595 +01:00  INF  Executed action AngularAuthApi.Controllers.AuthController.Authenticate (AngularAuthApi) in 5011.1192ms
2023-02-20 11:28:14.596 +01:00  INF  Executed endpoint 'AngularAuthApi.Controllers.AuthController.Authenticate (AngularAuthApi)'
2023-02-20 11:28:14.598 +01:00  ERR  An unhandled exception has occurred while executing the request.System.NullReferenceException: Object reference not set to an instance of an object.
   at AngularAuthApi.Controllers.AuthController.Authenticate(LoginDto user) in C:\GA\C# OOP\AngularAuthApi\AngularAuthApi\AngularAuthApi\Controllers\AuthController.cs:line 68
   at Microsoft.AspNetCore.Mvc.Infrastructure.ActionMethodExecutor.TaskOfIActionResultExecutor.Execute(IActionResultTypeMapper mapper, ObjectMethodExecutor executor, Object controller, Object[] arguments)
   at Microsoft.AspNetCore.Mvc.Infrastructure.ControllerActionInvoker.<InvokeActionMethodAsync>g__Awaited|12_0(ControllerActionInvoker invoker, ValueTask`1 actionResultValueTask)
   at Microsoft.AspNetCore.Mvc.Infrastructure.ControllerActionInvoker.<InvokeNextActionFilterAsync>g__Awaited|10_0(ControllerActionInvoker invoker, Task lastTask, State next, Scope scope, Object state, Boolean isCompleted)
   at Microsoft.AspNetCore.Mvc.Infrastructure.ControllerActionInvoker.Rethrow(ActionExecutedContextSealed context)
   at Microsoft.AspNetCore.Mvc.Infrastructure.ControllerActionInvoker.Next(State& next, Scope& scope, Object& state, Boolean& isCompleted)
   at Microsoft.AspNetCore.Mvc.Infrastructure.ControllerActionInvoker.InvokeInnerFilterAsync()
--- End of stack trace from previous location ---
   at Microsoft.AspNetCore.Mvc.Infrastructure.ResourceInvoker.<InvokeFilterPipelineAsync>g__Awaited|20_0(ResourceInvoker invoker, Task lastTask, State next, Scope scope, Object state, Boolean isCompleted)
   at Microsoft.AspNetCore.Mvc.Infrastructure.ResourceInvoker.<InvokeAsync>g__Logged|17_1(ResourceInvoker invoker)
   at Microsoft.AspNetCore.Mvc.Infrastructure.ResourceInvoker.<InvokeAsync>g__Logged|17_1(ResourceInvoker invoker)
   at Microsoft.AspNetCore.Routing.EndpointMiddleware.<Invoke>g__AwaitRequestTask|6_0(Endpoint endpoint, Task requestTask, ILogger logger)
   at Microsoft.AspNetCore.Authorization.AuthorizationMiddleware.Invoke(HttpContext context)
   at Microsoft.AspNetCore.Authentication.AuthenticationMiddleware.Invoke(HttpContext context)
   at Swashbuckle.AspNetCore.SwaggerUI.SwaggerUIMiddleware.Invoke(HttpContext httpContext)
   at Swashbuckle.AspNetCore.Swagger.SwaggerMiddleware.Invoke(HttpContext httpContext, ISwaggerProvider swaggerProvider)
   at Microsoft.AspNetCore.Diagnostics.DeveloperExceptionPageMiddleware.Invoke(HttpContext context)

2023-02-20 11:28:14.682 +01:00  INF  Request finished HTTP/2 POST https://localhost:7063/api/user/Authenticate application/json 71 - 500 - text/plain;+charset=utf-8 5301.1946ms
2023-02-20 11:33:26.406 +01:00  INF  User profile is available. Using 'C:\Users\yahia alioua\AppData\Local\ASP.NET\DataProtection-Keys' as key repository and Windows DPAPI to encrypt keys at rest.
2023-02-20 11:33:26.634 +01:00  INF  Now listening on: https://localhost:7063
2023-02-20 11:33:26.635 +01:00  INF  Now listening on: http://localhost:5174
2023-02-20 11:33:26.639 +01:00  INF  Application started. Press Ctrl+C to shut down.
2023-02-20 11:33:26.640 +01:00  INF  Hosting environment: Development
2023-02-20 11:33:26.640 +01:00  INF  Content root path: C:\GA\C# OOP\AngularAuthApi\AngularAuthApi\AngularAuthApi\
2023-02-20 11:33:26.945 +01:00  INF  Request starting HTTP/2 GET https://localhost:7063/swagger/index.html - -
2023-02-20 11:33:27.333 +01:00  INF  Request finished HTTP/2 GET https://localhost:7063/swagger/index.html - - - 200 - text/html;charset=utf-8 391.7295ms
2023-02-20 11:33:27.431 +01:00  INF  Request starting HTTP/2 GET https://localhost:7063/_vs/browserLink - -
2023-02-20 11:33:27.431 +01:00  INF  Request starting HTTP/2 GET https://localhost:7063/_framework/aspnetcore-browser-refresh.js - -
2023-02-20 11:33:27.433 +01:00  INF  Request finished HTTP/2 GET https://localhost:7063/_framework/aspnetcore-browser-refresh.js - - - 200 11998 application/javascript;+charset=utf-8 2.6160ms
2023-02-20 11:33:27.454 +01:00  INF  Request finished HTTP/2 GET https://localhost:7063/_vs/browserLink - - - 200 - text/javascript;+charset=UTF-8 23.9702ms
2023-02-20 11:33:27.856 +01:00  INF  Request starting HTTP/2 GET https://localhost:7063/swagger/v1/swagger.json - -
2023-02-20 11:33:27.972 +01:00  INF  Request finished HTTP/2 GET https://localhost:7063/swagger/v1/swagger.json - - - 200 - application/json;charset=utf-8 115.9707ms
2023-02-20 11:33:45.694 +01:00  INF  Request starting HTTP/2 POST https://localhost:7063/api/user/Authenticate application/json 71
2023-02-20 11:33:45.706 +01:00  INF  CORS policy execution successful.
2023-02-20 11:33:45.747 +01:00  INF  Executing endpoint 'AngularAuthApi.Controllers.AuthController.Authenticate (AngularAuthApi)'
2023-02-20 11:33:45.794 +01:00  INF  Route matched with {action = "Authenticate", controller = "Auth"}. Executing controller action with signature System.Threading.Tasks.Task`1[Microsoft.AspNetCore.Mvc.IActionResult] Authenticate(AngularAuthApi.DTOS.LoginDto) on controller AngularAuthApi.Controllers.AuthController (AngularAuthApi).
2023-02-20 11:33:48.403 +01:00  INF  Executed DbCommand (15ms) [Parameters=[@__user_Email_0='?' (Size = 100)], CommandType='"Text"', CommandTimeout='30']
SELECT `u`.`Id`, `u`.`Email`, `u`.`Name`, `u`.`Password`, `u`.`Salt`, `u`.`Token`
FROM `Users` AS `u`
WHERE `u`.`Email` = @__user_Email_0
LIMIT 1
2023-02-20 11:33:49.737 +01:00  INF  Executing OkObjectResult, writing value of type 'AngularAuthApi.Entities.Responses.AuthUserResponse'.
2023-02-20 11:33:49.776 +01:00  INF  Executed action AngularAuthApi.Controllers.AuthController.Authenticate (AngularAuthApi) in 3971.94ms
2023-02-20 11:33:49.776 +01:00  INF  Executed endpoint 'AngularAuthApi.Controllers.AuthController.Authenticate (AngularAuthApi)'
2023-02-20 11:33:49.785 +01:00  INF  Request finished HTTP/2 POST https://localhost:7063/api/user/Authenticate application/json 71 - 200 - application/json;+charset=utf-8 4090.9197ms
2023-02-20 11:38:23.033 +01:00  INF  Request starting HTTP/2 OPTIONS https://localhost:7063/api/user/Authenticate - -
2023-02-20 11:38:23.036 +01:00  INF  CORS policy execution successful.
2023-02-20 11:38:23.038 +01:00  INF  Request finished HTTP/2 OPTIONS https://localhost:7063/api/user/Authenticate - - - 204 - - 5.4937ms
2023-02-20 11:38:23.049 +01:00  INF  Request starting HTTP/2 POST https://localhost:7063/api/user/Authenticate application/json 61
2023-02-20 11:38:23.050 +01:00  INF  CORS policy execution successful.
2023-02-20 11:38:23.051 +01:00  INF  Executing endpoint 'AngularAuthApi.Controllers.AuthController.Authenticate (AngularAuthApi)'
2023-02-20 11:38:23.052 +01:00  INF  Route matched with {action = "Authenticate", controller = "Auth"}. Executing controller action with signature System.Threading.Tasks.Task`1[Microsoft.AspNetCore.Mvc.IActionResult] Authenticate(AngularAuthApi.DTOS.LoginDto) on controller AngularAuthApi.Controllers.AuthController (AngularAuthApi).
2023-02-20 11:38:23.099 +01:00  INF  Executed DbCommand (2ms) [Parameters=[@__user_Email_0='?' (Size = 100)], CommandType='"Text"', CommandTimeout='30']
SELECT `u`.`Id`, `u`.`Email`, `u`.`Name`, `u`.`Password`, `u`.`Salt`, `u`.`Token`
FROM `Users` AS `u`
WHERE `u`.`Email` = @__user_Email_0
LIMIT 1
2023-02-20 11:38:24.112 +01:00  INF  Executing BadRequestObjectResult, writing value of type '<>f__AnonymousType0`2[[System.String, System.Private.CoreLib, Version=6.0.0.0, Culture=neutral, PublicKeyToken=7cec85d7bea7798e],[System.Int32, System.Private.CoreLib, Version=6.0.0.0, Culture=neutral, PublicKeyToken=7cec85d7bea7798e]]'.
2023-02-20 11:38:24.130 +01:00  INF  Executed action AngularAuthApi.Controllers.AuthController.Authenticate (AngularAuthApi) in 1077.9019ms
2023-02-20 11:38:24.131 +01:00  INF  Executed endpoint 'AngularAuthApi.Controllers.AuthController.Authenticate (AngularAuthApi)'
2023-02-20 11:38:24.132 +01:00  INF  Request finished HTTP/2 POST https://localhost:7063/api/user/Authenticate application/json 61 - 400 - application/json;+charset=utf-8 1082.8800ms
2023-02-20 11:38:38.828 +01:00  INF  Request starting HTTP/2 OPTIONS https://localhost:7063/api/user/Authenticate - -
2023-02-20 11:38:38.829 +01:00  INF  CORS policy execution successful.
2023-02-20 11:38:38.830 +01:00  INF  Request finished HTTP/2 OPTIONS https://localhost:7063/api/user/Authenticate - - - 204 - - 1.6213ms
2023-02-20 11:38:38.849 +01:00  INF  Request starting HTTP/2 POST https://localhost:7063/api/user/Authenticate application/json 62
2023-02-20 11:38:38.849 +01:00  INF  CORS policy execution successful.
2023-02-20 11:38:38.859 +01:00  INF  Executing endpoint 'AngularAuthApi.Controllers.AuthController.Authenticate (AngularAuthApi)'
2023-02-20 11:38:38.859 +01:00  INF  Route matched with {action = "Authenticate", controller = "Auth"}. Executing controller action with signature System.Threading.Tasks.Task`1[Microsoft.AspNetCore.Mvc.IActionResult] Authenticate(AngularAuthApi.DTOS.LoginDto) on controller AngularAuthApi.Controllers.AuthController (AngularAuthApi).
2023-02-20 11:38:39.051 +01:00  INF  Executed DbCommand (1ms) [Parameters=[@__user_Email_0='?' (Size = 100)], CommandType='"Text"', CommandTimeout='30']
SELECT `u`.`Id`, `u`.`Email`, `u`.`Name`, `u`.`Password`, `u`.`Salt`, `u`.`Token`
FROM `Users` AS `u`
WHERE `u`.`Email` = @__user_Email_0
LIMIT 1
2023-02-20 11:38:39.901 +01:00  INF  Executing OkObjectResult, writing value of type 'AngularAuthApi.Entities.Responses.AuthUserResponse'.
2023-02-20 11:38:39.902 +01:00  INF  Executed action AngularAuthApi.Controllers.AuthController.Authenticate (AngularAuthApi) in 1042.0245ms
2023-02-20 11:38:39.902 +01:00  INF  Executed endpoint 'AngularAuthApi.Controllers.AuthController.Authenticate (AngularAuthApi)'
2023-02-20 11:38:39.902 +01:00  INF  Request finished HTTP/2 POST https://localhost:7063/api/user/Authenticate application/json 62 - 200 - application/json;+charset=utf-8 1053.3773ms
2023-02-20 11:41:56.358 +01:00  INF  Request starting HTTP/2 OPTIONS https://localhost:7063/api/user/Authenticate - -
2023-02-20 11:41:56.359 +01:00  INF  CORS policy execution successful.
2023-02-20 11:41:56.359 +01:00  INF  Request finished HTTP/2 OPTIONS https://localhost:7063/api/user/Authenticate - - - 204 - - 0.9690ms
2023-02-20 11:41:56.367 +01:00  INF  Request starting HTTP/2 POST https://localhost:7063/api/user/Authenticate application/json 62
2023-02-20 11:41:56.367 +01:00  INF  CORS policy execution successful.
2023-02-20 11:41:56.368 +01:00  INF  Executing endpoint 'AngularAuthApi.Controllers.AuthController.Authenticate (AngularAuthApi)'
2023-02-20 11:41:56.368 +01:00  INF  Route matched with {action = "Authenticate", controller = "Auth"}. Executing controller action with signature System.Threading.Tasks.Task`1[Microsoft.AspNetCore.Mvc.IActionResult] Authenticate(AngularAuthApi.DTOS.LoginDto) on controller AngularAuthApi.Controllers.AuthController (AngularAuthApi).
2023-02-20 11:41:56.375 +01:00  INF  Executed DbCommand (1ms) [Parameters=[@__user_Email_0='?' (Size = 100)], CommandType='"Text"', CommandTimeout='30']
SELECT `u`.`Id`, `u`.`Email`, `u`.`Name`, `u`.`Password`, `u`.`Salt`, `u`.`Token`
FROM `Users` AS `u`
WHERE `u`.`Email` = @__user_Email_0
LIMIT 1
2023-02-20 11:41:57.332 +01:00  INF  Executing OkObjectResult, writing value of type 'AngularAuthApi.Entities.Responses.AuthUserResponse'.
2023-02-20 11:41:57.332 +01:00  INF  Executed action AngularAuthApi.Controllers.AuthController.Authenticate (AngularAuthApi) in 963.8801ms
2023-02-20 11:41:57.332 +01:00  INF  Executed endpoint 'AngularAuthApi.Controllers.AuthController.Authenticate (AngularAuthApi)'
2023-02-20 11:41:57.332 +01:00  INF  Request finished HTTP/2 POST https://localhost:7063/api/user/Authenticate application/json 62 - 200 - application/json;+charset=utf-8 965.4438ms
2023-02-20 11:45:56.626 +01:00  INF  Request starting HTTP/2 OPTIONS https://localhost:7063/api/user/Authenticate - -
2023-02-20 11:45:56.626 +01:00  INF  CORS policy execution successful.
2023-02-20 11:45:56.626 +01:00  INF  Request finished HTTP/2 OPTIONS https://localhost:7063/api/user/Authenticate - - - 204 - - 0.5449ms
2023-02-20 11:45:56.634 +01:00  INF  Request starting HTTP/2 POST https://localhost:7063/api/user/Authenticate application/json 62
2023-02-20 11:45:56.634 +01:00  INF  CORS policy execution successful.
2023-02-20 11:45:56.634 +01:00  INF  Executing endpoint 'AngularAuthApi.Controllers.AuthController.Authenticate (AngularAuthApi)'
2023-02-20 11:45:56.635 +01:00  INF  Route matched with {action = "Authenticate", controller = "Auth"}. Executing controller action with signature System.Threading.Tasks.Task`1[Microsoft.AspNetCore.Mvc.IActionResult] Authenticate(AngularAuthApi.DTOS.LoginDto) on controller AngularAuthApi.Controllers.AuthController (AngularAuthApi).
2023-02-20 11:45:56.678 +01:00  INF  Executed DbCommand (1ms) [Parameters=[@__user_Email_0='?' (Size = 100)], CommandType='"Text"', CommandTimeout='30']
SELECT `u`.`Id`, `u`.`Email`, `u`.`Name`, `u`.`Password`, `u`.`Salt`, `u`.`Token`
FROM `Users` AS `u`
WHERE `u`.`Email` = @__user_Email_0
LIMIT 1
2023-02-20 11:45:57.457 +01:00  INF  Executing OkObjectResult, writing value of type 'AngularAuthApi.Entities.Responses.AuthUserResponse'.
2023-02-20 11:45:57.458 +01:00  INF  Executed action AngularAuthApi.Controllers.AuthController.Authenticate (AngularAuthApi) in 822.9161ms
2023-02-20 11:45:57.458 +01:00  INF  Executed endpoint 'AngularAuthApi.Controllers.AuthController.Authenticate (AngularAuthApi)'
2023-02-20 11:45:57.458 +01:00  INF  Request finished HTTP/2 POST https://localhost:7063/api/user/Authenticate application/json 62 - 200 - application/json;+charset=utf-8 823.9368ms
2023-02-20 12:46:07.486 +01:00  INF  User profile is available. Using 'C:\Users\yahia alioua\AppData\Local\ASP.NET\DataProtection-Keys' as key repository and Windows DPAPI to encrypt keys at rest.
2023-02-20 12:46:07.715 +01:00  INF  Now listening on: https://localhost:7063
2023-02-20 12:46:07.716 +01:00  INF  Now listening on: http://localhost:5174
2023-02-20 12:46:07.719 +01:00  INF  Application started. Press Ctrl+C to shut down.
2023-02-20 12:46:07.719 +01:00  INF  Hosting environment: Development
2023-02-20 12:46:07.719 +01:00  INF  Content root path: C:\GA\C# OOP\AngularAuthApi\AngularAuthApi\AngularAuthApi\
2023-02-20 12:46:08.240 +01:00  INF  Request starting HTTP/2 GET https://localhost:7063/swagger/index.html - -
2023-02-20 12:46:08.814 +01:00  INF  Request finished HTTP/2 GET https://localhost:7063/swagger/index.html - - - 200 - text/html;charset=utf-8 578.7505ms
2023-02-20 12:46:08.892 +01:00  INF  Request starting HTTP/2 GET https://localhost:7063/_framework/aspnetcore-browser-refresh.js - -
2023-02-20 12:46:08.895 +01:00  INF  Request finished HTTP/2 GET https://localhost:7063/_framework/aspnetcore-browser-refresh.js - - - 200 11998 application/javascript;+charset=utf-8 3.1901ms
2023-02-20 12:46:08.929 +01:00  INF  Request starting HTTP/2 GET https://localhost:7063/_vs/browserLink - -
2023-02-20 12:46:08.954 +01:00  INF  Request finished HTTP/2 GET https://localhost:7063/_vs/browserLink - - - 200 - text/javascript;+charset=UTF-8 24.6037ms
2023-02-20 12:46:09.245 +01:00  INF  Request starting HTTP/2 GET https://localhost:7063/swagger/v1/swagger.json - -
2023-02-20 12:46:09.344 +01:00  INF  Request finished HTTP/2 GET https://localhost:7063/swagger/v1/swagger.json - - - 200 - application/json;charset=utf-8 98.2694ms
2023-02-20 12:46:17.874 +01:00  INF  Request starting HTTP/2 POST https://localhost:7063/api/user/Authenticate application/json 71
2023-02-20 12:46:17.889 +01:00  INF  CORS policy execution successful.
2023-02-20 12:46:17.970 +01:00  INF  Executing endpoint 'AngularAuthApi.Controllers.AuthController.Authenticate (AngularAuthApi)'
2023-02-20 12:46:18.074 +01:00  INF  Route matched with {action = "Authenticate", controller = "Auth"}. Executing controller action with signature System.Threading.Tasks.Task`1[Microsoft.AspNetCore.Mvc.IActionResult] Authenticate(AngularAuthApi.DTOS.LoginDto) on controller AngularAuthApi.Controllers.AuthController (AngularAuthApi).
2023-02-20 12:46:22.367 +01:00  INF  Executed DbCommand (21ms) [Parameters=[@__user_Email_0='?' (Size = 100)], CommandType='"Text"', CommandTimeout='30']
SELECT `u`.`Id`, `u`.`Email`, `u`.`Name`, `u`.`Password`, `u`.`Salt`, `u`.`Token`
FROM `Users` AS `u`
WHERE `u`.`Email` = @__user_Email_0
LIMIT 1
2023-02-20 12:46:23.781 +01:00  INF  Executing OkObjectResult, writing value of type 'AngularAuthApi.Entities.Responses.AuthUserResponse'.
2023-02-20 12:46:23.825 +01:00  INF  Executed action AngularAuthApi.Controllers.AuthController.Authenticate (AngularAuthApi) in 5733.0853ms
2023-02-20 12:46:23.826 +01:00  INF  Executed endpoint 'AngularAuthApi.Controllers.AuthController.Authenticate (AngularAuthApi)'
2023-02-20 12:46:23.840 +01:00  INF  Request finished HTTP/2 POST https://localhost:7063/api/user/Authenticate application/json 71 - 200 - application/json;+charset=utf-8 5965.2627ms
2023-02-20 15:08:14.587 +01:00  INF  User profile is available. Using 'C:\Users\yahia alioua\AppData\Local\ASP.NET\DataProtection-Keys' as key repository and Windows DPAPI to encrypt keys at rest.
2023-02-20 15:08:14.819 +01:00  INF  Now listening on: https://localhost:7063
2023-02-20 15:08:14.820 +01:00  INF  Now listening on: http://localhost:5174
2023-02-20 15:08:14.831 +01:00  INF  Application started. Press Ctrl+C to shut down.
2023-02-20 15:08:14.832 +01:00  INF  Hosting environment: Development
2023-02-20 15:08:14.832 +01:00  INF  Content root path: C:\GA\C# OOP\AngularAuthApi\AngularAuthApi\AngularAuthApi\
2023-02-20 15:08:14.992 +01:00  INF  Request starting HTTP/2 GET https://localhost:7063/swagger/index.html - -
2023-02-20 15:08:15.512 +01:00  INF  Request finished HTTP/2 GET https://localhost:7063/swagger/index.html - - - 200 - text/html;charset=utf-8 529.5978ms
2023-02-20 15:08:15.627 +01:00  INF  Request starting HTTP/2 GET https://localhost:7063/_framework/aspnetcore-browser-refresh.js - -
2023-02-20 15:08:15.627 +01:00  INF  Request starting HTTP/2 GET https://localhost:7063/_vs/browserLink - -
2023-02-20 15:08:15.632 +01:00  INF  Request finished HTTP/2 GET https://localhost:7063/_framework/aspnetcore-browser-refresh.js - - - 200 11998 application/javascript;+charset=utf-8 4.2398ms
2023-02-20 15:08:15.655 +01:00  INF  Request finished HTTP/2 GET https://localhost:7063/_vs/browserLink - - - 200 - text/javascript;+charset=UTF-8 27.6866ms
2023-02-20 15:08:15.835 +01:00  INF  Request starting HTTP/2 GET https://localhost:7063/swagger/v1/swagger.json - -
2023-02-20 15:08:16.044 +01:00  INF  Request finished HTTP/2 GET https://localhost:7063/swagger/v1/swagger.json - - - 200 - application/json;charset=utf-8 209.0531ms
2023-02-20 15:08:54.370 +01:00  INF  Request starting HTTP/2 POST https://localhost:7063/api/user/Register application/json 151
2023-02-20 15:08:54.389 +01:00  INF  CORS policy execution successful.
2023-02-20 15:08:54.474 +01:00  INF  Executing endpoint 'AngularAuthApi.Controllers.AuthController.RegisterUser (AngularAuthApi)'
2023-02-20 15:08:54.569 +01:00  INF  Route matched with {action = "RegisterUser", controller = "Auth"}. Executing controller action with signature System.Threading.Tasks.Task`1[Microsoft.AspNetCore.Mvc.IActionResult] RegisterUser(AngularAuthApi.Entities.User) on controller AngularAuthApi.Controllers.AuthController (AngularAuthApi).
2023-02-20 15:08:57.949 +01:00  INF  Executed DbCommand (20ms) [Parameters=[@__userEmail_0='?' (Size = 100)], CommandType='"Text"', CommandTimeout='30']
SELECT EXISTS (
    SELECT 1
    FROM `Users` AS `u`
    WHERE `u`.`Email` = @__userEmail_0)
2023-02-20 15:08:59.397 +01:00  INF  Executed DbCommand (6ms) [Parameters=[@p0='?' (Size = 100), @p1='?' (Size = 50), @p2='?' (Size = 128), @p3='?' (Size = 128) (DbType = Binary), @p4='?' (Size = 4000)], CommandType='"Text"', CommandTimeout='30']
INSERT INTO `Users` (`Email`, `Name`, `Password`, `Salt`, `Token`)
VALUES (@p0, @p1, @p2, @p3, @p4);
SELECT `Id`
FROM `Users`
WHERE ROW_COUNT() = 1 AND `Id` = LAST_INSERT_ID();
2023-02-20 15:08:59.511 +01:00  INF  Executing OkObjectResult, writing value of type '<>f__AnonymousType0`2[[System.String, System.Private.CoreLib, Version=6.0.0.0, Culture=neutral, PublicKeyToken=7cec85d7bea7798e],[System.Int32, System.Private.CoreLib, Version=6.0.0.0, Culture=neutral, PublicKeyToken=7cec85d7bea7798e]]'.
2023-02-20 15:08:59.554 +01:00  INF  Executed action AngularAuthApi.Controllers.AuthController.RegisterUser (AngularAuthApi) in 4974.6964ms
2023-02-20 15:08:59.554 +01:00  INF  Executed endpoint 'AngularAuthApi.Controllers.AuthController.RegisterUser (AngularAuthApi)'
2023-02-20 15:08:59.566 +01:00  INF  Request finished HTTP/2 POST https://localhost:7063/api/user/Register application/json 151 - 200 - application/json;+charset=utf-8 5196.5545ms
2023-02-20 15:09:16.208 +01:00  INF  Request starting HTTP/2 POST https://localhost:7063/api/user/Authenticate application/json 74
2023-02-20 15:09:16.210 +01:00  INF  CORS policy execution successful.
2023-02-20 15:09:16.211 +01:00  INF  Executing endpoint 'AngularAuthApi.Controllers.AuthController.Authenticate (AngularAuthApi)'
2023-02-20 15:09:16.216 +01:00  INF  Route matched with {action = "Authenticate", controller = "Auth"}. Executing controller action with signature System.Threading.Tasks.Task`1[Microsoft.AspNetCore.Mvc.IActionResult] Authenticate(AngularAuthApi.DTOS.LoginDto) on controller AngularAuthApi.Controllers.AuthController (AngularAuthApi).
2023-02-20 15:09:16.250 +01:00  INF  Executing BadRequestObjectResult, writing value of type 'Microsoft.AspNetCore.Mvc.ValidationProblemDetails'.
2023-02-20 15:09:16.264 +01:00  INF  Executed action AngularAuthApi.Controllers.AuthController.Authenticate (AngularAuthApi) in 48.1437ms
2023-02-20 15:09:16.264 +01:00  INF  Executed endpoint 'AngularAuthApi.Controllers.AuthController.Authenticate (AngularAuthApi)'
2023-02-20 15:09:16.265 +01:00  INF  Request finished HTTP/2 POST https://localhost:7063/api/user/Authenticate application/json 74 - 400 - application/problem+json;+charset=utf-8 57.1754ms
2023-02-20 15:09:32.471 +01:00  INF  Request starting HTTP/2 POST https://localhost:7063/api/user/Authenticate application/json 73
2023-02-20 15:09:32.472 +01:00  INF  CORS policy execution successful.
2023-02-20 15:09:32.477 +01:00  INF  Executing endpoint 'AngularAuthApi.Controllers.AuthController.Authenticate (AngularAuthApi)'
2023-02-20 15:09:32.477 +01:00  INF  Route matched with {action = "Authenticate", controller = "Auth"}. Executing controller action with signature System.Threading.Tasks.Task`1[Microsoft.AspNetCore.Mvc.IActionResult] Authenticate(AngularAuthApi.DTOS.LoginDto) on controller AngularAuthApi.Controllers.AuthController (AngularAuthApi).
2023-02-20 15:09:32.614 +01:00  INF  Executed DbCommand (1ms) [Parameters=[@__user_Email_0='?' (Size = 100)], CommandType='"Text"', CommandTimeout='30']
SELECT `u`.`Id`, `u`.`Email`, `u`.`Name`, `u`.`Password`, `u`.`Salt`, `u`.`Token`
FROM `Users` AS `u`
WHERE `u`.`Email` = @__user_Email_0
LIMIT 1
2023-02-20 15:09:33.746 +01:00  INF  Executed action AngularAuthApi.Controllers.AuthController.Authenticate (AngularAuthApi) in 1269.2973ms
2023-02-20 15:09:33.747 +01:00  INF  Executed endpoint 'AngularAuthApi.Controllers.AuthController.Authenticate (AngularAuthApi)'
2023-02-20 15:09:33.749 +01:00  ERR  An unhandled exception has occurred while executing the request.System.NullReferenceException: Object reference not set to an instance of an object.
   at AngularAuthApi.Controllers.AuthController.Authenticate(LoginDto user) in C:\GA\C# OOP\AngularAuthApi\AngularAuthApi\AngularAuthApi\Controllers\AuthController.cs:line 68
   at Microsoft.AspNetCore.Mvc.Infrastructure.ActionMethodExecutor.TaskOfIActionResultExecutor.Execute(IActionResultTypeMapper mapper, ObjectMethodExecutor executor, Object controller, Object[] arguments)
   at Microsoft.AspNetCore.Mvc.Infrastructure.ControllerActionInvoker.<InvokeActionMethodAsync>g__Awaited|12_0(ControllerActionInvoker invoker, ValueTask`1 actionResultValueTask)
   at Microsoft.AspNetCore.Mvc.Infrastructure.ControllerActionInvoker.<InvokeNextActionFilterAsync>g__Awaited|10_0(ControllerActionInvoker invoker, Task lastTask, State next, Scope scope, Object state, Boolean isCompleted)
   at Microsoft.AspNetCore.Mvc.Infrastructure.ControllerActionInvoker.Rethrow(ActionExecutedContextSealed context)
   at Microsoft.AspNetCore.Mvc.Infrastructure.ControllerActionInvoker.Next(State& next, Scope& scope, Object& state, Boolean& isCompleted)
   at Microsoft.AspNetCore.Mvc.Infrastructure.ControllerActionInvoker.InvokeInnerFilterAsync()
--- End of stack trace from previous location ---
   at Microsoft.AspNetCore.Mvc.Infrastructure.ResourceInvoker.<InvokeFilterPipelineAsync>g__Awaited|20_0(ResourceInvoker invoker, Task lastTask, State next, Scope scope, Object state, Boolean isCompleted)
   at Microsoft.AspNetCore.Mvc.Infrastructure.ResourceInvoker.<InvokeAsync>g__Logged|17_1(ResourceInvoker invoker)
   at Microsoft.AspNetCore.Mvc.Infrastructure.ResourceInvoker.<InvokeAsync>g__Logged|17_1(ResourceInvoker invoker)
   at Microsoft.AspNetCore.Routing.EndpointMiddleware.<Invoke>g__AwaitRequestTask|6_0(Endpoint endpoint, Task requestTask, ILogger logger)
   at Microsoft.AspNetCore.Authorization.AuthorizationMiddleware.Invoke(HttpContext context)
   at Microsoft.AspNetCore.Authentication.AuthenticationMiddleware.Invoke(HttpContext context)
   at Swashbuckle.AspNetCore.SwaggerUI.SwaggerUIMiddleware.Invoke(HttpContext httpContext)
   at Swashbuckle.AspNetCore.Swagger.SwaggerMiddleware.Invoke(HttpContext httpContext, ISwaggerProvider swaggerProvider)
   at Microsoft.AspNetCore.Diagnostics.DeveloperExceptionPageMiddleware.Invoke(HttpContext context)

2023-02-20 15:09:33.806 +01:00  INF  Request finished HTTP/2 POST https://localhost:7063/api/user/Authenticate application/json 73 - 500 - text/plain;+charset=utf-8 1335.5296ms
2023-02-20 15:11:12.251 +01:00  INF  Request starting HTTP/2 POST https://localhost:7063/api/user/Authenticate application/json 73
2023-02-20 15:11:12.251 +01:00  INF  CORS policy execution successful.
2023-02-20 15:11:12.251 +01:00  INF  Executing endpoint 'AngularAuthApi.Controllers.AuthController.Authenticate (AngularAuthApi)'
2023-02-20 15:11:12.252 +01:00  INF  Route matched with {action = "Authenticate", controller = "Auth"}. Executing controller action with signature System.Threading.Tasks.Task`1[Microsoft.AspNetCore.Mvc.IActionResult] Authenticate(AngularAuthApi.DTOS.LoginDto) on controller AngularAuthApi.Controllers.AuthController (AngularAuthApi).
2023-02-20 15:11:12.415 +01:00  INF  Executed DbCommand (1ms) [Parameters=[@__user_Email_0='?' (Size = 100)], CommandType='"Text"', CommandTimeout='30']
SELECT `u`.`Id`, `u`.`Email`, `u`.`Name`, `u`.`Password`, `u`.`Salt`, `u`.`Token`
FROM `Users` AS `u`
WHERE `u`.`Email` = @__user_Email_0
LIMIT 1
2023-02-20 15:11:13.258 +01:00  INF  Executed action AngularAuthApi.Controllers.AuthController.Authenticate (AngularAuthApi) in 1006.6236ms
2023-02-20 15:11:13.259 +01:00  INF  Executed endpoint 'AngularAuthApi.Controllers.AuthController.Authenticate (AngularAuthApi)'
2023-02-20 15:11:13.259 +01:00  ERR  An unhandled exception has occurred while executing the request.System.NullReferenceException: Object reference not set to an instance of an object.
   at AngularAuthApi.Controllers.AuthController.Authenticate(LoginDto user) in C:\GA\C# OOP\AngularAuthApi\AngularAuthApi\AngularAuthApi\Controllers\AuthController.cs:line 68
   at Microsoft.AspNetCore.Mvc.Infrastructure.ActionMethodExecutor.TaskOfIActionResultExecutor.Execute(IActionResultTypeMapper mapper, ObjectMethodExecutor executor, Object controller, Object[] arguments)
   at Microsoft.AspNetCore.Mvc.Infrastructure.ControllerActionInvoker.<InvokeActionMethodAsync>g__Awaited|12_0(ControllerActionInvoker invoker, ValueTask`1 actionResultValueTask)
   at Microsoft.AspNetCore.Mvc.Infrastructure.ControllerActionInvoker.<InvokeNextActionFilterAsync>g__Awaited|10_0(ControllerActionInvoker invoker, Task lastTask, State next, Scope scope, Object state, Boolean isCompleted)
   at Microsoft.AspNetCore.Mvc.Infrastructure.ControllerActionInvoker.Rethrow(ActionExecutedContextSealed context)
   at Microsoft.AspNetCore.Mvc.Infrastructure.ControllerActionInvoker.Next(State& next, Scope& scope, Object& state, Boolean& isCompleted)
   at Microsoft.AspNetCore.Mvc.Infrastructure.ControllerActionInvoker.InvokeInnerFilterAsync()
--- End of stack trace from previous location ---
   at Microsoft.AspNetCore.Mvc.Infrastructure.ResourceInvoker.<InvokeFilterPipelineAsync>g__Awaited|20_0(ResourceInvoker invoker, Task lastTask, State next, Scope scope, Object state, Boolean isCompleted)
   at Microsoft.AspNetCore.Mvc.Infrastructure.ResourceInvoker.<InvokeAsync>g__Logged|17_1(ResourceInvoker invoker)
   at Microsoft.AspNetCore.Mvc.Infrastructure.ResourceInvoker.<InvokeAsync>g__Logged|17_1(ResourceInvoker invoker)
   at Microsoft.AspNetCore.Routing.EndpointMiddleware.<Invoke>g__AwaitRequestTask|6_0(Endpoint endpoint, Task requestTask, ILogger logger)
   at Microsoft.AspNetCore.Authorization.AuthorizationMiddleware.Invoke(HttpContext context)
   at Microsoft.AspNetCore.Authentication.AuthenticationMiddleware.Invoke(HttpContext context)
   at Swashbuckle.AspNetCore.SwaggerUI.SwaggerUIMiddleware.Invoke(HttpContext httpContext)
   at Swashbuckle.AspNetCore.Swagger.SwaggerMiddleware.Invoke(HttpContext httpContext, ISwaggerProvider swaggerProvider)
   at Microsoft.AspNetCore.Diagnostics.DeveloperExceptionPageMiddleware.Invoke(HttpContext context)

2023-02-20 15:11:13.266 +01:00  INF  Request finished HTTP/2 POST https://localhost:7063/api/user/Authenticate application/json 73 - 500 - text/plain;+charset=utf-8 1015.4340ms
2023-02-20 15:11:20.622 +01:00  INF  User profile is available. Using 'C:\Users\yahia alioua\AppData\Local\ASP.NET\DataProtection-Keys' as key repository and Windows DPAPI to encrypt keys at rest.
2023-02-20 15:11:20.814 +01:00  INF  Now listening on: https://localhost:7063
2023-02-20 15:11:20.814 +01:00  INF  Now listening on: http://localhost:5174
2023-02-20 15:11:20.818 +01:00  INF  Application started. Press Ctrl+C to shut down.
2023-02-20 15:11:20.818 +01:00  INF  Hosting environment: Development
2023-02-20 15:11:20.818 +01:00  INF  Content root path: C:\GA\C# OOP\AngularAuthApi\AngularAuthApi\AngularAuthApi\
2023-02-20 15:11:21.190 +01:00  INF  Request starting HTTP/2 GET https://localhost:7063/swagger/index.html - -
2023-02-20 15:11:21.546 +01:00  INF  Request finished HTTP/2 GET https://localhost:7063/swagger/index.html - - - 200 - text/html;charset=utf-8 361.7414ms
2023-02-20 15:11:21.622 +01:00  INF  Request starting HTTP/2 GET https://localhost:7063/_framework/aspnetcore-browser-refresh.js - -
2023-02-20 15:11:21.622 +01:00  INF  Request starting HTTP/2 GET https://localhost:7063/_vs/browserLink - -
2023-02-20 15:11:21.625 +01:00  INF  Request finished HTTP/2 GET https://localhost:7063/_framework/aspnetcore-browser-refresh.js - - - 200 11998 application/javascript;+charset=utf-8 2.8990ms
2023-02-20 15:11:21.644 +01:00  INF  Request finished HTTP/2 GET https://localhost:7063/_vs/browserLink - - - 200 - text/javascript;+charset=UTF-8 21.9748ms
2023-02-20 15:11:21.854 +01:00  INF  Request starting HTTP/2 GET https://localhost:7063/swagger/v1/swagger.json - -
2023-02-20 15:11:21.958 +01:00  INF  Request finished HTTP/2 GET https://localhost:7063/swagger/v1/swagger.json - - - 200 - application/json;charset=utf-8 103.5857ms
2023-02-20 15:11:43.255 +01:00  INF  Request starting HTTP/2 POST https://localhost:7063/api/user/Authenticate application/json 73
2023-02-20 15:11:43.270 +01:00  INF  CORS policy execution successful.
2023-02-20 15:11:43.353 +01:00  INF  Executing endpoint 'AngularAuthApi.Controllers.AuthController.Authenticate (AngularAuthApi)'
2023-02-20 15:11:43.459 +01:00  INF  Route matched with {action = "Authenticate", controller = "Auth"}. Executing controller action with signature System.Threading.Tasks.Task`1[Microsoft.AspNetCore.Mvc.IActionResult] Authenticate(AngularAuthApi.DTOS.LoginDto) on controller AngularAuthApi.Controllers.AuthController (AngularAuthApi).
2023-02-20 15:11:47.000 +01:00  INF  Executed DbCommand (18ms) [Parameters=[@__user_Email_0='?' (Size = 100)], CommandType='"Text"', CommandTimeout='30']
SELECT `u`.`Id`, `u`.`Email`, `u`.`Name`, `u`.`Password`, `u`.`Salt`, `u`.`Token`
FROM `Users` AS `u`
WHERE `u`.`Email` = @__user_Email_0
LIMIT 1
2023-02-20 15:11:48.417 +01:00  INF  Executed action AngularAuthApi.Controllers.AuthController.Authenticate (AngularAuthApi) in 4939.168ms
2023-02-20 15:11:48.419 +01:00  INF  Executed endpoint 'AngularAuthApi.Controllers.AuthController.Authenticate (AngularAuthApi)'
2023-02-20 15:11:48.420 +01:00  ERR  An unhandled exception has occurred while executing the request.System.NullReferenceException: Object reference not set to an instance of an object.
   at AngularAuthApi.Controllers.AuthController.Authenticate(LoginDto user) in C:\GA\C# OOP\AngularAuthApi\AngularAuthApi\AngularAuthApi\Controllers\AuthController.cs:line 70
   at Microsoft.AspNetCore.Mvc.Infrastructure.ActionMethodExecutor.TaskOfIActionResultExecutor.Execute(IActionResultTypeMapper mapper, ObjectMethodExecutor executor, Object controller, Object[] arguments)
   at Microsoft.AspNetCore.Mvc.Infrastructure.ControllerActionInvoker.<InvokeActionMethodAsync>g__Awaited|12_0(ControllerActionInvoker invoker, ValueTask`1 actionResultValueTask)
   at Microsoft.AspNetCore.Mvc.Infrastructure.ControllerActionInvoker.<InvokeNextActionFilterAsync>g__Awaited|10_0(ControllerActionInvoker invoker, Task lastTask, State next, Scope scope, Object state, Boolean isCompleted)
   at Microsoft.AspNetCore.Mvc.Infrastructure.ControllerActionInvoker.Rethrow(ActionExecutedContextSealed context)
   at Microsoft.AspNetCore.Mvc.Infrastructure.ControllerActionInvoker.Next(State& next, Scope& scope, Object& state, Boolean& isCompleted)
   at Microsoft.AspNetCore.Mvc.Infrastructure.ControllerActionInvoker.InvokeInnerFilterAsync()
--- End of stack trace from previous location ---
   at Microsoft.AspNetCore.Mvc.Infrastructure.ResourceInvoker.<InvokeFilterPipelineAsync>g__Awaited|20_0(ResourceInvoker invoker, Task lastTask, State next, Scope scope, Object state, Boolean isCompleted)
   at Microsoft.AspNetCore.Mvc.Infrastructure.ResourceInvoker.<InvokeAsync>g__Logged|17_1(ResourceInvoker invoker)
   at Microsoft.AspNetCore.Mvc.Infrastructure.ResourceInvoker.<InvokeAsync>g__Logged|17_1(ResourceInvoker invoker)
   at Microsoft.AspNetCore.Routing.EndpointMiddleware.<Invoke>g__AwaitRequestTask|6_0(Endpoint endpoint, Task requestTask, ILogger logger)
   at Microsoft.AspNetCore.Authorization.AuthorizationMiddleware.Invoke(HttpContext context)
   at Microsoft.AspNetCore.Authentication.AuthenticationMiddleware.Invoke(HttpContext context)
   at Swashbuckle.AspNetCore.SwaggerUI.SwaggerUIMiddleware.Invoke(HttpContext httpContext)
   at Swashbuckle.AspNetCore.Swagger.SwaggerMiddleware.Invoke(HttpContext httpContext, ISwaggerProvider swaggerProvider)
   at Microsoft.AspNetCore.Diagnostics.DeveloperExceptionPageMiddleware.Invoke(HttpContext context)

2023-02-20 15:11:48.494 +01:00  INF  Request finished HTTP/2 POST https://localhost:7063/api/user/Authenticate application/json 73 - 500 - text/plain;+charset=utf-8 5239.1453ms
2023-02-20 15:12:46.103 +01:00  INF  User profile is available. Using 'C:\Users\yahia alioua\AppData\Local\ASP.NET\DataProtection-Keys' as key repository and Windows DPAPI to encrypt keys at rest.
2023-02-20 15:12:46.339 +01:00  INF  Now listening on: https://localhost:7063
2023-02-20 15:12:46.340 +01:00  INF  Now listening on: http://localhost:5174
2023-02-20 15:12:46.346 +01:00  INF  Application started. Press Ctrl+C to shut down.
2023-02-20 15:12:46.347 +01:00  INF  Hosting environment: Development
2023-02-20 15:12:46.347 +01:00  INF  Content root path: C:\GA\C# OOP\AngularAuthApi\AngularAuthApi\AngularAuthApi\
2023-02-20 15:12:46.540 +01:00  INF  Request starting HTTP/2 GET https://localhost:7063/swagger/index.html - -
2023-02-20 15:12:46.976 +01:00  INF  Request finished HTTP/2 GET https://localhost:7063/swagger/index.html - - - 200 - text/html;charset=utf-8 439.2289ms
2023-02-20 15:12:47.073 +01:00  INF  Request starting HTTP/2 GET https://localhost:7063/_framework/aspnetcore-browser-refresh.js - -
2023-02-20 15:12:47.073 +01:00  INF  Request starting HTTP/2 GET https://localhost:7063/_vs/browserLink - -
2023-02-20 15:12:47.075 +01:00  INF  Request finished HTTP/2 GET https://localhost:7063/_framework/aspnetcore-browser-refresh.js - - - 200 11998 application/javascript;+charset=utf-8 2.2877ms
2023-02-20 15:12:47.101 +01:00  INF  Request finished HTTP/2 GET https://localhost:7063/_vs/browserLink - - - 200 - text/javascript;+charset=UTF-8 28.6672ms
2023-02-20 15:12:47.194 +01:00  INF  Request starting HTTP/2 GET https://localhost:7063/swagger/v1/swagger.json - -
2023-02-20 15:12:47.344 +01:00  INF  Request finished HTTP/2 GET https://localhost:7063/swagger/v1/swagger.json - - - 200 - application/json;charset=utf-8 149.8048ms
2023-02-20 15:13:04.163 +01:00  INF  Request starting HTTP/2 POST https://localhost:7063/api/user/Authenticate application/json 73
2023-02-20 15:13:04.176 +01:00  INF  CORS policy execution successful.
2023-02-20 15:13:04.240 +01:00  INF  Executing endpoint 'AngularAuthApi.Controllers.AuthController.Authenticate (AngularAuthApi)'
2023-02-20 15:13:04.317 +01:00  INF  Route matched with {action = "Authenticate", controller = "Auth"}. Executing controller action with signature System.Threading.Tasks.Task`1[Microsoft.AspNetCore.Mvc.IActionResult] Authenticate(AngularAuthApi.DTOS.LoginDto) on controller AngularAuthApi.Controllers.AuthController (AngularAuthApi).
2023-02-20 15:13:07.848 +01:00  INF  Executed DbCommand (20ms) [Parameters=[@__user_Email_0='?' (Size = 100)], CommandType='"Text"', CommandTimeout='30']
SELECT `u`.`Id`, `u`.`Email`, `u`.`Name`, `u`.`Password`, `u`.`Salt`, `u`.`Token`
FROM `Users` AS `u`
WHERE `u`.`Email` = @__user_Email_0
LIMIT 1
2023-02-20 15:13:09.084 +01:00  INF  Executing OkObjectResult, writing value of type 'AngularAuthApi.Entities.Responses.AuthUserResponse'.
2023-02-20 15:13:09.128 +01:00  INF  Executed action AngularAuthApi.Controllers.AuthController.Authenticate (AngularAuthApi) in 4796.2357ms
2023-02-20 15:13:09.128 +01:00  INF  Executed endpoint 'AngularAuthApi.Controllers.AuthController.Authenticate (AngularAuthApi)'
2023-02-20 15:13:09.140 +01:00  INF  Request finished HTTP/2 POST https://localhost:7063/api/user/Authenticate application/json 73 - 200 - application/json;+charset=utf-8 4976.5234ms
2023-02-20 15:16:50.279 +01:00  INF  User profile is available. Using 'C:\Users\yahia alioua\AppData\Local\ASP.NET\DataProtection-Keys' as key repository and Windows DPAPI to encrypt keys at rest.
2023-02-20 15:16:50.499 +01:00  INF  Now listening on: https://localhost:7063
2023-02-20 15:16:50.500 +01:00  INF  Now listening on: http://localhost:5174
2023-02-20 15:16:50.504 +01:00  INF  Application started. Press Ctrl+C to shut down.
2023-02-20 15:16:50.504 +01:00  INF  Hosting environment: Development
2023-02-20 15:16:50.504 +01:00  INF  Content root path: C:\GA\C# OOP\AngularAuthApi\AngularAuthApi\AngularAuthApi\
2023-02-20 15:16:50.718 +01:00  INF  Request starting HTTP/2 GET https://localhost:7063/swagger/index.html - -
2023-02-20 15:16:51.036 +01:00  INF  Request finished HTTP/2 GET https://localhost:7063/swagger/index.html - - - 200 - text/html;charset=utf-8 321.5299ms
2023-02-20 15:16:51.131 +01:00  INF  Request starting HTTP/2 GET https://localhost:7063/_vs/browserLink - -
2023-02-20 15:16:51.131 +01:00  INF  Request starting HTTP/2 GET https://localhost:7063/_framework/aspnetcore-browser-refresh.js - -
2023-02-20 15:16:51.134 +01:00  INF  Request finished HTTP/2 GET https://localhost:7063/_framework/aspnetcore-browser-refresh.js - - - 200 11998 application/javascript;+charset=utf-8 3.1848ms
2023-02-20 15:16:51.154 +01:00  INF  Request finished HTTP/2 GET https://localhost:7063/_vs/browserLink - - - 200 - text/javascript;+charset=UTF-8 22.7697ms
2023-02-20 15:16:51.325 +01:00  INF  Request starting HTTP/2 GET https://localhost:7063/swagger/v1/swagger.json - -
2023-02-20 15:16:51.441 +01:00  INF  Request finished HTTP/2 GET https://localhost:7063/swagger/v1/swagger.json - - - 200 - application/json;charset=utf-8 115.8600ms
2023-02-20 15:17:06.013 +01:00  INF  Request starting HTTP/2 POST https://localhost:7063/api/user/Authenticate application/json 73
2023-02-20 15:17:06.022 +01:00  INF  CORS policy execution successful.
2023-02-20 15:17:06.074 +01:00  INF  Executing endpoint 'AngularAuthApi.Controllers.AuthController.Authenticate (AngularAuthApi)'
2023-02-20 15:17:06.158 +01:00  INF  Route matched with {action = "Authenticate", controller = "Auth"}. Executing controller action with signature System.Threading.Tasks.Task`1[Microsoft.AspNetCore.Mvc.IActionResult] Authenticate(AngularAuthApi.DTOS.LoginDto) on controller AngularAuthApi.Controllers.AuthController (AngularAuthApi).
2023-02-20 15:17:09.884 +01:00  INF  Executed DbCommand (14ms) [Parameters=[@__user_Email_0='?' (Size = 100)], CommandType='"Text"', CommandTimeout='30']
SELECT `u`.`Id`, `u`.`Email`, `u`.`Name`, `u`.`Password`, `u`.`Salt`, `u`.`Token`
FROM `Users` AS `u`
WHERE `u`.`Email` = @__user_Email_0
LIMIT 1
2023-02-20 15:17:11.250 +01:00  INF  Executed action AngularAuthApi.Controllers.AuthController.Authenticate (AngularAuthApi) in 5074.4952ms
2023-02-20 15:17:11.252 +01:00  INF  Executed endpoint 'AngularAuthApi.Controllers.AuthController.Authenticate (AngularAuthApi)'
2023-02-20 15:17:11.254 +01:00  ERR  An unhandled exception has occurred while executing the request.System.NullReferenceException: Object reference not set to an instance of an object.
   at AngularAuthApi.Controllers.AuthController.Authenticate(LoginDto user) in C:\GA\C# OOP\AngularAuthApi\AngularAuthApi\AngularAuthApi\Controllers\AuthController.cs:line 70
   at Microsoft.AspNetCore.Mvc.Infrastructure.ActionMethodExecutor.TaskOfIActionResultExecutor.Execute(IActionResultTypeMapper mapper, ObjectMethodExecutor executor, Object controller, Object[] arguments)
   at Microsoft.AspNetCore.Mvc.Infrastructure.ControllerActionInvoker.<InvokeActionMethodAsync>g__Awaited|12_0(ControllerActionInvoker invoker, ValueTask`1 actionResultValueTask)
   at Microsoft.AspNetCore.Mvc.Infrastructure.ControllerActionInvoker.<InvokeNextActionFilterAsync>g__Awaited|10_0(ControllerActionInvoker invoker, Task lastTask, State next, Scope scope, Object state, Boolean isCompleted)
   at Microsoft.AspNetCore.Mvc.Infrastructure.ControllerActionInvoker.Rethrow(ActionExecutedContextSealed context)
   at Microsoft.AspNetCore.Mvc.Infrastructure.ControllerActionInvoker.Next(State& next, Scope& scope, Object& state, Boolean& isCompleted)
   at Microsoft.AspNetCore.Mvc.Infrastructure.ControllerActionInvoker.InvokeInnerFilterAsync()
--- End of stack trace from previous location ---
   at Microsoft.AspNetCore.Mvc.Infrastructure.ResourceInvoker.<InvokeFilterPipelineAsync>g__Awaited|20_0(ResourceInvoker invoker, Task lastTask, State next, Scope scope, Object state, Boolean isCompleted)
   at Microsoft.AspNetCore.Mvc.Infrastructure.ResourceInvoker.<InvokeAsync>g__Logged|17_1(ResourceInvoker invoker)
   at Microsoft.AspNetCore.Mvc.Infrastructure.ResourceInvoker.<InvokeAsync>g__Logged|17_1(ResourceInvoker invoker)
   at Microsoft.AspNetCore.Routing.EndpointMiddleware.<Invoke>g__AwaitRequestTask|6_0(Endpoint endpoint, Task requestTask, ILogger logger)
   at Microsoft.AspNetCore.Authorization.AuthorizationMiddleware.Invoke(HttpContext context)
   at Microsoft.AspNetCore.Authentication.AuthenticationMiddleware.Invoke(HttpContext context)
   at Swashbuckle.AspNetCore.SwaggerUI.SwaggerUIMiddleware.Invoke(HttpContext httpContext)
   at Swashbuckle.AspNetCore.Swagger.SwaggerMiddleware.Invoke(HttpContext httpContext, ISwaggerProvider swaggerProvider)
   at Microsoft.AspNetCore.Diagnostics.DeveloperExceptionPageMiddleware.Invoke(HttpContext context)

2023-02-20 15:17:11.323 +01:00  INF  Request finished HTTP/2 POST https://localhost:7063/api/user/Authenticate application/json 73 - 500 - text/plain;+charset=utf-8 5309.9608ms
2023-02-20 15:24:03.953 +01:00  INF  User profile is available. Using 'C:\Users\yahia alioua\AppData\Local\ASP.NET\DataProtection-Keys' as key repository and Windows DPAPI to encrypt keys at rest.
2023-02-20 15:24:04.158 +01:00  INF  Now listening on: https://localhost:7063
2023-02-20 15:24:04.158 +01:00  INF  Now listening on: http://localhost:5174
2023-02-20 15:24:04.163 +01:00  INF  Application started. Press Ctrl+C to shut down.
2023-02-20 15:24:04.163 +01:00  INF  Hosting environment: Development
2023-02-20 15:24:04.163 +01:00  INF  Content root path: C:\GA\C# OOP\AngularAuthApi\AngularAuthApi\AngularAuthApi\
2023-02-20 15:24:04.441 +01:00  INF  Request starting HTTP/2 GET https://localhost:7063/swagger/index.html - -
2023-02-20 15:24:04.809 +01:00  INF  Request finished HTTP/2 GET https://localhost:7063/swagger/index.html - - - 200 - text/html;charset=utf-8 375.9091ms
2023-02-20 15:24:04.901 +01:00  INF  Request starting HTTP/2 GET https://localhost:7063/_framework/aspnetcore-browser-refresh.js - -
2023-02-20 15:24:04.901 +01:00  INF  Request starting HTTP/2 GET https://localhost:7063/_vs/browserLink - -
2023-02-20 15:24:04.904 +01:00  INF  Request finished HTTP/2 GET https://localhost:7063/_framework/aspnetcore-browser-refresh.js - - - 200 11998 application/javascript;+charset=utf-8 3.0445ms
2023-02-20 15:24:04.924 +01:00  INF  Request finished HTTP/2 GET https://localhost:7063/_vs/browserLink - - - 200 - text/javascript;+charset=UTF-8 23.1244ms
2023-02-20 15:24:05.153 +01:00  INF  Request starting HTTP/2 GET https://localhost:7063/swagger/v1/swagger.json - -
2023-02-20 15:24:05.275 +01:00  INF  Request finished HTTP/2 GET https://localhost:7063/swagger/v1/swagger.json - - - 200 - application/json;charset=utf-8 122.5121ms
2023-02-20 15:24:14.968 +01:00  INF  Request starting HTTP/2 POST https://localhost:7063/api/user/Authenticate application/json 73
2023-02-20 15:24:14.981 +01:00  INF  CORS policy execution successful.
2023-02-20 15:24:15.067 +01:00  INF  Executing endpoint 'AngularAuthApi.Controllers.AuthController.Authenticate (AngularAuthApi)'
2023-02-20 15:24:15.148 +01:00  INF  Route matched with {action = "Authenticate", controller = "Auth"}. Executing controller action with signature System.Threading.Tasks.Task`1[Microsoft.AspNetCore.Mvc.IActionResult] Authenticate(AngularAuthApi.DTOS.LoginDto) on controller AngularAuthApi.Controllers.AuthController (AngularAuthApi).
2023-02-20 15:24:18.752 +01:00  INF  Executed DbCommand (20ms) [Parameters=[@__user_Email_0='?' (Size = 100)], CommandType='"Text"', CommandTimeout='30']
SELECT `u`.`Id`, `u`.`Email`, `u`.`Name`, `u`.`Password`, `u`.`Salt`, `u`.`Token`
FROM `Users` AS `u`
WHERE `u`.`Email` = @__user_Email_0
LIMIT 1
2023-02-20 15:24:20.109 +01:00  INF  Executing OkObjectResult, writing value of type 'AngularAuthApi.Entities.Responses.AuthUserResponse'.
2023-02-20 15:24:20.152 +01:00  INF  Executed action AngularAuthApi.Controllers.AuthController.Authenticate (AngularAuthApi) in 4989.9039ms
2023-02-20 15:24:20.152 +01:00  INF  Executed endpoint 'AngularAuthApi.Controllers.AuthController.Authenticate (AngularAuthApi)'
2023-02-20 15:24:20.163 +01:00  INF  Request finished HTTP/2 POST https://localhost:7063/api/user/Authenticate application/json 73 - 200 - application/json;+charset=utf-8 5195.7627ms
2023-02-20 15:35:08.522 +01:00  INF  User profile is available. Using 'C:\Users\yahia alioua\AppData\Local\ASP.NET\DataProtection-Keys' as key repository and Windows DPAPI to encrypt keys at rest.
2023-02-20 15:35:09.126 +01:00  INF  Application started. Press Ctrl+C to shut down.
2023-02-20 15:35:09.128 +01:00  INF  Hosting environment: Development
2023-02-20 15:35:09.128 +01:00  INF  Content root path: C:\GA\C# OOP\AngularAuthApi\AngularAuthApi\AngularAuthApi\
2023-02-20 15:35:09.254 +01:00  INF  Request starting HTTP/2 GET https://localhost:44344/swagger - -
2023-02-20 15:35:09.254 +01:00  INF  Request starting HTTP/2 GET https://localhost:44344/swagger - -
2023-02-20 15:35:09.254 +01:00  INF  Request starting HTTP/2 GET https://localhost:44344/swagger - -
2023-02-20 15:35:09.590 +01:00  INF  Request finished HTTP/2 GET https://localhost:44344/swagger - - - 0 - - 328.1876ms
2023-02-20 15:35:09.590 +01:00  INF  Request finished HTTP/2 GET https://localhost:44344/swagger - - - 0 - - 328.1765ms
2023-02-20 15:35:09.643 +01:00  INF  Request starting HTTP/2 GET https://localhost:44344/swagger/index.html - -
2023-02-20 15:35:09.644 +01:00  INF  Request finished HTTP/2 GET https://localhost:44344/swagger - - - 301 - - 406.5900ms
2023-02-20 15:35:10.547 +01:00  INF  Request finished HTTP/2 GET https://localhost:44344/swagger/index.html - - - 200 - text/html;charset=utf-8 904.0520ms
2023-02-20 15:35:10.711 +01:00  INF  Request starting HTTP/2 GET https://localhost:44344/swagger/swagger-ui.css - -
2023-02-20 15:35:10.715 +01:00  INF  Request starting HTTP/2 GET https://localhost:44344/swagger/swagger-ui-standalone-preset.js - -
2023-02-20 15:35:10.716 +01:00  INF  Request starting HTTP/2 GET https://localhost:44344/_vs/browserLink - -
2023-02-20 15:35:10.721 +01:00  INF  Request starting HTTP/2 GET https://localhost:44344/swagger/swagger-ui-bundle.js - -
2023-02-20 15:35:10.722 +01:00  INF  Request starting HTTP/2 GET https://localhost:44344/_framework/aspnetcore-browser-refresh.js - -
2023-02-20 15:35:10.749 +01:00  INF  Request finished HTTP/2 GET https://localhost:44344/_framework/aspnetcore-browser-refresh.js - - - 200 11998 application/javascript;+charset=utf-8 10.1020ms
2023-02-20 15:35:10.793 +01:00  INF  Sending file. Request path: '/swagger-ui.css'. Physical path: 'N/A'
2023-02-20 15:35:10.793 +01:00  INF  Sending file. Request path: '/swagger-ui-standalone-preset.js'. Physical path: 'N/A'
2023-02-20 15:35:10.797 +01:00  INF  Sending file. Request path: '/swagger-ui-bundle.js'. Physical path: 'N/A'
2023-02-20 15:35:10.801 +01:00  INF  Request finished HTTP/2 GET https://localhost:44344/swagger/swagger-ui.css - - - 200 143632 text/css 90.0921ms
2023-02-20 15:35:10.851 +01:00  INF  Request finished HTTP/2 GET https://localhost:44344/swagger/swagger-ui-standalone-preset.js - - - 200 337162 application/javascript 136.5451ms
2023-02-20 15:35:10.852 +01:00  INF  Request finished HTTP/2 GET https://localhost:44344/_vs/browserLink - - - 200 - text/javascript;+charset=UTF-8 136.6332ms
2023-02-20 15:35:10.890 +01:00  INF  Request finished HTTP/2 GET https://localhost:44344/swagger/swagger-ui-bundle.js - - - 200 1092889 application/javascript 168.4964ms
2023-02-20 15:35:11.165 +01:00  INF  Request starting HTTP/2 GET https://localhost:44344/swagger/v1/swagger.json - -
2023-02-20 15:35:11.222 +01:00  INF  Request starting HTTP/2 GET https://localhost:44344/swagger/favicon-32x32.png - -
2023-02-20 15:35:11.223 +01:00  INF  Sending file. Request path: '/favicon-32x32.png'. Physical path: 'N/A'
2023-02-20 15:35:11.223 +01:00  INF  Request finished HTTP/2 GET https://localhost:44344/swagger/favicon-32x32.png - - - 200 628 image/png 1.0854ms
2023-02-20 15:35:11.376 +01:00  INF  Request finished HTTP/2 GET https://localhost:44344/swagger/v1/swagger.json - - - 200 - application/json;charset=utf-8 210.3458ms
2023-02-20 23:08:38.839 +01:00  INF  User profile is available. Using 'C:\Users\yahia alioua\AppData\Local\ASP.NET\DataProtection-Keys' as key repository and Windows DPAPI to encrypt keys at rest.
2023-02-20 23:08:39.230 +01:00  INF  Application started. Press Ctrl+C to shut down.
2023-02-20 23:08:39.231 +01:00  INF  Hosting environment: Development
2023-02-20 23:08:39.231 +01:00  INF  Content root path: C:\GA\C# OOP\AngularAuthApi\AngularAuthApi\AngularAuthApi\
2023-02-20 23:08:39.271 +01:00  INF  Request starting HTTP/2 GET https://localhost:44344/swagger - -
2023-02-20 23:08:39.436 +01:00  INF  Request finished HTTP/2 GET https://localhost:44344/swagger - - - 301 - - 169.3837ms
2023-02-20 23:08:39.436 +01:00  INF  Request starting HTTP/2 GET https://localhost:44344/swagger/index.html - -
2023-02-20 23:08:40.054 +01:00  INF  Request finished HTTP/2 GET https://localhost:44344/swagger/index.html - - - 200 - text/html;charset=utf-8 617.6061ms
2023-02-20 23:08:40.134 +01:00  INF  Request starting HTTP/2 GET https://localhost:44344/swagger/swagger-ui-bundle.js - -
2023-02-20 23:08:40.134 +01:00  INF  Request starting HTTP/2 GET https://localhost:44344/swagger/swagger-ui.css - -
2023-02-20 23:08:40.146 +01:00  INF  Request starting HTTP/2 GET https://localhost:44344/swagger/swagger-ui-standalone-preset.js - -
2023-02-20 23:08:40.172 +01:00  INF  Sending file. Request path: '/swagger-ui-standalone-preset.js'. Physical path: 'N/A'
2023-02-20 23:08:40.172 +01:00  INF  Sending file. Request path: '/swagger-ui.css'. Physical path: 'N/A'
2023-02-20 23:08:40.176 +01:00  INF  Request finished HTTP/2 GET https://localhost:44344/swagger/swagger-ui.css - - - 200 143632 text/css 42.0279ms
2023-02-20 23:08:40.180 +01:00  INF  Sending file. Request path: '/swagger-ui-bundle.js'. Physical path: 'N/A'
2023-02-20 23:08:40.191 +01:00  INF  Request finished HTTP/2 GET https://localhost:44344/swagger/swagger-ui-standalone-preset.js - - - 200 337162 application/javascript 45.2448ms
2023-02-20 23:08:40.211 +01:00  INF  Request starting HTTP/2 GET https://localhost:44344/_framework/aspnetcore-browser-refresh.js - -
2023-02-20 23:08:40.221 +01:00  INF  Request finished HTTP/2 GET https://localhost:44344/_framework/aspnetcore-browser-refresh.js - - - 200 11998 application/javascript;+charset=utf-8 5.4811ms
2023-02-20 23:08:40.250 +01:00  INF  Request finished HTTP/2 GET https://localhost:44344/swagger/swagger-ui-bundle.js - - - 200 1092889 application/javascript 114.9644ms
2023-02-20 23:08:40.258 +01:00  INF  Request starting HTTP/2 GET https://localhost:44344/_vs/browserLink - -
2023-02-20 23:08:40.328 +01:00  INF  Request finished HTTP/2 GET https://localhost:44344/_vs/browserLink - - - 200 - text/javascript;+charset=UTF-8 69.0432ms
2023-02-20 23:08:40.593 +01:00  INF  Request starting HTTP/2 GET https://localhost:44344/swagger/v1/swagger.json - -
2023-02-20 23:08:40.669 +01:00  INF  Request starting HTTP/2 GET https://localhost:44344/swagger/favicon-32x32.png - -
2023-02-20 23:08:40.669 +01:00  INF  Sending file. Request path: '/favicon-32x32.png'. Physical path: 'N/A'
2023-02-20 23:08:40.670 +01:00  INF  Request finished HTTP/2 GET https://localhost:44344/swagger/favicon-32x32.png - - - 200 628 image/png 0.8731ms
2023-02-20 23:08:40.825 +01:00  INF  Request finished HTTP/2 GET https://localhost:44344/swagger/v1/swagger.json - - - 200 - application/json;charset=utf-8 232.1394ms
2023-02-20 23:08:53.074 +01:00  INF  Request starting HTTP/2 POST https://localhost:44344/api/user/Authenticate application/json 73
2023-02-20 23:08:53.090 +01:00  INF  CORS policy execution successful.
2023-02-20 23:08:53.254 +01:00  INF  Executing endpoint 'AngularAuthApi.Controllers.AuthController.Authenticate (AngularAuthApi)'
2023-02-20 23:08:53.353 +01:00  INF  Route matched with {action = "Authenticate", controller = "Auth"}. Executing controller action with signature System.Threading.Tasks.Task`1[Microsoft.AspNetCore.Mvc.IActionResult] Authenticate(AngularAuthApi.DTOS.LoginDto) on controller AngularAuthApi.Controllers.AuthController (AngularAuthApi).
2023-02-20 23:08:58.175 +01:00  INF  Executed DbCommand (19ms) [Parameters=[@__user_Email_0='?' (Size = 100)], CommandType='"Text"', CommandTimeout='30']
SELECT `u`.`Id`, `u`.`Email`, `u`.`Name`, `u`.`Password`, `u`.`Salt`, `u`.`Token`
FROM `Users` AS `u`
WHERE `u`.`Email` = @__user_Email_0
LIMIT 1
2023-02-20 23:08:59.606 +01:00  INF  Executing OkObjectResult, writing value of type 'AngularAuthApi.Entities.Responses.AuthUserResponse'.
2023-02-20 23:08:59.651 +01:00  INF  Executed action AngularAuthApi.Controllers.AuthController.Authenticate (AngularAuthApi) in 6279.9734ms
2023-02-20 23:08:59.651 +01:00  INF  Executed endpoint 'AngularAuthApi.Controllers.AuthController.Authenticate (AngularAuthApi)'
2023-02-20 23:08:59.663 +01:00  INF  Request finished HTTP/2 POST https://localhost:44344/api/user/Authenticate application/json 73 - 200 - application/json;+charset=utf-8 6588.6651ms
