2023-02-12 18:39:15.072 +01:00  INF  Executed DbCommand (19ms) [Parameters=[], CommandType='"Text"', CommandTimeout='30']
CREATE DATABASE `UserAuthDb`
2023-02-12 18:39:15.277 +01:00  INF  Executed DbCommand (18ms) [Parameters=[], CommandType='"Text"', CommandTimeout='30']
CREATE TABLE `__EFMigrationsHistory` (
    `MigrationId` varchar(150) NOT NULL,
    `ProductVersion` varchar(32) NOT NULL,
    PRIMARY KEY (`MigrationId`)
);
2023-02-12 18:39:15.288 +01:00  INF  Executed DbCommand (3ms) [Parameters=[], CommandType='"Text"', CommandTimeout='30']
SELECT 1 FROM INFORMATION_SCHEMA.TABLES WHERE TABLE_SCHEMA='UserAuthDb' AND TABLE_NAME='__EFMigrationsHistory';
2023-02-12 18:39:15.295 +01:00  INF  Executed DbCommand (3ms) [Parameters=[], CommandType='"Text"', CommandTimeout='30']
SELECT `MigrationId`, `ProductVersion`
FROM `__EFMigrationsHistory`
ORDER BY `MigrationId`;
2023-02-12 18:39:15.319 +01:00  INF  Applying migration '20230212173849_test'.
2023-02-12 18:39:15.404 +01:00  INF  Executed DbCommand (16ms) [Parameters=[], CommandType='"Text"', CommandTimeout='30']
CREATE TABLE `Users` (
    `Id` int NOT NULL AUTO_INCREMENT,
    `Name` varchar(50) NOT NULL,
    `Email` varchar(100) NOT NULL,
    `Password` varchar(128) NOT NULL,
    `Token` longtext NOT NULL,
    `Salt` varchar(64) NOT NULL,
    PRIMARY KEY (`Id`)
);
2023-02-12 18:39:15.406 +01:00  INF  Executed DbCommand (2ms) [Parameters=[], CommandType='"Text"', CommandTimeout='30']
INSERT INTO `__EFMigrationsHistory` (`MigrationId`, `ProductVersion`)
VALUES ('20230212173849_test', '7.0.2');
2023-02-12 20:21:12.544 +01:00  INF  Now listening on: https://localhost:7063
2023-02-12 20:21:12.576 +01:00  INF  Now listening on: http://localhost:5174
2023-02-12 20:21:12.581 +01:00  INF  Application started. Press Ctrl+C to shut down.
2023-02-12 20:21:12.582 +01:00  INF  Hosting environment: Development
2023-02-12 20:21:12.582 +01:00  INF  Content root path: C:\GA\C# OOP\AngularAuthApi\AngularAuthApi\AngularAuthApi\
2023-02-12 20:21:13.134 +01:00  INF  Request starting HTTP/2 GET https://localhost:7063/swagger/index.html - -
2023-02-12 20:21:13.673 +01:00  INF  Request finished HTTP/2 GET https://localhost:7063/swagger/index.html - - - 200 - text/html;charset=utf-8 547.8467ms
2023-02-12 20:21:13.782 +01:00  INF  Request starting HTTP/2 GET https://localhost:7063/_framework/aspnetcore-browser-refresh.js - -
2023-02-12 20:21:13.782 +01:00  INF  Request starting HTTP/2 GET https://localhost:7063/_vs/browserLink - -
2023-02-12 20:21:13.784 +01:00  INF  Request finished HTTP/2 GET https://localhost:7063/_framework/aspnetcore-browser-refresh.js - - - 200 11998 application/javascript;+charset=utf-8 2.3407ms
2023-02-12 20:21:13.821 +01:00  INF  Request finished HTTP/2 GET https://localhost:7063/_vs/browserLink - - - 200 - text/javascript;+charset=UTF-8 37.9979ms
2023-02-12 20:21:13.968 +01:00  INF  Request starting HTTP/2 GET https://localhost:7063/swagger/v1/swagger.json - -
2023-02-12 20:21:14.155 +01:00  INF  Request finished HTTP/2 GET https://localhost:7063/swagger/v1/swagger.json - - - 200 - application/json;charset=utf-8 185.7154ms
2023-02-12 20:21:49.926 +01:00  INF  Request starting HTTP/2 POST https://localhost:7063/api/user/Register application/json 121
2023-02-12 20:21:49.944 +01:00  INF  CORS policy execution successful.
2023-02-12 20:21:49.972 +01:00  INF  Executing endpoint 'AngularAuthApi.Controllers.AuthController.RegisterUser (AngularAuthApi)'
2023-02-12 20:21:50.039 +01:00  INF  Route matched with {action = "RegisterUser", controller = "Auth"}. Executing controller action with signature Microsoft.AspNetCore.Mvc.IActionResult RegisterUser(AngularAuthApi.Entities.User) on controller AngularAuthApi.Controllers.AuthController (AngularAuthApi).
2023-02-12 20:21:50.618 +01:00  INF  Executing BadRequestObjectResult, writing value of type 'Microsoft.AspNetCore.Mvc.ValidationProblemDetails'.
2023-02-12 20:21:50.674 +01:00  INF  Executed action AngularAuthApi.Controllers.AuthController.RegisterUser (AngularAuthApi) in 618.7193ms
2023-02-12 20:21:50.677 +01:00  INF  Executed endpoint 'AngularAuthApi.Controllers.AuthController.RegisterUser (AngularAuthApi)'
2023-02-12 20:21:50.681 +01:00  INF  Request finished HTTP/2 POST https://localhost:7063/api/user/Register application/json 121 - 400 - application/problem+json;+charset=utf-8 754.4436ms
2023-02-12 20:22:33.962 +01:00  INF  Request starting HTTP/2 POST https://localhost:7063/api/user/Register application/json 119
2023-02-12 20:22:33.964 +01:00  INF  CORS policy execution successful.
2023-02-12 20:22:33.964 +01:00  INF  Executing endpoint 'AngularAuthApi.Controllers.AuthController.RegisterUser (AngularAuthApi)'
2023-02-12 20:22:33.965 +01:00  INF  Route matched with {action = "RegisterUser", controller = "Auth"}. Executing controller action with signature Microsoft.AspNetCore.Mvc.IActionResult RegisterUser(AngularAuthApi.Entities.User) on controller AngularAuthApi.Controllers.AuthController (AngularAuthApi).
2023-02-12 20:22:33.980 +01:00  INF  Executing BadRequestObjectResult, writing value of type 'Microsoft.AspNetCore.Mvc.ValidationProblemDetails'.
2023-02-12 20:22:33.980 +01:00  INF  Executed action AngularAuthApi.Controllers.AuthController.RegisterUser (AngularAuthApi) in 15.4692ms
2023-02-12 20:22:33.980 +01:00  INF  Executed endpoint 'AngularAuthApi.Controllers.AuthController.RegisterUser (AngularAuthApi)'
2023-02-12 20:22:33.981 +01:00  INF  Request finished HTTP/2 POST https://localhost:7063/api/user/Register application/json 119 - 400 - application/problem+json;+charset=utf-8 18.8801ms
2023-02-12 20:29:16.641 +01:00  INF  Now listening on: https://localhost:7063
2023-02-12 20:29:16.674 +01:00  INF  Now listening on: http://localhost:5174
2023-02-12 20:29:16.679 +01:00  INF  Application started. Press Ctrl+C to shut down.
2023-02-12 20:29:16.680 +01:00  INF  Hosting environment: Development
2023-02-12 20:29:16.680 +01:00  INF  Content root path: C:\GA\C# OOP\AngularAuthApi\AngularAuthApi\AngularAuthApi\
2023-02-12 20:29:17.165 +01:00  INF  Request starting HTTP/2 GET https://localhost:7063/swagger/index.html - -
2023-02-12 20:29:17.631 +01:00  INF  Request finished HTTP/2 GET https://localhost:7063/swagger/index.html - - - 200 - text/html;charset=utf-8 469.9390ms
2023-02-12 20:29:17.701 +01:00  INF  Request starting HTTP/2 GET https://localhost:7063/_framework/aspnetcore-browser-refresh.js - -
2023-02-12 20:29:17.701 +01:00  INF  Request starting HTTP/2 GET https://localhost:7063/_vs/browserLink - -
2023-02-12 20:29:17.703 +01:00  INF  Request finished HTTP/2 GET https://localhost:7063/_framework/aspnetcore-browser-refresh.js - - - 200 11998 application/javascript;+charset=utf-8 1.8793ms
2023-02-12 20:29:17.721 +01:00  INF  Request finished HTTP/2 GET https://localhost:7063/_vs/browserLink - - - 200 - text/javascript;+charset=UTF-8 20.2183ms
2023-02-12 20:29:17.990 +01:00  INF  Request starting HTTP/2 GET https://localhost:7063/swagger/v1/swagger.json - -
2023-02-12 20:29:18.165 +01:00  INF  Request finished HTTP/2 GET https://localhost:7063/swagger/v1/swagger.json - - - 200 - application/json;charset=utf-8 175.0751ms
2023-02-12 20:30:06.108 +01:00  INF  Request starting HTTP/2 POST https://localhost:7063/api/user/Register application/json 124
2023-02-12 20:30:06.116 +01:00  INF  CORS policy execution successful.
2023-02-12 20:30:06.122 +01:00  INF  Executing endpoint 'AngularAuthApi.Controllers.AuthController.RegisterUser (AngularAuthApi)'
2023-02-12 20:30:06.159 +01:00  INF  Route matched with {action = "RegisterUser", controller = "Auth"}. Executing controller action with signature Microsoft.AspNetCore.Mvc.IActionResult RegisterUser(AngularAuthApi.Entities.User) on controller AngularAuthApi.Controllers.AuthController (AngularAuthApi).
2023-02-12 20:30:10.583 +01:00  ERR  Failed executing DbCommand (32ms) [Parameters=[@p0='?' (Size = 100), @p1='?' (Size = 50), @p2='?' (Size = 128), @p3='?' (Size = -1), @p4='?' (Size = 4000)], CommandType='"Text"', CommandTimeout='30']
INSERT INTO `Users` (`Email`, `Name`, `Password`, `Salt`, `Token`)
VALUES (@p0, @p1, @p2, @p3, @p4);
SELECT `Id`
FROM `Users`
WHERE ROW_COUNT() = 1 AND `Id` = LAST_INSERT_ID();
2023-02-12 20:30:10.688 +01:00  ERR  An exception occurred in the database while saving changes for context type 'AngularAuthApi.Data_Access.UserDbContext'.
Microsoft.EntityFrameworkCore.DbUpdateException: Could not save changes. Please configure your entity type accordingly.
 ---> MySql.Data.MySqlClient.MySqlException (0x80004005): Data too long for column 'Salt' at row 1
   at MySql.Data.MySqlClient.MySqlStream.ReadPacket()
   at MySql.Data.MySqlClient.NativeDriver.GetResult(Int32& affectedRow, Int64& insertedId)
   at MySql.Data.MySqlClient.Driver.GetResult(Int32 statementId, Int32& affectedRows, Int64& insertedId)
   at MySql.Data.MySqlClient.Driver.NextResult(Int32 statementId, Boolean force)
   at MySql.Data.MySqlClient.MySqlDataReader.NextResult()
   at MySql.Data.MySqlClient.MySqlCommand.ExecuteReader(CommandBehavior behavior)
   at MySql.Data.MySqlClient.MySqlCommand.ExecuteDbDataReader(CommandBehavior behavior)
   at System.Data.Common.DbCommand.ExecuteDbDataReaderAsync(CommandBehavior behavior, CancellationToken cancellationToken)
--- End of stack trace from previous location ---
   at Microsoft.EntityFrameworkCore.Storage.RelationalCommand.ExecuteReaderAsync(RelationalCommandParameterObject parameterObject, CancellationToken cancellationToken)
   at Microsoft.EntityFrameworkCore.Storage.RelationalCommand.ExecuteReaderAsync(RelationalCommandParameterObject parameterObject, CancellationToken cancellationToken)
   at Microsoft.EntityFrameworkCore.Update.ReaderModificationCommandBatch.ExecuteAsync(IRelationalConnection connection, CancellationToken cancellationToken)
   --- End of inner exception stack trace ---
   at MySql.EntityFrameworkCore.Update.MySQLModificationCommandBatch.ExecuteAsync(IRelationalConnection connection, CancellationToken cancellationToken)
   at Microsoft.EntityFrameworkCore.Update.Internal.BatchExecutor.ExecuteAsync(IEnumerable`1 commandBatches, IRelationalConnection connection, CancellationToken cancellationToken)
   at Microsoft.EntityFrameworkCore.Update.Internal.BatchExecutor.ExecuteAsync(IEnumerable`1 commandBatches, IRelationalConnection connection, CancellationToken cancellationToken)
   at Microsoft.EntityFrameworkCore.Update.Internal.BatchExecutor.ExecuteAsync(IEnumerable`1 commandBatches, IRelationalConnection connection, CancellationToken cancellationToken)
   at Microsoft.EntityFrameworkCore.ChangeTracking.Internal.StateManager.SaveChangesAsync(IList`1 entriesToSave, CancellationToken cancellationToken)
   at Microsoft.EntityFrameworkCore.ChangeTracking.Internal.StateManager.SaveChangesAsync(StateManager stateManager, Boolean acceptAllChangesOnSuccess, CancellationToken cancellationToken)
   at MySql.EntityFrameworkCore.Storage.Internal.MySQLExecutionStrategy.ExecuteAsync[TState,TResult](TState state, Func`4 operation, Func`4 verifySucceeded, CancellationToken cancellationToken)
   at Microsoft.EntityFrameworkCore.DbContext.SaveChangesAsync(Boolean acceptAllChangesOnSuccess, CancellationToken cancellationToken)Microsoft.EntityFrameworkCore.DbUpdateException: Could not save changes. Please configure your entity type accordingly.
 ---> MySql.Data.MySqlClient.MySqlException (0x80004005): Data too long for column 'Salt' at row 1
   at MySql.Data.MySqlClient.MySqlStream.ReadPacket()
   at MySql.Data.MySqlClient.NativeDriver.GetResult(Int32& affectedRow, Int64& insertedId)
   at MySql.Data.MySqlClient.Driver.GetResult(Int32 statementId, Int32& affectedRows, Int64& insertedId)
   at MySql.Data.MySqlClient.Driver.NextResult(Int32 statementId, Boolean force)
   at MySql.Data.MySqlClient.MySqlDataReader.NextResult()
   at MySql.Data.MySqlClient.MySqlCommand.ExecuteReader(CommandBehavior behavior)
   at MySql.Data.MySqlClient.MySqlCommand.ExecuteDbDataReader(CommandBehavior behavior)
   at System.Data.Common.DbCommand.ExecuteDbDataReaderAsync(CommandBehavior behavior, CancellationToken cancellationToken)
--- End of stack trace from previous location ---
   at Microsoft.EntityFrameworkCore.Storage.RelationalCommand.ExecuteReaderAsync(RelationalCommandParameterObject parameterObject, CancellationToken cancellationToken)
   at Microsoft.EntityFrameworkCore.Storage.RelationalCommand.ExecuteReaderAsync(RelationalCommandParameterObject parameterObject, CancellationToken cancellationToken)
   at Microsoft.EntityFrameworkCore.Update.ReaderModificationCommandBatch.ExecuteAsync(IRelationalConnection connection, CancellationToken cancellationToken)
   --- End of inner exception stack trace ---
   at MySql.EntityFrameworkCore.Update.MySQLModificationCommandBatch.ExecuteAsync(IRelationalConnection connection, CancellationToken cancellationToken)
   at Microsoft.EntityFrameworkCore.Update.Internal.BatchExecutor.ExecuteAsync(IEnumerable`1 commandBatches, IRelationalConnection connection, CancellationToken cancellationToken)
   at Microsoft.EntityFrameworkCore.Update.Internal.BatchExecutor.ExecuteAsync(IEnumerable`1 commandBatches, IRelationalConnection connection, CancellationToken cancellationToken)
   at Microsoft.EntityFrameworkCore.Update.Internal.BatchExecutor.ExecuteAsync(IEnumerable`1 commandBatches, IRelationalConnection connection, CancellationToken cancellationToken)
   at Microsoft.EntityFrameworkCore.ChangeTracking.Internal.StateManager.SaveChangesAsync(IList`1 entriesToSave, CancellationToken cancellationToken)
   at Microsoft.EntityFrameworkCore.ChangeTracking.Internal.StateManager.SaveChangesAsync(StateManager stateManager, Boolean acceptAllChangesOnSuccess, CancellationToken cancellationToken)
   at MySql.EntityFrameworkCore.Storage.Internal.MySQLExecutionStrategy.ExecuteAsync[TState,TResult](TState state, Func`4 operation, Func`4 verifySucceeded, CancellationToken cancellationToken)
   at Microsoft.EntityFrameworkCore.DbContext.SaveChangesAsync(Boolean acceptAllChangesOnSuccess, CancellationToken cancellationToken)

2023-02-12 20:30:10.711 +01:00  INF  Executing OkObjectResult, writing value of type '<>f__AnonymousType0`1[[System.String, System.Private.CoreLib, Version=6.0.0.0, Culture=neutral, PublicKeyToken=7cec85d7bea7798e]]'.
2023-02-12 20:30:10.761 +01:00  INF  Executed action AngularAuthApi.Controllers.AuthController.RegisterUser (AngularAuthApi) in 4587.7943ms
2023-02-12 20:30:10.761 +01:00  INF  Executed endpoint 'AngularAuthApi.Controllers.AuthController.RegisterUser (AngularAuthApi)'
2023-02-12 20:30:10.770 +01:00  INF  Request finished HTTP/2 POST https://localhost:7063/api/user/Register application/json 124 - 200 - application/json;+charset=utf-8 4661.5449ms
2023-02-12 20:32:08.048 +01:00  INF  Now listening on: https://localhost:7063
2023-02-12 20:32:08.081 +01:00  INF  Now listening on: http://localhost:5174
2023-02-12 20:32:08.087 +01:00  INF  Application started. Press Ctrl+C to shut down.
2023-02-12 20:32:08.087 +01:00  INF  Hosting environment: Development
2023-02-12 20:32:08.087 +01:00  INF  Content root path: C:\GA\C# OOP\AngularAuthApi\AngularAuthApi\AngularAuthApi\
2023-02-12 20:32:08.518 +01:00  INF  Request starting HTTP/2 GET https://localhost:7063/swagger/index.html - -
2023-02-12 20:32:08.943 +01:00  INF  Request finished HTTP/2 GET https://localhost:7063/swagger/index.html - - - 200 - text/html;charset=utf-8 431.5897ms
2023-02-12 20:32:09.039 +01:00  INF  Request starting HTTP/2 GET https://localhost:7063/_framework/aspnetcore-browser-refresh.js - -
2023-02-12 20:32:09.039 +01:00  INF  Request starting HTTP/2 GET https://localhost:7063/_vs/browserLink - -
2023-02-12 20:32:09.042 +01:00  INF  Request finished HTTP/2 GET https://localhost:7063/_framework/aspnetcore-browser-refresh.js - - - 200 11998 application/javascript;+charset=utf-8 2.6977ms
2023-02-12 20:32:09.071 +01:00  INF  Request finished HTTP/2 GET https://localhost:7063/_vs/browserLink - - - 200 - text/javascript;+charset=UTF-8 32.2735ms
2023-02-12 20:32:09.347 +01:00  INF  Request starting HTTP/2 GET https://localhost:7063/swagger/v1/swagger.json - -
2023-02-12 20:32:09.479 +01:00  INF  Request finished HTTP/2 GET https://localhost:7063/swagger/v1/swagger.json - - - 200 - application/json;charset=utf-8 132.5623ms
2023-02-12 20:32:31.694 +01:00  INF  Request starting HTTP/2 POST https://localhost:7063/api/user/Register application/json 119
2023-02-12 20:32:31.707 +01:00  INF  CORS policy execution successful.
2023-02-12 20:32:31.721 +01:00  INF  Executing endpoint 'AngularAuthApi.Controllers.AuthController.RegisterUser (AngularAuthApi)'
2023-02-12 20:32:31.802 +01:00  INF  Route matched with {action = "RegisterUser", controller = "Auth"}. Executing controller action with signature Microsoft.AspNetCore.Mvc.IActionResult RegisterUser(AngularAuthApi.Entities.User) on controller AngularAuthApi.Controllers.AuthController (AngularAuthApi).
2023-02-12 20:32:36.345 +01:00  ERR  Failed executing DbCommand (13ms) [Parameters=[@p0='?' (Size = 100), @p1='?' (Size = 50), @p2='?' (Size = 128), @p3='?' (Size = -1), @p4='?' (Size = 4000)], CommandType='"Text"', CommandTimeout='30']
INSERT INTO `Users` (`Email`, `Name`, `Password`, `Salt`, `Token`)
VALUES (@p0, @p1, @p2, @p3, @p4);
SELECT `Id`
FROM `Users`
WHERE ROW_COUNT() = 1 AND `Id` = LAST_INSERT_ID();
2023-02-12 20:32:36.430 +01:00  ERR  An exception occurred in the database while saving changes for context type 'AngularAuthApi.Data_Access.UserDbContext'.
Microsoft.EntityFrameworkCore.DbUpdateException: Could not save changes. Please configure your entity type accordingly.
 ---> MySql.Data.MySqlClient.MySqlException (0x80004005): Data too long for column 'Salt' at row 1
   at MySql.Data.MySqlClient.MySqlStream.ReadPacket()
   at MySql.Data.MySqlClient.NativeDriver.GetResult(Int32& affectedRow, Int64& insertedId)
   at MySql.Data.MySqlClient.Driver.GetResult(Int32 statementId, Int32& affectedRows, Int64& insertedId)
   at MySql.Data.MySqlClient.Driver.NextResult(Int32 statementId, Boolean force)
   at MySql.Data.MySqlClient.MySqlDataReader.NextResult()
   at MySql.Data.MySqlClient.MySqlCommand.ExecuteReader(CommandBehavior behavior)
   at MySql.Data.MySqlClient.MySqlCommand.ExecuteDbDataReader(CommandBehavior behavior)
   at System.Data.Common.DbCommand.ExecuteDbDataReaderAsync(CommandBehavior behavior, CancellationToken cancellationToken)
--- End of stack trace from previous location ---
   at Microsoft.EntityFrameworkCore.Storage.RelationalCommand.ExecuteReaderAsync(RelationalCommandParameterObject parameterObject, CancellationToken cancellationToken)
   at Microsoft.EntityFrameworkCore.Storage.RelationalCommand.ExecuteReaderAsync(RelationalCommandParameterObject parameterObject, CancellationToken cancellationToken)
   at Microsoft.EntityFrameworkCore.Update.ReaderModificationCommandBatch.ExecuteAsync(IRelationalConnection connection, CancellationToken cancellationToken)
   --- End of inner exception stack trace ---
   at MySql.EntityFrameworkCore.Update.MySQLModificationCommandBatch.ExecuteAsync(IRelationalConnection connection, CancellationToken cancellationToken)
   at Microsoft.EntityFrameworkCore.Update.Internal.BatchExecutor.ExecuteAsync(IEnumerable`1 commandBatches, IRelationalConnection connection, CancellationToken cancellationToken)
   at Microsoft.EntityFrameworkCore.Update.Internal.BatchExecutor.ExecuteAsync(IEnumerable`1 commandBatches, IRelationalConnection connection, CancellationToken cancellationToken)
   at Microsoft.EntityFrameworkCore.Update.Internal.BatchExecutor.ExecuteAsync(IEnumerable`1 commandBatches, IRelationalConnection connection, CancellationToken cancellationToken)
   at Microsoft.EntityFrameworkCore.ChangeTracking.Internal.StateManager.SaveChangesAsync(IList`1 entriesToSave, CancellationToken cancellationToken)
   at Microsoft.EntityFrameworkCore.ChangeTracking.Internal.StateManager.SaveChangesAsync(StateManager stateManager, Boolean acceptAllChangesOnSuccess, CancellationToken cancellationToken)
   at MySql.EntityFrameworkCore.Storage.Internal.MySQLExecutionStrategy.ExecuteAsync[TState,TResult](TState state, Func`4 operation, Func`4 verifySucceeded, CancellationToken cancellationToken)
   at Microsoft.EntityFrameworkCore.DbContext.SaveChangesAsync(Boolean acceptAllChangesOnSuccess, CancellationToken cancellationToken)Microsoft.EntityFrameworkCore.DbUpdateException: Could not save changes. Please configure your entity type accordingly.
 ---> MySql.Data.MySqlClient.MySqlException (0x80004005): Data too long for column 'Salt' at row 1
   at MySql.Data.MySqlClient.MySqlStream.ReadPacket()
   at MySql.Data.MySqlClient.NativeDriver.GetResult(Int32& affectedRow, Int64& insertedId)
   at MySql.Data.MySqlClient.Driver.GetResult(Int32 statementId, Int32& affectedRows, Int64& insertedId)
   at MySql.Data.MySqlClient.Driver.NextResult(Int32 statementId, Boolean force)
   at MySql.Data.MySqlClient.MySqlDataReader.NextResult()
   at MySql.Data.MySqlClient.MySqlCommand.ExecuteReader(CommandBehavior behavior)
   at MySql.Data.MySqlClient.MySqlCommand.ExecuteDbDataReader(CommandBehavior behavior)
   at System.Data.Common.DbCommand.ExecuteDbDataReaderAsync(CommandBehavior behavior, CancellationToken cancellationToken)
--- End of stack trace from previous location ---
   at Microsoft.EntityFrameworkCore.Storage.RelationalCommand.ExecuteReaderAsync(RelationalCommandParameterObject parameterObject, CancellationToken cancellationToken)
   at Microsoft.EntityFrameworkCore.Storage.RelationalCommand.ExecuteReaderAsync(RelationalCommandParameterObject parameterObject, CancellationToken cancellationToken)
   at Microsoft.EntityFrameworkCore.Update.ReaderModificationCommandBatch.ExecuteAsync(IRelationalConnection connection, CancellationToken cancellationToken)
   --- End of inner exception stack trace ---
   at MySql.EntityFrameworkCore.Update.MySQLModificationCommandBatch.ExecuteAsync(IRelationalConnection connection, CancellationToken cancellationToken)
   at Microsoft.EntityFrameworkCore.Update.Internal.BatchExecutor.ExecuteAsync(IEnumerable`1 commandBatches, IRelationalConnection connection, CancellationToken cancellationToken)
   at Microsoft.EntityFrameworkCore.Update.Internal.BatchExecutor.ExecuteAsync(IEnumerable`1 commandBatches, IRelationalConnection connection, CancellationToken cancellationToken)
   at Microsoft.EntityFrameworkCore.Update.Internal.BatchExecutor.ExecuteAsync(IEnumerable`1 commandBatches, IRelationalConnection connection, CancellationToken cancellationToken)
   at Microsoft.EntityFrameworkCore.ChangeTracking.Internal.StateManager.SaveChangesAsync(IList`1 entriesToSave, CancellationToken cancellationToken)
   at Microsoft.EntityFrameworkCore.ChangeTracking.Internal.StateManager.SaveChangesAsync(StateManager stateManager, Boolean acceptAllChangesOnSuccess, CancellationToken cancellationToken)
   at MySql.EntityFrameworkCore.Storage.Internal.MySQLExecutionStrategy.ExecuteAsync[TState,TResult](TState state, Func`4 operation, Func`4 verifySucceeded, CancellationToken cancellationToken)
   at Microsoft.EntityFrameworkCore.DbContext.SaveChangesAsync(Boolean acceptAllChangesOnSuccess, CancellationToken cancellationToken)

2023-02-12 20:32:36.448 +01:00  INF  Executing OkObjectResult, writing value of type 'AngularAuthApi.Entities.User'.
2023-02-12 20:32:36.482 +01:00  INF  Executed action AngularAuthApi.Controllers.AuthController.RegisterUser (AngularAuthApi) in 4664.79ms
2023-02-12 20:32:36.483 +01:00  INF  Executed endpoint 'AngularAuthApi.Controllers.AuthController.RegisterUser (AngularAuthApi)'
2023-02-12 20:32:36.499 +01:00  INF  Request finished HTTP/2 POST https://localhost:7063/api/user/Register application/json 119 - 200 - application/json;+charset=utf-8 4804.6997ms
2023-02-12 20:43:29.189 +01:00  INF  Request starting HTTP/2 POST https://localhost:7063/api/user/Register application/json 155
2023-02-12 20:43:29.192 +01:00  INF  CORS policy execution successful.
2023-02-12 20:43:29.193 +01:00  INF  Executing endpoint 'AngularAuthApi.Controllers.AuthController.RegisterUser (AngularAuthApi)'
2023-02-12 20:43:29.193 +01:00  INF  Route matched with {action = "RegisterUser", controller = "Auth"}. Executing controller action with signature Microsoft.AspNetCore.Mvc.IActionResult RegisterUser(AngularAuthApi.Entities.User) on controller AngularAuthApi.Controllers.AuthController (AngularAuthApi).
2023-02-12 20:43:30.387 +01:00  ERR  Failed executing DbCommand (2ms) [Parameters=[@p0='?' (Size = 100), @p1='?' (Size = 50), @p2='?' (Size = 128), @p3='?' (Size = -1), @p4='?' (Size = 4000)], CommandType='"Text"', CommandTimeout='30']
INSERT INTO `Users` (`Email`, `Name`, `Password`, `Salt`, `Token`)
VALUES (@p0, @p1, @p2, @p3, @p4);
SELECT `Id`
FROM `Users`
WHERE ROW_COUNT() = 1 AND `Id` = LAST_INSERT_ID();
2023-02-12 20:43:30.391 +01:00  ERR  An exception occurred in the database while saving changes for context type 'AngularAuthApi.Data_Access.UserDbContext'.
Microsoft.EntityFrameworkCore.DbUpdateException: Could not save changes. Please configure your entity type accordingly.
 ---> MySql.Data.MySqlClient.MySqlException (0x80004005): Data too long for column 'Salt' at row 1
   at MySql.Data.MySqlClient.MySqlStream.ReadPacket()
   at MySql.Data.MySqlClient.NativeDriver.GetResult(Int32& affectedRow, Int64& insertedId)
   at MySql.Data.MySqlClient.Driver.GetResult(Int32 statementId, Int32& affectedRows, Int64& insertedId)
   at MySql.Data.MySqlClient.Driver.NextResult(Int32 statementId, Boolean force)
   at MySql.Data.MySqlClient.MySqlDataReader.NextResult()
   at MySql.Data.MySqlClient.MySqlCommand.ExecuteReader(CommandBehavior behavior)
   at MySql.Data.MySqlClient.MySqlCommand.ExecuteDbDataReader(CommandBehavior behavior)
   at System.Data.Common.DbCommand.ExecuteDbDataReaderAsync(CommandBehavior behavior, CancellationToken cancellationToken)
--- End of stack trace from previous location ---
   at Microsoft.EntityFrameworkCore.Storage.RelationalCommand.ExecuteReaderAsync(RelationalCommandParameterObject parameterObject, CancellationToken cancellationToken)
   at Microsoft.EntityFrameworkCore.Storage.RelationalCommand.ExecuteReaderAsync(RelationalCommandParameterObject parameterObject, CancellationToken cancellationToken)
   at Microsoft.EntityFrameworkCore.Update.ReaderModificationCommandBatch.ExecuteAsync(IRelationalConnection connection, CancellationToken cancellationToken)
   --- End of inner exception stack trace ---
   at MySql.EntityFrameworkCore.Update.MySQLModificationCommandBatch.ExecuteAsync(IRelationalConnection connection, CancellationToken cancellationToken)
   at Microsoft.EntityFrameworkCore.Update.Internal.BatchExecutor.ExecuteAsync(IEnumerable`1 commandBatches, IRelationalConnection connection, CancellationToken cancellationToken)
   at Microsoft.EntityFrameworkCore.Update.Internal.BatchExecutor.ExecuteAsync(IEnumerable`1 commandBatches, IRelationalConnection connection, CancellationToken cancellationToken)
   at Microsoft.EntityFrameworkCore.Update.Internal.BatchExecutor.ExecuteAsync(IEnumerable`1 commandBatches, IRelationalConnection connection, CancellationToken cancellationToken)
   at Microsoft.EntityFrameworkCore.ChangeTracking.Internal.StateManager.SaveChangesAsync(IList`1 entriesToSave, CancellationToken cancellationToken)
   at Microsoft.EntityFrameworkCore.ChangeTracking.Internal.StateManager.SaveChangesAsync(StateManager stateManager, Boolean acceptAllChangesOnSuccess, CancellationToken cancellationToken)
   at MySql.EntityFrameworkCore.Storage.Internal.MySQLExecutionStrategy.ExecuteAsync[TState,TResult](TState state, Func`4 operation, Func`4 verifySucceeded, CancellationToken cancellationToken)
   at Microsoft.EntityFrameworkCore.DbContext.SaveChangesAsync(Boolean acceptAllChangesOnSuccess, CancellationToken cancellationToken)Microsoft.EntityFrameworkCore.DbUpdateException: Could not save changes. Please configure your entity type accordingly.
 ---> MySql.Data.MySqlClient.MySqlException (0x80004005): Data too long for column 'Salt' at row 1
   at MySql.Data.MySqlClient.MySqlStream.ReadPacket()
   at MySql.Data.MySqlClient.NativeDriver.GetResult(Int32& affectedRow, Int64& insertedId)
   at MySql.Data.MySqlClient.Driver.GetResult(Int32 statementId, Int32& affectedRows, Int64& insertedId)
   at MySql.Data.MySqlClient.Driver.NextResult(Int32 statementId, Boolean force)
   at MySql.Data.MySqlClient.MySqlDataReader.NextResult()
   at MySql.Data.MySqlClient.MySqlCommand.ExecuteReader(CommandBehavior behavior)
   at MySql.Data.MySqlClient.MySqlCommand.ExecuteDbDataReader(CommandBehavior behavior)
   at System.Data.Common.DbCommand.ExecuteDbDataReaderAsync(CommandBehavior behavior, CancellationToken cancellationToken)
--- End of stack trace from previous location ---
   at Microsoft.EntityFrameworkCore.Storage.RelationalCommand.ExecuteReaderAsync(RelationalCommandParameterObject parameterObject, CancellationToken cancellationToken)
   at Microsoft.EntityFrameworkCore.Storage.RelationalCommand.ExecuteReaderAsync(RelationalCommandParameterObject parameterObject, CancellationToken cancellationToken)
   at Microsoft.EntityFrameworkCore.Update.ReaderModificationCommandBatch.ExecuteAsync(IRelationalConnection connection, CancellationToken cancellationToken)
   --- End of inner exception stack trace ---
   at MySql.EntityFrameworkCore.Update.MySQLModificationCommandBatch.ExecuteAsync(IRelationalConnection connection, CancellationToken cancellationToken)
   at Microsoft.EntityFrameworkCore.Update.Internal.BatchExecutor.ExecuteAsync(IEnumerable`1 commandBatches, IRelationalConnection connection, CancellationToken cancellationToken)
   at Microsoft.EntityFrameworkCore.Update.Internal.BatchExecutor.ExecuteAsync(IEnumerable`1 commandBatches, IRelationalConnection connection, CancellationToken cancellationToken)
   at Microsoft.EntityFrameworkCore.Update.Internal.BatchExecutor.ExecuteAsync(IEnumerable`1 commandBatches, IRelationalConnection connection, CancellationToken cancellationToken)
   at Microsoft.EntityFrameworkCore.ChangeTracking.Internal.StateManager.SaveChangesAsync(IList`1 entriesToSave, CancellationToken cancellationToken)
   at Microsoft.EntityFrameworkCore.ChangeTracking.Internal.StateManager.SaveChangesAsync(StateManager stateManager, Boolean acceptAllChangesOnSuccess, CancellationToken cancellationToken)
   at MySql.EntityFrameworkCore.Storage.Internal.MySQLExecutionStrategy.ExecuteAsync[TState,TResult](TState state, Func`4 operation, Func`4 verifySucceeded, CancellationToken cancellationToken)
   at Microsoft.EntityFrameworkCore.DbContext.SaveChangesAsync(Boolean acceptAllChangesOnSuccess, CancellationToken cancellationToken)

2023-02-12 20:43:30.394 +01:00  INF  Executing OkObjectResult, writing value of type 'AngularAuthApi.Entities.User'.
2023-02-12 20:43:30.395 +01:00  INF  Executed action AngularAuthApi.Controllers.AuthController.RegisterUser (AngularAuthApi) in 1201.2372ms
2023-02-12 20:43:30.395 +01:00  INF  Executed endpoint 'AngularAuthApi.Controllers.AuthController.RegisterUser (AngularAuthApi)'
2023-02-12 20:43:30.395 +01:00  INF  Request finished HTTP/2 POST https://localhost:7063/api/user/Register application/json 155 - 200 - application/json;+charset=utf-8 1206.4631ms
2023-02-12 23:16:08.077 +01:00  INF  Now listening on: https://localhost:7063
2023-02-12 23:16:08.101 +01:00  INF  Now listening on: http://localhost:5174
2023-02-12 23:16:08.105 +01:00  INF  Application started. Press Ctrl+C to shut down.
2023-02-12 23:16:08.105 +01:00  INF  Hosting environment: Development
2023-02-12 23:16:08.105 +01:00  INF  Content root path: C:\GA\C# OOP\AngularAuthApi\AngularAuthApi\AngularAuthApi\
2023-02-12 23:16:08.843 +01:00  INF  Request starting HTTP/2 GET https://localhost:7063/swagger/index.html - -
2023-02-12 23:16:09.304 +01:00  INF  Request finished HTTP/2 GET https://localhost:7063/swagger/index.html - - - 200 - text/html;charset=utf-8 476.3568ms
2023-02-12 23:16:09.419 +01:00  INF  Request starting HTTP/2 GET https://localhost:7063/_vs/browserLink - -
2023-02-12 23:16:09.419 +01:00  INF  Request starting HTTP/2 GET https://localhost:7063/_framework/aspnetcore-browser-refresh.js - -
2023-02-12 23:16:09.423 +01:00  INF  Request finished HTTP/2 GET https://localhost:7063/_framework/aspnetcore-browser-refresh.js - - - 200 11998 application/javascript;+charset=utf-8 4.0112ms
2023-02-12 23:16:09.447 +01:00  INF  Request finished HTTP/2 GET https://localhost:7063/_vs/browserLink - - - 200 - text/javascript;+charset=UTF-8 28.1643ms
2023-02-12 23:16:09.676 +01:00  INF  Request starting HTTP/2 GET https://localhost:7063/swagger/v1/swagger.json - -
2023-02-12 23:16:09.826 +01:00  INF  Request finished HTTP/2 GET https://localhost:7063/swagger/v1/swagger.json - - - 200 - application/json;charset=utf-8 149.9116ms
2023-02-12 23:16:20.802 +01:00  INF  Request starting HTTP/2 POST https://localhost:7063/api/user/Register application/json 119
2023-02-12 23:16:20.816 +01:00  INF  CORS policy execution successful.
2023-02-12 23:16:20.825 +01:00  INF  Executing endpoint 'AngularAuthApi.Controllers.AuthController.RegisterUser (AngularAuthApi)'
2023-02-12 23:16:20.888 +01:00  INF  Route matched with {action = "RegisterUser", controller = "Auth"}. Executing controller action with signature Microsoft.AspNetCore.Mvc.IActionResult RegisterUser(AngularAuthApi.Entities.User) on controller AngularAuthApi.Controllers.AuthController (AngularAuthApi).
2023-02-12 23:16:24.971 +01:00  ERR  Failed executing DbCommand (13ms) [Parameters=[@p0='?' (Size = 100), @p1='?' (Size = 50), @p2='?' (Size = 128), @p3='?' (Size = -1), @p4='?' (Size = 4000)], CommandType='"Text"', CommandTimeout='30']
INSERT INTO `Users` (`Email`, `Name`, `Password`, `Salt`, `Token`)
VALUES (@p0, @p1, @p2, @p3, @p4);
SELECT `Id`
FROM `Users`
WHERE ROW_COUNT() = 1 AND `Id` = LAST_INSERT_ID();
2023-02-12 23:16:25.053 +01:00  ERR  An exception occurred in the database while saving changes for context type 'AngularAuthApi.Data_Access.UserDbContext'.
Microsoft.EntityFrameworkCore.DbUpdateException: Could not save changes. Please configure your entity type accordingly.
 ---> MySql.Data.MySqlClient.MySqlException (0x80004005): Data too long for column 'Salt' at row 1
   at MySql.Data.MySqlClient.MySqlStream.ReadPacket()
   at MySql.Data.MySqlClient.NativeDriver.GetResult(Int32& affectedRow, Int64& insertedId)
   at MySql.Data.MySqlClient.Driver.GetResult(Int32 statementId, Int32& affectedRows, Int64& insertedId)
   at MySql.Data.MySqlClient.Driver.NextResult(Int32 statementId, Boolean force)
   at MySql.Data.MySqlClient.MySqlDataReader.NextResult()
   at MySql.Data.MySqlClient.MySqlCommand.ExecuteReader(CommandBehavior behavior)
   at MySql.Data.MySqlClient.MySqlCommand.ExecuteDbDataReader(CommandBehavior behavior)
   at System.Data.Common.DbCommand.ExecuteDbDataReaderAsync(CommandBehavior behavior, CancellationToken cancellationToken)
--- End of stack trace from previous location ---
   at Microsoft.EntityFrameworkCore.Storage.RelationalCommand.ExecuteReaderAsync(RelationalCommandParameterObject parameterObject, CancellationToken cancellationToken)
   at Microsoft.EntityFrameworkCore.Storage.RelationalCommand.ExecuteReaderAsync(RelationalCommandParameterObject parameterObject, CancellationToken cancellationToken)
   at Microsoft.EntityFrameworkCore.Update.ReaderModificationCommandBatch.ExecuteAsync(IRelationalConnection connection, CancellationToken cancellationToken)
   --- End of inner exception stack trace ---
   at MySql.EntityFrameworkCore.Update.MySQLModificationCommandBatch.ExecuteAsync(IRelationalConnection connection, CancellationToken cancellationToken)
   at Microsoft.EntityFrameworkCore.Update.Internal.BatchExecutor.ExecuteAsync(IEnumerable`1 commandBatches, IRelationalConnection connection, CancellationToken cancellationToken)
   at Microsoft.EntityFrameworkCore.Update.Internal.BatchExecutor.ExecuteAsync(IEnumerable`1 commandBatches, IRelationalConnection connection, CancellationToken cancellationToken)
   at Microsoft.EntityFrameworkCore.Update.Internal.BatchExecutor.ExecuteAsync(IEnumerable`1 commandBatches, IRelationalConnection connection, CancellationToken cancellationToken)
   at Microsoft.EntityFrameworkCore.ChangeTracking.Internal.StateManager.SaveChangesAsync(IList`1 entriesToSave, CancellationToken cancellationToken)
   at Microsoft.EntityFrameworkCore.ChangeTracking.Internal.StateManager.SaveChangesAsync(StateManager stateManager, Boolean acceptAllChangesOnSuccess, CancellationToken cancellationToken)
   at MySql.EntityFrameworkCore.Storage.Internal.MySQLExecutionStrategy.ExecuteAsync[TState,TResult](TState state, Func`4 operation, Func`4 verifySucceeded, CancellationToken cancellationToken)
   at Microsoft.EntityFrameworkCore.DbContext.SaveChangesAsync(Boolean acceptAllChangesOnSuccess, CancellationToken cancellationToken)Microsoft.EntityFrameworkCore.DbUpdateException: Could not save changes. Please configure your entity type accordingly.
 ---> MySql.Data.MySqlClient.MySqlException (0x80004005): Data too long for column 'Salt' at row 1
   at MySql.Data.MySqlClient.MySqlStream.ReadPacket()
   at MySql.Data.MySqlClient.NativeDriver.GetResult(Int32& affectedRow, Int64& insertedId)
   at MySql.Data.MySqlClient.Driver.GetResult(Int32 statementId, Int32& affectedRows, Int64& insertedId)
   at MySql.Data.MySqlClient.Driver.NextResult(Int32 statementId, Boolean force)
   at MySql.Data.MySqlClient.MySqlDataReader.NextResult()
   at MySql.Data.MySqlClient.MySqlCommand.ExecuteReader(CommandBehavior behavior)
   at MySql.Data.MySqlClient.MySqlCommand.ExecuteDbDataReader(CommandBehavior behavior)
   at System.Data.Common.DbCommand.ExecuteDbDataReaderAsync(CommandBehavior behavior, CancellationToken cancellationToken)
--- End of stack trace from previous location ---
   at Microsoft.EntityFrameworkCore.Storage.RelationalCommand.ExecuteReaderAsync(RelationalCommandParameterObject parameterObject, CancellationToken cancellationToken)
   at Microsoft.EntityFrameworkCore.Storage.RelationalCommand.ExecuteReaderAsync(RelationalCommandParameterObject parameterObject, CancellationToken cancellationToken)
   at Microsoft.EntityFrameworkCore.Update.ReaderModificationCommandBatch.ExecuteAsync(IRelationalConnection connection, CancellationToken cancellationToken)
   --- End of inner exception stack trace ---
   at MySql.EntityFrameworkCore.Update.MySQLModificationCommandBatch.ExecuteAsync(IRelationalConnection connection, CancellationToken cancellationToken)
   at Microsoft.EntityFrameworkCore.Update.Internal.BatchExecutor.ExecuteAsync(IEnumerable`1 commandBatches, IRelationalConnection connection, CancellationToken cancellationToken)
   at Microsoft.EntityFrameworkCore.Update.Internal.BatchExecutor.ExecuteAsync(IEnumerable`1 commandBatches, IRelationalConnection connection, CancellationToken cancellationToken)
   at Microsoft.EntityFrameworkCore.Update.Internal.BatchExecutor.ExecuteAsync(IEnumerable`1 commandBatches, IRelationalConnection connection, CancellationToken cancellationToken)
   at Microsoft.EntityFrameworkCore.ChangeTracking.Internal.StateManager.SaveChangesAsync(IList`1 entriesToSave, CancellationToken cancellationToken)
   at Microsoft.EntityFrameworkCore.ChangeTracking.Internal.StateManager.SaveChangesAsync(StateManager stateManager, Boolean acceptAllChangesOnSuccess, CancellationToken cancellationToken)
   at MySql.EntityFrameworkCore.Storage.Internal.MySQLExecutionStrategy.ExecuteAsync[TState,TResult](TState state, Func`4 operation, Func`4 verifySucceeded, CancellationToken cancellationToken)
   at Microsoft.EntityFrameworkCore.DbContext.SaveChangesAsync(Boolean acceptAllChangesOnSuccess, CancellationToken cancellationToken)

2023-02-12 23:16:25.075 +01:00  INF  Executing OkObjectResult, writing value of type 'AngularAuthApi.Entities.User'.
2023-02-12 23:16:25.101 +01:00  INF  Executed action AngularAuthApi.Controllers.AuthController.RegisterUser (AngularAuthApi) in 4200.0227ms
2023-02-12 23:16:25.102 +01:00  INF  Executed endpoint 'AngularAuthApi.Controllers.AuthController.RegisterUser (AngularAuthApi)'
2023-02-12 23:16:25.116 +01:00  INF  Request finished HTTP/2 POST https://localhost:7063/api/user/Register application/json 119 - 200 - application/json;+charset=utf-8 4314.1619ms
2023-02-12 23:17:43.091 +01:00  INF  Now listening on: https://localhost:7063
2023-02-12 23:17:43.123 +01:00  INF  Now listening on: http://localhost:5174
2023-02-12 23:17:43.127 +01:00  INF  Application started. Press Ctrl+C to shut down.
2023-02-12 23:17:43.127 +01:00  INF  Hosting environment: Development
2023-02-12 23:17:43.127 +01:00  INF  Content root path: C:\GA\C# OOP\AngularAuthApi\AngularAuthApi\AngularAuthApi\
2023-02-12 23:17:43.566 +01:00  INF  Request starting HTTP/2 GET https://localhost:7063/swagger/index.html - -
2023-02-12 23:17:43.927 +01:00  INF  Request finished HTTP/2 GET https://localhost:7063/swagger/index.html - - - 200 - text/html;charset=utf-8 365.9563ms
2023-02-12 23:17:44.018 +01:00  INF  Request starting HTTP/2 GET https://localhost:7063/_vs/browserLink - -
2023-02-12 23:17:44.018 +01:00  INF  Request starting HTTP/2 GET https://localhost:7063/_framework/aspnetcore-browser-refresh.js - -
2023-02-12 23:17:44.021 +01:00  INF  Request finished HTTP/2 GET https://localhost:7063/_framework/aspnetcore-browser-refresh.js - - - 200 11998 application/javascript;+charset=utf-8 3.0174ms
2023-02-12 23:17:44.045 +01:00  INF  Request finished HTTP/2 GET https://localhost:7063/_vs/browserLink - - - 200 - text/javascript;+charset=UTF-8 27.8011ms
2023-02-12 23:17:44.287 +01:00  INF  Request starting HTTP/2 GET https://localhost:7063/swagger/v1/swagger.json - -
2023-02-12 23:17:44.412 +01:00  INF  Request finished HTTP/2 GET https://localhost:7063/swagger/v1/swagger.json - - - 200 - application/json;charset=utf-8 124.9072ms
2023-02-12 23:18:07.477 +01:00  INF  Request starting HTTP/2 POST https://localhost:7063/api/user/Register application/json 119
2023-02-12 23:18:07.486 +01:00  INF  CORS policy execution successful.
2023-02-12 23:18:07.493 +01:00  INF  Executing endpoint 'AngularAuthApi.Controllers.AuthController.RegisterUser (AngularAuthApi)'
2023-02-12 23:18:07.532 +01:00  INF  Route matched with {action = "RegisterUser", controller = "Auth"}. Executing controller action with signature System.Threading.Tasks.Task`1[Microsoft.AspNetCore.Mvc.IActionResult] RegisterUser(AngularAuthApi.Entities.User) on controller AngularAuthApi.Controllers.AuthController (AngularAuthApi).
2023-02-12 23:18:09.746 +01:00  ERR  Failed executing DbCommand (13ms) [Parameters=[@p0='?' (Size = 100), @p1='?' (Size = 50), @p2='?' (Size = 128), @p3='?' (Size = -1), @p4='?' (Size = 4000)], CommandType='"Text"', CommandTimeout='30']
INSERT INTO `Users` (`Email`, `Name`, `Password`, `Salt`, `Token`)
VALUES (@p0, @p1, @p2, @p3, @p4);
SELECT `Id`
FROM `Users`
WHERE ROW_COUNT() = 1 AND `Id` = LAST_INSERT_ID();
2023-02-12 23:18:09.824 +01:00  ERR  An exception occurred in the database while saving changes for context type 'AngularAuthApi.Data_Access.UserDbContext'.
Microsoft.EntityFrameworkCore.DbUpdateException: Could not save changes. Please configure your entity type accordingly.
 ---> MySql.Data.MySqlClient.MySqlException (0x80004005): Data too long for column 'Salt' at row 1
   at MySql.Data.MySqlClient.MySqlStream.ReadPacket()
   at MySql.Data.MySqlClient.NativeDriver.GetResult(Int32& affectedRow, Int64& insertedId)
   at MySql.Data.MySqlClient.Driver.GetResult(Int32 statementId, Int32& affectedRows, Int64& insertedId)
   at MySql.Data.MySqlClient.Driver.NextResult(Int32 statementId, Boolean force)
   at MySql.Data.MySqlClient.MySqlDataReader.NextResult()
   at MySql.Data.MySqlClient.MySqlCommand.ExecuteReader(CommandBehavior behavior)
   at MySql.Data.MySqlClient.MySqlCommand.ExecuteDbDataReader(CommandBehavior behavior)
   at System.Data.Common.DbCommand.ExecuteDbDataReaderAsync(CommandBehavior behavior, CancellationToken cancellationToken)
--- End of stack trace from previous location ---
   at Microsoft.EntityFrameworkCore.Storage.RelationalCommand.ExecuteReaderAsync(RelationalCommandParameterObject parameterObject, CancellationToken cancellationToken)
   at Microsoft.EntityFrameworkCore.Storage.RelationalCommand.ExecuteReaderAsync(RelationalCommandParameterObject parameterObject, CancellationToken cancellationToken)
   at Microsoft.EntityFrameworkCore.Update.ReaderModificationCommandBatch.ExecuteAsync(IRelationalConnection connection, CancellationToken cancellationToken)
   --- End of inner exception stack trace ---
   at MySql.EntityFrameworkCore.Update.MySQLModificationCommandBatch.ExecuteAsync(IRelationalConnection connection, CancellationToken cancellationToken)
   at Microsoft.EntityFrameworkCore.Update.Internal.BatchExecutor.ExecuteAsync(IEnumerable`1 commandBatches, IRelationalConnection connection, CancellationToken cancellationToken)
   at Microsoft.EntityFrameworkCore.Update.Internal.BatchExecutor.ExecuteAsync(IEnumerable`1 commandBatches, IRelationalConnection connection, CancellationToken cancellationToken)
   at Microsoft.EntityFrameworkCore.Update.Internal.BatchExecutor.ExecuteAsync(IEnumerable`1 commandBatches, IRelationalConnection connection, CancellationToken cancellationToken)
   at Microsoft.EntityFrameworkCore.ChangeTracking.Internal.StateManager.SaveChangesAsync(IList`1 entriesToSave, CancellationToken cancellationToken)
   at Microsoft.EntityFrameworkCore.ChangeTracking.Internal.StateManager.SaveChangesAsync(StateManager stateManager, Boolean acceptAllChangesOnSuccess, CancellationToken cancellationToken)
   at MySql.EntityFrameworkCore.Storage.Internal.MySQLExecutionStrategy.ExecuteAsync[TState,TResult](TState state, Func`4 operation, Func`4 verifySucceeded, CancellationToken cancellationToken)
   at Microsoft.EntityFrameworkCore.DbContext.SaveChangesAsync(Boolean acceptAllChangesOnSuccess, CancellationToken cancellationToken)Microsoft.EntityFrameworkCore.DbUpdateException: Could not save changes. Please configure your entity type accordingly.
 ---> MySql.Data.MySqlClient.MySqlException (0x80004005): Data too long for column 'Salt' at row 1
   at MySql.Data.MySqlClient.MySqlStream.ReadPacket()
   at MySql.Data.MySqlClient.NativeDriver.GetResult(Int32& affectedRow, Int64& insertedId)
   at MySql.Data.MySqlClient.Driver.GetResult(Int32 statementId, Int32& affectedRows, Int64& insertedId)
   at MySql.Data.MySqlClient.Driver.NextResult(Int32 statementId, Boolean force)
   at MySql.Data.MySqlClient.MySqlDataReader.NextResult()
   at MySql.Data.MySqlClient.MySqlCommand.ExecuteReader(CommandBehavior behavior)
   at MySql.Data.MySqlClient.MySqlCommand.ExecuteDbDataReader(CommandBehavior behavior)
   at System.Data.Common.DbCommand.ExecuteDbDataReaderAsync(CommandBehavior behavior, CancellationToken cancellationToken)
--- End of stack trace from previous location ---
   at Microsoft.EntityFrameworkCore.Storage.RelationalCommand.ExecuteReaderAsync(RelationalCommandParameterObject parameterObject, CancellationToken cancellationToken)
   at Microsoft.EntityFrameworkCore.Storage.RelationalCommand.ExecuteReaderAsync(RelationalCommandParameterObject parameterObject, CancellationToken cancellationToken)
   at Microsoft.EntityFrameworkCore.Update.ReaderModificationCommandBatch.ExecuteAsync(IRelationalConnection connection, CancellationToken cancellationToken)
   --- End of inner exception stack trace ---
   at MySql.EntityFrameworkCore.Update.MySQLModificationCommandBatch.ExecuteAsync(IRelationalConnection connection, CancellationToken cancellationToken)
   at Microsoft.EntityFrameworkCore.Update.Internal.BatchExecutor.ExecuteAsync(IEnumerable`1 commandBatches, IRelationalConnection connection, CancellationToken cancellationToken)
   at Microsoft.EntityFrameworkCore.Update.Internal.BatchExecutor.ExecuteAsync(IEnumerable`1 commandBatches, IRelationalConnection connection, CancellationToken cancellationToken)
   at Microsoft.EntityFrameworkCore.Update.Internal.BatchExecutor.ExecuteAsync(IEnumerable`1 commandBatches, IRelationalConnection connection, CancellationToken cancellationToken)
   at Microsoft.EntityFrameworkCore.ChangeTracking.Internal.StateManager.SaveChangesAsync(IList`1 entriesToSave, CancellationToken cancellationToken)
   at Microsoft.EntityFrameworkCore.ChangeTracking.Internal.StateManager.SaveChangesAsync(StateManager stateManager, Boolean acceptAllChangesOnSuccess, CancellationToken cancellationToken)
   at MySql.EntityFrameworkCore.Storage.Internal.MySQLExecutionStrategy.ExecuteAsync[TState,TResult](TState state, Func`4 operation, Func`4 verifySucceeded, CancellationToken cancellationToken)
   at Microsoft.EntityFrameworkCore.DbContext.SaveChangesAsync(Boolean acceptAllChangesOnSuccess, CancellationToken cancellationToken)

2023-02-12 23:18:09.840 +01:00  INF  Executed action AngularAuthApi.Controllers.AuthController.RegisterUser (AngularAuthApi) in 2297.0815ms
2023-02-12 23:18:09.841 +01:00  INF  Executed endpoint 'AngularAuthApi.Controllers.AuthController.RegisterUser (AngularAuthApi)'
2023-02-12 23:18:09.856 +01:00  ERR  An unhandled exception has occurred while executing the request.Microsoft.EntityFrameworkCore.DbUpdateException: Could not save changes. Please configure your entity type accordingly.
 ---> MySql.Data.MySqlClient.MySqlException (0x80004005): Data too long for column 'Salt' at row 1
   at MySql.Data.MySqlClient.MySqlStream.ReadPacket()
   at MySql.Data.MySqlClient.NativeDriver.GetResult(Int32& affectedRow, Int64& insertedId)
   at MySql.Data.MySqlClient.Driver.GetResult(Int32 statementId, Int32& affectedRows, Int64& insertedId)
   at MySql.Data.MySqlClient.Driver.NextResult(Int32 statementId, Boolean force)
   at MySql.Data.MySqlClient.MySqlDataReader.NextResult()
   at MySql.Data.MySqlClient.MySqlCommand.ExecuteReader(CommandBehavior behavior)
   at MySql.Data.MySqlClient.MySqlCommand.ExecuteDbDataReader(CommandBehavior behavior)
   at System.Data.Common.DbCommand.ExecuteDbDataReaderAsync(CommandBehavior behavior, CancellationToken cancellationToken)
--- End of stack trace from previous location ---
   at Microsoft.EntityFrameworkCore.Storage.RelationalCommand.ExecuteReaderAsync(RelationalCommandParameterObject parameterObject, CancellationToken cancellationToken)
   at Microsoft.EntityFrameworkCore.Storage.RelationalCommand.ExecuteReaderAsync(RelationalCommandParameterObject parameterObject, CancellationToken cancellationToken)
   at Microsoft.EntityFrameworkCore.Update.ReaderModificationCommandBatch.ExecuteAsync(IRelationalConnection connection, CancellationToken cancellationToken)
   --- End of inner exception stack trace ---
   at MySql.EntityFrameworkCore.Update.MySQLModificationCommandBatch.ExecuteAsync(IRelationalConnection connection, CancellationToken cancellationToken)
   at Microsoft.EntityFrameworkCore.Update.Internal.BatchExecutor.ExecuteAsync(IEnumerable`1 commandBatches, IRelationalConnection connection, CancellationToken cancellationToken)
   at Microsoft.EntityFrameworkCore.Update.Internal.BatchExecutor.ExecuteAsync(IEnumerable`1 commandBatches, IRelationalConnection connection, CancellationToken cancellationToken)
   at Microsoft.EntityFrameworkCore.Update.Internal.BatchExecutor.ExecuteAsync(IEnumerable`1 commandBatches, IRelationalConnection connection, CancellationToken cancellationToken)
   at Microsoft.EntityFrameworkCore.ChangeTracking.Internal.StateManager.SaveChangesAsync(IList`1 entriesToSave, CancellationToken cancellationToken)
   at Microsoft.EntityFrameworkCore.ChangeTracking.Internal.StateManager.SaveChangesAsync(StateManager stateManager, Boolean acceptAllChangesOnSuccess, CancellationToken cancellationToken)
   at MySql.EntityFrameworkCore.Storage.Internal.MySQLExecutionStrategy.ExecuteAsync[TState,TResult](TState state, Func`4 operation, Func`4 verifySucceeded, CancellationToken cancellationToken)
   at Microsoft.EntityFrameworkCore.DbContext.SaveChangesAsync(Boolean acceptAllChangesOnSuccess, CancellationToken cancellationToken)
   at Microsoft.EntityFrameworkCore.DbContext.SaveChangesAsync(Boolean acceptAllChangesOnSuccess, CancellationToken cancellationToken)
   at AngularAuthApi.Repositories.UserRepository.RegisterUser(User user) in C:\GA\C# OOP\AngularAuthApi\AngularAuthApi\AngularAuthApi\Repositories\UserRepository.cs:line 32
   at AngularAuthApi.Controllers.AuthController.RegisterUser(User user) in C:\GA\C# OOP\AngularAuthApi\AngularAuthApi\AngularAuthApi\Controllers\AuthController.cs:line 30
   at Microsoft.AspNetCore.Mvc.Infrastructure.ActionMethodExecutor.TaskOfIActionResultExecutor.Execute(IActionResultTypeMapper mapper, ObjectMethodExecutor executor, Object controller, Object[] arguments)
   at Microsoft.AspNetCore.Mvc.Infrastructure.ControllerActionInvoker.<InvokeActionMethodAsync>g__Awaited|12_0(ControllerActionInvoker invoker, ValueTask`1 actionResultValueTask)
   at Microsoft.AspNetCore.Mvc.Infrastructure.ControllerActionInvoker.<InvokeNextActionFilterAsync>g__Awaited|10_0(ControllerActionInvoker invoker, Task lastTask, State next, Scope scope, Object state, Boolean isCompleted)
   at Microsoft.AspNetCore.Mvc.Infrastructure.ControllerActionInvoker.Rethrow(ActionExecutedContextSealed context)
   at Microsoft.AspNetCore.Mvc.Infrastructure.ControllerActionInvoker.Next(State& next, Scope& scope, Object& state, Boolean& isCompleted)
   at Microsoft.AspNetCore.Mvc.Infrastructure.ControllerActionInvoker.InvokeInnerFilterAsync()
--- End of stack trace from previous location ---
   at Microsoft.AspNetCore.Mvc.Infrastructure.ResourceInvoker.<InvokeFilterPipelineAsync>g__Awaited|20_0(ResourceInvoker invoker, Task lastTask, State next, Scope scope, Object state, Boolean isCompleted)
   at Microsoft.AspNetCore.Mvc.Infrastructure.ResourceInvoker.<InvokeAsync>g__Logged|17_1(ResourceInvoker invoker)
   at Microsoft.AspNetCore.Mvc.Infrastructure.ResourceInvoker.<InvokeAsync>g__Logged|17_1(ResourceInvoker invoker)
   at Microsoft.AspNetCore.Routing.EndpointMiddleware.<Invoke>g__AwaitRequestTask|6_0(Endpoint endpoint, Task requestTask, ILogger logger)
   at Microsoft.AspNetCore.Authorization.AuthorizationMiddleware.Invoke(HttpContext context)
   at Microsoft.AspNetCore.Authentication.AuthenticationMiddleware.Invoke(HttpContext context)
   at Swashbuckle.AspNetCore.SwaggerUI.SwaggerUIMiddleware.Invoke(HttpContext httpContext)
   at Swashbuckle.AspNetCore.Swagger.SwaggerMiddleware.Invoke(HttpContext httpContext, ISwaggerProvider swaggerProvider)
   at Microsoft.AspNetCore.Diagnostics.DeveloperExceptionPageMiddleware.Invoke(HttpContext context)

2023-02-12 23:18:09.934 +01:00  INF  Request finished HTTP/2 POST https://localhost:7063/api/user/Register application/json 119 - 500 - text/plain;+charset=utf-8 2457.0529ms
2023-02-12 23:20:51.339 +01:00  INF  Now listening on: https://localhost:7063
2023-02-12 23:20:51.377 +01:00  INF  Now listening on: http://localhost:5174
2023-02-12 23:20:51.382 +01:00  INF  Application started. Press Ctrl+C to shut down.
2023-02-12 23:20:51.383 +01:00  INF  Hosting environment: Development
2023-02-12 23:20:51.383 +01:00  INF  Content root path: C:\GA\C# OOP\AngularAuthApi\AngularAuthApi\AngularAuthApi\
2023-02-12 23:20:51.906 +01:00  INF  Request starting HTTP/2 GET https://localhost:7063/swagger/index.html - -
2023-02-12 23:20:52.321 +01:00  INF  Request finished HTTP/2 GET https://localhost:7063/swagger/index.html - - - 200 - text/html;charset=utf-8 419.5569ms
2023-02-12 23:20:52.435 +01:00  INF  Request starting HTTP/2 GET https://localhost:7063/_vs/browserLink - -
2023-02-12 23:20:52.436 +01:00  INF  Request starting HTTP/2 GET https://localhost:7063/_framework/aspnetcore-browser-refresh.js - -
2023-02-12 23:20:52.442 +01:00  INF  Request finished HTTP/2 GET https://localhost:7063/_framework/aspnetcore-browser-refresh.js - - - 200 11998 application/javascript;+charset=utf-8 4.8504ms
2023-02-12 23:20:52.524 +01:00  INF  Request finished HTTP/2 GET https://localhost:7063/_vs/browserLink - - - 200 - text/javascript;+charset=UTF-8 89.4910ms
2023-02-12 23:20:53.013 +01:00  INF  Request starting HTTP/2 GET https://localhost:7063/swagger/v1/swagger.json - -
2023-02-12 23:20:53.155 +01:00  INF  Request finished HTTP/2 GET https://localhost:7063/swagger/v1/swagger.json - - - 200 - application/json;charset=utf-8 141.2698ms
2023-02-12 23:21:34.481 +01:00  INF  Now listening on: https://localhost:7063
2023-02-12 23:21:34.512 +01:00  INF  Now listening on: http://localhost:5174
2023-02-12 23:21:34.516 +01:00  INF  Application started. Press Ctrl+C to shut down.
2023-02-12 23:21:34.516 +01:00  INF  Hosting environment: Development
2023-02-12 23:21:34.517 +01:00  INF  Content root path: C:\GA\C# OOP\AngularAuthApi\AngularAuthApi\AngularAuthApi\
2023-02-12 23:21:34.989 +01:00  INF  Request starting HTTP/2 GET https://localhost:7063/swagger/index.html - -
2023-02-12 23:21:35.308 +01:00  INF  Request finished HTTP/2 GET https://localhost:7063/swagger/index.html - - - 200 - text/html;charset=utf-8 323.8640ms
2023-02-12 23:21:35.415 +01:00  INF  Request starting HTTP/2 GET https://localhost:7063/_framework/aspnetcore-browser-refresh.js - -
2023-02-12 23:21:35.415 +01:00  INF  Request starting HTTP/2 GET https://localhost:7063/_vs/browserLink - -
2023-02-12 23:21:35.420 +01:00  INF  Request finished HTTP/2 GET https://localhost:7063/_framework/aspnetcore-browser-refresh.js - - - 200 11998 application/javascript;+charset=utf-8 5.6144ms
2023-02-12 23:21:35.466 +01:00  INF  Request finished HTTP/2 GET https://localhost:7063/_vs/browserLink - - - 200 - text/javascript;+charset=UTF-8 50.9973ms
2023-02-12 23:21:35.750 +01:00  INF  Request starting HTTP/2 GET https://localhost:7063/swagger/v1/swagger.json - -
2023-02-12 23:21:35.888 +01:00  INF  Request finished HTTP/2 GET https://localhost:7063/swagger/v1/swagger.json - - - 200 - application/json;charset=utf-8 137.9707ms
2023-02-12 23:21:41.192 +01:00  INF  Request starting HTTP/2 GET https://localhost:7063/swagger/index.html - -
2023-02-12 23:21:41.201 +01:00  INF  Request finished HTTP/2 GET https://localhost:7063/swagger/index.html - - - 200 - text/html;charset=utf-8 8.7777ms
2023-02-12 23:21:41.319 +01:00  INF  Request starting HTTP/2 GET https://localhost:7063/_vs/browserLink - -
2023-02-12 23:21:41.319 +01:00  INF  Request starting HTTP/2 GET https://localhost:7063/_framework/aspnetcore-browser-refresh.js - -
2023-02-12 23:21:41.320 +01:00  INF  Request finished HTTP/2 GET https://localhost:7063/_framework/aspnetcore-browser-refresh.js - - - 200 11998 application/javascript;+charset=utf-8 1.2078ms
2023-02-12 23:21:41.332 +01:00  INF  Request finished HTTP/2 GET https://localhost:7063/_vs/browserLink - - - 200 - text/javascript;+charset=UTF-8 12.9855ms
2023-02-12 23:21:41.529 +01:00  INF  Request starting HTTP/2 GET https://localhost:7063/swagger/v1/swagger.json - -
2023-02-12 23:21:41.535 +01:00  INF  Request finished HTTP/2 GET https://localhost:7063/swagger/v1/swagger.json - - - 200 - application/json;charset=utf-8 6.0459ms
2023-02-12 23:21:56.996 +01:00  INF  Request starting HTTP/2 POST https://localhost:7063/api/user/Register application/json 119
2023-02-12 23:21:57.006 +01:00  INF  CORS policy execution successful.
2023-02-12 23:21:57.018 +01:00  INF  Executing endpoint 'AngularAuthApi.Controllers.AuthController.RegisterUser (AngularAuthApi)'
2023-02-12 23:21:57.141 +01:00  INF  Route matched with {action = "RegisterUser", controller = "Auth"}. Executing controller action with signature System.Threading.Tasks.Task`1[Microsoft.AspNetCore.Mvc.IActionResult] RegisterUser(AngularAuthApi.Entities.User) on controller AngularAuthApi.Controllers.AuthController (AngularAuthApi).
2023-02-12 23:22:01.376 +01:00  INF  Executed DbCommand (19ms) [Parameters=[@p0='?' (Size = 100), @p1='?' (Size = 50), @p2='?' (Size = 128), @p3='?' (Size = 128), @p4='?' (Size = 4000)], CommandType='"Text"', CommandTimeout='30']
INSERT INTO `Users` (`Email`, `Name`, `Password`, `Salt`, `Token`)
VALUES (@p0, @p1, @p2, @p3, @p4);
SELECT `Id`
FROM `Users`
WHERE ROW_COUNT() = 1 AND `Id` = LAST_INSERT_ID();
2023-02-12 23:22:01.514 +01:00  INF  Executing OkObjectResult, writing value of type 'AngularAuthApi.Entities.User'.
2023-02-12 23:22:01.553 +01:00  INF  Executed action AngularAuthApi.Controllers.AuthController.RegisterUser (AngularAuthApi) in 4399.1833ms
2023-02-12 23:22:01.554 +01:00  INF  Executed endpoint 'AngularAuthApi.Controllers.AuthController.RegisterUser (AngularAuthApi)'
2023-02-12 23:22:01.565 +01:00  INF  Request finished HTTP/2 POST https://localhost:7063/api/user/Register application/json 119 - 200 - application/json;+charset=utf-8 4569.3532ms
2023-02-12 23:24:42.247 +01:00  INF  Request starting HTTP/2 POST https://localhost:7063/api/user/Register application/json 119
2023-02-12 23:24:42.249 +01:00  INF  CORS policy execution successful.
2023-02-12 23:24:42.250 +01:00  INF  Executing endpoint 'AngularAuthApi.Controllers.AuthController.RegisterUser (AngularAuthApi)'
2023-02-12 23:24:42.251 +01:00  INF  Route matched with {action = "RegisterUser", controller = "Auth"}. Executing controller action with signature System.Threading.Tasks.Task`1[Microsoft.AspNetCore.Mvc.IActionResult] RegisterUser(AngularAuthApi.Entities.User) on controller AngularAuthApi.Controllers.AuthController (AngularAuthApi).
2023-02-12 23:24:43.437 +01:00  INF  Executed DbCommand (2ms) [Parameters=[@p0='?' (Size = 100), @p1='?' (Size = 50), @p2='?' (Size = 128), @p3='?' (Size = 128), @p4='?' (Size = 4000)], CommandType='"Text"', CommandTimeout='30']
INSERT INTO `Users` (`Email`, `Name`, `Password`, `Salt`, `Token`)
VALUES (@p0, @p1, @p2, @p3, @p4);
SELECT `Id`
FROM `Users`
WHERE ROW_COUNT() = 1 AND `Id` = LAST_INSERT_ID();
2023-02-12 23:24:43.453 +01:00  INF  Executing OkObjectResult, writing value of type 'AngularAuthApi.Entities.User'.
2023-02-12 23:24:43.453 +01:00  INF  Executed action AngularAuthApi.Controllers.AuthController.RegisterUser (AngularAuthApi) in 1202.2303ms
2023-02-12 23:24:43.453 +01:00  INF  Executed endpoint 'AngularAuthApi.Controllers.AuthController.RegisterUser (AngularAuthApi)'
2023-02-12 23:24:43.454 +01:00  INF  Request finished HTTP/2 POST https://localhost:7063/api/user/Register application/json 119 - 200 - application/json;+charset=utf-8 1206.8729ms
2023-02-12 23:25:20.779 +01:00  INF  Request starting HTTP/2 POST https://localhost:7063/api/user/Register application/json 119
2023-02-12 23:25:20.793 +01:00  INF  CORS policy execution successful.
2023-02-12 23:25:20.794 +01:00  INF  Executing endpoint 'AngularAuthApi.Controllers.AuthController.RegisterUser (AngularAuthApi)'
2023-02-12 23:25:20.794 +01:00  INF  Route matched with {action = "RegisterUser", controller = "Auth"}. Executing controller action with signature System.Threading.Tasks.Task`1[Microsoft.AspNetCore.Mvc.IActionResult] RegisterUser(AngularAuthApi.Entities.User) on controller AngularAuthApi.Controllers.AuthController (AngularAuthApi).
2023-02-12 23:25:21.181 +01:00  INF  Executed DbCommand (1ms) [Parameters=[@p0='?' (Size = 100), @p1='?' (Size = 50), @p2='?' (Size = 128), @p3='?' (Size = 128), @p4='?' (Size = 4000)], CommandType='"Text"', CommandTimeout='30']
INSERT INTO `Users` (`Email`, `Name`, `Password`, `Salt`, `Token`)
VALUES (@p0, @p1, @p2, @p3, @p4);
SELECT `Id`
FROM `Users`
WHERE ROW_COUNT() = 1 AND `Id` = LAST_INSERT_ID();
2023-02-12 23:25:21.197 +01:00  INF  Executing OkObjectResult, writing value of type 'AngularAuthApi.Entities.User'.
2023-02-12 23:25:21.197 +01:00  INF  Executed action AngularAuthApi.Controllers.AuthController.RegisterUser (AngularAuthApi) in 403.0598ms
2023-02-12 23:25:21.197 +01:00  INF  Executed endpoint 'AngularAuthApi.Controllers.AuthController.RegisterUser (AngularAuthApi)'
2023-02-12 23:25:21.197 +01:00  INF  Request finished HTTP/2 POST https://localhost:7063/api/user/Register application/json 119 - 200 - application/json;+charset=utf-8 418.4798ms
