2023-02-12 18:18:11.074 +01:00  INF  Executed DbCommand (5ms) [Parameters=[], CommandType='"Text"', CommandTimeout='30']
SELECT 1 FROM INFORMATION_SCHEMA.TABLES WHERE TABLE_SCHEMA='UserAuthDb' AND TABLE_NAME='__EFMigrationsHistory';
2023-02-12 18:18:11.157 +01:00  INF  Executed DbCommand (3ms) [Parameters=[], CommandType='"Text"', CommandTimeout='30']
SELECT 1 FROM INFORMATION_SCHEMA.TABLES WHERE TABLE_SCHEMA='UserAuthDb' AND TABLE_NAME='__EFMigrationsHistory';
2023-02-12 18:18:11.199 +01:00  INF  Executed DbCommand (1ms) [Parameters=[], CommandType='"Text"', CommandTimeout='30']
SELECT `MigrationId`, `ProductVersion`
FROM `__EFMigrationsHistory`
ORDER BY `MigrationId`;
2023-02-12 18:18:11.246 +01:00  INF  Applying migration '20230212171106_updates'.
2023-02-12 18:18:11.345 +01:00  ERR  Failed executing DbCommand (3ms) [Parameters=[], CommandType='"Text"', CommandTimeout='30']
CREATE TABLE `Users` (
    `Id` int NOT NULL AUTO_INCREMENT,
    `Name` varchar(50) NOT NULL,
    `Email` varchar(100) NOT NULL,
    `Password` varchar(128) NOT NULL,
    PRIMARY KEY (`Id`)
);
2023-02-12 18:27:14.593 +01:00  INF  Now listening on: https://localhost:7063
2023-02-12 18:27:14.620 +01:00  INF  Now listening on: http://localhost:5174
2023-02-12 18:27:14.624 +01:00  INF  Application started. Press Ctrl+C to shut down.
2023-02-12 18:27:14.625 +01:00  INF  Hosting environment: Development
2023-02-12 18:27:14.625 +01:00  INF  Content root path: C:\GA\C# OOP\AngularAuthApi\AngularAuthApi\AngularAuthApi\
2023-02-12 18:27:15.072 +01:00  INF  Request starting HTTP/2 GET https://localhost:7063/swagger/index.html - -
2023-02-12 18:27:15.421 +01:00  INF  Request finished HTTP/2 GET https://localhost:7063/swagger/index.html - - - 200 - text/html;charset=utf-8 351.8352ms
2023-02-12 18:27:15.532 +01:00  INF  Request starting HTTP/2 GET https://localhost:7063/_vs/browserLink - -
2023-02-12 18:27:15.533 +01:00  INF  Request starting HTTP/2 GET https://localhost:7063/_framework/aspnetcore-browser-refresh.js - -
2023-02-12 18:27:15.539 +01:00  INF  Request finished HTTP/2 GET https://localhost:7063/_framework/aspnetcore-browser-refresh.js - - - 200 11998 application/javascript;+charset=utf-8 6.1456ms
2023-02-12 18:27:15.583 +01:00  INF  Request finished HTTP/2 GET https://localhost:7063/_vs/browserLink - - - 200 - text/javascript;+charset=UTF-8 51.6122ms
2023-02-12 18:27:15.808 +01:00  INF  Request starting HTTP/2 GET https://localhost:7063/swagger/v1/swagger.json - -
2023-02-12 18:27:16.048 +01:00  INF  Request finished HTTP/2 GET https://localhost:7063/swagger/v1/swagger.json - - - 200 - application/json;charset=utf-8 239.9970ms
2023-02-12 18:28:00.841 +01:00  INF  Now listening on: https://localhost:7063
2023-02-12 18:28:00.870 +01:00  INF  Now listening on: http://localhost:5174
2023-02-12 18:28:00.874 +01:00  INF  Application started. Press Ctrl+C to shut down.
2023-02-12 18:28:00.875 +01:00  INF  Hosting environment: Development
2023-02-12 18:28:00.875 +01:00  INF  Content root path: C:\GA\C# OOP\AngularAuthApi\AngularAuthApi\AngularAuthApi\
2023-02-12 18:28:01.327 +01:00  INF  Request starting HTTP/2 GET https://localhost:7063/swagger/index.html - -
2023-02-12 18:28:01.718 +01:00  INF  Request finished HTTP/2 GET https://localhost:7063/swagger/index.html - - - 200 - text/html;charset=utf-8 394.1914ms
2023-02-12 18:28:01.824 +01:00  INF  Request starting HTTP/2 GET https://localhost:7063/_framework/aspnetcore-browser-refresh.js - -
2023-02-12 18:28:01.828 +01:00  INF  Request finished HTTP/2 GET https://localhost:7063/_framework/aspnetcore-browser-refresh.js - - - 200 11998 application/javascript;+charset=utf-8 3.5503ms
2023-02-12 18:28:01.828 +01:00  INF  Request starting HTTP/2 GET https://localhost:7063/_vs/browserLink - -
2023-02-12 18:28:01.867 +01:00  INF  Request finished HTTP/2 GET https://localhost:7063/_vs/browserLink - - - 200 - text/javascript;+charset=UTF-8 38.8520ms
2023-02-12 18:28:02.071 +01:00  INF  Request starting HTTP/2 GET https://localhost:7063/swagger/v1/swagger.json - -
2023-02-12 18:28:02.189 +01:00  INF  Request finished HTTP/2 GET https://localhost:7063/swagger/v1/swagger.json - - - 200 - application/json;charset=utf-8 118.8537ms
