2023-02-28 19:31:03.028 +01:00  INF  Executed DbCommand (5ms) [Parameters=[], CommandType='"Text"', CommandTimeout='30']
CREATE DATABASE `zerosigmaauthdb`
2023-02-28 19:31:03.260 +01:00  INF  Executed DbCommand (23ms) [Parameters=[], CommandType='"Text"', CommandTimeout='30']
CREATE TABLE `__EFMigrationsHistory` (
    `MigrationId` varchar(150) NOT NULL,
    `ProductVersion` varchar(32) NOT NULL,
    PRIMARY KEY (`MigrationId`)
);
2023-02-28 19:31:03.270 +01:00  INF  Executed DbCommand (3ms) [Parameters=[], CommandType='"Text"', CommandTimeout='30']
SELECT 1 FROM INFORMATION_SCHEMA.TABLES WHERE TABLE_SCHEMA='zerosigmaauthdb' AND TABLE_NAME='__EFMigrationsHistory';
2023-02-28 19:31:03.278 +01:00  INF  Executed DbCommand (4ms) [Parameters=[], CommandType='"Text"', CommandTimeout='30']
SELECT `MigrationId`, `ProductVersion`
FROM `__EFMigrationsHistory`
ORDER BY `MigrationId`;
2023-02-28 19:31:03.304 +01:00  INF  Applying migration '20230228183021_initial'.
2023-02-28 19:31:03.393 +01:00  INF  Executed DbCommand (18ms) [Parameters=[], CommandType='"Text"', CommandTimeout='30']
CREATE TABLE `Users` (
    `Id` int NOT NULL AUTO_INCREMENT,
    `Name` varchar(50) NOT NULL,
    `Email` varchar(100) NOT NULL,
    `Password` varchar(128) NOT NULL,
    `Token` varchar(500) NULL,
    `Salt` varbinary(128) NULL,
    PRIMARY KEY (`Id`)
);
2023-02-28 19:31:03.418 +01:00  INF  Executed DbCommand (25ms) [Parameters=[], CommandType='"Text"', CommandTimeout='30']
CREATE TABLE `Auth` (
    `Id` int NOT NULL,
    `RefreshToken` varchar(500) NULL,
    `ExpiredDate` datetime(6) NULL,
    `IssuedDate` datetime(6) NULL,
    `IsExpired` tinyint(10) NOT NULL,
    `IsActive` tinyint(10) NOT NULL,
    PRIMARY KEY (`Id`),
    CONSTRAINT `FK_Auth_Users_Id` FOREIGN KEY (`Id`) REFERENCES `Users` (`Id`) ON DELETE CASCADE
);
2023-02-28 19:31:03.439 +01:00  INF  Executed DbCommand (20ms) [Parameters=[], CommandType='"Text"', CommandTimeout='30']
CREATE TABLE `UserInfo` (
    `Id` int NOT NULL,
    `Linkedin` varchar(100) NULL,
    `YouTube` varchar(100) NULL,
    `Website` varchar(50) NULL,
    `AboutMe` varchar(200) NULL,
    PRIMARY KEY (`Id`),
    CONSTRAINT `FK_UserInfo_Users_Id` FOREIGN KEY (`Id`) REFERENCES `Users` (`Id`) ON DELETE CASCADE
);
2023-02-28 19:31:03.441 +01:00  INF  Executed DbCommand (2ms) [Parameters=[], CommandType='"Text"', CommandTimeout='30']
INSERT INTO `__EFMigrationsHistory` (`MigrationId`, `ProductVersion`)
VALUES ('20230228183021_initial', '7.0.3');
2023-02-28 19:33:50.452 +01:00  INF  User profile is available. Using 'C:\Users\yahia alioua\AppData\Local\ASP.NET\DataProtection-Keys' as key repository and Windows DPAPI to encrypt keys at rest.
2023-02-28 19:33:51.039 +01:00  INF  Now listening on: https://localhost:7063
2023-02-28 19:33:51.039 +01:00  INF  Now listening on: http://localhost:5174
2023-02-28 19:33:51.059 +01:00  INF  Application started. Press Ctrl+C to shut down.
2023-02-28 19:33:51.060 +01:00  INF  Hosting environment: Development
2023-02-28 19:33:51.060 +01:00  INF  Content root path: C:\GA\C# OOP\ZeroSigmaAuth\AngularAuthApi\
2023-02-28 19:33:52.066 +01:00  INF  Request starting HTTP/2 GET https://localhost:7063/swagger/index.html - -
2023-02-28 19:33:52.743 +01:00  INF  Request finished HTTP/2 GET https://localhost:7063/swagger/index.html - - - 200 - text/html;charset=utf-8 682.5905ms
2023-02-28 19:33:52.872 +01:00  INF  Request starting HTTP/2 GET https://localhost:7063/_vs/browserLink - -
2023-02-28 19:33:52.872 +01:00  INF  Request starting HTTP/2 GET https://localhost:7063/_framework/aspnetcore-browser-refresh.js - -
2023-02-28 19:33:52.880 +01:00  INF  Request finished HTTP/2 GET https://localhost:7063/_framework/aspnetcore-browser-refresh.js - - - 200 11998 application/javascript;+charset=utf-8 8.4538ms
2023-02-28 19:33:52.915 +01:00  INF  Request finished HTTP/2 GET https://localhost:7063/_vs/browserLink - - - 200 - text/javascript;+charset=UTF-8 43.2336ms
2023-02-28 19:33:53.085 +01:00  INF  Request starting HTTP/2 GET https://localhost:7063/swagger/v1/swagger.json - -
2023-02-28 19:33:53.332 +01:00  INF  Request finished HTTP/2 GET https://localhost:7063/swagger/v1/swagger.json - - - 200 - application/json;charset=utf-8 246.8830ms
2023-02-28 19:34:23.456 +01:00  INF  Request starting HTTP/2 POST https://localhost:7063/api/user/Register application/json 82
2023-02-28 19:34:23.473 +01:00  INF  CORS policy execution successful.
2023-02-28 19:34:23.662 +01:00  INF  Executing endpoint 'AngularAuthApi.Authentication.Controllers.AuthController.RegisterUser (AngularAuthApi)'
2023-02-28 19:34:23.786 +01:00  INF  Route matched with {action = "RegisterUser", controller = "Auth"}. Executing controller action with signature System.Threading.Tasks.Task`1[Microsoft.AspNetCore.Mvc.IActionResult] RegisterUser(AngularAuthApi.Entities.Requests.SignUpRequest) on controller AngularAuthApi.Authentication.Controllers.AuthController (AngularAuthApi).
2023-02-28 19:34:29.335 +01:00  INF  Executed DbCommand (22ms) [Parameters=[@__userEmail_0='?' (Size = 100)], CommandType='"Text"', CommandTimeout='30']
SELECT EXISTS (
    SELECT 1
    FROM `Users` AS `u`
    WHERE `u`.`Email` = @__userEmail_0)
2023-02-28 19:36:24.867 +01:00  INF  User profile is available. Using 'C:\Users\yahia alioua\AppData\Local\ASP.NET\DataProtection-Keys' as key repository and Windows DPAPI to encrypt keys at rest.
2023-02-28 19:36:25.297 +01:00  INF  Now listening on: https://localhost:7063
2023-02-28 19:36:25.297 +01:00  INF  Now listening on: http://localhost:5174
2023-02-28 19:36:25.304 +01:00  INF  Application started. Press Ctrl+C to shut down.
2023-02-28 19:36:25.305 +01:00  INF  Hosting environment: Development
2023-02-28 19:36:25.305 +01:00  INF  Content root path: C:\GA\C# OOP\ZeroSigmaAuth\AngularAuthApi\
2023-02-28 19:36:26.340 +01:00  INF  Request starting HTTP/2 GET https://localhost:7063/swagger/index.html - -
2023-02-28 19:36:27.105 +01:00  INF  Request finished HTTP/2 GET https://localhost:7063/swagger/index.html - - - 200 - text/html;charset=utf-8 772.9857ms
2023-02-28 19:36:27.267 +01:00  INF  Request starting HTTP/2 GET https://localhost:7063/_vs/browserLink - -
2023-02-28 19:36:27.267 +01:00  INF  Request starting HTTP/2 GET https://localhost:7063/_framework/aspnetcore-browser-refresh.js - -
2023-02-28 19:36:27.278 +01:00  INF  Request finished HTTP/2 GET https://localhost:7063/_framework/aspnetcore-browser-refresh.js - - - 200 11998 application/javascript;+charset=utf-8 10.6676ms
2023-02-28 19:36:27.312 +01:00  INF  Request finished HTTP/2 GET https://localhost:7063/_vs/browserLink - - - 200 - text/javascript;+charset=UTF-8 45.6538ms
2023-02-28 19:36:27.489 +01:00  INF  Request starting HTTP/2 GET https://localhost:7063/swagger/v1/swagger.json - -
2023-02-28 19:36:27.743 +01:00  INF  Request finished HTTP/2 GET https://localhost:7063/swagger/v1/swagger.json - - - 200 - application/json;charset=utf-8 253.6917ms
2023-02-28 19:36:50.125 +01:00  INF  User profile is available. Using 'C:\Users\yahia alioua\AppData\Local\ASP.NET\DataProtection-Keys' as key repository and Windows DPAPI to encrypt keys at rest.
2023-02-28 19:36:50.709 +01:00  INF  Now listening on: https://localhost:7063
2023-02-28 19:36:50.710 +01:00  INF  Now listening on: http://localhost:5174
2023-02-28 19:36:50.716 +01:00  INF  Application started. Press Ctrl+C to shut down.
2023-02-28 19:36:50.717 +01:00  INF  Hosting environment: Development
2023-02-28 19:36:50.717 +01:00  INF  Content root path: C:\GA\C# OOP\ZeroSigmaAuth\AngularAuthApi\
2023-02-28 19:36:51.815 +01:00  INF  Request starting HTTP/2 GET https://localhost:7063/swagger/index.html - -
2023-02-28 19:36:52.630 +01:00  INF  Request finished HTTP/2 GET https://localhost:7063/swagger/index.html - - - 200 - text/html;charset=utf-8 825.7148ms
2023-02-28 19:36:52.718 +01:00  INF  Request starting HTTP/2 GET https://localhost:7063/_vs/browserLink - -
2023-02-28 19:36:52.719 +01:00  INF  Request starting HTTP/2 GET https://localhost:7063/_framework/aspnetcore-browser-refresh.js - -
2023-02-28 19:36:52.726 +01:00  INF  Request finished HTTP/2 GET https://localhost:7063/_framework/aspnetcore-browser-refresh.js - - - 200 11998 application/javascript;+charset=utf-8 7.2276ms
2023-02-28 19:36:52.756 +01:00  INF  Request finished HTTP/2 GET https://localhost:7063/_vs/browserLink - - - 200 - text/javascript;+charset=UTF-8 37.6017ms
2023-02-28 19:36:52.885 +01:00  INF  Request starting HTTP/2 GET https://localhost:7063/swagger/v1/swagger.json - -
2023-02-28 19:36:53.092 +01:00  INF  Request finished HTTP/2 GET https://localhost:7063/swagger/v1/swagger.json - - - 200 - application/json;charset=utf-8 208.1556ms
2023-02-28 19:37:26.379 +01:00  INF  Request starting HTTP/2 POST https://localhost:7063/api/user/Register application/json 82
2023-02-28 19:37:26.404 +01:00  INF  CORS policy execution successful.
2023-02-28 19:37:26.625 +01:00  INF  Executing endpoint 'AngularAuthApi.Authentication.Controllers.AuthController.RegisterUser (AngularAuthApi)'
2023-02-28 19:37:26.745 +01:00  INF  Route matched with {action = "RegisterUser", controller = "Auth"}. Executing controller action with signature System.Threading.Tasks.Task`1[Microsoft.AspNetCore.Mvc.IActionResult] RegisterUser(AngularAuthApi.Entities.Requests.SignUpRequest) on controller AngularAuthApi.Authentication.Controllers.AuthController (AngularAuthApi).
2023-02-28 19:37:32.809 +01:00  INF  Executed DbCommand (17ms) [Parameters=[@__userEmail_0='?' (Size = 100)], CommandType='"Text"', CommandTimeout='30']
SELECT EXISTS (
    SELECT 1
    FROM `Users` AS `u`
    WHERE `u`.`Email` = @__userEmail_0)
2023-02-28 19:43:29.484 +01:00  INF  User profile is available. Using 'C:\Users\yahia alioua\AppData\Local\ASP.NET\DataProtection-Keys' as key repository and Windows DPAPI to encrypt keys at rest.
2023-02-28 19:43:29.646 +01:00  INF  Now listening on: https://localhost:7063
2023-02-28 19:43:29.646 +01:00  INF  Now listening on: http://localhost:5174
2023-02-28 19:43:29.650 +01:00  INF  Application started. Press Ctrl+C to shut down.
2023-02-28 19:43:29.650 +01:00  INF  Hosting environment: Development
2023-02-28 19:43:29.650 +01:00  INF  Content root path: C:\GA\C# OOP\ZeroSigmaAuth\AngularAuthApi\
2023-02-28 19:43:30.449 +01:00  INF  Request starting HTTP/2 GET https://localhost:7063/swagger/index.html - -
2023-02-28 19:43:30.862 +01:00  INF  Request finished HTTP/2 GET https://localhost:7063/swagger/index.html - - - 200 - text/html;charset=utf-8 432.1004ms
2023-02-28 19:43:30.956 +01:00  INF  Request starting HTTP/2 GET https://localhost:7063/_vs/browserLink - -
2023-02-28 19:43:30.956 +01:00  INF  Request starting HTTP/2 GET https://localhost:7063/_framework/aspnetcore-browser-refresh.js - -
2023-02-28 19:43:30.960 +01:00  INF  Request finished HTTP/2 GET https://localhost:7063/_framework/aspnetcore-browser-refresh.js - - - 200 11998 application/javascript;+charset=utf-8 4.2741ms
2023-02-28 19:43:30.981 +01:00  INF  Request finished HTTP/2 GET https://localhost:7063/_vs/browserLink - - - 200 - text/javascript;+charset=UTF-8 25.3063ms
2023-02-28 19:43:31.152 +01:00  INF  Request starting HTTP/2 GET https://localhost:7063/swagger/v1/swagger.json - -
2023-02-28 19:43:31.300 +01:00  INF  Request finished HTTP/2 GET https://localhost:7063/swagger/v1/swagger.json - - - 200 - application/json;charset=utf-8 147.9855ms
2023-02-28 19:43:57.392 +01:00  INF  Request starting HTTP/2 POST https://localhost:7063/api/user/Register application/json 82
2023-02-28 19:43:57.422 +01:00  INF  CORS policy execution successful.
2023-02-28 19:43:57.490 +01:00  INF  Executing endpoint 'AngularAuthApi.Authentication.Controllers.AuthController.RegisterUser (AngularAuthApi)'
2023-02-28 19:43:57.573 +01:00  INF  Route matched with {action = "RegisterUser", controller = "Auth"}. Executing controller action with signature System.Threading.Tasks.Task`1[Microsoft.AspNetCore.Mvc.IActionResult] RegisterUser(AngularAuthApi.Entities.Requests.SignUpRequest) on controller AngularAuthApi.Authentication.Controllers.AuthController (AngularAuthApi).
2023-02-28 19:44:01.240 +01:00  INF  Executed DbCommand (18ms) [Parameters=[@__userEmail_0='?' (Size = 100)], CommandType='"Text"', CommandTimeout='30']
SELECT EXISTS (
    SELECT 1
    FROM `Users` AS `u`
    WHERE `u`.`Email` = @__userEmail_0)
2023-02-28 19:44:02.832 +01:00  INF  Executed DbCommand (5ms) [Parameters=[@p0='?' (Size = 100), @p1='?' (Size = 50), @p2='?' (Size = 128), @p3='?' (Size = 128) (DbType = Binary), @p4='?' (Size = 500)], CommandType='"Text"', CommandTimeout='30']
INSERT INTO `Users` (`Email`, `Name`, `Password`, `Salt`, `Token`)
VALUES (@p0, @p1, @p2, @p3, @p4);
SELECT `Id`
FROM `Users`
WHERE ROW_COUNT() = 1 AND `Id` = LAST_INSERT_ID();
2023-02-28 19:44:02.924 +01:00  INF  Executed DbCommand (10ms) [Parameters=[@p5='?' (DbType = Int32), @p6='?' (DbType = DateTime), @p7='?' (DbType = SByte), @p8='?' (DbType = SByte), @p9='?' (DbType = DateTime), @p10='?' (Size = 500), @p11='?' (DbType = Int32), @p12='?' (Size = 200), @p13='?' (Size = 100), @p14='?' (Size = 50), @p15='?' (Size = 100)], CommandType='"Text"', CommandTimeout='30']
INSERT INTO `Auth` (`Id`, `ExpiredDate`, `IsActive`, `IsExpired`, `IssuedDate`, `RefreshToken`)
VALUES (@p5, @p6, @p7, @p8, @p9, @p10);
INSERT INTO `UserInfo` (`Id`, `AboutMe`, `Linkedin`, `Website`, `YouTube`)
VALUES (@p11, @p12, @p13, @p14, @p15);
2023-02-28 19:44:02.979 +01:00  INF  Executing OkObjectResult, writing value of type '<>f__AnonymousType0`2[[System.String, System.Private.CoreLib, Version=6.0.0.0, Culture=neutral, PublicKeyToken=7cec85d7bea7798e],[System.Int32, System.Private.CoreLib, Version=6.0.0.0, Culture=neutral, PublicKeyToken=7cec85d7bea7798e]]'.
2023-02-28 19:44:03.021 +01:00  INF  Executed action AngularAuthApi.Authentication.Controllers.AuthController.RegisterUser (AngularAuthApi) in 5436.9916ms
2023-02-28 19:44:03.022 +01:00  INF  Executed endpoint 'AngularAuthApi.Authentication.Controllers.AuthController.RegisterUser (AngularAuthApi)'
2023-02-28 19:44:03.032 +01:00  INF  Request finished HTTP/2 POST https://localhost:7063/api/user/Register application/json 82 - 200 - application/json;+charset=utf-8 5640.1368ms
2023-02-28 19:44:22.769 +01:00  INF  Request starting HTTP/2 POST https://localhost:7063/api/user/Authenticate application/json 63
2023-02-28 19:44:22.772 +01:00  INF  CORS policy execution successful.
2023-02-28 19:44:22.772 +01:00  INF  Executing endpoint 'AngularAuthApi.Authentication.Controllers.AuthController.Authenticate (AngularAuthApi)'
2023-02-28 19:44:22.777 +01:00  INF  Route matched with {action = "Authenticate", controller = "Auth"}. Executing controller action with signature System.Threading.Tasks.Task`1[Microsoft.AspNetCore.Mvc.IActionResult] Authenticate(AngularAuthApi.Authentication.DTOS.LoginDto) on controller AngularAuthApi.Authentication.Controllers.AuthController (AngularAuthApi).
2023-02-28 19:44:22.852 +01:00  INF  Executed DbCommand (1ms) [Parameters=[@__user_Email_0='?' (Size = 100)], CommandType='"Text"', CommandTimeout='30']
SELECT `u`.`Id`, `u`.`Email`, `u`.`Name`, `u`.`Password`, `u`.`Salt`, `u`.`Token`
FROM `Users` AS `u`
WHERE `u`.`Email` = @__user_Email_0
LIMIT 1
2023-02-28 19:44:23.969 +01:00  INF  Executed DbCommand (1ms) [Parameters=[@__id_0='?' (DbType = Int32)], CommandType='"Text"', CommandTimeout='30']
SELECT `a`.`Id`, `a`.`ExpiredDate`, `a`.`IsActive`, `a`.`IsExpired`, `a`.`IssuedDate`, `a`.`RefreshToken`
FROM `Auth` AS `a`
WHERE `a`.`Id` = @__id_0
LIMIT 1
2023-02-28 19:44:24.057 +01:00  INF  Executed DbCommand (1ms) [Parameters=[@__id_0='?' (DbType = Int32)], CommandType='"Text"', CommandTimeout='30']
SELECT `a`.`Id`, `a`.`ExpiredDate`, `a`.`IsActive`, `a`.`IsExpired`, `a`.`IssuedDate`, `a`.`RefreshToken`
FROM `Auth` AS `a`
WHERE `a`.`Id` = @__id_0
LIMIT 1
2023-02-28 19:44:24.103 +01:00  INF  Executed DbCommand (6ms) [Parameters=[@p5='?' (DbType = Int32), @p0='?' (DbType = DateTime), @p1='?' (DbType = SByte), @p2='?' (DbType = SByte), @p3='?' (DbType = DateTime), @p4='?' (Size = 500), @p7='?' (DbType = Int32), @p6='?' (Size = 500)], CommandType='"Text"', CommandTimeout='30']
UPDATE `Auth` SET `ExpiredDate` = @p0, `IsActive` = @p1, `IsExpired` = @p2, `IssuedDate` = @p3, `RefreshToken` = @p4
WHERE `Id` = @p5;
UPDATE `Users` SET `Token` = @p6
WHERE `Id` = @p7;
2023-02-28 19:44:24.121 +01:00  INF  Executing OkObjectResult, writing value of type 'AngularAuthApi.Entities.Responses.AuthUserResponse'.
2023-02-28 19:44:24.125 +01:00  INF  Executed action AngularAuthApi.Authentication.Controllers.AuthController.Authenticate (AngularAuthApi) in 1347.6385ms
2023-02-28 19:44:24.126 +01:00  INF  Executed endpoint 'AngularAuthApi.Authentication.Controllers.AuthController.Authenticate (AngularAuthApi)'
2023-02-28 19:44:24.126 +01:00  INF  Request finished HTTP/2 POST https://localhost:7063/api/user/Authenticate application/json 63 - 200 - application/json;+charset=utf-8 1357.4964ms
2023-02-28 19:46:44.859 +01:00  INF  User profile is available. Using 'C:\Users\yahia alioua\AppData\Local\ASP.NET\DataProtection-Keys' as key repository and Windows DPAPI to encrypt keys at rest.
2023-02-28 19:46:45.072 +01:00  INF  Now listening on: https://localhost:7063
2023-02-28 19:46:45.072 +01:00  INF  Now listening on: http://localhost:5174
2023-02-28 19:46:45.077 +01:00  INF  Application started. Press Ctrl+C to shut down.
2023-02-28 19:46:45.077 +01:00  INF  Hosting environment: Development
2023-02-28 19:46:45.077 +01:00  INF  Content root path: C:\GA\C# OOP\ZeroSigmaAuth\AngularAuthApi\
2023-02-28 19:46:45.738 +01:00  INF  Request starting HTTP/2 GET https://localhost:7063/swagger/index.html - -
2023-02-28 19:46:46.195 +01:00  INF  Request finished HTTP/2 GET https://localhost:7063/swagger/index.html - - - 200 - text/html;charset=utf-8 462.5265ms
2023-02-28 19:46:46.297 +01:00  INF  Request starting HTTP/2 GET https://localhost:7063/_vs/browserLink - -
2023-02-28 19:46:46.297 +01:00  INF  Request starting HTTP/2 GET https://localhost:7063/_framework/aspnetcore-browser-refresh.js - -
2023-02-28 19:46:46.301 +01:00  INF  Request finished HTTP/2 GET https://localhost:7063/_framework/aspnetcore-browser-refresh.js - - - 200 11998 application/javascript;+charset=utf-8 3.6345ms
2023-02-28 19:46:46.322 +01:00  INF  Request finished HTTP/2 GET https://localhost:7063/_vs/browserLink - - - 200 - text/javascript;+charset=UTF-8 24.1066ms
2023-02-28 19:46:46.528 +01:00  INF  Request starting HTTP/2 GET https://localhost:7063/swagger/v1/swagger.json - -
2023-02-28 19:46:46.667 +01:00  INF  Request finished HTTP/2 GET https://localhost:7063/swagger/v1/swagger.json - - - 200 - application/json;charset=utf-8 139.1888ms
2023-02-28 19:48:10.443 +01:00  INF  Request starting HTTP/2 PUT https://localhost:7063/api/UserInfo application/json 165
2023-02-28 19:48:10.458 +01:00  INF  CORS policy execution successful.
2023-02-28 19:48:10.529 +01:00  INF  Executing endpoint 'AngularAuthApi.Controller.UserInfoController.UpdateUserInfo (AngularAuthApi)'
2023-02-28 19:48:10.631 +01:00  INF  Route matched with {action = "UpdateUserInfo", controller = "UserInfo"}. Executing controller action with signature System.Threading.Tasks.Task`1[Microsoft.AspNetCore.Mvc.IActionResult] UpdateUserInfo(AngularAuthApi.Entities.Requests.UserInfoRequest) on controller AngularAuthApi.Controller.UserInfoController (AngularAuthApi).
2023-02-28 19:48:14.434 +01:00  INF  Executed DbCommand (16ms) [Parameters=[@__id_0='?' (DbType = Int32)], CommandType='"Text"', CommandTimeout='30']
SELECT `u`.`Id`, `u`.`AboutMe`, `u`.`Linkedin`, `u`.`Website`, `u`.`YouTube`
FROM `UserInfo` AS `u`
WHERE `u`.`Id` = @__id_0
LIMIT 1
2023-02-28 19:48:14.866 +01:00  INF  Executed DbCommand (22ms) [Parameters=[@p4='?' (DbType = Int32), @p0='?' (Size = 200), @p1='?' (Size = 100), @p2='?' (Size = 50), @p3='?' (Size = 100)], CommandType='"Text"', CommandTimeout='30']
UPDATE `UserInfo` SET `AboutMe` = @p0, `Linkedin` = @p1, `Website` = @p2, `YouTube` = @p3
WHERE `Id` = @p4;
2023-02-28 19:48:14.889 +01:00  INF  Executing OkObjectResult, writing value of type '<>f__AnonymousType2`2[[System.String, System.Private.CoreLib, Version=6.0.0.0, Culture=neutral, PublicKeyToken=7cec85d7bea7798e],[System.String, System.Private.CoreLib, Version=6.0.0.0, Culture=neutral, PublicKeyToken=7cec85d7bea7798e]]'.
2023-02-28 19:48:14.921 +01:00  INF  Executed action AngularAuthApi.Controller.UserInfoController.UpdateUserInfo (AngularAuthApi) in 4281.4706ms
2023-02-28 19:48:14.922 +01:00  INF  Executed endpoint 'AngularAuthApi.Controller.UserInfoController.UpdateUserInfo (AngularAuthApi)'
2023-02-28 19:48:14.929 +01:00  INF  Request finished HTTP/2 PUT https://localhost:7063/api/UserInfo application/json 165 - 200 - application/json;+charset=utf-8 4485.9437ms
2023-02-28 19:48:58.561 +01:00  INF  Request starting HTTP/2 GET https://localhost:7063/api/user?id=1 - -
2023-02-28 19:48:58.563 +01:00  INF  Executing endpoint 'AngularAuthApi.Authentication.Controllers.AuthController.GetUserData (AngularAuthApi)'
2023-02-28 19:48:58.572 +01:00  INF  Route matched with {action = "GetUserData", controller = "Auth"}. Executing controller action with signature System.Threading.Tasks.Task`1[Microsoft.AspNetCore.Mvc.IActionResult] GetUserData(Int32) on controller AngularAuthApi.Authentication.Controllers.AuthController (AngularAuthApi).
2023-02-28 19:48:58.626 +01:00  INF  Executed DbCommand (2ms) [Parameters=[@__id_0='?' (DbType = Int32)], CommandType='"Text"', CommandTimeout='30']
SELECT `u`.`Id`, `u`.`Email`, `u`.`Name`, `u`.`Password`, `u`.`Salt`, `u`.`Token`
FROM `Users` AS `u`
WHERE `u`.`Id` = @__id_0
LIMIT 1
2023-02-28 19:48:58.679 +01:00  INF  Executed DbCommand (2ms) [Parameters=[@__id_0='?' (DbType = Int32)], CommandType='"Text"', CommandTimeout='30']
SELECT `a`.`Id`, `a`.`ExpiredDate`, `a`.`IsActive`, `a`.`IsExpired`, `a`.`IssuedDate`, `a`.`RefreshToken`
FROM `Auth` AS `a`
WHERE `a`.`Id` = @__id_0
LIMIT 1
2023-02-28 19:48:58.733 +01:00  INF  Executed DbCommand (1ms) [Parameters=[@__id_0='?' (DbType = Int32)], CommandType='"Text"', CommandTimeout='30']
SELECT `u`.`Id`, `u`.`AboutMe`, `u`.`Linkedin`, `u`.`Website`, `u`.`YouTube`
FROM `UserInfo` AS `u`
WHERE `u`.`Id` = @__id_0
LIMIT 1
2023-02-28 19:48:58.737 +01:00  INF  Executing OkObjectResult, writing value of type 'AngularAuthApi.Entities.Responses.UserResponse'.
2023-02-28 19:48:58.739 +01:00  INF  Executed action AngularAuthApi.Authentication.Controllers.AuthController.GetUserData (AngularAuthApi) in 166.5647ms
2023-02-28 19:48:58.739 +01:00  INF  Executed endpoint 'AngularAuthApi.Authentication.Controllers.AuthController.GetUserData (AngularAuthApi)'
2023-02-28 19:48:58.740 +01:00  INF  Request finished HTTP/2 GET https://localhost:7063/api/user?id=1 - - - 200 - application/json;+charset=utf-8 179.1344ms
