2023-02-24 11:20:53.869 +01:00  INF  User profile is available. Using 'C:\Users\yahia alioua\AppData\Local\ASP.NET\DataProtection-Keys' as key repository and Windows DPAPI to encrypt keys at rest.
2023-02-24 11:20:54.129 +01:00  INF  Application started. Press Ctrl+C to shut down.
2023-02-24 11:20:54.130 +01:00  INF  Hosting environment: Development
2023-02-24 11:20:54.130 +01:00  INF  Content root path: C:\GA\C# OOP\ZeroSigmaAuth\AngularAuthApi\
2023-02-24 11:20:54.162 +01:00  INF  Request starting HTTP/2 GET https://localhost:44344/swagger - -
2023-02-24 11:20:54.300 +01:00  INF  Request finished HTTP/2 GET https://localhost:44344/swagger - - - 301 - - 143.1935ms
2023-02-24 11:20:54.305 +01:00  INF  Request starting HTTP/2 GET https://localhost:44344/swagger/index.html - -
2023-02-24 11:20:54.752 +01:00  INF  Request finished HTTP/2 GET https://localhost:44344/swagger/index.html - - - 200 - text/html;charset=utf-8 446.2082ms
2023-02-24 11:20:54.855 +01:00  INF  Request starting HTTP/2 GET https://localhost:44344/swagger/swagger-ui.css - -
2023-02-24 11:20:54.858 +01:00  INF  Request starting HTTP/2 GET https://localhost:44344/swagger/swagger-ui-bundle.js - -
2023-02-24 11:20:54.860 +01:00  INF  Request starting HTTP/2 GET https://localhost:44344/swagger/swagger-ui-standalone-preset.js - -
2023-02-24 11:20:54.888 +01:00  INF  Sending file. Request path: '/swagger-ui.css'. Physical path: 'N/A'
2023-02-24 11:20:54.889 +01:00  INF  Sending file. Request path: '/swagger-ui-standalone-preset.js'. Physical path: 'N/A'
2023-02-24 11:20:54.890 +01:00  INF  Sending file. Request path: '/swagger-ui-bundle.js'. Physical path: 'N/A'
2023-02-24 11:20:54.892 +01:00  INF  Request finished HTTP/2 GET https://localhost:44344/swagger/swagger-ui.css - - - 200 143632 text/css 36.8243ms
2023-02-24 11:20:54.910 +01:00  INF  Request finished HTTP/2 GET https://localhost:44344/swagger/swagger-ui-standalone-preset.js - - - 200 337162 application/javascript 50.3738ms
2023-02-24 11:20:54.953 +01:00  INF  Request starting HTTP/2 GET https://localhost:44344/_framework/aspnetcore-browser-refresh.js - -
2023-02-24 11:20:54.956 +01:00  INF  Request finished HTTP/2 GET https://localhost:44344/swagger/swagger-ui-bundle.js - - - 200 1092889 application/javascript 98.7000ms
2023-02-24 11:20:54.961 +01:00  INF  Request finished HTTP/2 GET https://localhost:44344/_framework/aspnetcore-browser-refresh.js - - - 200 11998 application/javascript;+charset=utf-8 4.1838ms
2023-02-24 11:20:54.984 +01:00  INF  Request starting HTTP/2 GET https://localhost:44344/_vs/browserLink - -
2023-02-24 11:20:55.042 +01:00  INF  Request finished HTTP/2 GET https://localhost:44344/_vs/browserLink - - - 200 - text/javascript;+charset=UTF-8 58.7066ms
2023-02-24 11:20:55.527 +01:00  INF  Request starting HTTP/2 GET https://localhost:44344/swagger/v1/swagger.json - -
2023-02-24 11:20:55.669 +01:00  INF  Request finished HTTP/2 GET https://localhost:44344/swagger/v1/swagger.json - - - 200 - application/json;charset=utf-8 141.3477ms
2023-02-24 11:21:20.939 +01:00  INF  Request starting HTTP/2 POST https://localhost:44344/api/user/Authenticate application/json 59
2023-02-24 11:21:20.948 +01:00  INF  CORS policy execution successful.
2023-02-24 11:21:21.001 +01:00  INF  Executing endpoint 'AngularAuthApi.Controllers.AuthController.Authenticate (AngularAuthApi)'
2023-02-24 11:21:21.084 +01:00  INF  Route matched with {action = "Authenticate", controller = "Auth"}. Executing controller action with signature System.Threading.Tasks.Task`1[Microsoft.AspNetCore.Mvc.IActionResult] Authenticate(AngularAuthApi.DTOS.LoginDto) on controller AngularAuthApi.Controllers.AuthController (AngularAuthApi).
2023-02-24 11:21:25.436 +01:00  INF  Executed DbCommand (41ms) [Parameters=[@__user_Email_0='?' (Size = 100)], CommandType='"Text"', CommandTimeout='30']
SELECT `u`.`Id`, `u`.`Email`, `u`.`Name`, `u`.`Password`, `u`.`Salt`, `u`.`Token`
FROM `Users` AS `u`
WHERE `u`.`Email` = @__user_Email_0
LIMIT 1
2023-02-24 11:21:26.650 +01:00  INF  Executing BadRequestObjectResult, writing value of type '<>f__AnonymousType0`2[[System.String, System.Private.CoreLib, Version=6.0.0.0, Culture=neutral, PublicKeyToken=7cec85d7bea7798e],[System.Int32, System.Private.CoreLib, Version=6.0.0.0, Culture=neutral, PublicKeyToken=7cec85d7bea7798e]]'.
2023-02-24 11:21:26.706 +01:00  INF  Executed action AngularAuthApi.Controllers.AuthController.Authenticate (AngularAuthApi) in 5608.7531ms
2023-02-24 11:21:26.706 +01:00  INF  Executed endpoint 'AngularAuthApi.Controllers.AuthController.Authenticate (AngularAuthApi)'
2023-02-24 11:21:26.721 +01:00  INF  Request finished HTTP/2 POST https://localhost:44344/api/user/Authenticate application/json 59 - 400 - application/json;+charset=utf-8 5781.7923ms
2023-02-24 11:22:24.700 +01:00  INF  Request starting HTTP/2 POST https://localhost:44344/api/user/Authenticate application/json 63
2023-02-24 11:22:24.702 +01:00  INF  CORS policy execution successful.
2023-02-24 11:22:24.703 +01:00  INF  Executing endpoint 'AngularAuthApi.Controllers.AuthController.Authenticate (AngularAuthApi)'
2023-02-24 11:22:24.703 +01:00  INF  Route matched with {action = "Authenticate", controller = "Auth"}. Executing controller action with signature System.Threading.Tasks.Task`1[Microsoft.AspNetCore.Mvc.IActionResult] Authenticate(AngularAuthApi.DTOS.LoginDto) on controller AngularAuthApi.Controllers.AuthController (AngularAuthApi).
2023-02-24 11:22:24.719 +01:00  INF  Executed DbCommand (1ms) [Parameters=[@__user_Email_0='?' (Size = 100)], CommandType='"Text"', CommandTimeout='30']
SELECT `u`.`Id`, `u`.`Email`, `u`.`Name`, `u`.`Password`, `u`.`Salt`, `u`.`Token`
FROM `Users` AS `u`
WHERE `u`.`Email` = @__user_Email_0
LIMIT 1
2023-02-24 11:22:25.858 +01:00  INF  Executed DbCommand (2ms) [Parameters=[@__id_0='?' (DbType = Int32)], CommandType='"Text"', CommandTimeout='30']
SELECT `a`.`Id`, `a`.`ExpiredDate`, `a`.`IsActive`, `a`.`IsExpired`, `a`.`IssuedDate`, `a`.`RefreshToken`
FROM `Auth` AS `a`
WHERE `a`.`Id` = @__id_0
LIMIT 1
2023-02-24 11:22:26.049 +01:00  INF  Executed DbCommand (1ms) [Parameters=[@__id_0='?' (DbType = Int32)], CommandType='"Text"', CommandTimeout='30']
SELECT `a`.`Id`, `a`.`ExpiredDate`, `a`.`IsActive`, `a`.`IsExpired`, `a`.`IssuedDate`, `a`.`RefreshToken`
FROM `Auth` AS `a`
WHERE `a`.`Id` = @__id_0
LIMIT 1
2023-02-24 11:22:26.288 +01:00  INF  Executed DbCommand (11ms) [Parameters=[@p5='?' (DbType = Int32), @p0='?' (DbType = DateTime), @p1='?' (DbType = SByte), @p2='?' (DbType = SByte), @p3='?' (DbType = DateTime), @p4='?' (Size = 500), @p7='?' (DbType = Int32), @p6='?' (Size = 500)], CommandType='"Text"', CommandTimeout='30']
UPDATE `Auth` SET `ExpiredDate` = @p0, `IsActive` = @p1, `IsExpired` = @p2, `IssuedDate` = @p3, `RefreshToken` = @p4
WHERE `Id` = @p5;
UPDATE `Users` SET `Token` = @p6
WHERE `Id` = @p7;
2023-02-24 11:22:26.349 +01:00  INF  Executing OkObjectResult, writing value of type 'AngularAuthApi.Entities.Responses.AuthUserResponse'.
2023-02-24 11:22:26.358 +01:00  INF  Executed action AngularAuthApi.Controllers.AuthController.Authenticate (AngularAuthApi) in 1654.523ms
2023-02-24 11:22:26.358 +01:00  INF  Executed endpoint 'AngularAuthApi.Controllers.AuthController.Authenticate (AngularAuthApi)'
2023-02-24 11:22:26.359 +01:00  INF  Request finished HTTP/2 POST https://localhost:44344/api/user/Authenticate application/json 63 - 200 - application/json;+charset=utf-8 1659.0200ms
2023-02-24 11:32:47.419 +01:00  INF  Request starting HTTP/2 POST https://localhost:44344/api/user/refresh application/json 308
2023-02-24 11:32:47.421 +01:00  INF  CORS policy execution successful.
2023-02-24 11:32:47.427 +01:00  INF  Executing endpoint 'AngularAuthApi.Controllers.AuthController.Refresh (AngularAuthApi)'
2023-02-24 11:32:47.433 +01:00  INF  Route matched with {action = "Refresh", controller = "Auth"}. Executing controller action with signature System.Threading.Tasks.Task`1[Microsoft.AspNetCore.Mvc.IActionResult] Refresh(AngularAuthApi.Entities.Requests.RefreshAuthRequest) on controller AngularAuthApi.Controllers.AuthController (AngularAuthApi).
2023-02-24 11:32:47.486 +01:00  INF  Executing BadRequestObjectResult, writing value of type 'Microsoft.AspNetCore.Mvc.ValidationProblemDetails'.
2023-02-24 11:32:47.504 +01:00  INF  Executed action AngularAuthApi.Controllers.AuthController.Refresh (AngularAuthApi) in 70.6926ms
2023-02-24 11:32:47.504 +01:00  INF  Executed endpoint 'AngularAuthApi.Controllers.AuthController.Refresh (AngularAuthApi)'
2023-02-24 11:32:47.505 +01:00  INF  Request finished HTTP/2 POST https://localhost:44344/api/user/refresh application/json 308 - 400 - application/problem+json;+charset=utf-8 85.4171ms
2023-02-24 11:33:09.049 +01:00  INF  Request starting HTTP/2 POST https://localhost:44344/api/user/refresh application/json 311
2023-02-24 11:33:09.049 +01:00  INF  CORS policy execution successful.
2023-02-24 11:33:09.050 +01:00  INF  Executing endpoint 'AngularAuthApi.Controllers.AuthController.Refresh (AngularAuthApi)'
2023-02-24 11:33:09.050 +01:00  INF  Route matched with {action = "Refresh", controller = "Auth"}. Executing controller action with signature System.Threading.Tasks.Task`1[Microsoft.AspNetCore.Mvc.IActionResult] Refresh(AngularAuthApi.Entities.Requests.RefreshAuthRequest) on controller AngularAuthApi.Controllers.AuthController (AngularAuthApi).
2023-02-24 11:33:09.208 +01:00  INF  Executed DbCommand (1ms) [Parameters=[@__refreshToken_0='?' (Size = 500)], CommandType='"Text"', CommandTimeout='30']
SELECT `a`.`Id`, `a`.`ExpiredDate`, `a`.`IsActive`, `a`.`IsExpired`, `a`.`IssuedDate`, `a`.`RefreshToken`
FROM `Auth` AS `a`
WHERE `a`.`RefreshToken` = @__refreshToken_0
LIMIT 1
2023-02-24 11:33:09.216 +01:00  INF  Executed DbCommand (1ms) [Parameters=[@__id_0='?' (DbType = Int32)], CommandType='"Text"', CommandTimeout='30']
SELECT `u`.`Id`, `u`.`Email`, `u`.`Name`, `u`.`Password`, `u`.`Salt`, `u`.`Token`
FROM `Users` AS `u`
WHERE `u`.`Id` = @__id_0
LIMIT 1
2023-02-24 11:33:09.218 +01:00  INF  Executing OkObjectResult, writing value of type 'AngularAuthApi.Entities.Responses.AuthUserResponse'.
2023-02-24 11:33:09.218 +01:00  INF  Executed action AngularAuthApi.Controllers.AuthController.Refresh (AngularAuthApi) in 167.9454ms
2023-02-24 11:33:09.218 +01:00  INF  Executed endpoint 'AngularAuthApi.Controllers.AuthController.Refresh (AngularAuthApi)'
2023-02-24 11:33:09.218 +01:00  INF  Request finished HTTP/2 POST https://localhost:44344/api/user/refresh application/json 311 - 200 - application/json;+charset=utf-8 169.0537ms
2023-02-24 12:26:51.343 +01:00  INF  User profile is available. Using 'C:\Users\yahia alioua\AppData\Local\ASP.NET\DataProtection-Keys' as key repository and Windows DPAPI to encrypt keys at rest.
2023-02-24 12:26:51.477 +01:00  INF  Application started. Press Ctrl+C to shut down.
2023-02-24 12:26:51.477 +01:00  INF  Hosting environment: Development
2023-02-24 12:26:51.477 +01:00  INF  Content root path: C:\GA\C# OOP\ZeroSigmaAuth\AngularAuthApi\
2023-02-24 12:26:51.502 +01:00  INF  Request starting HTTP/2 GET https://localhost:44344/swagger - -
2023-02-24 12:26:51.637 +01:00  INF  Request finished HTTP/2 GET https://localhost:44344/swagger - - - 301 - - 140.6351ms
2023-02-24 12:26:51.643 +01:00  INF  Request starting HTTP/2 GET https://localhost:44344/swagger/index.html - -
2023-02-24 12:26:51.967 +01:00  INF  Request finished HTTP/2 GET https://localhost:44344/swagger/index.html - - - 200 - text/html;charset=utf-8 324.1691ms
2023-02-24 12:26:52.052 +01:00  INF  Request starting HTTP/2 GET https://localhost:44344/swagger/swagger-ui-bundle.js - -
2023-02-24 12:26:52.052 +01:00  INF  Request starting HTTP/2 GET https://localhost:44344/swagger/swagger-ui.css - -
2023-02-24 12:26:52.056 +01:00  INF  Request starting HTTP/2 GET https://localhost:44344/_framework/aspnetcore-browser-refresh.js - -
2023-02-24 12:26:52.056 +01:00  INF  Request starting HTTP/2 GET https://localhost:44344/swagger/swagger-ui-standalone-preset.js - -
2023-02-24 12:26:52.056 +01:00  INF  Request starting HTTP/2 GET https://localhost:44344/_vs/browserLink - -
2023-02-24 12:26:52.065 +01:00  INF  Request finished HTTP/2 GET https://localhost:44344/_framework/aspnetcore-browser-refresh.js - - - 200 11998 application/javascript;+charset=utf-8 5.1907ms
2023-02-24 12:26:52.081 +01:00  INF  Sending file. Request path: '/swagger-ui-standalone-preset.js'. Physical path: 'N/A'
2023-02-24 12:26:52.081 +01:00  INF  Sending file. Request path: '/swagger-ui-bundle.js'. Physical path: 'N/A'
2023-02-24 12:26:52.081 +01:00  INF  Sending file. Request path: '/swagger-ui.css'. Physical path: 'N/A'
2023-02-24 12:26:52.085 +01:00  INF  Request finished HTTP/2 GET https://localhost:44344/swagger/swagger-ui.css - - - 200 143632 text/css 33.4697ms
2023-02-24 12:26:52.105 +01:00  INF  Request finished HTTP/2 GET https://localhost:44344/swagger/swagger-ui-standalone-preset.js - - - 200 337162 application/javascript 48.8730ms
2023-02-24 12:26:52.134 +01:00  INF  Request finished HTTP/2 GET https://localhost:44344/_vs/browserLink - - - 200 - text/javascript;+charset=UTF-8 78.1797ms
2023-02-24 12:26:52.150 +01:00  INF  Request finished HTTP/2 GET https://localhost:44344/swagger/swagger-ui-bundle.js - - - 200 1092889 application/javascript 98.5214ms
2023-02-24 12:26:52.439 +01:00  INF  Request starting HTTP/2 GET https://localhost:44344/swagger/v1/swagger.json - -
2023-02-24 12:26:52.625 +01:00  INF  Request finished HTTP/2 GET https://localhost:44344/swagger/v1/swagger.json - - - 200 - application/json;charset=utf-8 185.8408ms
2023-02-24 12:27:03.390 +01:00  INF  Request starting HTTP/2 POST https://localhost:44344/api/user/Authenticate application/json 63
2023-02-24 12:27:03.400 +01:00  INF  CORS policy execution successful.
2023-02-24 12:27:03.444 +01:00  INF  Executing endpoint 'AngularAuthApi.Controllers.AuthController.Authenticate (AngularAuthApi)'
2023-02-24 12:27:03.490 +01:00  INF  Route matched with {action = "Authenticate", controller = "Auth"}. Executing controller action with signature System.Threading.Tasks.Task`1[Microsoft.AspNetCore.Mvc.IActionResult] Authenticate(AngularAuthApi.DTOS.LoginDto) on controller AngularAuthApi.Controllers.AuthController (AngularAuthApi).
2023-02-24 12:27:05.436 +01:00  INF  Executed DbCommand (14ms) [Parameters=[@__user_Email_0='?' (Size = 100)], CommandType='"Text"', CommandTimeout='30']
SELECT `u`.`Id`, `u`.`Email`, `u`.`Name`, `u`.`Password`, `u`.`Salt`, `u`.`Token`
FROM `Users` AS `u`
WHERE `u`.`Email` = @__user_Email_0
LIMIT 1
2023-02-24 12:27:06.007 +01:00  INF  Executed DbCommand (1ms) [Parameters=[@__id_0='?' (DbType = Int32)], CommandType='"Text"', CommandTimeout='30']
SELECT `a`.`Id`, `a`.`ExpiredDate`, `a`.`IsActive`, `a`.`IsExpired`, `a`.`IssuedDate`, `a`.`RefreshToken`
FROM `Auth` AS `a`
WHERE `a`.`Id` = @__id_0
LIMIT 1
2023-02-24 12:27:06.099 +01:00  INF  Executed DbCommand (1ms) [Parameters=[@__id_0='?' (DbType = Int32)], CommandType='"Text"', CommandTimeout='30']
SELECT `a`.`Id`, `a`.`ExpiredDate`, `a`.`IsActive`, `a`.`IsExpired`, `a`.`IssuedDate`, `a`.`RefreshToken`
FROM `Auth` AS `a`
WHERE `a`.`Id` = @__id_0
LIMIT 1
2023-02-24 12:27:06.239 +01:00  INF  Executed DbCommand (5ms) [Parameters=[@p5='?' (DbType = Int32), @p0='?' (DbType = DateTime), @p1='?' (DbType = SByte), @p2='?' (DbType = SByte), @p3='?' (DbType = DateTime), @p4='?' (Size = 500), @p7='?' (DbType = Int32), @p6='?' (Size = 500)], CommandType='"Text"', CommandTimeout='30']
UPDATE `Auth` SET `ExpiredDate` = @p0, `IsActive` = @p1, `IsExpired` = @p2, `IssuedDate` = @p3, `RefreshToken` = @p4
WHERE `Id` = @p5;
UPDATE `Users` SET `Token` = @p6
WHERE `Id` = @p7;
2023-02-24 12:27:06.259 +01:00  INF  Executing OkObjectResult, writing value of type 'AngularAuthApi.Entities.Responses.AuthUserResponse'.
2023-02-24 12:27:06.282 +01:00  INF  Executed action AngularAuthApi.Controllers.AuthController.Authenticate (AngularAuthApi) in 2781.6679ms
2023-02-24 12:27:06.283 +01:00  INF  Executed endpoint 'AngularAuthApi.Controllers.AuthController.Authenticate (AngularAuthApi)'
2023-02-24 12:27:06.293 +01:00  INF  Request finished HTTP/2 POST https://localhost:44344/api/user/Authenticate application/json 63 - 200 - application/json;+charset=utf-8 2902.7808ms
2023-02-24 12:28:07.816 +01:00  INF  Request starting HTTP/2 POST https://localhost:44344/api/user/refresh application/json 311
2023-02-24 12:28:07.819 +01:00  INF  CORS policy execution successful.
2023-02-24 12:28:07.820 +01:00  INF  Executing endpoint 'AngularAuthApi.Controllers.AuthController.Refresh (AngularAuthApi)'
2023-02-24 12:28:07.825 +01:00  INF  Route matched with {action = "Refresh", controller = "Auth"}. Executing controller action with signature System.Threading.Tasks.Task`1[Microsoft.AspNetCore.Mvc.IActionResult] Refresh(AngularAuthApi.Entities.Requests.RefreshAuthRequest) on controller AngularAuthApi.Controllers.AuthController (AngularAuthApi).
2023-02-24 12:28:07.879 +01:00  INF  Executed DbCommand (1ms) [Parameters=[@__refreshToken_0='?' (Size = 500)], CommandType='"Text"', CommandTimeout='30']
SELECT `a`.`Id`, `a`.`ExpiredDate`, `a`.`IsActive`, `a`.`IsExpired`, `a`.`IssuedDate`, `a`.`RefreshToken`
FROM `Auth` AS `a`
WHERE `a`.`RefreshToken` = @__refreshToken_0
LIMIT 1
2023-02-24 12:28:07.885 +01:00  INF  Executed DbCommand (1ms) [Parameters=[@__id_0='?' (DbType = Int32)], CommandType='"Text"', CommandTimeout='30']
SELECT `u`.`Id`, `u`.`Email`, `u`.`Name`, `u`.`Password`, `u`.`Salt`, `u`.`Token`
FROM `Users` AS `u`
WHERE `u`.`Id` = @__id_0
LIMIT 1
2023-02-24 12:28:07.891 +01:00  INF  Executed DbCommand (1ms) [Parameters=[@__id_0='?' (DbType = Int32)], CommandType='"Text"', CommandTimeout='30']
SELECT `u`.`Id`, `u`.`Email`, `u`.`Name`, `u`.`Password`, `u`.`Salt`, `u`.`Token`
FROM `Users` AS `u`
WHERE `u`.`Id` = @__id_0
LIMIT 1
2023-02-24 12:28:07.917 +01:00  INF  Executed DbCommand (18ms) [Parameters=[@p5='?' (DbType = Int32), @p0='?' (Size = 100), @p1='?' (Size = 50), @p2='?' (Size = 128), @p3='?' (Size = 128) (DbType = Binary), @p4='?' (Size = 500)], CommandType='"Text"', CommandTimeout='30']
UPDATE `Users` SET `Email` = @p0, `Name` = @p1, `Password` = @p2, `Salt` = @p3, `Token` = @p4
WHERE `Id` = @p5;
2023-02-24 12:28:07.917 +01:00  INF  Executing OkObjectResult, writing value of type 'AngularAuthApi.Entities.Responses.AuthUserResponse'.
2023-02-24 12:28:07.918 +01:00  INF  Executed action AngularAuthApi.Controllers.AuthController.Refresh (AngularAuthApi) in 92.5112ms
2023-02-24 12:28:07.918 +01:00  INF  Executed endpoint 'AngularAuthApi.Controllers.AuthController.Refresh (AngularAuthApi)'
2023-02-24 12:28:07.918 +01:00  INF  Request finished HTTP/2 POST https://localhost:44344/api/user/refresh application/json 311 - 200 - application/json;+charset=utf-8 102.0593ms
2023-02-24 12:28:29.924 +01:00  INF  Request starting HTTP/2 POST https://localhost:44344/api/user/Authenticate application/json 66
2023-02-24 12:28:29.925 +01:00  INF  CORS policy execution successful.
2023-02-24 12:28:29.929 +01:00  INF  Executing endpoint 'AngularAuthApi.Controllers.AuthController.Authenticate (AngularAuthApi)'
2023-02-24 12:28:29.930 +01:00  INF  Route matched with {action = "Authenticate", controller = "Auth"}. Executing controller action with signature System.Threading.Tasks.Task`1[Microsoft.AspNetCore.Mvc.IActionResult] Authenticate(AngularAuthApi.DTOS.LoginDto) on controller AngularAuthApi.Controllers.AuthController (AngularAuthApi).
2023-02-24 12:28:30.017 +01:00  INF  Executed DbCommand (1ms) [Parameters=[@__user_Email_0='?' (Size = 100)], CommandType='"Text"', CommandTimeout='30']
SELECT `u`.`Id`, `u`.`Email`, `u`.`Name`, `u`.`Password`, `u`.`Salt`, `u`.`Token`
FROM `Users` AS `u`
WHERE `u`.`Email` = @__user_Email_0
LIMIT 1
2023-02-24 12:28:30.373 +01:00  INF  Executed DbCommand (1ms) [Parameters=[@__id_0='?' (DbType = Int32)], CommandType='"Text"', CommandTimeout='30']
SELECT `a`.`Id`, `a`.`ExpiredDate`, `a`.`IsActive`, `a`.`IsExpired`, `a`.`IssuedDate`, `a`.`RefreshToken`
FROM `Auth` AS `a`
WHERE `a`.`Id` = @__id_0
LIMIT 1
2023-02-24 12:28:30.375 +01:00  INF  Executed DbCommand (1ms) [Parameters=[@__id_0='?' (DbType = Int32)], CommandType='"Text"', CommandTimeout='30']
SELECT `a`.`Id`, `a`.`ExpiredDate`, `a`.`IsActive`, `a`.`IsExpired`, `a`.`IssuedDate`, `a`.`RefreshToken`
FROM `Auth` AS `a`
WHERE `a`.`Id` = @__id_0
LIMIT 1
2023-02-24 12:28:30.377 +01:00  INF  Executed DbCommand (1ms) [Parameters=[@p5='?' (DbType = Int32), @p0='?' (DbType = DateTime), @p1='?' (DbType = SByte), @p2='?' (DbType = SByte), @p3='?' (DbType = DateTime), @p4='?' (Size = 500), @p7='?' (DbType = Int32), @p6='?' (Size = 500)], CommandType='"Text"', CommandTimeout='30']
UPDATE `Auth` SET `ExpiredDate` = @p0, `IsActive` = @p1, `IsExpired` = @p2, `IssuedDate` = @p3, `RefreshToken` = @p4
WHERE `Id` = @p5;
UPDATE `Users` SET `Token` = @p6
WHERE `Id` = @p7;
2023-02-24 12:28:30.380 +01:00  INF  Executing OkObjectResult, writing value of type 'AngularAuthApi.Entities.Responses.AuthUserResponse'.
2023-02-24 12:28:30.380 +01:00  INF  Executed action AngularAuthApi.Controllers.AuthController.Authenticate (AngularAuthApi) in 450.6712ms
2023-02-24 12:28:30.381 +01:00  INF  Executed endpoint 'AngularAuthApi.Controllers.AuthController.Authenticate (AngularAuthApi)'
2023-02-24 12:28:30.381 +01:00  INF  Request finished HTTP/2 POST https://localhost:44344/api/user/Authenticate application/json 66 - 200 - application/json;+charset=utf-8 456.2545ms
