2023-02-12 18:11:35.102 +01:00  INF  Executed DbCommand (6ms) [Parameters=[], CommandType='"Text"', CommandTimeout='30']
SELECT 1 FROM INFORMATION_SCHEMA.TABLES WHERE TABLE_SCHEMA='UserAuthDb' AND TABLE_NAME='__EFMigrationsHistory';
2023-02-12 18:11:35.180 +01:00  INF  Executed DbCommand (2ms) [Parameters=[], CommandType='"Text"', CommandTimeout='30']
SELECT 1 FROM INFORMATION_SCHEMA.TABLES WHERE TABLE_SCHEMA='UserAuthDb' AND TABLE_NAME='__EFMigrationsHistory';
2023-02-12 18:11:35.209 +01:00  INF  Executed DbCommand (1ms) [Parameters=[], CommandType='"Text"', CommandTimeout='30']
SELECT `MigrationId`, `ProductVersion`
FROM `__EFMigrationsHistory`
ORDER BY `MigrationId`;
2023-02-12 18:11:35.251 +01:00  INF  Applying migration '20230212171106_updates'.
2023-02-12 18:11:35.321 +01:00  ERR  Failed executing DbCommand (2ms) [Parameters=[], CommandType='"Text"', CommandTimeout='30']
CREATE TABLE `Users` (
    `Id` int NOT NULL AUTO_INCREMENT,
    `Name` varchar(50) NOT NULL,
    `Email` varchar(100) NOT NULL,
    `Password` varchar(128) NOT NULL,
    PRIMARY KEY (`Id`)
);
2023-02-12 18:17:34.661 +01:00  INF  Now listening on: https://localhost:7063
2023-02-12 18:17:34.696 +01:00  INF  Now listening on: http://localhost:5174
2023-02-12 18:17:34.701 +01:00  INF  Application started. Press Ctrl+C to shut down.
2023-02-12 18:17:34.702 +01:00  INF  Hosting environment: Development
2023-02-12 18:17:34.702 +01:00  INF  Content root path: C:\GA\C# OOP\AngularAuthApi\AngularAuthApi\AngularAuthApi\
2023-02-12 18:17:35.111 +01:00  INF  Request starting HTTP/2 GET https://localhost:7063/swagger/index.html - -
2023-02-12 18:17:35.544 +01:00  INF  Request finished HTTP/2 GET https://localhost:7063/swagger/index.html - - - 200 - text/html;charset=utf-8 436.0255ms
2023-02-12 18:17:35.640 +01:00  INF  Request starting HTTP/2 GET https://localhost:7063/_vs/browserLink - -
2023-02-12 18:17:35.762 +01:00  INF  Request starting HTTP/2 GET https://localhost:7063/_framework/aspnetcore-browser-refresh.js - -
2023-02-12 18:17:35.790 +01:00  INF  Request finished HTTP/2 GET https://localhost:7063/_framework/aspnetcore-browser-refresh.js - - - 200 11998 application/javascript;+charset=utf-8 25.0104ms
2023-02-12 18:17:35.797 +01:00  INF  Request finished HTTP/2 GET https://localhost:7063/_vs/browserLink - - - 200 - text/javascript;+charset=UTF-8 156.8655ms
2023-02-12 18:17:35.966 +01:00  INF  Request starting HTTP/2 GET https://localhost:7063/swagger/v1/swagger.json - -
2023-02-12 18:17:36.260 +01:00  INF  Request finished HTTP/2 GET https://localhost:7063/swagger/v1/swagger.json - - - 200 - application/json;charset=utf-8 294.0771ms
2023-02-12 18:18:10.209 +01:00  INF  Now listening on: https://localhost:7063
2023-02-12 18:18:10.240 +01:00  INF  Now listening on: http://localhost:5174
2023-02-12 18:18:10.246 +01:00  INF  Application started. Press Ctrl+C to shut down.
2023-02-12 18:18:10.247 +01:00  INF  Hosting environment: Development
2023-02-12 18:18:10.247 +01:00  INF  Content root path: C:\GA\C# OOP\AngularAuthApi\AngularAuthApi\AngularAuthApi\
2023-02-12 18:18:10.675 +01:00  INF  Request starting HTTP/2 GET https://localhost:7063/swagger/index.html - -
2023-02-12 18:18:11.016 +01:00  INF  Request finished HTTP/2 GET https://localhost:7063/swagger/index.html - - - 200 - text/html;charset=utf-8 349.4163ms
2023-02-12 18:18:11.108 +01:00  INF  Request starting HTTP/2 GET https://localhost:7063/_vs/browserLink - -
2023-02-12 18:18:11.108 +01:00  INF  Request starting HTTP/2 GET https://localhost:7063/_framework/aspnetcore-browser-refresh.js - -
2023-02-12 18:18:11.111 +01:00  INF  Request finished HTTP/2 GET https://localhost:7063/_framework/aspnetcore-browser-refresh.js - - - 200 11998 application/javascript;+charset=utf-8 2.9515ms
2023-02-12 18:18:11.131 +01:00  INF  Request finished HTTP/2 GET https://localhost:7063/_vs/browserLink - - - 200 - text/javascript;+charset=UTF-8 23.2596ms
2023-02-12 18:18:11.346 +01:00  INF  Request starting HTTP/2 GET https://localhost:7063/swagger/v1/swagger.json - -
2023-02-12 18:18:11.544 +01:00  INF  Request finished HTTP/2 GET https://localhost:7063/swagger/v1/swagger.json - - - 200 - application/json;charset=utf-8 197.9593ms
