2023-02-13 16:16:14.308 +01:00  INF  Executed DbCommand (18ms) [Parameters=[], CommandType='"Text"', CommandTimeout='30']
SELECT 1 FROM INFORMATION_SCHEMA.TABLES WHERE TABLE_SCHEMA='UserAuthDb' AND TABLE_NAME='__EFMigrationsHistory';
2023-02-13 16:16:14.375 +01:00  INF  Executed DbCommand (2ms) [Parameters=[], CommandType='"Text"', CommandTimeout='30']
SELECT 1 FROM INFORMATION_SCHEMA.TABLES WHERE TABLE_SCHEMA='UserAuthDb' AND TABLE_NAME='__EFMigrationsHistory';
2023-02-13 16:16:14.409 +01:00  INF  Executed DbCommand (2ms) [Parameters=[], CommandType='"Text"', CommandTimeout='30']
SELECT `MigrationId`, `ProductVersion`
FROM `__EFMigrationsHistory`
ORDER BY `MigrationId`;
2023-02-13 16:16:14.442 +01:00  INF  Applying migration '20230213151447_initial'.
2023-02-13 16:16:14.523 +01:00  INF  Executed DbCommand (15ms) [Parameters=[], CommandType='"Text"', CommandTimeout='30']
CREATE TABLE `Users` (
    `Id` int NOT NULL AUTO_INCREMENT,
    `Name` varchar(50) NOT NULL,
    `Email` varchar(100) NOT NULL,
    `Password` varchar(128) NOT NULL,
    `Token` longtext NULL,
    `Salt` varbinary(128) NULL,
    PRIMARY KEY (`Id`)
);
2023-02-13 16:16:14.525 +01:00  INF  Executed DbCommand (1ms) [Parameters=[], CommandType='"Text"', CommandTimeout='30']
INSERT INTO `__EFMigrationsHistory` (`MigrationId`, `ProductVersion`)
VALUES ('20230213151447_initial', '7.0.2');
2023-02-13 16:31:35.971 +01:00  INF  Now listening on: https://localhost:7063
2023-02-13 16:31:36.008 +01:00  INF  Now listening on: http://localhost:5174
2023-02-13 16:31:36.014 +01:00  INF  Application started. Press Ctrl+C to shut down.
2023-02-13 16:31:36.014 +01:00  INF  Hosting environment: Development
2023-02-13 16:31:36.014 +01:00  INF  Content root path: C:\GA\C# OOP\AngularAuthApi\AngularAuthApi\AngularAuthApi\
2023-02-13 16:31:36.270 +01:00  INF  Request starting HTTP/2 GET https://localhost:7063/swagger/index.html - -
2023-02-13 16:31:36.696 +01:00  INF  Request finished HTTP/2 GET https://localhost:7063/swagger/index.html - - - 200 - text/html;charset=utf-8 430.9418ms
2023-02-13 16:31:36.780 +01:00  INF  Request starting HTTP/2 GET https://localhost:7063/_framework/aspnetcore-browser-refresh.js - -
2023-02-13 16:31:36.781 +01:00  INF  Request starting HTTP/2 GET https://localhost:7063/_vs/browserLink - -
2023-02-13 16:31:36.784 +01:00  INF  Request finished HTTP/2 GET https://localhost:7063/_framework/aspnetcore-browser-refresh.js - - - 200 11998 application/javascript;+charset=utf-8 3.4032ms
2023-02-13 16:31:36.812 +01:00  INF  Request finished HTTP/2 GET https://localhost:7063/_vs/browserLink - - - 200 - text/javascript;+charset=UTF-8 31.5951ms
2023-02-13 16:31:37.104 +01:00  INF  Request starting HTTP/2 GET https://localhost:7063/swagger/v1/swagger.json - -
2023-02-13 16:31:37.267 +01:00  INF  Request finished HTTP/2 GET https://localhost:7063/swagger/v1/swagger.json - - - 200 - application/json;charset=utf-8 162.5160ms
2023-02-13 16:31:56.680 +01:00  INF  Request starting HTTP/2 POST https://localhost:7063/api/user/Register application/json 127
2023-02-13 16:31:56.696 +01:00  INF  CORS policy execution successful.
2023-02-13 16:31:56.712 +01:00  INF  Executing endpoint 'AngularAuthApi.Controllers.AuthController.RegisterUser (AngularAuthApi)'
2023-02-13 16:31:56.807 +01:00  INF  Route matched with {action = "RegisterUser", controller = "Auth"}. Executing controller action with signature System.Threading.Tasks.Task`1[Microsoft.AspNetCore.Mvc.IActionResult] RegisterUser(AngularAuthApi.Entities.User) on controller AngularAuthApi.Controllers.AuthController (AngularAuthApi).
2023-02-13 16:32:00.428 +01:00  INF  Executed DbCommand (19ms) [Parameters=[@__userEmail_0='?' (Size = 100)], CommandType='"Text"', CommandTimeout='30']
SELECT EXISTS (
    SELECT 1
    FROM `Users` AS `u`
    WHERE `u`.`Email` = @__userEmail_0)
2023-02-13 16:32:02.036 +01:00  INF  Executed DbCommand (4ms) [Parameters=[@p0='?' (Size = 100), @p1='?' (Size = 50), @p2='?' (Size = 128), @p3='?' (Size = 128) (DbType = Binary), @p4='?' (Size = 4000)], CommandType='"Text"', CommandTimeout='30']
INSERT INTO `Users` (`Email`, `Name`, `Password`, `Salt`, `Token`)
VALUES (@p0, @p1, @p2, @p3, @p4);
SELECT `Id`
FROM `Users`
WHERE ROW_COUNT() = 1 AND `Id` = LAST_INSERT_ID();
2023-02-13 16:32:02.165 +01:00  INF  Executing OkObjectResult, writing value of type 'AngularAuthApi.Entities.User'.
2023-02-13 16:32:02.206 +01:00  INF  Executed action AngularAuthApi.Controllers.AuthController.RegisterUser (AngularAuthApi) in 5386.4375ms
2023-02-13 16:32:02.206 +01:00  INF  Executed endpoint 'AngularAuthApi.Controllers.AuthController.RegisterUser (AngularAuthApi)'
2023-02-13 16:32:02.219 +01:00  INF  Request finished HTTP/2 POST https://localhost:7063/api/user/Register application/json 127 - 200 - application/json;+charset=utf-8 5539.0164ms
2023-02-13 16:32:29.470 +01:00  INF  Request starting HTTP/2 POST https://localhost:7063/api/user/Authenticate application/json 55
2023-02-13 16:32:29.473 +01:00  INF  CORS policy execution successful.
2023-02-13 16:32:29.474 +01:00  INF  Executing endpoint 'AngularAuthApi.Controllers.AuthController.Authenticate (AngularAuthApi)'
2023-02-13 16:32:29.479 +01:00  INF  Route matched with {action = "Authenticate", controller = "Auth"}. Executing controller action with signature System.Threading.Tasks.Task`1[Microsoft.AspNetCore.Mvc.IActionResult] Authenticate(AngularAuthApi.DTOS.LoginDto) on controller AngularAuthApi.Controllers.AuthController (AngularAuthApi).
2023-02-13 16:32:29.586 +01:00  INF  Executed DbCommand (1ms) [Parameters=[@__user_Email_0='?' (Size = 100)], CommandType='"Text"', CommandTimeout='30']
SELECT `u`.`Id`, `u`.`Email`, `u`.`Name`, `u`.`Password`, `u`.`Salt`, `u`.`Token`
FROM `Users` AS `u`
WHERE `u`.`Email` = @__user_Email_0
LIMIT 1
2023-02-13 16:32:30.572 +01:00  INF  Executing OkObjectResult, writing value of type '<>f__AnonymousType0`1[[System.String, System.Private.CoreLib, Version=6.0.0.0, Culture=neutral, PublicKeyToken=7cec85d7bea7798e]]'.
2023-02-13 16:32:30.588 +01:00  INF  Executed action AngularAuthApi.Controllers.AuthController.Authenticate (AngularAuthApi) in 1109.1752ms
2023-02-13 16:32:30.588 +01:00  INF  Executed endpoint 'AngularAuthApi.Controllers.AuthController.Authenticate (AngularAuthApi)'
2023-02-13 16:32:30.589 +01:00  INF  Request finished HTTP/2 POST https://localhost:7063/api/user/Authenticate application/json 55 - 200 - application/json;+charset=utf-8 1119.0212ms
