2023-02-13 16:15:01.004 +01:00  INF  Executed DbCommand (7ms) [Parameters=[], CommandType='"Text"', CommandTimeout='30']
CREATE DATABASE `UserAuthDb`
2023-02-13 16:15:01.297 +01:00  INF  Executed DbCommand (21ms) [Parameters=[], CommandType='"Text"', CommandTimeout='30']
CREATE TABLE `__EFMigrationsHistory` (
    `MigrationId` varchar(150) NOT NULL,
    `ProductVersion` varchar(32) NOT NULL,
    PRIMARY KEY (`MigrationId`)
);
2023-02-13 16:15:01.308 +01:00  INF  Executed DbCommand (2ms) [Parameters=[], CommandType='"Text"', CommandTimeout='30']
SELECT 1 FROM INFORMATION_SCHEMA.TABLES WHERE TABLE_SCHEMA='UserAuthDb' AND TABLE_NAME='__EFMigrationsHistory';
2023-02-13 16:15:01.318 +01:00  INF  Executed DbCommand (5ms) [Parameters=[], CommandType='"Text"', CommandTimeout='30']
SELECT `MigrationId`, `ProductVersion`
FROM `__EFMigrationsHistory`
ORDER BY `MigrationId`;
2023-02-13 16:15:01.346 +01:00  INF  Applying migration '20230213151447_initial'.
2023-02-13 16:15:01.411 +01:00  ERR  Failed executing DbCommand (1ms) [Parameters=[], CommandType='"Text"', CommandTimeout='30']
CREATE TABLE `Users` (
    `Id` int NOT NULL AUTO_INCREMENT,
    `Name` varchar(50) NOT NULL,
    `Email` varchar(100) NOT NULL,
    `Password` varchar(128) NOT NULL,
    `Token` longtext NULL,
    `Salt` varbinary NULL,
    PRIMARY KEY (`Id`)
);
2023-02-13 16:16:13.122 +01:00  INF  Now listening on: https://localhost:7063
2023-02-13 16:16:13.148 +01:00  INF  Now listening on: http://localhost:5174
2023-02-13 16:16:13.152 +01:00  INF  Application started. Press Ctrl+C to shut down.
2023-02-13 16:16:13.152 +01:00  INF  Hosting environment: Development
2023-02-13 16:16:13.152 +01:00  INF  Content root path: C:\GA\C# OOP\AngularAuthApi\AngularAuthApi\AngularAuthApi\
2023-02-13 16:16:13.635 +01:00  INF  Request starting HTTP/2 GET https://localhost:7063/swagger/index.html - -
2023-02-13 16:16:14.016 +01:00  INF  Request finished HTTP/2 GET https://localhost:7063/swagger/index.html - - - 200 - text/html;charset=utf-8 385.2330ms
2023-02-13 16:16:14.109 +01:00  INF  Request starting HTTP/2 GET https://localhost:7063/_framework/aspnetcore-browser-refresh.js - -
2023-02-13 16:16:14.109 +01:00  INF  Request starting HTTP/2 GET https://localhost:7063/_vs/browserLink - -
2023-02-13 16:16:14.113 +01:00  INF  Request finished HTTP/2 GET https://localhost:7063/_framework/aspnetcore-browser-refresh.js - - - 200 11998 application/javascript;+charset=utf-8 4.1566ms
2023-02-13 16:16:14.136 +01:00  INF  Request finished HTTP/2 GET https://localhost:7063/_vs/browserLink - - - 200 - text/javascript;+charset=UTF-8 27.2161ms
2023-02-13 16:16:14.328 +01:00  INF  Request starting HTTP/2 GET https://localhost:7063/swagger/v1/swagger.json - -
2023-02-13 16:16:14.460 +01:00  INF  Request finished HTTP/2 GET https://localhost:7063/swagger/v1/swagger.json - - - 200 - application/json;charset=utf-8 131.8986ms
2023-02-13 16:16:51.830 +01:00  INF  Request starting HTTP/2 GET https://localhost:7063/swagger/index.html - -
2023-02-13 16:16:51.838 +01:00  INF  Request finished HTTP/2 GET https://localhost:7063/swagger/index.html - - - 200 - text/html;charset=utf-8 8.2866ms
2023-02-13 16:16:51.914 +01:00  INF  Request starting HTTP/2 GET https://localhost:7063/_vs/browserLink - -
2023-02-13 16:16:51.924 +01:00  INF  Request starting HTTP/2 GET https://localhost:7063/_framework/aspnetcore-browser-refresh.js - -
2023-02-13 16:16:51.936 +01:00  INF  Request finished HTTP/2 GET https://localhost:7063/_framework/aspnetcore-browser-refresh.js - - - 200 11998 application/javascript;+charset=utf-8 12.2213ms
2023-02-13 16:16:51.946 +01:00  INF  Request finished HTTP/2 GET https://localhost:7063/_vs/browserLink - - - 200 - text/javascript;+charset=UTF-8 32.3072ms
2023-02-13 16:16:52.155 +01:00  INF  Request starting HTTP/2 GET https://localhost:7063/swagger/v1/swagger.json - -
2023-02-13 16:16:52.162 +01:00  INF  Request finished HTTP/2 GET https://localhost:7063/swagger/v1/swagger.json - - - 200 - application/json;charset=utf-8 7.3541ms
2023-02-13 16:17:03.854 +01:00  INF  Request starting HTTP/2 GET https://localhost:7063/swagger/index.html - -
2023-02-13 16:17:03.859 +01:00  INF  Request finished HTTP/2 GET https://localhost:7063/swagger/index.html - - - 200 - text/html;charset=utf-8 5.5116ms
2023-02-13 16:17:03.945 +01:00  INF  Request starting HTTP/2 GET https://localhost:7063/_vs/browserLink - -
2023-02-13 16:17:03.946 +01:00  INF  Request starting HTTP/2 GET https://localhost:7063/_framework/aspnetcore-browser-refresh.js - -
2023-02-13 16:17:03.947 +01:00  INF  Request finished HTTP/2 GET https://localhost:7063/_framework/aspnetcore-browser-refresh.js - - - 200 11998 application/javascript;+charset=utf-8 0.8617ms
2023-02-13 16:17:03.957 +01:00  INF  Request finished HTTP/2 GET https://localhost:7063/_vs/browserLink - - - 200 - text/javascript;+charset=UTF-8 11.4712ms
2023-02-13 16:17:04.132 +01:00  INF  Request starting HTTP/2 GET https://localhost:7063/swagger/v1/swagger.json - -
2023-02-13 16:17:04.135 +01:00  INF  Request finished HTTP/2 GET https://localhost:7063/swagger/v1/swagger.json - - - 200 - application/json;charset=utf-8 2.2048ms
2023-02-13 16:17:37.776 +01:00  INF  Request starting HTTP/2 POST https://localhost:7063/api/user/Register application/json 126
2023-02-13 16:17:37.789 +01:00  INF  CORS policy execution successful.
2023-02-13 16:17:37.801 +01:00  INF  Executing endpoint 'AngularAuthApi.Controllers.AuthController.RegisterUser (AngularAuthApi)'
2023-02-13 16:17:37.884 +01:00  INF  Route matched with {action = "RegisterUser", controller = "Auth"}. Executing controller action with signature System.Threading.Tasks.Task`1[Microsoft.AspNetCore.Mvc.IActionResult] RegisterUser(AngularAuthApi.Entities.User) on controller AngularAuthApi.Controllers.AuthController (AngularAuthApi).
2023-02-13 16:17:38.465 +01:00  INF  Executing BadRequestObjectResult, writing value of type 'Microsoft.AspNetCore.Mvc.ValidationProblemDetails'.
2023-02-13 16:17:38.504 +01:00  INF  Executed action AngularAuthApi.Controllers.AuthController.RegisterUser (AngularAuthApi) in 607.8065ms
2023-02-13 16:17:38.506 +01:00  INF  Executed endpoint 'AngularAuthApi.Controllers.AuthController.RegisterUser (AngularAuthApi)'
2023-02-13 16:17:38.510 +01:00  INF  Request finished HTTP/2 POST https://localhost:7063/api/user/Register application/json 126 - 400 - application/problem+json;+charset=utf-8 733.8364ms
2023-02-13 16:31:11.238 +01:00  INF  Request starting HTTP/2 POST https://localhost:7063/api/user/Register application/json 126
2023-02-13 16:31:11.241 +01:00  INF  CORS policy execution successful.
2023-02-13 16:31:11.242 +01:00  INF  Executing endpoint 'AngularAuthApi.Controllers.AuthController.RegisterUser (AngularAuthApi)'
2023-02-13 16:31:11.242 +01:00  INF  Route matched with {action = "RegisterUser", controller = "Auth"}. Executing controller action with signature System.Threading.Tasks.Task`1[Microsoft.AspNetCore.Mvc.IActionResult] RegisterUser(AngularAuthApi.Entities.User) on controller AngularAuthApi.Controllers.AuthController (AngularAuthApi).
2023-02-13 16:31:11.252 +01:00  INF  Executing BadRequestObjectResult, writing value of type 'Microsoft.AspNetCore.Mvc.ValidationProblemDetails'.
2023-02-13 16:31:11.252 +01:00  INF  Executed action AngularAuthApi.Controllers.AuthController.RegisterUser (AngularAuthApi) in 10.0751ms
2023-02-13 16:31:11.252 +01:00  INF  Executed endpoint 'AngularAuthApi.Controllers.AuthController.RegisterUser (AngularAuthApi)'
2023-02-13 16:31:11.252 +01:00  INF  Request finished HTTP/2 POST https://localhost:7063/api/user/Register application/json 126 - 400 - application/problem+json;+charset=utf-8 13.7133ms
2023-02-13 16:31:12.260 +01:00  INF  Request starting HTTP/2 POST https://localhost:7063/api/user/Register application/json 126
2023-02-13 16:31:12.261 +01:00  INF  CORS policy execution successful.
2023-02-13 16:31:12.262 +01:00  INF  Executing endpoint 'AngularAuthApi.Controllers.AuthController.RegisterUser (AngularAuthApi)'
2023-02-13 16:31:12.262 +01:00  INF  Route matched with {action = "RegisterUser", controller = "Auth"}. Executing controller action with signature System.Threading.Tasks.Task`1[Microsoft.AspNetCore.Mvc.IActionResult] RegisterUser(AngularAuthApi.Entities.User) on controller AngularAuthApi.Controllers.AuthController (AngularAuthApi).
2023-02-13 16:31:12.267 +01:00  INF  Executing BadRequestObjectResult, writing value of type 'Microsoft.AspNetCore.Mvc.ValidationProblemDetails'.
2023-02-13 16:31:12.267 +01:00  INF  Executed action AngularAuthApi.Controllers.AuthController.RegisterUser (AngularAuthApi) in 5.1345ms
2023-02-13 16:31:12.267 +01:00  INF  Executed endpoint 'AngularAuthApi.Controllers.AuthController.RegisterUser (AngularAuthApi)'
2023-02-13 16:31:12.267 +01:00  INF  Request finished HTTP/2 POST https://localhost:7063/api/user/Register application/json 126 - 400 - application/problem+json;+charset=utf-8 7.2470ms
